[0.113s] DEBUG:colcon:Command line arguments: ['/usr/bin/colcon', 'build', '--packages-skip', 'tello_gazebo']
[0.113s] DEBUG:colcon:Parsed command line arguments: Namespace(ament_cmake_args=None, base_paths=['.'], build_base='build', catkin_cmake_args=None, catkin_skip_building_tests=False, cmake_args=None, cmake_clean_cache=False, cmake_clean_first=False, cmake_force_configure=False, cmake_target=None, cmake_target_skip_unavailable=False, continue_on_error=False, event_handlers=None, executor='parallel', ignore_user_meta=False, install_base='install', log_base=None, log_level=None, main=<bound method BuildVerb.main of <colcon_core.verb.build.BuildVerb object at 0x71e4bd18cc10>>, merge_install=False, metas=['./colcon.meta'], mixin=None, mixin_files=None, mixin_verb=('build',), packages_above=None, packages_above_and_dependencies=None, packages_above_depth=None, packages_end=None, packages_ignore=None, packages_ignore_regex=None, packages_select=None, packages_select_build_failed=False, packages_select_by_dep=None, packages_select_regex=None, packages_select_test_failures=False, packages_skip=['tello_gazebo'], packages_skip_build_finished=False, packages_skip_by_dep=None, packages_skip_regex=None, packages_skip_test_passed=False, packages_skip_up_to=None, packages_start=None, packages_up_to=None, packages_up_to_regex=None, parallel_workers=32, paths=None, symlink_install=False, test_result_base=None, verb_extension=<colcon_core.verb.build.BuildVerb object at 0x71e4bd18cc10>, verb_name='build', verb_parser=<colcon_mixin.mixin.mixin_argument.MixinArgumentDecorator object at 0x71e4bd11a220>)
[0.124s] Level 1:colcon.colcon_core.package_discovery:discover_packages(colcon_meta) check parameters
[0.124s] INFO:colcon.colcon_metadata.package_discovery.colcon_meta:Using configuration from '/root/.colcon/metadata/default/Gazebo.meta'
[0.124s] INFO:colcon.colcon_metadata.package_discovery.colcon_meta:Using configuration from '/root/.colcon/metadata/default/fastdds.meta'
[0.125s] INFO:colcon.colcon_metadata.package_discovery.colcon_meta:Using configuration from '/root/.colcon/metadata/default/fastrtps.meta'
[0.125s] Level 1:colcon.colcon_core.package_discovery:discover_packages(recursive) check parameters
[0.125s] Level 1:colcon.colcon_core.package_discovery:discover_packages(ignore) check parameters
[0.125s] Level 1:colcon.colcon_core.package_discovery:discover_packages(path) check parameters
[0.125s] Level 1:colcon.colcon_core.package_discovery:discover_packages(colcon_meta) discover
[0.125s] Level 1:colcon.colcon_core.package_discovery:discover_packages(recursive) discover
[0.125s] INFO:colcon.colcon_core.package_discovery:Crawling recursively for packages in '/root/tello_ros_ws'
[0.125s] Level 1:colcon.colcon_core.package_identification:_identify(.) by extensions ['ignore', 'ignore_ament_install']
[0.125s] Level 1:colcon.colcon_core.package_identification:_identify(.) by extension 'ignore'
[0.125s] Level 1:colcon.colcon_core.package_identification:_identify(.) by extension 'ignore_ament_install'
[0.125s] Level 1:colcon.colcon_core.package_identification:_identify(.) by extensions ['colcon_pkg']
[0.125s] Level 1:colcon.colcon_core.package_identification:_identify(.) by extension 'colcon_pkg'
[0.125s] Level 1:colcon.colcon_core.package_identification:_identify(.) by extensions ['colcon_meta']
[0.125s] Level 1:colcon.colcon_core.package_identification:_identify(.) by extension 'colcon_meta'
[0.125s] Level 1:colcon.colcon_core.package_identification:_identify(.) by extensions ['ros']
[0.125s] Level 1:colcon.colcon_core.package_identification:_identify(.) by extension 'ros'
[0.133s] Level 1:colcon.colcon_core.package_identification:_identify(.) by extensions ['cmake', 'python']
[0.133s] Level 1:colcon.colcon_core.package_identification:_identify(.) by extension 'cmake'
[0.133s] Level 1:colcon.colcon_core.package_identification:_identify(.) by extension 'python'
[0.133s] Level 1:colcon.colcon_core.package_identification:_identify(.) by extensions ['python_setup_py']
[0.133s] Level 1:colcon.colcon_core.package_identification:_identify(.) by extension 'python_setup_py'
[0.133s] Level 1:colcon.colcon_core.package_identification:_identify(build) by extensions ['ignore', 'ignore_ament_install']
[0.133s] Level 1:colcon.colcon_core.package_identification:_identify(build) by extension 'ignore'
[0.133s] Level 1:colcon.colcon_core.package_identification:_identify(build) ignored
[0.133s] Level 1:colcon.colcon_core.package_identification:_identify(install) by extensions ['ignore', 'ignore_ament_install']
[0.133s] Level 1:colcon.colcon_core.package_identification:_identify(install) by extension 'ignore'
[0.133s] Level 1:colcon.colcon_core.package_identification:_identify(install) ignored
[0.133s] Level 1:colcon.colcon_core.package_identification:_identify(log) by extensions ['ignore', 'ignore_ament_install']
[0.133s] Level 1:colcon.colcon_core.package_identification:_identify(log) by extension 'ignore'
[0.133s] Level 1:colcon.colcon_core.package_identification:_identify(log) ignored
[0.133s] Level 1:colcon.colcon_core.package_identification:_identify(src) by extensions ['ignore', 'ignore_ament_install']
[0.133s] Level 1:colcon.colcon_core.package_identification:_identify(src) by extension 'ignore'
[0.133s] Level 1:colcon.colcon_core.package_identification:_identify(src) by extension 'ignore_ament_install'
[0.133s] Level 1:colcon.colcon_core.package_identification:_identify(src) by extensions ['colcon_pkg']
[0.133s] Level 1:colcon.colcon_core.package_identification:_identify(src) by extension 'colcon_pkg'
[0.133s] Level 1:colcon.colcon_core.package_identification:_identify(src) by extensions ['colcon_meta']
[0.133s] Level 1:colcon.colcon_core.package_identification:_identify(src) by extension 'colcon_meta'
[0.133s] Level 1:colcon.colcon_core.package_identification:_identify(src) by extensions ['ros']
[0.133s] Level 1:colcon.colcon_core.package_identification:_identify(src) by extension 'ros'
[0.133s] Level 1:colcon.colcon_core.package_identification:_identify(src) by extensions ['cmake', 'python']
[0.133s] Level 1:colcon.colcon_core.package_identification:_identify(src) by extension 'cmake'
[0.133s] Level 1:colcon.colcon_core.package_identification:_identify(src) by extension 'python'
[0.133s] Level 1:colcon.colcon_core.package_identification:_identify(src) by extensions ['python_setup_py']
[0.133s] Level 1:colcon.colcon_core.package_identification:_identify(src) by extension 'python_setup_py'
[0.134s] Level 1:colcon.colcon_core.package_identification:_identify(src/ros2_shared) by extensions ['ignore', 'ignore_ament_install']
[0.134s] Level 1:colcon.colcon_core.package_identification:_identify(src/ros2_shared) by extension 'ignore'
[0.134s] Level 1:colcon.colcon_core.package_identification:_identify(src/ros2_shared) by extension 'ignore_ament_install'
[0.134s] Level 1:colcon.colcon_core.package_identification:_identify(src/ros2_shared) by extensions ['colcon_pkg']
[0.134s] Level 1:colcon.colcon_core.package_identification:_identify(src/ros2_shared) by extension 'colcon_pkg'
[0.134s] Level 1:colcon.colcon_core.package_identification:_identify(src/ros2_shared) by extensions ['colcon_meta']
[0.134s] Level 1:colcon.colcon_core.package_identification:_identify(src/ros2_shared) by extension 'colcon_meta'
[0.134s] Level 1:colcon.colcon_core.package_identification:_identify(src/ros2_shared) by extensions ['ros']
[0.134s] Level 1:colcon.colcon_core.package_identification:_identify(src/ros2_shared) by extension 'ros'
[0.135s] DEBUG:colcon.colcon_core.package_identification:Package 'src/ros2_shared' with type 'ros.ament_cmake' and name 'ros2_shared'
[0.135s] Level 1:colcon.colcon_core.package_identification:_identify(src/tello_description) by extensions ['ignore', 'ignore_ament_install']
[0.135s] Level 1:colcon.colcon_core.package_identification:_identify(src/tello_description) by extension 'ignore'
[0.135s] Level 1:colcon.colcon_core.package_identification:_identify(src/tello_description) by extension 'ignore_ament_install'
[0.135s] Level 1:colcon.colcon_core.package_identification:_identify(src/tello_description) by extensions ['colcon_pkg']
[0.135s] Level 1:colcon.colcon_core.package_identification:_identify(src/tello_description) by extension 'colcon_pkg'
[0.135s] Level 1:colcon.colcon_core.package_identification:_identify(src/tello_description) by extensions ['colcon_meta']
[0.135s] Level 1:colcon.colcon_core.package_identification:_identify(src/tello_description) by extension 'colcon_meta'
[0.135s] Level 1:colcon.colcon_core.package_identification:_identify(src/tello_description) by extensions ['ros']
[0.135s] Level 1:colcon.colcon_core.package_identification:_identify(src/tello_description) by extension 'ros'
[0.135s] DEBUG:colcon.colcon_core.package_identification:Package 'src/tello_description' with type 'ros.ament_cmake' and name 'tello_description'
[0.135s] Level 1:colcon.colcon_core.package_identification:_identify(src/tello_driver) by extensions ['ignore', 'ignore_ament_install']
[0.135s] Level 1:colcon.colcon_core.package_identification:_identify(src/tello_driver) by extension 'ignore'
[0.135s] Level 1:colcon.colcon_core.package_identification:_identify(src/tello_driver) by extension 'ignore_ament_install'
[0.135s] Level 1:colcon.colcon_core.package_identification:_identify(src/tello_driver) by extensions ['colcon_pkg']
[0.135s] Level 1:colcon.colcon_core.package_identification:_identify(src/tello_driver) by extension 'colcon_pkg'
[0.135s] Level 1:colcon.colcon_core.package_identification:_identify(src/tello_driver) by extensions ['colcon_meta']
[0.135s] Level 1:colcon.colcon_core.package_identification:_identify(src/tello_driver) by extension 'colcon_meta'
[0.135s] Level 1:colcon.colcon_core.package_identification:_identify(src/tello_driver) by extensions ['ros']
[0.135s] Level 1:colcon.colcon_core.package_identification:_identify(src/tello_driver) by extension 'ros'
[0.136s] DEBUG:colcon.colcon_core.package_identification:Package 'src/tello_driver' with type 'ros.ament_cmake' and name 'tello_driver'
[0.136s] Level 1:colcon.colcon_core.package_identification:_identify(src/tello_gazebo) by extensions ['ignore', 'ignore_ament_install']
[0.136s] Level 1:colcon.colcon_core.package_identification:_identify(src/tello_gazebo) by extension 'ignore'
[0.136s] Level 1:colcon.colcon_core.package_identification:_identify(src/tello_gazebo) by extension 'ignore_ament_install'
[0.136s] Level 1:colcon.colcon_core.package_identification:_identify(src/tello_gazebo) by extensions ['colcon_pkg']
[0.136s] Level 1:colcon.colcon_core.package_identification:_identify(src/tello_gazebo) by extension 'colcon_pkg'
[0.136s] Level 1:colcon.colcon_core.package_identification:_identify(src/tello_gazebo) by extensions ['colcon_meta']
[0.136s] Level 1:colcon.colcon_core.package_identification:_identify(src/tello_gazebo) by extension 'colcon_meta'
[0.136s] Level 1:colcon.colcon_core.package_identification:_identify(src/tello_gazebo) by extensions ['ros']
[0.136s] Level 1:colcon.colcon_core.package_identification:_identify(src/tello_gazebo) by extension 'ros'
[0.136s] DEBUG:colcon.colcon_core.package_identification:Package 'src/tello_gazebo' with type 'ros.ament_cmake' and name 'tello_gazebo'
[0.136s] Level 1:colcon.colcon_core.package_identification:_identify(src/tello_msgs) by extensions ['ignore', 'ignore_ament_install']
[0.136s] Level 1:colcon.colcon_core.package_identification:_identify(src/tello_msgs) by extension 'ignore'
[0.136s] Level 1:colcon.colcon_core.package_identification:_identify(src/tello_msgs) by extension 'ignore_ament_install'
[0.136s] Level 1:colcon.colcon_core.package_identification:_identify(src/tello_msgs) by extensions ['colcon_pkg']
[0.136s] Level 1:colcon.colcon_core.package_identification:_identify(src/tello_msgs) by extension 'colcon_pkg'
[0.136s] Level 1:colcon.colcon_core.package_identification:_identify(src/tello_msgs) by extensions ['colcon_meta']
[0.136s] Level 1:colcon.colcon_core.package_identification:_identify(src/tello_msgs) by extension 'colcon_meta'
[0.137s] Level 1:colcon.colcon_core.package_identification:_identify(src/tello_msgs) by extensions ['ros']
[0.137s] Level 1:colcon.colcon_core.package_identification:_identify(src/tello_msgs) by extension 'ros'
[0.137s] DEBUG:colcon.colcon_core.package_identification:Package 'src/tello_msgs' with type 'ros.ament_cmake' and name 'tello_msgs'
[0.137s] Level 1:colcon.colcon_core.package_discovery:discover_packages(recursive) using defaults
[0.137s] Level 1:colcon.colcon_core.package_discovery:discover_packages(ignore) discover
[0.137s] Level 1:colcon.colcon_core.package_discovery:discover_packages(ignore) using defaults
[0.137s] Level 1:colcon.colcon_core.package_discovery:discover_packages(path) discover
[0.137s] Level 1:colcon.colcon_core.package_discovery:discover_packages(path) using defaults
[0.144s] INFO:colcon.colcon_core.package_selection:Skipping package 'tello_gazebo' in 'src/tello_gazebo'
[0.145s] Level 5:colcon.colcon_core.verb:set package 'ros2_shared' build argument 'cmake_args' from command line to 'None'
[0.145s] Level 5:colcon.colcon_core.verb:set package 'ros2_shared' build argument 'cmake_target' from command line to 'None'
[0.145s] Level 5:colcon.colcon_core.verb:set package 'ros2_shared' build argument 'cmake_target_skip_unavailable' from command line to 'False'
[0.145s] Level 5:colcon.colcon_core.verb:set package 'ros2_shared' build argument 'cmake_clean_cache' from command line to 'False'
[0.145s] Level 5:colcon.colcon_core.verb:set package 'ros2_shared' build argument 'cmake_clean_first' from command line to 'False'
[0.145s] Level 5:colcon.colcon_core.verb:set package 'ros2_shared' build argument 'cmake_force_configure' from command line to 'False'
[0.145s] Level 5:colcon.colcon_core.verb:set package 'ros2_shared' build argument 'ament_cmake_args' from command line to 'None'
[0.145s] Level 5:colcon.colcon_core.verb:set package 'ros2_shared' build argument 'catkin_cmake_args' from command line to 'None'
[0.145s] Level 5:colcon.colcon_core.verb:set package 'ros2_shared' build argument 'catkin_skip_building_tests' from command line to 'False'
[0.145s] DEBUG:colcon.colcon_core.verb:Building package 'ros2_shared' with the following arguments: {'ament_cmake_args': None, 'build_base': '/root/tello_ros_ws/build/ros2_shared', 'catkin_cmake_args': None, 'catkin_skip_building_tests': False, 'cmake_args': None, 'cmake_clean_cache': False, 'cmake_clean_first': False, 'cmake_force_configure': False, 'cmake_target': None, 'cmake_target_skip_unavailable': False, 'install_base': '/root/tello_ros_ws/install/ros2_shared', 'merge_install': False, 'path': '/root/tello_ros_ws/src/ros2_shared', 'symlink_install': False, 'test_result_base': None}
[0.145s] Level 5:colcon.colcon_core.verb:set package 'tello_description' build argument 'cmake_args' from command line to 'None'
[0.145s] Level 5:colcon.colcon_core.verb:set package 'tello_description' build argument 'cmake_target' from command line to 'None'
[0.145s] Level 5:colcon.colcon_core.verb:set package 'tello_description' build argument 'cmake_target_skip_unavailable' from command line to 'False'
[0.145s] Level 5:colcon.colcon_core.verb:set package 'tello_description' build argument 'cmake_clean_cache' from command line to 'False'
[0.145s] Level 5:colcon.colcon_core.verb:set package 'tello_description' build argument 'cmake_clean_first' from command line to 'False'
[0.145s] Level 5:colcon.colcon_core.verb:set package 'tello_description' build argument 'cmake_force_configure' from command line to 'False'
[0.145s] Level 5:colcon.colcon_core.verb:set package 'tello_description' build argument 'ament_cmake_args' from command line to 'None'
[0.145s] Level 5:colcon.colcon_core.verb:set package 'tello_description' build argument 'catkin_cmake_args' from command line to 'None'
[0.145s] Level 5:colcon.colcon_core.verb:set package 'tello_description' build argument 'catkin_skip_building_tests' from command line to 'False'
[0.145s] DEBUG:colcon.colcon_core.verb:Building package 'tello_description' with the following arguments: {'ament_cmake_args': None, 'build_base': '/root/tello_ros_ws/build/tello_description', 'catkin_cmake_args': None, 'catkin_skip_building_tests': False, 'cmake_args': None, 'cmake_clean_cache': False, 'cmake_clean_first': False, 'cmake_force_configure': False, 'cmake_target': None, 'cmake_target_skip_unavailable': False, 'install_base': '/root/tello_ros_ws/install/tello_description', 'merge_install': False, 'path': '/root/tello_ros_ws/src/tello_description', 'symlink_install': False, 'test_result_base': None}
[0.146s] Level 5:colcon.colcon_core.verb:set package 'tello_msgs' build argument 'cmake_args' from command line to 'None'
[0.146s] Level 5:colcon.colcon_core.verb:set package 'tello_msgs' build argument 'cmake_target' from command line to 'None'
[0.146s] Level 5:colcon.colcon_core.verb:set package 'tello_msgs' build argument 'cmake_target_skip_unavailable' from command line to 'False'
[0.146s] Level 5:colcon.colcon_core.verb:set package 'tello_msgs' build argument 'cmake_clean_cache' from command line to 'False'
[0.146s] Level 5:colcon.colcon_core.verb:set package 'tello_msgs' build argument 'cmake_clean_first' from command line to 'False'
[0.146s] Level 5:colcon.colcon_core.verb:set package 'tello_msgs' build argument 'cmake_force_configure' from command line to 'False'
[0.146s] Level 5:colcon.colcon_core.verb:set package 'tello_msgs' build argument 'ament_cmake_args' from command line to 'None'
[0.146s] Level 5:colcon.colcon_core.verb:set package 'tello_msgs' build argument 'catkin_cmake_args' from command line to 'None'
[0.146s] Level 5:colcon.colcon_core.verb:set package 'tello_msgs' build argument 'catkin_skip_building_tests' from command line to 'False'
[0.146s] DEBUG:colcon.colcon_core.verb:Building package 'tello_msgs' with the following arguments: {'ament_cmake_args': None, 'build_base': '/root/tello_ros_ws/build/tello_msgs', 'catkin_cmake_args': None, 'catkin_skip_building_tests': False, 'cmake_args': None, 'cmake_clean_cache': False, 'cmake_clean_first': False, 'cmake_force_configure': False, 'cmake_target': None, 'cmake_target_skip_unavailable': False, 'install_base': '/root/tello_ros_ws/install/tello_msgs', 'merge_install': False, 'path': '/root/tello_ros_ws/src/tello_msgs', 'symlink_install': False, 'test_result_base': None}
[0.146s] Level 5:colcon.colcon_core.verb:set package 'tello_driver' build argument 'cmake_args' from command line to 'None'
[0.146s] Level 5:colcon.colcon_core.verb:set package 'tello_driver' build argument 'cmake_target' from command line to 'None'
[0.146s] Level 5:colcon.colcon_core.verb:set package 'tello_driver' build argument 'cmake_target_skip_unavailable' from command line to 'False'
[0.146s] Level 5:colcon.colcon_core.verb:set package 'tello_driver' build argument 'cmake_clean_cache' from command line to 'False'
[0.146s] Level 5:colcon.colcon_core.verb:set package 'tello_driver' build argument 'cmake_clean_first' from command line to 'False'
[0.146s] Level 5:colcon.colcon_core.verb:set package 'tello_driver' build argument 'cmake_force_configure' from command line to 'False'
[0.146s] Level 5:colcon.colcon_core.verb:set package 'tello_driver' build argument 'ament_cmake_args' from command line to 'None'
[0.146s] Level 5:colcon.colcon_core.verb:set package 'tello_driver' build argument 'catkin_cmake_args' from command line to 'None'
[0.146s] Level 5:colcon.colcon_core.verb:set package 'tello_driver' build argument 'catkin_skip_building_tests' from command line to 'False'
[0.146s] DEBUG:colcon.colcon_core.verb:Building package 'tello_driver' with the following arguments: {'ament_cmake_args': None, 'build_base': '/root/tello_ros_ws/build/tello_driver', 'catkin_cmake_args': None, 'catkin_skip_building_tests': False, 'cmake_args': None, 'cmake_clean_cache': False, 'cmake_clean_first': False, 'cmake_force_configure': False, 'cmake_target': None, 'cmake_target_skip_unavailable': False, 'install_base': '/root/tello_ros_ws/install/tello_driver', 'merge_install': False, 'path': '/root/tello_ros_ws/src/tello_driver', 'symlink_install': False, 'test_result_base': None}
[0.147s] INFO:colcon.colcon_core.executor:Executing jobs using 'parallel' executor
[0.148s] DEBUG:colcon.colcon_parallel_executor.executor.parallel:run_until_complete
[0.148s] INFO:colcon.colcon_ros.task.ament_cmake.build:Building ROS package in '/root/tello_ros_ws/src/ros2_shared' with build type 'ament_cmake'
[0.148s] INFO:colcon.colcon_cmake.task.cmake.build:Building CMake package in '/root/tello_ros_ws/src/ros2_shared'
[0.150s] INFO:colcon.colcon_core.plugin_system:Skipping extension 'colcon_core.shell.bat': Not used on non-Windows systems
[0.150s] INFO:colcon.colcon_core.shell:Skip shell extension 'powershell' for command environment: Not usable outside of PowerShell
[0.150s] DEBUG:colcon.colcon_core.shell:Skip shell extension 'dsv' for command environment
[0.154s] INFO:colcon.colcon_ros.task.ament_cmake.build:Building ROS package in '/root/tello_ros_ws/src/tello_msgs' with build type 'ament_cmake'
[0.154s] INFO:colcon.colcon_cmake.task.cmake.build:Building CMake package in '/root/tello_ros_ws/src/tello_msgs'
[0.154s] INFO:colcon.colcon_core.shell:Skip shell extension 'powershell' for command environment: Not usable outside of PowerShell
[0.155s] DEBUG:colcon.colcon_core.shell:Skip shell extension 'dsv' for command environment
[0.157s] INFO:colcon.colcon_ros.task.ament_cmake.build:Building ROS package in '/root/tello_ros_ws/src/tello_description' with build type 'ament_cmake'
[0.158s] INFO:colcon.colcon_cmake.task.cmake.build:Building CMake package in '/root/tello_ros_ws/src/tello_description'
[0.158s] INFO:colcon.colcon_core.shell:Skip shell extension 'powershell' for command environment: Not usable outside of PowerShell
[0.158s] DEBUG:colcon.colcon_core.shell:Skip shell extension 'dsv' for command environment
[0.164s] DEBUG:colcon.colcon_core.event_handler.log_command:Invoking command in '/root/tello_ros_ws/build/ros2_shared': CMAKE_PREFIX_PATH=${CMAKE_PREFIX_PATH}:/opt/ros/foxy /usr/bin/cmake --build /root/tello_ros_ws/build/ros2_shared -- -j32 -l32
[0.166s] DEBUG:colcon.colcon_core.event_handler.log_command:Invoking command in '/root/tello_ros_ws/build/tello_msgs': CMAKE_PREFIX_PATH=${CMAKE_PREFIX_PATH}:/opt/ros/foxy /usr/bin/cmake --build /root/tello_ros_ws/build/tello_msgs -- -j32 -l32
[0.169s] DEBUG:colcon.colcon_core.event_handler.log_command:Invoking command in '/root/tello_ros_ws/build/tello_description': CMAKE_PREFIX_PATH=${CMAKE_PREFIX_PATH}:/opt/ros/foxy /usr/bin/cmake --build /root/tello_ros_ws/build/tello_description -- -j32 -l32
[0.191s] DEBUG:colcon.colcon_core.event_handler.log_command:Invoked command in '/root/tello_ros_ws/build/ros2_shared' returned '0': CMAKE_PREFIX_PATH=${CMAKE_PREFIX_PATH}:/opt/ros/foxy /usr/bin/cmake --build /root/tello_ros_ws/build/ros2_shared -- -j32 -l32
[0.215s] DEBUG:colcon.colcon_core.event_handler.log_command:Invoking command in '/root/tello_ros_ws/build/ros2_shared': CMAKE_PREFIX_PATH=${CMAKE_PREFIX_PATH}:/opt/ros/foxy /usr/bin/cmake --install /root/tello_ros_ws/build/ros2_shared
[0.218s] DEBUG:colcon.colcon_core.event_handler.log_command:Invoked command in '/root/tello_ros_ws/build/tello_description' returned '0': CMAKE_PREFIX_PATH=${CMAKE_PREFIX_PATH}:/opt/ros/foxy /usr/bin/cmake --build /root/tello_ros_ws/build/tello_description -- -j32 -l32
[0.222s] Level 1:colcon.colcon_core.environment:create_environment_scripts_only(ros2_shared)
[0.222s] DEBUG:colcon.colcon_core.event_handler.log_command:Invoked command in '/root/tello_ros_ws/build/ros2_shared' returned '0': CMAKE_PREFIX_PATH=${CMAKE_PREFIX_PATH}:/opt/ros/foxy /usr/bin/cmake --install /root/tello_ros_ws/build/ros2_shared
[0.225s] Level 1:colcon.colcon_core.environment:checking '/root/tello_ros_ws/install/ros2_shared' for CMake module files
[0.225s] Level 1:colcon.colcon_core.environment:checking '/root/tello_ros_ws/install/ros2_shared' for CMake config files
[0.225s] Level 1:colcon.colcon_core.shell:create_environment_hook('ros2_shared', 'cmake_prefix_path')
[0.226s] INFO:colcon.colcon_core.shell:Creating environment hook '/root/tello_ros_ws/install/ros2_shared/share/ros2_shared/hook/cmake_prefix_path.ps1'
[0.226s] INFO:colcon.colcon_core.shell:Creating environment descriptor '/root/tello_ros_ws/install/ros2_shared/share/ros2_shared/hook/cmake_prefix_path.dsv'
[0.226s] INFO:colcon.colcon_core.shell:Creating environment hook '/root/tello_ros_ws/install/ros2_shared/share/ros2_shared/hook/cmake_prefix_path.sh'
[0.226s] Level 1:colcon.colcon_core.environment:checking '/root/tello_ros_ws/install/ros2_shared/bin'
[0.226s] Level 1:colcon.colcon_core.environment:checking '/root/tello_ros_ws/install/ros2_shared/lib/pkgconfig/ros2_shared.pc'
[0.227s] Level 1:colcon.colcon_core.environment:checking '/root/tello_ros_ws/install/ros2_shared/lib/python3.8/site-packages'
[0.227s] Level 1:colcon.colcon_core.environment:checking '/root/tello_ros_ws/install/ros2_shared/bin'
[0.227s] INFO:colcon.colcon_core.shell:Creating package script '/root/tello_ros_ws/install/ros2_shared/share/ros2_shared/package.ps1'
[0.228s] INFO:colcon.colcon_core.shell:Creating package descriptor '/root/tello_ros_ws/install/ros2_shared/share/ros2_shared/package.dsv'
[0.228s] INFO:colcon.colcon_core.shell:Creating package script '/root/tello_ros_ws/install/ros2_shared/share/ros2_shared/package.sh'
[0.228s] INFO:colcon.colcon_core.shell:Creating package script '/root/tello_ros_ws/install/ros2_shared/share/ros2_shared/package.bash'
[0.229s] INFO:colcon.colcon_core.shell:Creating package script '/root/tello_ros_ws/install/ros2_shared/share/ros2_shared/package.zsh'
[0.229s] Level 1:colcon.colcon_core.environment:create_file_with_runtime_dependencies(/root/tello_ros_ws/install/ros2_shared/share/colcon-core/packages/ros2_shared)
[0.237s] DEBUG:colcon.colcon_core.event_handler.log_command:Invoking command in '/root/tello_ros_ws/build/tello_description': CMAKE_PREFIX_PATH=${CMAKE_PREFIX_PATH}:/opt/ros/foxy /usr/bin/cmake --install /root/tello_ros_ws/build/tello_description
[0.243s] Level 1:colcon.colcon_core.environment:create_environment_scripts_only(tello_description)
[0.245s] Level 1:colcon.colcon_core.environment:checking '/root/tello_ros_ws/install/tello_description' for CMake module files
[0.245s] DEBUG:colcon.colcon_core.event_handler.log_command:Invoked command in '/root/tello_ros_ws/build/tello_description' returned '0': CMAKE_PREFIX_PATH=${CMAKE_PREFIX_PATH}:/opt/ros/foxy /usr/bin/cmake --install /root/tello_ros_ws/build/tello_description
[0.245s] Level 1:colcon.colcon_core.environment:checking '/root/tello_ros_ws/install/tello_description' for CMake config files
[0.245s] Level 1:colcon.colcon_core.shell:create_environment_hook('tello_description', 'cmake_prefix_path')
[0.246s] INFO:colcon.colcon_core.shell:Creating environment hook '/root/tello_ros_ws/install/tello_description/share/tello_description/hook/cmake_prefix_path.ps1'
[0.246s] INFO:colcon.colcon_core.shell:Creating environment descriptor '/root/tello_ros_ws/install/tello_description/share/tello_description/hook/cmake_prefix_path.dsv'
[0.246s] INFO:colcon.colcon_core.shell:Creating environment hook '/root/tello_ros_ws/install/tello_description/share/tello_description/hook/cmake_prefix_path.sh'
[0.246s] Level 1:colcon.colcon_core.environment:checking '/root/tello_ros_ws/install/tello_description/bin'
[0.246s] Level 1:colcon.colcon_core.environment:checking '/root/tello_ros_ws/install/tello_description/lib/pkgconfig/tello_description.pc'
[0.247s] Level 1:colcon.colcon_core.environment:checking '/root/tello_ros_ws/install/tello_description/lib/python3.8/site-packages'
[0.247s] Level 1:colcon.colcon_core.environment:checking '/root/tello_ros_ws/install/tello_description/bin'
[0.247s] INFO:colcon.colcon_core.shell:Creating package script '/root/tello_ros_ws/install/tello_description/share/tello_description/package.ps1'
[0.247s] INFO:colcon.colcon_core.shell:Creating package descriptor '/root/tello_ros_ws/install/tello_description/share/tello_description/package.dsv'
[0.247s] INFO:colcon.colcon_core.shell:Creating package script '/root/tello_ros_ws/install/tello_description/share/tello_description/package.sh'
[0.248s] INFO:colcon.colcon_core.shell:Creating package script '/root/tello_ros_ws/install/tello_description/share/tello_description/package.bash'
[0.248s] INFO:colcon.colcon_core.shell:Creating package script '/root/tello_ros_ws/install/tello_description/share/tello_description/package.zsh'
[0.248s] Level 1:colcon.colcon_core.environment:create_file_with_runtime_dependencies(/root/tello_ros_ws/install/tello_description/share/colcon-core/packages/tello_description)
[0.250s] Level 1:colcon.colcon_core.environment:create_environment_scripts_only(ros2_shared)
[0.251s] Level 1:colcon.colcon_core.environment:checking '/root/tello_ros_ws/install/ros2_shared' for CMake module files
[0.252s] Level 1:colcon.colcon_core.environment:checking '/root/tello_ros_ws/install/ros2_shared' for CMake config files
[0.252s] Level 1:colcon.colcon_core.shell:create_environment_hook('ros2_shared', 'cmake_prefix_path')
[0.252s] INFO:colcon.colcon_core.shell:Creating environment hook '/root/tello_ros_ws/install/ros2_shared/share/ros2_shared/hook/cmake_prefix_path.ps1'
[0.253s] INFO:colcon.colcon_core.shell:Creating environment descriptor '/root/tello_ros_ws/install/ros2_shared/share/ros2_shared/hook/cmake_prefix_path.dsv'
[0.253s] INFO:colcon.colcon_core.shell:Creating environment hook '/root/tello_ros_ws/install/ros2_shared/share/ros2_shared/hook/cmake_prefix_path.sh'
[0.253s] Level 1:colcon.colcon_core.environment:checking '/root/tello_ros_ws/install/ros2_shared/bin'
[0.253s] Level 1:colcon.colcon_core.environment:checking '/root/tello_ros_ws/install/ros2_shared/lib/pkgconfig/ros2_shared.pc'
[0.253s] Level 1:colcon.colcon_core.environment:checking '/root/tello_ros_ws/install/ros2_shared/lib/python3.8/site-packages'
[0.254s] Level 1:colcon.colcon_core.environment:checking '/root/tello_ros_ws/install/ros2_shared/bin'
[0.254s] INFO:colcon.colcon_core.shell:Creating package script '/root/tello_ros_ws/install/ros2_shared/share/ros2_shared/package.ps1'
[0.255s] INFO:colcon.colcon_core.shell:Creating package descriptor '/root/tello_ros_ws/install/ros2_shared/share/ros2_shared/package.dsv'
[0.255s] INFO:colcon.colcon_core.shell:Creating package script '/root/tello_ros_ws/install/ros2_shared/share/ros2_shared/package.sh'
[0.255s] INFO:colcon.colcon_core.shell:Creating package script '/root/tello_ros_ws/install/ros2_shared/share/ros2_shared/package.bash'
[0.256s] INFO:colcon.colcon_core.shell:Creating package script '/root/tello_ros_ws/install/ros2_shared/share/ros2_shared/package.zsh'
[0.256s] Level 1:colcon.colcon_core.environment:create_file_with_runtime_dependencies(/root/tello_ros_ws/install/ros2_shared/share/colcon-core/packages/ros2_shared)
[0.289s] Level 1:colcon.colcon_core.environment:create_environment_scripts_only(tello_description)
[0.292s] Level 1:colcon.colcon_core.environment:checking '/root/tello_ros_ws/install/tello_description' for CMake module files
[0.293s] Level 1:colcon.colcon_core.environment:checking '/root/tello_ros_ws/install/tello_description' for CMake config files
[0.293s] Level 1:colcon.colcon_core.shell:create_environment_hook('tello_description', 'cmake_prefix_path')
[0.296s] INFO:colcon.colcon_core.shell:Creating environment hook '/root/tello_ros_ws/install/tello_description/share/tello_description/hook/cmake_prefix_path.ps1'
[0.297s] INFO:colcon.colcon_core.shell:Creating environment descriptor '/root/tello_ros_ws/install/tello_description/share/tello_description/hook/cmake_prefix_path.dsv'
[0.298s] INFO:colcon.colcon_core.shell:Creating environment hook '/root/tello_ros_ws/install/tello_description/share/tello_description/hook/cmake_prefix_path.sh'
[0.300s] Level 1:colcon.colcon_core.environment:checking '/root/tello_ros_ws/install/tello_description/bin'
[0.300s] Level 1:colcon.colcon_core.environment:checking '/root/tello_ros_ws/install/tello_description/lib/pkgconfig/tello_description.pc'
[0.300s] Level 1:colcon.colcon_core.environment:checking '/root/tello_ros_ws/install/tello_description/lib/python3.8/site-packages'
[0.301s] Level 1:colcon.colcon_core.environment:checking '/root/tello_ros_ws/install/tello_description/bin'
[0.303s] INFO:colcon.colcon_core.shell:Creating package script '/root/tello_ros_ws/install/tello_description/share/tello_description/package.ps1'
[0.305s] INFO:colcon.colcon_core.shell:Creating package descriptor '/root/tello_ros_ws/install/tello_description/share/tello_description/package.dsv'
[0.305s] INFO:colcon.colcon_core.shell:Creating package script '/root/tello_ros_ws/install/tello_description/share/tello_description/package.sh'
[0.306s] INFO:colcon.colcon_core.shell:Creating package script '/root/tello_ros_ws/install/tello_description/share/tello_description/package.bash'
[0.307s] INFO:colcon.colcon_core.shell:Creating package script '/root/tello_ros_ws/install/tello_description/share/tello_description/package.zsh'
[0.307s] Level 1:colcon.colcon_core.environment:create_file_with_runtime_dependencies(/root/tello_ros_ws/install/tello_description/share/colcon-core/packages/tello_description)
[0.397s] DEBUG:colcon.colcon_core.event_handler.log_command:Invoked command in '/root/tello_ros_ws/build/tello_msgs' returned '0': CMAKE_PREFIX_PATH=${CMAKE_PREFIX_PATH}:/opt/ros/foxy /usr/bin/cmake --build /root/tello_ros_ws/build/tello_msgs -- -j32 -l32
[0.653s] DEBUG:colcon.colcon_core.event_handler.log_command:Invoking command in '/root/tello_ros_ws/build/tello_msgs': CMAKE_PREFIX_PATH=${CMAKE_PREFIX_PATH}:/opt/ros/foxy /usr/bin/cmake --install /root/tello_ros_ws/build/tello_msgs
[0.702s] Level 1:colcon.colcon_core.environment:create_environment_scripts_only(tello_msgs)
[0.704s] Level 1:colcon.colcon_core.environment:checking '/root/tello_ros_ws/install/tello_msgs' for CMake module files
[0.704s] DEBUG:colcon.colcon_core.event_handler.log_command:Invoked command in '/root/tello_ros_ws/build/tello_msgs' returned '0': CMAKE_PREFIX_PATH=${CMAKE_PREFIX_PATH}:/opt/ros/foxy /usr/bin/cmake --install /root/tello_ros_ws/build/tello_msgs
[0.704s] Level 1:colcon.colcon_core.environment:checking '/root/tello_ros_ws/install/tello_msgs' for CMake config files
[0.705s] Level 1:colcon.colcon_core.shell:create_environment_hook('tello_msgs', 'cmake_prefix_path')
[0.706s] INFO:colcon.colcon_core.shell:Creating environment hook '/root/tello_ros_ws/install/tello_msgs/share/tello_msgs/hook/cmake_prefix_path.ps1'
[0.706s] INFO:colcon.colcon_core.shell:Creating environment descriptor '/root/tello_ros_ws/install/tello_msgs/share/tello_msgs/hook/cmake_prefix_path.dsv'
[0.706s] INFO:colcon.colcon_core.shell:Creating environment hook '/root/tello_ros_ws/install/tello_msgs/share/tello_msgs/hook/cmake_prefix_path.sh'
[0.707s] Level 1:colcon.colcon_core.environment:checking '/root/tello_ros_ws/install/tello_msgs/lib'
[0.707s] Level 1:colcon.colcon_core.shell:create_environment_hook('tello_msgs', 'ld_library_path_lib')
[0.708s] INFO:colcon.colcon_core.shell:Creating environment hook '/root/tello_ros_ws/install/tello_msgs/share/tello_msgs/hook/ld_library_path_lib.ps1'
[0.708s] INFO:colcon.colcon_core.shell:Creating environment descriptor '/root/tello_ros_ws/install/tello_msgs/share/tello_msgs/hook/ld_library_path_lib.dsv'
[0.708s] INFO:colcon.colcon_core.shell:Creating environment hook '/root/tello_ros_ws/install/tello_msgs/share/tello_msgs/hook/ld_library_path_lib.sh'
[0.708s] Level 1:colcon.colcon_core.environment:checking '/root/tello_ros_ws/install/tello_msgs/bin'
[0.708s] Level 1:colcon.colcon_core.environment:checking '/root/tello_ros_ws/install/tello_msgs/lib/pkgconfig/tello_msgs.pc'
[0.708s] Level 1:colcon.colcon_core.environment:checking '/root/tello_ros_ws/install/tello_msgs/lib/python3.8/site-packages'
[0.708s] Level 1:colcon.colcon_core.shell:create_environment_hook('tello_msgs', 'pythonpath')
[0.709s] INFO:colcon.colcon_core.shell:Creating environment hook '/root/tello_ros_ws/install/tello_msgs/share/tello_msgs/hook/pythonpath.ps1'
[0.709s] INFO:colcon.colcon_core.shell:Creating environment descriptor '/root/tello_ros_ws/install/tello_msgs/share/tello_msgs/hook/pythonpath.dsv'
[0.709s] INFO:colcon.colcon_core.shell:Creating environment hook '/root/tello_ros_ws/install/tello_msgs/share/tello_msgs/hook/pythonpath.sh'
[0.709s] Level 1:colcon.colcon_core.environment:checking '/root/tello_ros_ws/install/tello_msgs/bin'
[0.710s] INFO:colcon.colcon_core.shell:Creating package script '/root/tello_ros_ws/install/tello_msgs/share/tello_msgs/package.ps1'
[0.710s] INFO:colcon.colcon_core.shell:Creating package descriptor '/root/tello_ros_ws/install/tello_msgs/share/tello_msgs/package.dsv'
[0.710s] INFO:colcon.colcon_core.shell:Creating package script '/root/tello_ros_ws/install/tello_msgs/share/tello_msgs/package.sh'
[0.710s] INFO:colcon.colcon_core.shell:Creating package script '/root/tello_ros_ws/install/tello_msgs/share/tello_msgs/package.bash'
[0.710s] INFO:colcon.colcon_core.shell:Creating package script '/root/tello_ros_ws/install/tello_msgs/share/tello_msgs/package.zsh'
[0.711s] Level 1:colcon.colcon_core.environment:create_file_with_runtime_dependencies(/root/tello_ros_ws/install/tello_msgs/share/colcon-core/packages/tello_msgs)
[0.917s] Level 1:colcon.colcon_core.environment:create_environment_scripts_only(tello_msgs)
[0.921s] Level 1:colcon.colcon_core.environment:checking '/root/tello_ros_ws/install/tello_msgs' for CMake module files
[0.922s] Level 1:colcon.colcon_core.environment:checking '/root/tello_ros_ws/install/tello_msgs' for CMake config files
[0.923s] Level 1:colcon.colcon_core.shell:create_environment_hook('tello_msgs', 'cmake_prefix_path')
[0.925s] INFO:colcon.colcon_core.shell:Creating environment hook '/root/tello_ros_ws/install/tello_msgs/share/tello_msgs/hook/cmake_prefix_path.ps1'
[0.926s] INFO:colcon.colcon_core.shell:Creating environment descriptor '/root/tello_ros_ws/install/tello_msgs/share/tello_msgs/hook/cmake_prefix_path.dsv'
[0.927s] INFO:colcon.colcon_core.shell:Creating environment hook '/root/tello_ros_ws/install/tello_msgs/share/tello_msgs/hook/cmake_prefix_path.sh'
[0.928s] Level 1:colcon.colcon_core.environment:checking '/root/tello_ros_ws/install/tello_msgs/lib'
[0.928s] Level 1:colcon.colcon_core.shell:create_environment_hook('tello_msgs', 'ld_library_path_lib')
[0.931s] INFO:colcon.colcon_core.shell:Creating environment hook '/root/tello_ros_ws/install/tello_msgs/share/tello_msgs/hook/ld_library_path_lib.ps1'
[0.931s] INFO:colcon.colcon_core.shell:Creating environment descriptor '/root/tello_ros_ws/install/tello_msgs/share/tello_msgs/hook/ld_library_path_lib.dsv'
[0.932s] INFO:colcon.colcon_core.shell:Creating environment hook '/root/tello_ros_ws/install/tello_msgs/share/tello_msgs/hook/ld_library_path_lib.sh'
[0.932s] Level 1:colcon.colcon_core.environment:checking '/root/tello_ros_ws/install/tello_msgs/bin'
[0.932s] Level 1:colcon.colcon_core.environment:checking '/root/tello_ros_ws/install/tello_msgs/lib/pkgconfig/tello_msgs.pc'
[0.933s] Level 1:colcon.colcon_core.environment:checking '/root/tello_ros_ws/install/tello_msgs/lib/python3.8/site-packages'
[0.933s] Level 1:colcon.colcon_core.shell:create_environment_hook('tello_msgs', 'pythonpath')
[0.934s] INFO:colcon.colcon_core.shell:Creating environment hook '/root/tello_ros_ws/install/tello_msgs/share/tello_msgs/hook/pythonpath.ps1'
[0.935s] INFO:colcon.colcon_core.shell:Creating environment descriptor '/root/tello_ros_ws/install/tello_msgs/share/tello_msgs/hook/pythonpath.dsv'
[0.935s] INFO:colcon.colcon_core.shell:Creating environment hook '/root/tello_ros_ws/install/tello_msgs/share/tello_msgs/hook/pythonpath.sh'
[0.936s] Level 1:colcon.colcon_core.environment:checking '/root/tello_ros_ws/install/tello_msgs/bin'
[0.937s] INFO:colcon.colcon_core.shell:Creating package script '/root/tello_ros_ws/install/tello_msgs/share/tello_msgs/package.ps1'
[0.938s] INFO:colcon.colcon_core.shell:Creating package descriptor '/root/tello_ros_ws/install/tello_msgs/share/tello_msgs/package.dsv'
[0.938s] INFO:colcon.colcon_core.shell:Creating package script '/root/tello_ros_ws/install/tello_msgs/share/tello_msgs/package.sh'
[0.938s] INFO:colcon.colcon_core.shell:Creating package script '/root/tello_ros_ws/install/tello_msgs/share/tello_msgs/package.bash'
[0.939s] INFO:colcon.colcon_core.shell:Creating package script '/root/tello_ros_ws/install/tello_msgs/share/tello_msgs/package.zsh'
[0.939s] Level 1:colcon.colcon_core.environment:create_file_with_runtime_dependencies(/root/tello_ros_ws/install/tello_msgs/share/colcon-core/packages/tello_msgs)
[0.939s] INFO:colcon.colcon_ros.task.ament_cmake.build:Building ROS package in '/root/tello_ros_ws/src/tello_driver' with build type 'ament_cmake'
[0.939s] INFO:colcon.colcon_cmake.task.cmake.build:Building CMake package in '/root/tello_ros_ws/src/tello_driver'
[0.940s] INFO:colcon.colcon_core.shell:Skip shell extension 'powershell' for command environment: Not usable outside of PowerShell
[0.940s] DEBUG:colcon.colcon_core.shell:Skip shell extension 'dsv' for command environment
[0.951s] DEBUG:colcon.colcon_core.event_handler.log_command:Invoking command in '/root/tello_ros_ws/build/tello_driver': CMAKE_PREFIX_PATH=/root/tello_ros_ws/install/tello_msgs:/root/tello_ros_ws/install/ros2_shared:/root/tello_ros_ws/install/tello_gazebo:/root/tello_ros_ws/install/tello_driver:/root/tello_ros_ws/install/tello_description:/opt/ros/foxy LD_LIBRARY_PATH=/root/tello_ros_ws/install/tello_msgs/lib:/root/tello_ros_ws/install/tello_gazebo/lib:/root/tello_ros_ws/install/tello_driver/lib:/opt/ros/foxy/opt/yaml_cpp_vendor/lib:/opt/ros/foxy/opt/rviz_ogre_vendor/lib:/opt/ros/foxy/lib/x86_64-linux-gnu:/opt/ros/foxy/lib /usr/bin/cmake --build /root/tello_ros_ws/build/tello_driver -- -j32 -l32
[1.035s] DEBUG:colcon.colcon_core.event_handler.log_command:Invoked command in '/root/tello_ros_ws/build/tello_driver' returned '0': CMAKE_PREFIX_PATH=/root/tello_ros_ws/install/tello_msgs:/root/tello_ros_ws/install/ros2_shared:/root/tello_ros_ws/install/tello_gazebo:/root/tello_ros_ws/install/tello_driver:/root/tello_ros_ws/install/tello_description:/opt/ros/foxy LD_LIBRARY_PATH=/root/tello_ros_ws/install/tello_msgs/lib:/root/tello_ros_ws/install/tello_gazebo/lib:/root/tello_ros_ws/install/tello_driver/lib:/opt/ros/foxy/opt/yaml_cpp_vendor/lib:/opt/ros/foxy/opt/rviz_ogre_vendor/lib:/opt/ros/foxy/lib/x86_64-linux-gnu:/opt/ros/foxy/lib /usr/bin/cmake --build /root/tello_ros_ws/build/tello_driver -- -j32 -l32
[1.139s] DEBUG:colcon.colcon_core.event_handler.log_command:Invoking command in '/root/tello_ros_ws/build/tello_driver': CMAKE_PREFIX_PATH=/root/tello_ros_ws/install/tello_msgs:/root/tello_ros_ws/install/ros2_shared:/root/tello_ros_ws/install/tello_gazebo:/root/tello_ros_ws/install/tello_driver:/root/tello_ros_ws/install/tello_description:/opt/ros/foxy LD_LIBRARY_PATH=/root/tello_ros_ws/install/tello_msgs/lib:/root/tello_ros_ws/install/tello_gazebo/lib:/root/tello_ros_ws/install/tello_driver/lib:/opt/ros/foxy/opt/yaml_cpp_vendor/lib:/opt/ros/foxy/opt/rviz_ogre_vendor/lib:/opt/ros/foxy/lib/x86_64-linux-gnu:/opt/ros/foxy/lib /usr/bin/cmake --install /root/tello_ros_ws/build/tello_driver
[1.150s] Level 1:colcon.colcon_core.environment:create_environment_scripts_only(tello_driver)
[1.150s] DEBUG:colcon.colcon_core.event_handler.log_command:Invoked command in '/root/tello_ros_ws/build/tello_driver' returned '0': CMAKE_PREFIX_PATH=/root/tello_ros_ws/install/tello_msgs:/root/tello_ros_ws/install/ros2_shared:/root/tello_ros_ws/install/tello_gazebo:/root/tello_ros_ws/install/tello_driver:/root/tello_ros_ws/install/tello_description:/opt/ros/foxy LD_LIBRARY_PATH=/root/tello_ros_ws/install/tello_msgs/lib:/root/tello_ros_ws/install/tello_gazebo/lib:/root/tello_ros_ws/install/tello_driver/lib:/opt/ros/foxy/opt/yaml_cpp_vendor/lib:/opt/ros/foxy/opt/rviz_ogre_vendor/lib:/opt/ros/foxy/lib/x86_64-linux-gnu:/opt/ros/foxy/lib /usr/bin/cmake --install /root/tello_ros_ws/build/tello_driver
[1.152s] Level 1:colcon.colcon_core.environment:checking '/root/tello_ros_ws/install/tello_driver' for CMake module files
[1.152s] Level 1:colcon.colcon_core.environment:checking '/root/tello_ros_ws/install/tello_driver' for CMake config files
[1.153s] Level 1:colcon.colcon_core.shell:create_environment_hook('tello_driver', 'cmake_prefix_path')
[1.154s] INFO:colcon.colcon_core.shell:Creating environment hook '/root/tello_ros_ws/install/tello_driver/share/tello_driver/hook/cmake_prefix_path.ps1'
[1.154s] INFO:colcon.colcon_core.shell:Creating environment descriptor '/root/tello_ros_ws/install/tello_driver/share/tello_driver/hook/cmake_prefix_path.dsv'
[1.155s] INFO:colcon.colcon_core.shell:Creating environment hook '/root/tello_ros_ws/install/tello_driver/share/tello_driver/hook/cmake_prefix_path.sh'
[1.155s] Level 1:colcon.colcon_core.environment:checking '/root/tello_ros_ws/install/tello_driver/lib'
[1.155s] Level 1:colcon.colcon_core.shell:create_environment_hook('tello_driver', 'ld_library_path_lib')
[1.157s] INFO:colcon.colcon_core.shell:Creating environment hook '/root/tello_ros_ws/install/tello_driver/share/tello_driver/hook/ld_library_path_lib.ps1'
[1.158s] INFO:colcon.colcon_core.shell:Creating environment descriptor '/root/tello_ros_ws/install/tello_driver/share/tello_driver/hook/ld_library_path_lib.dsv'
[1.158s] INFO:colcon.colcon_core.shell:Creating environment hook '/root/tello_ros_ws/install/tello_driver/share/tello_driver/hook/ld_library_path_lib.sh'
[1.158s] Level 1:colcon.colcon_core.environment:checking '/root/tello_ros_ws/install/tello_driver/bin'
[1.158s] Level 1:colcon.colcon_core.environment:checking '/root/tello_ros_ws/install/tello_driver/lib/pkgconfig/tello_driver.pc'
[1.158s] Level 1:colcon.colcon_core.environment:checking '/root/tello_ros_ws/install/tello_driver/lib/python3.8/site-packages'
[1.158s] Level 1:colcon.colcon_core.environment:checking '/root/tello_ros_ws/install/tello_driver/bin'
[1.159s] INFO:colcon.colcon_core.shell:Creating package script '/root/tello_ros_ws/install/tello_driver/share/tello_driver/package.ps1'
[1.159s] INFO:colcon.colcon_core.shell:Creating package descriptor '/root/tello_ros_ws/install/tello_driver/share/tello_driver/package.dsv'
[1.159s] INFO:colcon.colcon_core.shell:Creating package script '/root/tello_ros_ws/install/tello_driver/share/tello_driver/package.sh'
[1.159s] INFO:colcon.colcon_core.shell:Creating package script '/root/tello_ros_ws/install/tello_driver/share/tello_driver/package.bash'
[1.160s] INFO:colcon.colcon_core.shell:Creating package script '/root/tello_ros_ws/install/tello_driver/share/tello_driver/package.zsh'
[1.160s] Level 1:colcon.colcon_core.environment:create_file_with_runtime_dependencies(/root/tello_ros_ws/install/tello_driver/share/colcon-core/packages/tello_driver)
[1.266s] Level 1:colcon.colcon_core.environment:create_environment_scripts_only(tello_driver)
[1.270s] Level 1:colcon.colcon_core.environment:checking '/root/tello_ros_ws/install/tello_driver' for CMake module files
[1.271s] Level 1:colcon.colcon_core.environment:checking '/root/tello_ros_ws/install/tello_driver' for CMake config files
[1.272s] Level 1:colcon.colcon_core.shell:create_environment_hook('tello_driver', 'cmake_prefix_path')
[1.274s] INFO:colcon.colcon_core.shell:Creating environment hook '/root/tello_ros_ws/install/tello_driver/share/tello_driver/hook/cmake_prefix_path.ps1'
[1.275s] INFO:colcon.colcon_core.shell:Creating environment descriptor '/root/tello_ros_ws/install/tello_driver/share/tello_driver/hook/cmake_prefix_path.dsv'
[1.276s] INFO:colcon.colcon_core.shell:Creating environment hook '/root/tello_ros_ws/install/tello_driver/share/tello_driver/hook/cmake_prefix_path.sh'
[1.277s] Level 1:colcon.colcon_core.environment:checking '/root/tello_ros_ws/install/tello_driver/lib'
[1.277s] Level 1:colcon.colcon_core.shell:create_environment_hook('tello_driver', 'ld_library_path_lib')
[1.279s] INFO:colcon.colcon_core.shell:Creating environment hook '/root/tello_ros_ws/install/tello_driver/share/tello_driver/hook/ld_library_path_lib.ps1'
[1.280s] INFO:colcon.colcon_core.shell:Creating environment descriptor '/root/tello_ros_ws/install/tello_driver/share/tello_driver/hook/ld_library_path_lib.dsv'
[1.280s] INFO:colcon.colcon_core.shell:Creating environment hook '/root/tello_ros_ws/install/tello_driver/share/tello_driver/hook/ld_library_path_lib.sh'
[1.280s] Level 1:colcon.colcon_core.environment:checking '/root/tello_ros_ws/install/tello_driver/bin'
[1.280s] Level 1:colcon.colcon_core.environment:checking '/root/tello_ros_ws/install/tello_driver/lib/pkgconfig/tello_driver.pc'
[1.281s] Level 1:colcon.colcon_core.environment:checking '/root/tello_ros_ws/install/tello_driver/lib/python3.8/site-packages'
[1.281s] Level 1:colcon.colcon_core.environment:checking '/root/tello_ros_ws/install/tello_driver/bin'
[1.283s] INFO:colcon.colcon_core.shell:Creating package script '/root/tello_ros_ws/install/tello_driver/share/tello_driver/package.ps1'
[1.283s] INFO:colcon.colcon_core.shell:Creating package descriptor '/root/tello_ros_ws/install/tello_driver/share/tello_driver/package.dsv'
[1.284s] INFO:colcon.colcon_core.shell:Creating package script '/root/tello_ros_ws/install/tello_driver/share/tello_driver/package.sh'
[1.284s] INFO:colcon.colcon_core.shell:Creating package script '/root/tello_ros_ws/install/tello_driver/share/tello_driver/package.bash'
[1.284s] INFO:colcon.colcon_core.shell:Creating package script '/root/tello_ros_ws/install/tello_driver/share/tello_driver/package.zsh'
[1.285s] Level 1:colcon.colcon_core.environment:create_file_with_runtime_dependencies(/root/tello_ros_ws/install/tello_driver/share/colcon-core/packages/tello_driver)
[1.285s] DEBUG:colcon.colcon_parallel_executor.executor.parallel:closing loop
[1.285s] DEBUG:colcon.colcon_parallel_executor.executor.parallel:loop closed
[1.285s] DEBUG:colcon.colcon_parallel_executor.executor.parallel:run_until_complete finished with '0'
[1.285s] DEBUG:colcon.colcon_core.event_reactor:joining thread
[1.290s] INFO:colcon.colcon_core.plugin_system:Skipping extension 'colcon_notification.desktop_notification.notify_send': Could not find 'notify-send'
[1.290s] INFO:colcon.colcon_core.plugin_system:Skipping extension 'colcon_notification.desktop_notification.terminal_notifier': Not used on non-Darwin systems
[1.290s] INFO:colcon.colcon_core.plugin_system:Skipping extension 'colcon_notification.desktop_notification.win32': Not used on non-Windows systems
[1.290s] INFO:colcon.colcon_notification.desktop_notification:Sending desktop notification using 'notify2'
[1.292s] DEBUG:colcon.colcon_notification.desktop_notification.notify2:Failed to initialize notify2: org.freedesktop.DBus.Error.Spawn.ExecFailed: /usr/bin/dbus-launch terminated abnormally without any error message
[1.293s] DEBUG:colcon.colcon_core.event_reactor:joined thread
[1.294s] INFO:colcon.colcon_core.shell:Creating prefix script '/root/tello_ros_ws/install/local_setup.ps1'
[1.295s] INFO:colcon.colcon_core.shell:Creating prefix util module '/root/tello_ros_ws/install/_local_setup_util_ps1.py'
[1.297s] INFO:colcon.colcon_core.shell:Creating prefix chain script '/root/tello_ros_ws/install/setup.ps1'
[1.299s] INFO:colcon.colcon_core.shell:Creating prefix script '/root/tello_ros_ws/install/local_setup.sh'
[1.300s] INFO:colcon.colcon_core.shell:Creating prefix util module '/root/tello_ros_ws/install/_local_setup_util_sh.py'
[1.300s] INFO:colcon.colcon_core.shell:Creating prefix chain script '/root/tello_ros_ws/install/setup.sh'
[1.301s] INFO:colcon.colcon_core.shell:Creating prefix script '/root/tello_ros_ws/install/local_setup.bash'
[1.301s] INFO:colcon.colcon_core.shell:Creating prefix chain script '/root/tello_ros_ws/install/setup.bash'
[1.301s] INFO:colcon.colcon_core.shell:Creating prefix script '/root/tello_ros_ws/install/local_setup.zsh'
[1.302s] INFO:colcon.colcon_core.shell:Creating prefix chain script '/root/tello_ros_ws/install/setup.zsh'
