running egg_info
creating ../../build/tello_cv/tello_cv.egg-info
writing ../../build/tello_cv/tello_cv.egg-info/PKG-INFO
writing dependency_links to ../../build/tello_cv/tello_cv.egg-info/dependency_links.txt
writing entry points to ../../build/tello_cv/tello_cv.egg-info/entry_points.txt
writing requirements to ../../build/tello_cv/tello_cv.egg-info/requires.txt
writing top-level names to ../../build/tello_cv/tello_cv.egg-info/top_level.txt
writing manifest file '../../build/tello_cv/tello_cv.egg-info/SOURCES.txt'
reading manifest file '../../build/tello_cv/tello_cv.egg-info/SOURCES.txt'
writing manifest file '../../build/tello_cv/tello_cv.egg-info/SOURCES.txt'
running build
running build_py
creating /root/tello_ros_ws/build/tello_cv/build
creating /root/tello_ros_ws/build/tello_cv/build/lib
creating /root/tello_ros_ws/build/tello_cv/build/lib/tello_cv
copying tello_cv/__init__.py -> /root/tello_ros_ws/build/tello_cv/build/lib/tello_cv
running install
running install_lib
creating /root/tello_ros_ws/install/tello_cv/lib/python3.8/site-packages/tello_cv
copying /root/tello_ros_ws/build/tello_cv/build/lib/tello_cv/__init__.py -> /root/tello_ros_ws/install/tello_cv/lib/python3.8/site-packages/tello_cv
byte-compiling /root/tello_ros_ws/install/tello_cv/lib/python3.8/site-packages/tello_cv/__init__.py to __init__.cpython-38.pyc
running install_data
creating /root/tello_ros_ws/install/tello_cv/share/ament_index
creating /root/tello_ros_ws/install/tello_cv/share/ament_index/resource_index
creating /root/tello_ros_ws/install/tello_cv/share/ament_index/resource_index/packages
copying resource/tello_cv -> /root/tello_ros_ws/install/tello_cv/share/ament_index/resource_index/packages
copying package.xml -> /root/tello_ros_ws/install/tello_cv/share/tello_cv
running install_egg_info
Copying ../../build/tello_cv/tello_cv.egg-info to /root/tello_ros_ws/install/tello_cv/lib/python3.8/site-packages/tello_cv-0.0.0-py3.8.egg-info
running install_scripts
writing list of installed files to '/root/tello_ros_ws/build/tello_cv/install.log'
