[0.325s] Invoking command in '/root/tello_ros_ws/src/tello_cv': PYTHONPATH=/root/tello_ros_ws/build/tello_cv/prefix_override:/root/tello_ros_ws/install/tello_cv/lib/python3.8/site-packages:${PYTHONPATH} /usr/bin/python3 setup.py egg_info --egg-base ../../build/tello_cv build --build-base /root/tello_ros_ws/build/tello_cv/build install --record /root/tello_ros_ws/build/tello_cv/install.log --install-scripts $base/lib/tello_cv --single-version-externally-managed
[0.399s] running egg_info
[0.399s] creating ../../build/tello_cv/tello_cv.egg-info
[0.399s] writing ../../build/tello_cv/tello_cv.egg-info/PKG-INFO
[0.400s] writing dependency_links to ../../build/tello_cv/tello_cv.egg-info/dependency_links.txt
[0.400s] writing entry points to ../../build/tello_cv/tello_cv.egg-info/entry_points.txt
[0.400s] writing requirements to ../../build/tello_cv/tello_cv.egg-info/requires.txt
[0.400s] writing top-level names to ../../build/tello_cv/tello_cv.egg-info/top_level.txt
[0.400s] writing manifest file '../../build/tello_cv/tello_cv.egg-info/SOURCES.txt'
[0.414s] reading manifest file '../../build/tello_cv/tello_cv.egg-info/SOURCES.txt'
[0.414s] writing manifest file '../../build/tello_cv/tello_cv.egg-info/SOURCES.txt'
[0.414s] running build
[0.414s] running build_py
[0.414s] creating /root/tello_ros_ws/build/tello_cv/build
[0.414s] creating /root/tello_ros_ws/build/tello_cv/build/lib
[0.414s] creating /root/tello_ros_ws/build/tello_cv/build/lib/tello_cv
[0.414s] copying tello_cv/__init__.py -> /root/tello_ros_ws/build/tello_cv/build/lib/tello_cv
[0.414s] running install
[0.415s] running install_lib
[0.416s] creating /root/tello_ros_ws/install/tello_cv/lib/python3.8/site-packages/tello_cv
[0.417s] copying /root/tello_ros_ws/build/tello_cv/build/lib/tello_cv/__init__.py -> /root/tello_ros_ws/install/tello_cv/lib/python3.8/site-packages/tello_cv
[0.417s] byte-compiling /root/tello_ros_ws/install/tello_cv/lib/python3.8/site-packages/tello_cv/__init__.py to __init__.cpython-38.pyc
[0.418s] running install_data
[0.418s] creating /root/tello_ros_ws/install/tello_cv/share/ament_index
[0.418s] creating /root/tello_ros_ws/install/tello_cv/share/ament_index/resource_index
[0.418s] creating /root/tello_ros_ws/install/tello_cv/share/ament_index/resource_index/packages
[0.418s] copying resource/tello_cv -> /root/tello_ros_ws/install/tello_cv/share/ament_index/resource_index/packages
[0.418s] copying package.xml -> /root/tello_ros_ws/install/tello_cv/share/tello_cv
[0.418s] running install_egg_info
[0.418s] Copying ../../build/tello_cv/tello_cv.egg-info to /root/tello_ros_ws/install/tello_cv/lib/python3.8/site-packages/tello_cv-0.0.0-py3.8.egg-info
[0.418s] running install_scripts
[0.425s] writing list of installed files to '/root/tello_ros_ws/build/tello_cv/install.log'
[0.435s] Invoked command in '/root/tello_ros_ws/src/tello_cv' returned '0': PYTHONPATH=/root/tello_ros_ws/build/tello_cv/prefix_override:/root/tello_ros_ws/install/tello_cv/lib/python3.8/site-packages:${PYTHONPATH} /usr/bin/python3 setup.py egg_info --egg-base ../../build/tello_cv build --build-base /root/tello_ros_ws/build/tello_cv/build install --record /root/tello_ros_ws/build/tello_cv/install.log --install-scripts $base/lib/tello_cv --single-version-externally-managed
