[0.115s] DEBUG:colcon:Command line arguments: ['/usr/bin/colcon', 'build']
[0.115s] DEBUG:colcon:Parsed command line arguments: Namespace(ament_cmake_args=None, base_paths=['.'], build_base='build', catkin_cmake_args=None, catkin_skip_building_tests=False, cmake_args=None, cmake_clean_cache=False, cmake_clean_first=False, cmake_force_configure=False, cmake_target=None, cmake_target_skip_unavailable=False, continue_on_error=False, event_handlers=None, executor='parallel', ignore_user_meta=False, install_base='install', log_base=None, log_level=None, main=<bound method BuildVerb.main of <colcon_core.verb.build.BuildVerb object at 0x759c1a398dc0>>, merge_install=False, metas=['./colcon.meta'], mixin=None, mixin_files=None, mixin_verb=('build',), packages_above=None, packages_above_and_dependencies=None, packages_above_depth=None, packages_end=None, packages_ignore=None, packages_ignore_regex=None, packages_select=None, packages_select_build_failed=False, packages_select_by_dep=None, packages_select_regex=None, packages_select_test_failures=False, packages_skip=None, packages_skip_build_finished=False, packages_skip_by_dep=None, packages_skip_regex=None, packages_skip_test_passed=False, packages_skip_up_to=None, packages_start=None, packages_up_to=None, packages_up_to_regex=None, parallel_workers=32, paths=None, symlink_install=False, test_result_base=None, verb_extension=<colcon_core.verb.build.BuildVerb object at 0x759c1a398dc0>, verb_name='build', verb_parser=<colcon_mixin.mixin.mixin_argument.MixinArgumentDecorator object at 0x759c1a3253d0>)
[0.126s] Level 1:colcon.colcon_core.package_discovery:discover_packages(colcon_meta) check parameters
[0.126s] INFO:colcon.colcon_metadata.package_discovery.colcon_meta:Using configuration from '/root/.colcon/metadata/default/Gazebo.meta'
[0.127s] INFO:colcon.colcon_metadata.package_discovery.colcon_meta:Using configuration from '/root/.colcon/metadata/default/fastdds.meta'
[0.127s] INFO:colcon.colcon_metadata.package_discovery.colcon_meta:Using configuration from '/root/.colcon/metadata/default/fastrtps.meta'
[0.127s] Level 1:colcon.colcon_core.package_discovery:discover_packages(recursive) check parameters
[0.127s] Level 1:colcon.colcon_core.package_discovery:discover_packages(ignore) check parameters
[0.127s] Level 1:colcon.colcon_core.package_discovery:discover_packages(path) check parameters
[0.127s] Level 1:colcon.colcon_core.package_discovery:discover_packages(colcon_meta) discover
[0.127s] Level 1:colcon.colcon_core.package_discovery:discover_packages(recursive) discover
[0.127s] INFO:colcon.colcon_core.package_discovery:Crawling recursively for packages in '/root/tello_ros_ws'
[0.127s] Level 1:colcon.colcon_core.package_identification:_identify(.) by extensions ['ignore', 'ignore_ament_install']
[0.127s] Level 1:colcon.colcon_core.package_identification:_identify(.) by extension 'ignore'
[0.127s] Level 1:colcon.colcon_core.package_identification:_identify(.) by extension 'ignore_ament_install'
[0.127s] Level 1:colcon.colcon_core.package_identification:_identify(.) by extensions ['colcon_pkg']
[0.127s] Level 1:colcon.colcon_core.package_identification:_identify(.) by extension 'colcon_pkg'
[0.127s] Level 1:colcon.colcon_core.package_identification:_identify(.) by extensions ['colcon_meta']
[0.127s] Level 1:colcon.colcon_core.package_identification:_identify(.) by extension 'colcon_meta'
[0.127s] Level 1:colcon.colcon_core.package_identification:_identify(.) by extensions ['ros']
[0.127s] Level 1:colcon.colcon_core.package_identification:_identify(.) by extension 'ros'
[0.135s] Level 1:colcon.colcon_core.package_identification:_identify(.) by extensions ['cmake', 'python']
[0.135s] Level 1:colcon.colcon_core.package_identification:_identify(.) by extension 'cmake'
[0.135s] Level 1:colcon.colcon_core.package_identification:_identify(.) by extension 'python'
[0.135s] Level 1:colcon.colcon_core.package_identification:_identify(.) by extensions ['python_setup_py']
[0.135s] Level 1:colcon.colcon_core.package_identification:_identify(.) by extension 'python_setup_py'
[0.135s] Level 1:colcon.colcon_core.package_identification:_identify(build) by extensions ['ignore', 'ignore_ament_install']
[0.135s] Level 1:colcon.colcon_core.package_identification:_identify(build) by extension 'ignore'
[0.135s] Level 1:colcon.colcon_core.package_identification:_identify(build) ignored
[0.135s] Level 1:colcon.colcon_core.package_identification:_identify(install) by extensions ['ignore', 'ignore_ament_install']
[0.135s] Level 1:colcon.colcon_core.package_identification:_identify(install) by extension 'ignore'
[0.135s] Level 1:colcon.colcon_core.package_identification:_identify(install) ignored
[0.135s] Level 1:colcon.colcon_core.package_identification:_identify(log) by extensions ['ignore', 'ignore_ament_install']
[0.135s] Level 1:colcon.colcon_core.package_identification:_identify(log) by extension 'ignore'
[0.135s] Level 1:colcon.colcon_core.package_identification:_identify(log) ignored
[0.135s] Level 1:colcon.colcon_core.package_identification:_identify(src) by extensions ['ignore', 'ignore_ament_install']
[0.135s] Level 1:colcon.colcon_core.package_identification:_identify(src) by extension 'ignore'
[0.135s] Level 1:colcon.colcon_core.package_identification:_identify(src) by extension 'ignore_ament_install'
[0.135s] Level 1:colcon.colcon_core.package_identification:_identify(src) by extensions ['colcon_pkg']
[0.135s] Level 1:colcon.colcon_core.package_identification:_identify(src) by extension 'colcon_pkg'
[0.135s] Level 1:colcon.colcon_core.package_identification:_identify(src) by extensions ['colcon_meta']
[0.135s] Level 1:colcon.colcon_core.package_identification:_identify(src) by extension 'colcon_meta'
[0.135s] Level 1:colcon.colcon_core.package_identification:_identify(src) by extensions ['ros']
[0.135s] Level 1:colcon.colcon_core.package_identification:_identify(src) by extension 'ros'
[0.135s] Level 1:colcon.colcon_core.package_identification:_identify(src) by extensions ['cmake', 'python']
[0.135s] Level 1:colcon.colcon_core.package_identification:_identify(src) by extension 'cmake'
[0.135s] Level 1:colcon.colcon_core.package_identification:_identify(src) by extension 'python'
[0.135s] Level 1:colcon.colcon_core.package_identification:_identify(src) by extensions ['python_setup_py']
[0.135s] Level 1:colcon.colcon_core.package_identification:_identify(src) by extension 'python_setup_py'
[0.135s] Level 1:colcon.colcon_core.package_identification:_identify(src/ros2_shared) by extensions ['ignore', 'ignore_ament_install']
[0.136s] Level 1:colcon.colcon_core.package_identification:_identify(src/ros2_shared) by extension 'ignore'
[0.136s] Level 1:colcon.colcon_core.package_identification:_identify(src/ros2_shared) by extension 'ignore_ament_install'
[0.136s] Level 1:colcon.colcon_core.package_identification:_identify(src/ros2_shared) by extensions ['colcon_pkg']
[0.136s] Level 1:colcon.colcon_core.package_identification:_identify(src/ros2_shared) by extension 'colcon_pkg'
[0.136s] Level 1:colcon.colcon_core.package_identification:_identify(src/ros2_shared) by extensions ['colcon_meta']
[0.136s] Level 1:colcon.colcon_core.package_identification:_identify(src/ros2_shared) by extension 'colcon_meta'
[0.136s] Level 1:colcon.colcon_core.package_identification:_identify(src/ros2_shared) by extensions ['ros']
[0.136s] Level 1:colcon.colcon_core.package_identification:_identify(src/ros2_shared) by extension 'ros'
[0.137s] DEBUG:colcon.colcon_core.package_identification:Package 'src/ros2_shared' with type 'ros.ament_cmake' and name 'ros2_shared'
[0.137s] Level 1:colcon.colcon_core.package_identification:_identify(src/tello_cv) by extensions ['ignore', 'ignore_ament_install']
[0.137s] Level 1:colcon.colcon_core.package_identification:_identify(src/tello_cv) by extension 'ignore'
[0.137s] Level 1:colcon.colcon_core.package_identification:_identify(src/tello_cv) by extension 'ignore_ament_install'
[0.137s] Level 1:colcon.colcon_core.package_identification:_identify(src/tello_cv) by extensions ['colcon_pkg']
[0.137s] Level 1:colcon.colcon_core.package_identification:_identify(src/tello_cv) by extension 'colcon_pkg'
[0.137s] Level 1:colcon.colcon_core.package_identification:_identify(src/tello_cv) by extensions ['colcon_meta']
[0.137s] Level 1:colcon.colcon_core.package_identification:_identify(src/tello_cv) by extension 'colcon_meta'
[0.137s] Level 1:colcon.colcon_core.package_identification:_identify(src/tello_cv) by extensions ['ros']
[0.137s] Level 1:colcon.colcon_core.package_identification:_identify(src/tello_cv) by extension 'ros'
[0.137s] DEBUG:colcon.colcon_core.package_identification:Package 'src/tello_cv' with type 'ros.ament_python' and name 'tello_cv'
[0.137s] Level 1:colcon.colcon_core.package_identification:_identify(src/tello_description) by extensions ['ignore', 'ignore_ament_install']
[0.137s] Level 1:colcon.colcon_core.package_identification:_identify(src/tello_description) by extension 'ignore'
[0.137s] Level 1:colcon.colcon_core.package_identification:_identify(src/tello_description) by extension 'ignore_ament_install'
[0.137s] Level 1:colcon.colcon_core.package_identification:_identify(src/tello_description) by extensions ['colcon_pkg']
[0.137s] Level 1:colcon.colcon_core.package_identification:_identify(src/tello_description) by extension 'colcon_pkg'
[0.137s] Level 1:colcon.colcon_core.package_identification:_identify(src/tello_description) by extensions ['colcon_meta']
[0.137s] Level 1:colcon.colcon_core.package_identification:_identify(src/tello_description) by extension 'colcon_meta'
[0.137s] Level 1:colcon.colcon_core.package_identification:_identify(src/tello_description) by extensions ['ros']
[0.137s] Level 1:colcon.colcon_core.package_identification:_identify(src/tello_description) by extension 'ros'
[0.137s] DEBUG:colcon.colcon_core.package_identification:Package 'src/tello_description' with type 'ros.ament_cmake' and name 'tello_description'
[0.137s] Level 1:colcon.colcon_core.package_identification:_identify(src/tello_driver) by extensions ['ignore', 'ignore_ament_install']
[0.138s] Level 1:colcon.colcon_core.package_identification:_identify(src/tello_driver) by extension 'ignore'
[0.138s] Level 1:colcon.colcon_core.package_identification:_identify(src/tello_driver) by extension 'ignore_ament_install'
[0.138s] Level 1:colcon.colcon_core.package_identification:_identify(src/tello_driver) by extensions ['colcon_pkg']
[0.138s] Level 1:colcon.colcon_core.package_identification:_identify(src/tello_driver) by extension 'colcon_pkg'
[0.138s] Level 1:colcon.colcon_core.package_identification:_identify(src/tello_driver) by extensions ['colcon_meta']
[0.138s] Level 1:colcon.colcon_core.package_identification:_identify(src/tello_driver) by extension 'colcon_meta'
[0.138s] Level 1:colcon.colcon_core.package_identification:_identify(src/tello_driver) by extensions ['ros']
[0.138s] Level 1:colcon.colcon_core.package_identification:_identify(src/tello_driver) by extension 'ros'
[0.138s] DEBUG:colcon.colcon_core.package_identification:Package 'src/tello_driver' with type 'ros.ament_cmake' and name 'tello_driver'
[0.138s] Level 1:colcon.colcon_core.package_identification:_identify(src/tello_gazebo) by extensions ['ignore', 'ignore_ament_install']
[0.138s] Level 1:colcon.colcon_core.package_identification:_identify(src/tello_gazebo) by extension 'ignore'
[0.138s] Level 1:colcon.colcon_core.package_identification:_identify(src/tello_gazebo) by extension 'ignore_ament_install'
[0.138s] Level 1:colcon.colcon_core.package_identification:_identify(src/tello_gazebo) by extensions ['colcon_pkg']
[0.138s] Level 1:colcon.colcon_core.package_identification:_identify(src/tello_gazebo) by extension 'colcon_pkg'
[0.138s] Level 1:colcon.colcon_core.package_identification:_identify(src/tello_gazebo) by extensions ['colcon_meta']
[0.138s] Level 1:colcon.colcon_core.package_identification:_identify(src/tello_gazebo) by extension 'colcon_meta'
[0.138s] Level 1:colcon.colcon_core.package_identification:_identify(src/tello_gazebo) by extensions ['ros']
[0.138s] Level 1:colcon.colcon_core.package_identification:_identify(src/tello_gazebo) by extension 'ros'
[0.139s] DEBUG:colcon.colcon_core.package_identification:Package 'src/tello_gazebo' with type 'ros.ament_cmake' and name 'tello_gazebo'
[0.139s] Level 1:colcon.colcon_core.package_identification:_identify(src/tello_msgs) by extensions ['ignore', 'ignore_ament_install']
[0.139s] Level 1:colcon.colcon_core.package_identification:_identify(src/tello_msgs) by extension 'ignore'
[0.139s] Level 1:colcon.colcon_core.package_identification:_identify(src/tello_msgs) by extension 'ignore_ament_install'
[0.139s] Level 1:colcon.colcon_core.package_identification:_identify(src/tello_msgs) by extensions ['colcon_pkg']
[0.139s] Level 1:colcon.colcon_core.package_identification:_identify(src/tello_msgs) by extension 'colcon_pkg'
[0.139s] Level 1:colcon.colcon_core.package_identification:_identify(src/tello_msgs) by extensions ['colcon_meta']
[0.139s] Level 1:colcon.colcon_core.package_identification:_identify(src/tello_msgs) by extension 'colcon_meta'
[0.139s] Level 1:colcon.colcon_core.package_identification:_identify(src/tello_msgs) by extensions ['ros']
[0.139s] Level 1:colcon.colcon_core.package_identification:_identify(src/tello_msgs) by extension 'ros'
[0.139s] DEBUG:colcon.colcon_core.package_identification:Package 'src/tello_msgs' with type 'ros.ament_cmake' and name 'tello_msgs'
[0.139s] Level 1:colcon.colcon_core.package_discovery:discover_packages(recursive) using defaults
[0.139s] Level 1:colcon.colcon_core.package_discovery:discover_packages(ignore) discover
[0.139s] Level 1:colcon.colcon_core.package_discovery:discover_packages(ignore) using defaults
[0.139s] Level 1:colcon.colcon_core.package_discovery:discover_packages(path) discover
[0.139s] Level 1:colcon.colcon_core.package_discovery:discover_packages(path) using defaults
[0.147s] Level 5:colcon.colcon_core.verb:set package 'ros2_shared' build argument 'cmake_args' from command line to 'None'
[0.147s] Level 5:colcon.colcon_core.verb:set package 'ros2_shared' build argument 'cmake_target' from command line to 'None'
[0.147s] Level 5:colcon.colcon_core.verb:set package 'ros2_shared' build argument 'cmake_target_skip_unavailable' from command line to 'False'
[0.147s] Level 5:colcon.colcon_core.verb:set package 'ros2_shared' build argument 'cmake_clean_cache' from command line to 'False'
[0.147s] Level 5:colcon.colcon_core.verb:set package 'ros2_shared' build argument 'cmake_clean_first' from command line to 'False'
[0.147s] Level 5:colcon.colcon_core.verb:set package 'ros2_shared' build argument 'cmake_force_configure' from command line to 'False'
[0.147s] Level 5:colcon.colcon_core.verb:set package 'ros2_shared' build argument 'ament_cmake_args' from command line to 'None'
[0.147s] Level 5:colcon.colcon_core.verb:set package 'ros2_shared' build argument 'catkin_cmake_args' from command line to 'None'
[0.147s] Level 5:colcon.colcon_core.verb:set package 'ros2_shared' build argument 'catkin_skip_building_tests' from command line to 'False'
[0.147s] DEBUG:colcon.colcon_core.verb:Building package 'ros2_shared' with the following arguments: {'ament_cmake_args': None, 'build_base': '/root/tello_ros_ws/build/ros2_shared', 'catkin_cmake_args': None, 'catkin_skip_building_tests': False, 'cmake_args': None, 'cmake_clean_cache': False, 'cmake_clean_first': False, 'cmake_force_configure': False, 'cmake_target': None, 'cmake_target_skip_unavailable': False, 'install_base': '/root/tello_ros_ws/install/ros2_shared', 'merge_install': False, 'path': '/root/tello_ros_ws/src/ros2_shared', 'symlink_install': False, 'test_result_base': None}
[0.148s] Level 5:colcon.colcon_core.verb:set package 'tello_cv' build argument 'cmake_args' from command line to 'None'
[0.148s] Level 5:colcon.colcon_core.verb:set package 'tello_cv' build argument 'cmake_target' from command line to 'None'
[0.148s] Level 5:colcon.colcon_core.verb:set package 'tello_cv' build argument 'cmake_target_skip_unavailable' from command line to 'False'
[0.148s] Level 5:colcon.colcon_core.verb:set package 'tello_cv' build argument 'cmake_clean_cache' from command line to 'False'
[0.148s] Level 5:colcon.colcon_core.verb:set package 'tello_cv' build argument 'cmake_clean_first' from command line to 'False'
[0.148s] Level 5:colcon.colcon_core.verb:set package 'tello_cv' build argument 'cmake_force_configure' from command line to 'False'
[0.148s] Level 5:colcon.colcon_core.verb:set package 'tello_cv' build argument 'ament_cmake_args' from command line to 'None'
[0.148s] Level 5:colcon.colcon_core.verb:set package 'tello_cv' build argument 'catkin_cmake_args' from command line to 'None'
[0.148s] Level 5:colcon.colcon_core.verb:set package 'tello_cv' build argument 'catkin_skip_building_tests' from command line to 'False'
[0.148s] DEBUG:colcon.colcon_core.verb:Building package 'tello_cv' with the following arguments: {'ament_cmake_args': None, 'build_base': '/root/tello_ros_ws/build/tello_cv', 'catkin_cmake_args': None, 'catkin_skip_building_tests': False, 'cmake_args': None, 'cmake_clean_cache': False, 'cmake_clean_first': False, 'cmake_force_configure': False, 'cmake_target': None, 'cmake_target_skip_unavailable': False, 'install_base': '/root/tello_ros_ws/install/tello_cv', 'merge_install': False, 'path': '/root/tello_ros_ws/src/tello_cv', 'symlink_install': False, 'test_result_base': None}
[0.148s] Level 5:colcon.colcon_core.verb:set package 'tello_description' build argument 'cmake_args' from command line to 'None'
[0.148s] Level 5:colcon.colcon_core.verb:set package 'tello_description' build argument 'cmake_target' from command line to 'None'
[0.148s] Level 5:colcon.colcon_core.verb:set package 'tello_description' build argument 'cmake_target_skip_unavailable' from command line to 'False'
[0.148s] Level 5:colcon.colcon_core.verb:set package 'tello_description' build argument 'cmake_clean_cache' from command line to 'False'
[0.148s] Level 5:colcon.colcon_core.verb:set package 'tello_description' build argument 'cmake_clean_first' from command line to 'False'
[0.148s] Level 5:colcon.colcon_core.verb:set package 'tello_description' build argument 'cmake_force_configure' from command line to 'False'
[0.148s] Level 5:colcon.colcon_core.verb:set package 'tello_description' build argument 'ament_cmake_args' from command line to 'None'
[0.148s] Level 5:colcon.colcon_core.verb:set package 'tello_description' build argument 'catkin_cmake_args' from command line to 'None'
[0.148s] Level 5:colcon.colcon_core.verb:set package 'tello_description' build argument 'catkin_skip_building_tests' from command line to 'False'
[0.148s] DEBUG:colcon.colcon_core.verb:Building package 'tello_description' with the following arguments: {'ament_cmake_args': None, 'build_base': '/root/tello_ros_ws/build/tello_description', 'catkin_cmake_args': None, 'catkin_skip_building_tests': False, 'cmake_args': None, 'cmake_clean_cache': False, 'cmake_clean_first': False, 'cmake_force_configure': False, 'cmake_target': None, 'cmake_target_skip_unavailable': False, 'install_base': '/root/tello_ros_ws/install/tello_description', 'merge_install': False, 'path': '/root/tello_ros_ws/src/tello_description', 'symlink_install': False, 'test_result_base': None}
[0.149s] Level 5:colcon.colcon_core.verb:set package 'tello_msgs' build argument 'cmake_args' from command line to 'None'
[0.149s] Level 5:colcon.colcon_core.verb:set package 'tello_msgs' build argument 'cmake_target' from command line to 'None'
[0.149s] Level 5:colcon.colcon_core.verb:set package 'tello_msgs' build argument 'cmake_target_skip_unavailable' from command line to 'False'
[0.149s] Level 5:colcon.colcon_core.verb:set package 'tello_msgs' build argument 'cmake_clean_cache' from command line to 'False'
[0.149s] Level 5:colcon.colcon_core.verb:set package 'tello_msgs' build argument 'cmake_clean_first' from command line to 'False'
[0.149s] Level 5:colcon.colcon_core.verb:set package 'tello_msgs' build argument 'cmake_force_configure' from command line to 'False'
[0.149s] Level 5:colcon.colcon_core.verb:set package 'tello_msgs' build argument 'ament_cmake_args' from command line to 'None'
[0.149s] Level 5:colcon.colcon_core.verb:set package 'tello_msgs' build argument 'catkin_cmake_args' from command line to 'None'
[0.149s] Level 5:colcon.colcon_core.verb:set package 'tello_msgs' build argument 'catkin_skip_building_tests' from command line to 'False'
[0.149s] DEBUG:colcon.colcon_core.verb:Building package 'tello_msgs' with the following arguments: {'ament_cmake_args': None, 'build_base': '/root/tello_ros_ws/build/tello_msgs', 'catkin_cmake_args': None, 'catkin_skip_building_tests': False, 'cmake_args': None, 'cmake_clean_cache': False, 'cmake_clean_first': False, 'cmake_force_configure': False, 'cmake_target': None, 'cmake_target_skip_unavailable': False, 'install_base': '/root/tello_ros_ws/install/tello_msgs', 'merge_install': False, 'path': '/root/tello_ros_ws/src/tello_msgs', 'symlink_install': False, 'test_result_base': None}
[0.149s] Level 5:colcon.colcon_core.verb:set package 'tello_driver' build argument 'cmake_args' from command line to 'None'
[0.149s] Level 5:colcon.colcon_core.verb:set package 'tello_driver' build argument 'cmake_target' from command line to 'None'
[0.149s] Level 5:colcon.colcon_core.verb:set package 'tello_driver' build argument 'cmake_target_skip_unavailable' from command line to 'False'
[0.149s] Level 5:colcon.colcon_core.verb:set package 'tello_driver' build argument 'cmake_clean_cache' from command line to 'False'
[0.149s] Level 5:colcon.colcon_core.verb:set package 'tello_driver' build argument 'cmake_clean_first' from command line to 'False'
[0.149s] Level 5:colcon.colcon_core.verb:set package 'tello_driver' build argument 'cmake_force_configure' from command line to 'False'
[0.149s] Level 5:colcon.colcon_core.verb:set package 'tello_driver' build argument 'ament_cmake_args' from command line to 'None'
[0.149s] Level 5:colcon.colcon_core.verb:set package 'tello_driver' build argument 'catkin_cmake_args' from command line to 'None'
[0.149s] Level 5:colcon.colcon_core.verb:set package 'tello_driver' build argument 'catkin_skip_building_tests' from command line to 'False'
[0.149s] DEBUG:colcon.colcon_core.verb:Building package 'tello_driver' with the following arguments: {'ament_cmake_args': None, 'build_base': '/root/tello_ros_ws/build/tello_driver', 'catkin_cmake_args': None, 'catkin_skip_building_tests': False, 'cmake_args': None, 'cmake_clean_cache': False, 'cmake_clean_first': False, 'cmake_force_configure': False, 'cmake_target': None, 'cmake_target_skip_unavailable': False, 'install_base': '/root/tello_ros_ws/install/tello_driver', 'merge_install': False, 'path': '/root/tello_ros_ws/src/tello_driver', 'symlink_install': False, 'test_result_base': None}
[0.149s] Level 5:colcon.colcon_core.verb:set package 'tello_gazebo' build argument 'cmake_args' from command line to 'None'
[0.149s] Level 5:colcon.colcon_core.verb:set package 'tello_gazebo' build argument 'cmake_target' from command line to 'None'
[0.149s] Level 5:colcon.colcon_core.verb:set package 'tello_gazebo' build argument 'cmake_target_skip_unavailable' from command line to 'False'
[0.149s] Level 5:colcon.colcon_core.verb:set package 'tello_gazebo' build argument 'cmake_clean_cache' from command line to 'False'
[0.149s] Level 5:colcon.colcon_core.verb:set package 'tello_gazebo' build argument 'cmake_clean_first' from command line to 'False'
[0.149s] Level 5:colcon.colcon_core.verb:set package 'tello_gazebo' build argument 'cmake_force_configure' from command line to 'False'
[0.149s] Level 5:colcon.colcon_core.verb:set package 'tello_gazebo' build argument 'ament_cmake_args' from command line to 'None'
[0.149s] Level 5:colcon.colcon_core.verb:set package 'tello_gazebo' build argument 'catkin_cmake_args' from command line to 'None'
[0.149s] Level 5:colcon.colcon_core.verb:set package 'tello_gazebo' build argument 'catkin_skip_building_tests' from command line to 'False'
[0.149s] DEBUG:colcon.colcon_core.verb:Building package 'tello_gazebo' with the following arguments: {'ament_cmake_args': None, 'build_base': '/root/tello_ros_ws/build/tello_gazebo', 'catkin_cmake_args': None, 'catkin_skip_building_tests': False, 'cmake_args': None, 'cmake_clean_cache': False, 'cmake_clean_first': False, 'cmake_force_configure': False, 'cmake_target': None, 'cmake_target_skip_unavailable': False, 'install_base': '/root/tello_ros_ws/install/tello_gazebo', 'merge_install': False, 'path': '/root/tello_ros_ws/src/tello_gazebo', 'symlink_install': False, 'test_result_base': None}
[0.150s] INFO:colcon.colcon_core.executor:Executing jobs using 'parallel' executor
[0.151s] DEBUG:colcon.colcon_parallel_executor.executor.parallel:run_until_complete
[0.151s] INFO:colcon.colcon_ros.task.ament_cmake.build:Building ROS package in '/root/tello_ros_ws/src/tello_msgs' with build type 'ament_cmake'
[0.151s] INFO:colcon.colcon_cmake.task.cmake.build:Building CMake package in '/root/tello_ros_ws/src/tello_msgs'
[0.153s] INFO:colcon.colcon_core.plugin_system:Skipping extension 'colcon_core.shell.bat': Not used on non-Windows systems
[0.153s] INFO:colcon.colcon_core.shell:Skip shell extension 'powershell' for command environment: Not usable outside of PowerShell
[0.153s] DEBUG:colcon.colcon_core.shell:Skip shell extension 'dsv' for command environment
[0.157s] INFO:colcon.colcon_ros.task.ament_cmake.build:Building ROS package in '/root/tello_ros_ws/src/ros2_shared' with build type 'ament_cmake'
[0.157s] INFO:colcon.colcon_cmake.task.cmake.build:Building CMake package in '/root/tello_ros_ws/src/ros2_shared'
[0.158s] INFO:colcon.colcon_core.shell:Skip shell extension 'powershell' for command environment: Not usable outside of PowerShell
[0.158s] DEBUG:colcon.colcon_core.shell:Skip shell extension 'dsv' for command environment
[0.161s] INFO:colcon.colcon_ros.task.ament_python.build:Building ROS package in '/root/tello_ros_ws/src/tello_cv' with build type 'ament_python'
[0.161s] Level 1:colcon.colcon_core.shell:create_environment_hook('tello_cv', 'ament_prefix_path')
[0.162s] INFO:colcon.colcon_core.shell:Creating environment hook '/root/tello_ros_ws/install/tello_cv/share/tello_cv/hook/ament_prefix_path.ps1'
[0.162s] INFO:colcon.colcon_core.shell:Creating environment descriptor '/root/tello_ros_ws/install/tello_cv/share/tello_cv/hook/ament_prefix_path.dsv'
[0.162s] INFO:colcon.colcon_core.shell:Creating environment hook '/root/tello_ros_ws/install/tello_cv/share/tello_cv/hook/ament_prefix_path.sh'
[0.163s] INFO:colcon.colcon_core.shell:Skip shell extension 'powershell' for command environment: Not usable outside of PowerShell
[0.163s] DEBUG:colcon.colcon_core.shell:Skip shell extension 'dsv' for command environment
[0.165s] INFO:colcon.colcon_ros.task.ament_cmake.build:Building ROS package in '/root/tello_ros_ws/src/tello_description' with build type 'ament_cmake'
[0.166s] INFO:colcon.colcon_cmake.task.cmake.build:Building CMake package in '/root/tello_ros_ws/src/tello_description'
[0.166s] INFO:colcon.colcon_core.shell:Skip shell extension 'powershell' for command environment: Not usable outside of PowerShell
[0.166s] DEBUG:colcon.colcon_core.shell:Skip shell extension 'dsv' for command environment
[0.172s] DEBUG:colcon.colcon_core.event_handler.log_command:Invoking command in '/root/tello_ros_ws/build/tello_msgs': CMAKE_PREFIX_PATH=${CMAKE_PREFIX_PATH}:/root/tello_ros_ws/install/tello_cv:/opt/ros/foxy /usr/bin/cmake --build /root/tello_ros_ws/build/tello_msgs -- -j32 -l32
[0.176s] DEBUG:colcon.colcon_core.event_handler.log_command:Invoking command in '/root/tello_ros_ws/build/ros2_shared': CMAKE_PREFIX_PATH=${CMAKE_PREFIX_PATH}:/root/tello_ros_ws/install/tello_cv:/opt/ros/foxy /usr/bin/cmake --build /root/tello_ros_ws/build/ros2_shared -- -j32 -l32
[0.258s] INFO:colcon.colcon_core.task.python.build:Building Python package in '/root/tello_ros_ws/src/tello_cv'
[0.259s] INFO:colcon.colcon_core.shell:Skip shell extension 'powershell' for command environment: Not usable outside of PowerShell
[0.259s] DEBUG:colcon.colcon_core.shell:Skip shell extension 'dsv' for command environment
[0.266s] DEBUG:colcon.colcon_core.event_handler.log_command:Invoked command in '/root/tello_ros_ws/build/ros2_shared' returned '0': CMAKE_PREFIX_PATH=${CMAKE_PREFIX_PATH}:/root/tello_ros_ws/install/tello_cv:/opt/ros/foxy /usr/bin/cmake --build /root/tello_ros_ws/build/ros2_shared -- -j32 -l32
[0.269s] DEBUG:colcon.colcon_core.event_handler.log_command:Invoking command in '/root/tello_ros_ws/build/tello_description': CMAKE_PREFIX_PATH=${CMAKE_PREFIX_PATH}:/root/tello_ros_ws/install/tello_cv:/opt/ros/foxy /usr/bin/cmake --build /root/tello_ros_ws/build/tello_description -- -j32 -l32
[0.287s] DEBUG:colcon.colcon_core.event_handler.log_command:Invoking command in '/root/tello_ros_ws/build/ros2_shared': CMAKE_PREFIX_PATH=${CMAKE_PREFIX_PATH}:/root/tello_ros_ws/install/tello_cv:/opt/ros/foxy /usr/bin/cmake --install /root/tello_ros_ws/build/ros2_shared
[0.293s] Level 1:colcon.colcon_core.environment:create_environment_scripts_only(ros2_shared)
[0.293s] DEBUG:colcon.colcon_core.event_handler.log_command:Invoked command in '/root/tello_ros_ws/build/ros2_shared' returned '0': CMAKE_PREFIX_PATH=${CMAKE_PREFIX_PATH}:/root/tello_ros_ws/install/tello_cv:/opt/ros/foxy /usr/bin/cmake --install /root/tello_ros_ws/build/ros2_shared
[0.296s] Level 1:colcon.colcon_core.environment:checking '/root/tello_ros_ws/install/ros2_shared' for CMake module files
[0.296s] Level 1:colcon.colcon_core.environment:checking '/root/tello_ros_ws/install/ros2_shared' for CMake config files
[0.296s] Level 1:colcon.colcon_core.shell:create_environment_hook('ros2_shared', 'cmake_prefix_path')
[0.297s] INFO:colcon.colcon_core.shell:Creating environment hook '/root/tello_ros_ws/install/ros2_shared/share/ros2_shared/hook/cmake_prefix_path.ps1'
[0.297s] INFO:colcon.colcon_core.shell:Creating environment descriptor '/root/tello_ros_ws/install/ros2_shared/share/ros2_shared/hook/cmake_prefix_path.dsv'
[0.297s] INFO:colcon.colcon_core.shell:Creating environment hook '/root/tello_ros_ws/install/ros2_shared/share/ros2_shared/hook/cmake_prefix_path.sh'
[0.297s] Level 1:colcon.colcon_core.environment:checking '/root/tello_ros_ws/install/ros2_shared/bin'
[0.298s] Level 1:colcon.colcon_core.environment:checking '/root/tello_ros_ws/install/ros2_shared/lib/pkgconfig/ros2_shared.pc'
[0.298s] Level 1:colcon.colcon_core.environment:checking '/root/tello_ros_ws/install/ros2_shared/lib/python3.8/site-packages'
[0.298s] Level 1:colcon.colcon_core.environment:checking '/root/tello_ros_ws/install/ros2_shared/bin'
[0.298s] INFO:colcon.colcon_core.shell:Creating package script '/root/tello_ros_ws/install/ros2_shared/share/ros2_shared/package.ps1'
[0.299s] INFO:colcon.colcon_core.shell:Creating package descriptor '/root/tello_ros_ws/install/ros2_shared/share/ros2_shared/package.dsv'
[0.299s] INFO:colcon.colcon_core.shell:Creating package script '/root/tello_ros_ws/install/ros2_shared/share/ros2_shared/package.sh'
[0.299s] INFO:colcon.colcon_core.shell:Creating package script '/root/tello_ros_ws/install/ros2_shared/share/ros2_shared/package.bash'
[0.300s] INFO:colcon.colcon_core.shell:Creating package script '/root/tello_ros_ws/install/ros2_shared/share/ros2_shared/package.zsh'
[0.301s] Level 1:colcon.colcon_core.environment:create_file_with_runtime_dependencies(/root/tello_ros_ws/install/ros2_shared/share/colcon-core/packages/ros2_shared)
[0.314s] DEBUG:colcon.colcon_core.event_handler.log_command:Invoked command in '/root/tello_ros_ws/build/tello_description' returned '0': CMAKE_PREFIX_PATH=${CMAKE_PREFIX_PATH}:/root/tello_ros_ws/install/tello_cv:/opt/ros/foxy /usr/bin/cmake --build /root/tello_ros_ws/build/tello_description -- -j32 -l32
[0.319s] Level 1:colcon.colcon_core.environment:create_environment_scripts_only(ros2_shared)
[0.319s] Level 1:colcon.colcon_core.environment:checking '/root/tello_ros_ws/install/ros2_shared' for CMake module files
[0.320s] Level 1:colcon.colcon_core.environment:checking '/root/tello_ros_ws/install/ros2_shared' for CMake config files
[0.320s] Level 1:colcon.colcon_core.shell:create_environment_hook('ros2_shared', 'cmake_prefix_path')
[0.321s] INFO:colcon.colcon_core.shell:Creating environment hook '/root/tello_ros_ws/install/ros2_shared/share/ros2_shared/hook/cmake_prefix_path.ps1'
[0.321s] INFO:colcon.colcon_core.shell:Creating environment descriptor '/root/tello_ros_ws/install/ros2_shared/share/ros2_shared/hook/cmake_prefix_path.dsv'
[0.321s] INFO:colcon.colcon_core.shell:Creating environment hook '/root/tello_ros_ws/install/ros2_shared/share/ros2_shared/hook/cmake_prefix_path.sh'
[0.321s] Level 1:colcon.colcon_core.environment:checking '/root/tello_ros_ws/install/ros2_shared/bin'
[0.321s] Level 1:colcon.colcon_core.environment:checking '/root/tello_ros_ws/install/ros2_shared/lib/pkgconfig/ros2_shared.pc'
[0.321s] Level 1:colcon.colcon_core.environment:checking '/root/tello_ros_ws/install/ros2_shared/lib/python3.8/site-packages'
[0.321s] Level 1:colcon.colcon_core.environment:checking '/root/tello_ros_ws/install/ros2_shared/bin'
[0.322s] INFO:colcon.colcon_core.shell:Creating package script '/root/tello_ros_ws/install/ros2_shared/share/ros2_shared/package.ps1'
[0.322s] INFO:colcon.colcon_core.shell:Creating package descriptor '/root/tello_ros_ws/install/ros2_shared/share/ros2_shared/package.dsv'
[0.322s] INFO:colcon.colcon_core.shell:Creating package script '/root/tello_ros_ws/install/ros2_shared/share/ros2_shared/package.sh'
[0.323s] INFO:colcon.colcon_core.shell:Creating package script '/root/tello_ros_ws/install/ros2_shared/share/ros2_shared/package.bash'
[0.323s] INFO:colcon.colcon_core.shell:Creating package script '/root/tello_ros_ws/install/ros2_shared/share/ros2_shared/package.zsh'
[0.323s] Level 1:colcon.colcon_core.environment:create_file_with_runtime_dependencies(/root/tello_ros_ws/install/ros2_shared/share/colcon-core/packages/ros2_shared)
[0.329s] DEBUG:colcon.colcon_core.event_handler.log_command:Invoked command in '/root/tello_ros_ws/build/tello_msgs' returned '0': CMAKE_PREFIX_PATH=${CMAKE_PREFIX_PATH}:/root/tello_ros_ws/install/tello_cv:/opt/ros/foxy /usr/bin/cmake --build /root/tello_ros_ws/build/tello_msgs -- -j32 -l32
[0.334s] DEBUG:colcon.colcon_core.event_handler.log_command:Invoking command in '/root/tello_ros_ws/build/tello_description': CMAKE_PREFIX_PATH=${CMAKE_PREFIX_PATH}:/root/tello_ros_ws/install/tello_cv:/opt/ros/foxy /usr/bin/cmake --install /root/tello_ros_ws/build/tello_description
[0.342s] Level 1:colcon.colcon_core.environment:create_environment_scripts_only(tello_description)
[0.343s] Level 1:colcon.colcon_core.environment:checking '/root/tello_ros_ws/install/tello_description' for CMake module files
[0.343s] DEBUG:colcon.colcon_core.event_handler.log_command:Invoked command in '/root/tello_ros_ws/build/tello_description' returned '0': CMAKE_PREFIX_PATH=${CMAKE_PREFIX_PATH}:/root/tello_ros_ws/install/tello_cv:/opt/ros/foxy /usr/bin/cmake --install /root/tello_ros_ws/build/tello_description
[0.343s] Level 1:colcon.colcon_core.environment:checking '/root/tello_ros_ws/install/tello_description' for CMake config files
[0.343s] Level 1:colcon.colcon_core.shell:create_environment_hook('tello_description', 'cmake_prefix_path')
[0.344s] INFO:colcon.colcon_core.shell:Creating environment hook '/root/tello_ros_ws/install/tello_description/share/tello_description/hook/cmake_prefix_path.ps1'
[0.344s] INFO:colcon.colcon_core.shell:Creating environment descriptor '/root/tello_ros_ws/install/tello_description/share/tello_description/hook/cmake_prefix_path.dsv'
[0.344s] INFO:colcon.colcon_core.shell:Creating environment hook '/root/tello_ros_ws/install/tello_description/share/tello_description/hook/cmake_prefix_path.sh'
[0.344s] Level 1:colcon.colcon_core.environment:checking '/root/tello_ros_ws/install/tello_description/bin'
[0.344s] Level 1:colcon.colcon_core.environment:checking '/root/tello_ros_ws/install/tello_description/lib/pkgconfig/tello_description.pc'
[0.344s] Level 1:colcon.colcon_core.environment:checking '/root/tello_ros_ws/install/tello_description/lib/python3.8/site-packages'
[0.344s] Level 1:colcon.colcon_core.environment:checking '/root/tello_ros_ws/install/tello_description/bin'
[0.345s] INFO:colcon.colcon_core.shell:Creating package script '/root/tello_ros_ws/install/tello_description/share/tello_description/package.ps1'
[0.345s] INFO:colcon.colcon_core.shell:Creating package descriptor '/root/tello_ros_ws/install/tello_description/share/tello_description/package.dsv'
[0.345s] INFO:colcon.colcon_core.shell:Creating package script '/root/tello_ros_ws/install/tello_description/share/tello_description/package.sh'
[0.345s] INFO:colcon.colcon_core.shell:Creating package script '/root/tello_ros_ws/install/tello_description/share/tello_description/package.bash'
[0.346s] INFO:colcon.colcon_core.shell:Creating package script '/root/tello_ros_ws/install/tello_description/share/tello_description/package.zsh'
[0.346s] Level 1:colcon.colcon_core.environment:create_file_with_runtime_dependencies(/root/tello_ros_ws/install/tello_description/share/colcon-core/packages/tello_description)
[0.366s] Level 1:colcon.colcon_core.environment:create_environment_scripts_only(tello_description)
[0.368s] Level 1:colcon.colcon_core.environment:checking '/root/tello_ros_ws/install/tello_description' for CMake module files
[0.368s] Level 1:colcon.colcon_core.environment:checking '/root/tello_ros_ws/install/tello_description' for CMake config files
[0.368s] Level 1:colcon.colcon_core.shell:create_environment_hook('tello_description', 'cmake_prefix_path')
[0.369s] INFO:colcon.colcon_core.shell:Creating environment hook '/root/tello_ros_ws/install/tello_description/share/tello_description/hook/cmake_prefix_path.ps1'
[0.369s] INFO:colcon.colcon_core.shell:Creating environment descriptor '/root/tello_ros_ws/install/tello_description/share/tello_description/hook/cmake_prefix_path.dsv'
[0.370s] INFO:colcon.colcon_core.shell:Creating environment hook '/root/tello_ros_ws/install/tello_description/share/tello_description/hook/cmake_prefix_path.sh'
[0.370s] Level 1:colcon.colcon_core.environment:checking '/root/tello_ros_ws/install/tello_description/bin'
[0.370s] Level 1:colcon.colcon_core.environment:checking '/root/tello_ros_ws/install/tello_description/lib/pkgconfig/tello_description.pc'
[0.370s] Level 1:colcon.colcon_core.environment:checking '/root/tello_ros_ws/install/tello_description/lib/python3.8/site-packages'
[0.370s] Level 1:colcon.colcon_core.environment:checking '/root/tello_ros_ws/install/tello_description/bin'
[0.371s] INFO:colcon.colcon_core.shell:Creating package script '/root/tello_ros_ws/install/tello_description/share/tello_description/package.ps1'
[0.371s] INFO:colcon.colcon_core.shell:Creating package descriptor '/root/tello_ros_ws/install/tello_description/share/tello_description/package.dsv'
[0.371s] INFO:colcon.colcon_core.shell:Creating package script '/root/tello_ros_ws/install/tello_description/share/tello_description/package.sh'
[0.371s] INFO:colcon.colcon_core.shell:Creating package script '/root/tello_ros_ws/install/tello_description/share/tello_description/package.bash'
[0.371s] INFO:colcon.colcon_core.shell:Creating package script '/root/tello_ros_ws/install/tello_description/share/tello_description/package.zsh'
[0.371s] Level 1:colcon.colcon_core.environment:create_file_with_runtime_dependencies(/root/tello_ros_ws/install/tello_description/share/colcon-core/packages/tello_description)
[0.390s] DEBUG:colcon.colcon_core.event_handler.log_command:Invoking command in '/root/tello_ros_ws/build/tello_msgs': CMAKE_PREFIX_PATH=${CMAKE_PREFIX_PATH}:/root/tello_ros_ws/install/tello_cv:/opt/ros/foxy /usr/bin/cmake --install /root/tello_ros_ws/build/tello_msgs
[0.419s] Level 1:colcon.colcon_core.environment:create_environment_scripts_only(tello_msgs)
[0.420s] DEBUG:colcon.colcon_core.event_handler.log_command:Invoked command in '/root/tello_ros_ws/build/tello_msgs' returned '0': CMAKE_PREFIX_PATH=${CMAKE_PREFIX_PATH}:/root/tello_ros_ws/install/tello_cv:/opt/ros/foxy /usr/bin/cmake --install /root/tello_ros_ws/build/tello_msgs
[0.420s] Level 1:colcon.colcon_core.environment:checking '/root/tello_ros_ws/install/tello_msgs' for CMake module files
[0.421s] Level 1:colcon.colcon_core.environment:checking '/root/tello_ros_ws/install/tello_msgs' for CMake config files
[0.421s] Level 1:colcon.colcon_core.shell:create_environment_hook('tello_msgs', 'cmake_prefix_path')
[0.421s] INFO:colcon.colcon_core.shell:Creating environment hook '/root/tello_ros_ws/install/tello_msgs/share/tello_msgs/hook/cmake_prefix_path.ps1'
[0.422s] INFO:colcon.colcon_core.shell:Creating environment descriptor '/root/tello_ros_ws/install/tello_msgs/share/tello_msgs/hook/cmake_prefix_path.dsv'
[0.422s] INFO:colcon.colcon_core.shell:Creating environment hook '/root/tello_ros_ws/install/tello_msgs/share/tello_msgs/hook/cmake_prefix_path.sh'
[0.422s] Level 1:colcon.colcon_core.environment:checking '/root/tello_ros_ws/install/tello_msgs/lib'
[0.422s] Level 1:colcon.colcon_core.shell:create_environment_hook('tello_msgs', 'ld_library_path_lib')
[0.423s] INFO:colcon.colcon_core.shell:Creating environment hook '/root/tello_ros_ws/install/tello_msgs/share/tello_msgs/hook/ld_library_path_lib.ps1'
[0.423s] INFO:colcon.colcon_core.shell:Creating environment descriptor '/root/tello_ros_ws/install/tello_msgs/share/tello_msgs/hook/ld_library_path_lib.dsv'
[0.423s] INFO:colcon.colcon_core.shell:Creating environment hook '/root/tello_ros_ws/install/tello_msgs/share/tello_msgs/hook/ld_library_path_lib.sh'
[0.423s] Level 1:colcon.colcon_core.environment:checking '/root/tello_ros_ws/install/tello_msgs/bin'
[0.423s] Level 1:colcon.colcon_core.environment:checking '/root/tello_ros_ws/install/tello_msgs/lib/pkgconfig/tello_msgs.pc'
[0.423s] Level 1:colcon.colcon_core.environment:checking '/root/tello_ros_ws/install/tello_msgs/lib/python3.8/site-packages'
[0.423s] Level 1:colcon.colcon_core.shell:create_environment_hook('tello_msgs', 'pythonpath')
[0.424s] INFO:colcon.colcon_core.shell:Creating environment hook '/root/tello_ros_ws/install/tello_msgs/share/tello_msgs/hook/pythonpath.ps1'
[0.424s] INFO:colcon.colcon_core.shell:Creating environment descriptor '/root/tello_ros_ws/install/tello_msgs/share/tello_msgs/hook/pythonpath.dsv'
[0.424s] INFO:colcon.colcon_core.shell:Creating environment hook '/root/tello_ros_ws/install/tello_msgs/share/tello_msgs/hook/pythonpath.sh'
[0.424s] Level 1:colcon.colcon_core.environment:checking '/root/tello_ros_ws/install/tello_msgs/bin'
[0.425s] INFO:colcon.colcon_core.shell:Creating package script '/root/tello_ros_ws/install/tello_msgs/share/tello_msgs/package.ps1'
[0.425s] INFO:colcon.colcon_core.shell:Creating package descriptor '/root/tello_ros_ws/install/tello_msgs/share/tello_msgs/package.dsv'
[0.425s] INFO:colcon.colcon_core.shell:Creating package script '/root/tello_ros_ws/install/tello_msgs/share/tello_msgs/package.sh'
[0.425s] INFO:colcon.colcon_core.shell:Creating package script '/root/tello_ros_ws/install/tello_msgs/share/tello_msgs/package.bash'
[0.425s] INFO:colcon.colcon_core.shell:Creating package script '/root/tello_ros_ws/install/tello_msgs/share/tello_msgs/package.zsh'
[0.426s] Level 1:colcon.colcon_core.environment:create_file_with_runtime_dependencies(/root/tello_ros_ws/install/tello_msgs/share/colcon-core/packages/tello_msgs)
[0.429s] DEBUG:colcon.colcon_core.event_handler.log_command:Invoking command in '/root/tello_ros_ws/src/tello_cv': PYTHONPATH=/root/tello_ros_ws/build/tello_cv/prefix_override:/root/tello_ros_ws/install/tello_cv/lib/python3.8/site-packages:${PYTHONPATH} /usr/bin/python3 setup.py egg_info --egg-base ../../build/tello_cv build --build-base /root/tello_ros_ws/build/tello_cv/build install --record /root/tello_ros_ws/build/tello_cv/install.log --install-scripts $base/lib/tello_cv --single-version-externally-managed
[0.487s] Level 1:colcon.colcon_core.environment:create_environment_scripts_only(tello_msgs)
[0.488s] Level 1:colcon.colcon_core.environment:checking '/root/tello_ros_ws/install/tello_msgs' for CMake module files
[0.489s] Level 1:colcon.colcon_core.environment:checking '/root/tello_ros_ws/install/tello_msgs' for CMake config files
[0.489s] Level 1:colcon.colcon_core.shell:create_environment_hook('tello_msgs', 'cmake_prefix_path')
[0.489s] INFO:colcon.colcon_core.shell:Creating environment hook '/root/tello_ros_ws/install/tello_msgs/share/tello_msgs/hook/cmake_prefix_path.ps1'
[0.490s] INFO:colcon.colcon_core.shell:Creating environment descriptor '/root/tello_ros_ws/install/tello_msgs/share/tello_msgs/hook/cmake_prefix_path.dsv'
[0.490s] INFO:colcon.colcon_core.shell:Creating environment hook '/root/tello_ros_ws/install/tello_msgs/share/tello_msgs/hook/cmake_prefix_path.sh'
[0.490s] Level 1:colcon.colcon_core.environment:checking '/root/tello_ros_ws/install/tello_msgs/lib'
[0.490s] Level 1:colcon.colcon_core.shell:create_environment_hook('tello_msgs', 'ld_library_path_lib')
[0.491s] INFO:colcon.colcon_core.shell:Creating environment hook '/root/tello_ros_ws/install/tello_msgs/share/tello_msgs/hook/ld_library_path_lib.ps1'
[0.491s] INFO:colcon.colcon_core.shell:Creating environment descriptor '/root/tello_ros_ws/install/tello_msgs/share/tello_msgs/hook/ld_library_path_lib.dsv'
[0.491s] INFO:colcon.colcon_core.shell:Creating environment hook '/root/tello_ros_ws/install/tello_msgs/share/tello_msgs/hook/ld_library_path_lib.sh'
[0.491s] Level 1:colcon.colcon_core.environment:checking '/root/tello_ros_ws/install/tello_msgs/bin'
[0.491s] Level 1:colcon.colcon_core.environment:checking '/root/tello_ros_ws/install/tello_msgs/lib/pkgconfig/tello_msgs.pc'
[0.491s] Level 1:colcon.colcon_core.environment:checking '/root/tello_ros_ws/install/tello_msgs/lib/python3.8/site-packages'
[0.491s] Level 1:colcon.colcon_core.shell:create_environment_hook('tello_msgs', 'pythonpath')
[0.492s] INFO:colcon.colcon_core.shell:Creating environment hook '/root/tello_ros_ws/install/tello_msgs/share/tello_msgs/hook/pythonpath.ps1'
[0.492s] INFO:colcon.colcon_core.shell:Creating environment descriptor '/root/tello_ros_ws/install/tello_msgs/share/tello_msgs/hook/pythonpath.dsv'
[0.492s] INFO:colcon.colcon_core.shell:Creating environment hook '/root/tello_ros_ws/install/tello_msgs/share/tello_msgs/hook/pythonpath.sh'
[0.492s] Level 1:colcon.colcon_core.environment:checking '/root/tello_ros_ws/install/tello_msgs/bin'
[0.493s] INFO:colcon.colcon_core.shell:Creating package script '/root/tello_ros_ws/install/tello_msgs/share/tello_msgs/package.ps1'
[0.493s] INFO:colcon.colcon_core.shell:Creating package descriptor '/root/tello_ros_ws/install/tello_msgs/share/tello_msgs/package.dsv'
[0.493s] INFO:colcon.colcon_core.shell:Creating package script '/root/tello_ros_ws/install/tello_msgs/share/tello_msgs/package.sh'
[0.493s] INFO:colcon.colcon_core.shell:Creating package script '/root/tello_ros_ws/install/tello_msgs/share/tello_msgs/package.bash'
[0.493s] INFO:colcon.colcon_core.shell:Creating package script '/root/tello_ros_ws/install/tello_msgs/share/tello_msgs/package.zsh'
[0.493s] Level 1:colcon.colcon_core.environment:create_file_with_runtime_dependencies(/root/tello_ros_ws/install/tello_msgs/share/colcon-core/packages/tello_msgs)
[0.494s] INFO:colcon.colcon_ros.task.ament_cmake.build:Building ROS package in '/root/tello_ros_ws/src/tello_driver' with build type 'ament_cmake'
[0.494s] INFO:colcon.colcon_cmake.task.cmake.build:Building CMake package in '/root/tello_ros_ws/src/tello_driver'
[0.494s] INFO:colcon.colcon_core.shell:Skip shell extension 'powershell' for command environment: Not usable outside of PowerShell
[0.494s] DEBUG:colcon.colcon_core.shell:Skip shell extension 'dsv' for command environment
[0.497s] INFO:colcon.colcon_ros.task.ament_cmake.build:Building ROS package in '/root/tello_ros_ws/src/tello_gazebo' with build type 'ament_cmake'
[0.498s] INFO:colcon.colcon_cmake.task.cmake.build:Building CMake package in '/root/tello_ros_ws/src/tello_gazebo'
[0.498s] INFO:colcon.colcon_core.shell:Skip shell extension 'powershell' for command environment: Not usable outside of PowerShell
[0.498s] DEBUG:colcon.colcon_core.shell:Skip shell extension 'dsv' for command environment
[0.504s] DEBUG:colcon.colcon_core.event_handler.log_command:Invoking command in '/root/tello_ros_ws/build/tello_driver': CMAKE_PREFIX_PATH=/root/tello_ros_ws/install/tello_msgs:/root/tello_ros_ws/install/ros2_shared:/root/tello_ros_ws/install/tello_gazebo:/root/tello_ros_ws/install/tello_driver:/root/tello_ros_ws/install/tello_description:/root/tello_ros_ws/install/tello_cv:/opt/ros/foxy LD_LIBRARY_PATH=/root/tello_ros_ws/install/tello_msgs/lib:/root/tello_ros_ws/install/tello_gazebo/lib:/root/tello_ros_ws/install/tello_driver/lib:/usr/lib/x86_64-linux-gnu/gazebo-11/plugins:/opt/ros/foxy/opt/yaml_cpp_vendor/lib:/opt/ros/foxy/opt/rviz_ogre_vendor/lib:/opt/ros/foxy/lib/x86_64-linux-gnu:/opt/ros/foxy/lib /usr/bin/cmake --build /root/tello_ros_ws/build/tello_driver -- -j32 -l32
[0.506s] DEBUG:colcon.colcon_core.event_handler.log_command:Invoking command in '/root/tello_ros_ws/build/tello_gazebo': CMAKE_PREFIX_PATH=/root/tello_ros_ws/install/tello_msgs:/root/tello_ros_ws/install/tello_gazebo:/root/tello_ros_ws/install/tello_driver:/root/tello_ros_ws/install/tello_description:/root/tello_ros_ws/install/ros2_shared:/root/tello_ros_ws/install/tello_cv:/opt/ros/foxy LD_LIBRARY_PATH=/root/tello_ros_ws/install/tello_msgs/lib:/root/tello_ros_ws/install/tello_gazebo/lib:/root/tello_ros_ws/install/tello_driver/lib:/usr/lib/x86_64-linux-gnu/gazebo-11/plugins:/opt/ros/foxy/opt/yaml_cpp_vendor/lib:/opt/ros/foxy/opt/rviz_ogre_vendor/lib:/opt/ros/foxy/lib/x86_64-linux-gnu:/opt/ros/foxy/lib /usr/bin/cmake --build /root/tello_ros_ws/build/tello_gazebo -- -j32 -l32
[0.550s] Level 1:colcon.colcon_core.environment:checking '/root/tello_ros_ws/install/tello_cv' for CMake module files
[0.551s] DEBUG:colcon.colcon_core.event_handler.log_command:Invoked command in '/root/tello_ros_ws/src/tello_cv' returned '0': PYTHONPATH=/root/tello_ros_ws/build/tello_cv/prefix_override:/root/tello_ros_ws/install/tello_cv/lib/python3.8/site-packages:${PYTHONPATH} /usr/bin/python3 setup.py egg_info --egg-base ../../build/tello_cv build --build-base /root/tello_ros_ws/build/tello_cv/build install --record /root/tello_ros_ws/build/tello_cv/install.log --install-scripts $base/lib/tello_cv --single-version-externally-managed
[0.551s] Level 1:colcon.colcon_core.environment:checking '/root/tello_ros_ws/install/tello_cv' for CMake config files
[0.552s] Level 1:colcon.colcon_core.environment:checking '/root/tello_ros_ws/install/tello_cv/lib'
[0.552s] Level 1:colcon.colcon_core.environment:checking '/root/tello_ros_ws/install/tello_cv/bin'
[0.552s] Level 1:colcon.colcon_core.environment:checking '/root/tello_ros_ws/install/tello_cv/lib/pkgconfig/tello_cv.pc'
[0.552s] Level 1:colcon.colcon_core.environment:checking '/root/tello_ros_ws/install/tello_cv/lib/python3.8/site-packages'
[0.552s] Level 1:colcon.colcon_core.shell:create_environment_hook('tello_cv', 'pythonpath')
[0.552s] INFO:colcon.colcon_core.shell:Creating environment hook '/root/tello_ros_ws/install/tello_cv/share/tello_cv/hook/pythonpath.ps1'
[0.553s] INFO:colcon.colcon_core.shell:Creating environment descriptor '/root/tello_ros_ws/install/tello_cv/share/tello_cv/hook/pythonpath.dsv'
[0.553s] INFO:colcon.colcon_core.shell:Creating environment hook '/root/tello_ros_ws/install/tello_cv/share/tello_cv/hook/pythonpath.sh'
[0.553s] Level 1:colcon.colcon_core.environment:checking '/root/tello_ros_ws/install/tello_cv/bin'
[0.553s] Level 1:colcon.colcon_core.environment:create_environment_scripts_only(tello_cv)
[0.554s] INFO:colcon.colcon_core.shell:Creating package script '/root/tello_ros_ws/install/tello_cv/share/tello_cv/package.ps1'
[0.554s] INFO:colcon.colcon_core.shell:Creating package descriptor '/root/tello_ros_ws/install/tello_cv/share/tello_cv/package.dsv'
[0.554s] INFO:colcon.colcon_core.shell:Creating package script '/root/tello_ros_ws/install/tello_cv/share/tello_cv/package.sh'
[0.554s] INFO:colcon.colcon_core.shell:Creating package script '/root/tello_ros_ws/install/tello_cv/share/tello_cv/package.bash'
[0.554s] INFO:colcon.colcon_core.shell:Creating package script '/root/tello_ros_ws/install/tello_cv/share/tello_cv/package.zsh'
[0.554s] Level 1:colcon.colcon_core.environment:create_file_with_runtime_dependencies(/root/tello_ros_ws/install/tello_cv/share/colcon-core/packages/tello_cv)
[0.561s] DEBUG:colcon.colcon_core.event_handler.log_command:Invoked command in '/root/tello_ros_ws/build/tello_driver' returned '0': CMAKE_PREFIX_PATH=/root/tello_ros_ws/install/tello_msgs:/root/tello_ros_ws/install/ros2_shared:/root/tello_ros_ws/install/tello_gazebo:/root/tello_ros_ws/install/tello_driver:/root/tello_ros_ws/install/tello_description:/root/tello_ros_ws/install/tello_cv:/opt/ros/foxy LD_LIBRARY_PATH=/root/tello_ros_ws/install/tello_msgs/lib:/root/tello_ros_ws/install/tello_gazebo/lib:/root/tello_ros_ws/install/tello_driver/lib:/usr/lib/x86_64-linux-gnu/gazebo-11/plugins:/opt/ros/foxy/opt/yaml_cpp_vendor/lib:/opt/ros/foxy/opt/rviz_ogre_vendor/lib:/opt/ros/foxy/lib/x86_64-linux-gnu:/opt/ros/foxy/lib /usr/bin/cmake --build /root/tello_ros_ws/build/tello_driver -- -j32 -l32
[0.590s] DEBUG:colcon.colcon_core.event_handler.log_command:Invoking command in '/root/tello_ros_ws/build/tello_driver': CMAKE_PREFIX_PATH=/root/tello_ros_ws/install/tello_msgs:/root/tello_ros_ws/install/ros2_shared:/root/tello_ros_ws/install/tello_gazebo:/root/tello_ros_ws/install/tello_driver:/root/tello_ros_ws/install/tello_description:/root/tello_ros_ws/install/tello_cv:/opt/ros/foxy LD_LIBRARY_PATH=/root/tello_ros_ws/install/tello_msgs/lib:/root/tello_ros_ws/install/tello_gazebo/lib:/root/tello_ros_ws/install/tello_driver/lib:/usr/lib/x86_64-linux-gnu/gazebo-11/plugins:/opt/ros/foxy/opt/yaml_cpp_vendor/lib:/opt/ros/foxy/opt/rviz_ogre_vendor/lib:/opt/ros/foxy/lib/x86_64-linux-gnu:/opt/ros/foxy/lib /usr/bin/cmake --install /root/tello_ros_ws/build/tello_driver
[0.598s] Level 1:colcon.colcon_core.environment:create_environment_scripts_only(tello_driver)
[0.599s] Level 1:colcon.colcon_core.environment:checking '/root/tello_ros_ws/install/tello_driver' for CMake module files
[0.599s] DEBUG:colcon.colcon_core.event_handler.log_command:Invoked command in '/root/tello_ros_ws/build/tello_driver' returned '0': CMAKE_PREFIX_PATH=/root/tello_ros_ws/install/tello_msgs:/root/tello_ros_ws/install/ros2_shared:/root/tello_ros_ws/install/tello_gazebo:/root/tello_ros_ws/install/tello_driver:/root/tello_ros_ws/install/tello_description:/root/tello_ros_ws/install/tello_cv:/opt/ros/foxy LD_LIBRARY_PATH=/root/tello_ros_ws/install/tello_msgs/lib:/root/tello_ros_ws/install/tello_gazebo/lib:/root/tello_ros_ws/install/tello_driver/lib:/usr/lib/x86_64-linux-gnu/gazebo-11/plugins:/opt/ros/foxy/opt/yaml_cpp_vendor/lib:/opt/ros/foxy/opt/rviz_ogre_vendor/lib:/opt/ros/foxy/lib/x86_64-linux-gnu:/opt/ros/foxy/lib /usr/bin/cmake --install /root/tello_ros_ws/build/tello_driver
[0.599s] Level 1:colcon.colcon_core.environment:checking '/root/tello_ros_ws/install/tello_driver' for CMake config files
[0.599s] Level 1:colcon.colcon_core.shell:create_environment_hook('tello_driver', 'cmake_prefix_path')
[0.600s] INFO:colcon.colcon_core.shell:Creating environment hook '/root/tello_ros_ws/install/tello_driver/share/tello_driver/hook/cmake_prefix_path.ps1'
[0.600s] INFO:colcon.colcon_core.shell:Creating environment descriptor '/root/tello_ros_ws/install/tello_driver/share/tello_driver/hook/cmake_prefix_path.dsv'
[0.600s] INFO:colcon.colcon_core.shell:Creating environment hook '/root/tello_ros_ws/install/tello_driver/share/tello_driver/hook/cmake_prefix_path.sh'
[0.600s] Level 1:colcon.colcon_core.environment:checking '/root/tello_ros_ws/install/tello_driver/lib'
[0.601s] Level 1:colcon.colcon_core.shell:create_environment_hook('tello_driver', 'ld_library_path_lib')
[0.601s] INFO:colcon.colcon_core.shell:Creating environment hook '/root/tello_ros_ws/install/tello_driver/share/tello_driver/hook/ld_library_path_lib.ps1'
[0.601s] INFO:colcon.colcon_core.shell:Creating environment descriptor '/root/tello_ros_ws/install/tello_driver/share/tello_driver/hook/ld_library_path_lib.dsv'
[0.601s] INFO:colcon.colcon_core.shell:Creating environment hook '/root/tello_ros_ws/install/tello_driver/share/tello_driver/hook/ld_library_path_lib.sh'
[0.601s] Level 1:colcon.colcon_core.environment:checking '/root/tello_ros_ws/install/tello_driver/bin'
[0.601s] Level 1:colcon.colcon_core.environment:checking '/root/tello_ros_ws/install/tello_driver/lib/pkgconfig/tello_driver.pc'
[0.602s] Level 1:colcon.colcon_core.environment:checking '/root/tello_ros_ws/install/tello_driver/lib/python3.8/site-packages'
[0.602s] Level 1:colcon.colcon_core.environment:checking '/root/tello_ros_ws/install/tello_driver/bin'
[0.602s] INFO:colcon.colcon_core.shell:Creating package script '/root/tello_ros_ws/install/tello_driver/share/tello_driver/package.ps1'
[0.602s] INFO:colcon.colcon_core.shell:Creating package descriptor '/root/tello_ros_ws/install/tello_driver/share/tello_driver/package.dsv'
[0.603s] INFO:colcon.colcon_core.shell:Creating package script '/root/tello_ros_ws/install/tello_driver/share/tello_driver/package.sh'
[0.603s] INFO:colcon.colcon_core.shell:Creating package script '/root/tello_ros_ws/install/tello_driver/share/tello_driver/package.bash'
[0.603s] INFO:colcon.colcon_core.shell:Creating package script '/root/tello_ros_ws/install/tello_driver/share/tello_driver/package.zsh'
[0.603s] Level 1:colcon.colcon_core.environment:create_file_with_runtime_dependencies(/root/tello_ros_ws/install/tello_driver/share/colcon-core/packages/tello_driver)
[0.643s] Level 1:colcon.colcon_core.environment:create_environment_scripts_only(tello_driver)
[0.644s] Level 1:colcon.colcon_core.environment:checking '/root/tello_ros_ws/install/tello_driver' for CMake module files
[0.644s] Level 1:colcon.colcon_core.environment:checking '/root/tello_ros_ws/install/tello_driver' for CMake config files
[0.644s] Level 1:colcon.colcon_core.shell:create_environment_hook('tello_driver', 'cmake_prefix_path')
[0.645s] INFO:colcon.colcon_core.shell:Creating environment hook '/root/tello_ros_ws/install/tello_driver/share/tello_driver/hook/cmake_prefix_path.ps1'
[0.645s] INFO:colcon.colcon_core.shell:Creating environment descriptor '/root/tello_ros_ws/install/tello_driver/share/tello_driver/hook/cmake_prefix_path.dsv'
[0.645s] INFO:colcon.colcon_core.shell:Creating environment hook '/root/tello_ros_ws/install/tello_driver/share/tello_driver/hook/cmake_prefix_path.sh'
[0.645s] Level 1:colcon.colcon_core.environment:checking '/root/tello_ros_ws/install/tello_driver/lib'
[0.645s] Level 1:colcon.colcon_core.shell:create_environment_hook('tello_driver', 'ld_library_path_lib')
[0.646s] INFO:colcon.colcon_core.shell:Creating environment hook '/root/tello_ros_ws/install/tello_driver/share/tello_driver/hook/ld_library_path_lib.ps1'
[0.646s] INFO:colcon.colcon_core.shell:Creating environment descriptor '/root/tello_ros_ws/install/tello_driver/share/tello_driver/hook/ld_library_path_lib.dsv'
[0.646s] INFO:colcon.colcon_core.shell:Creating environment hook '/root/tello_ros_ws/install/tello_driver/share/tello_driver/hook/ld_library_path_lib.sh'
[0.646s] Level 1:colcon.colcon_core.environment:checking '/root/tello_ros_ws/install/tello_driver/bin'
[0.646s] Level 1:colcon.colcon_core.environment:checking '/root/tello_ros_ws/install/tello_driver/lib/pkgconfig/tello_driver.pc'
[0.646s] Level 1:colcon.colcon_core.environment:checking '/root/tello_ros_ws/install/tello_driver/lib/python3.8/site-packages'
[0.646s] Level 1:colcon.colcon_core.environment:checking '/root/tello_ros_ws/install/tello_driver/bin'
[0.647s] INFO:colcon.colcon_core.shell:Creating package script '/root/tello_ros_ws/install/tello_driver/share/tello_driver/package.ps1'
[0.647s] INFO:colcon.colcon_core.shell:Creating package descriptor '/root/tello_ros_ws/install/tello_driver/share/tello_driver/package.dsv'
[0.647s] INFO:colcon.colcon_core.shell:Creating package script '/root/tello_ros_ws/install/tello_driver/share/tello_driver/package.sh'
[0.648s] INFO:colcon.colcon_core.shell:Creating package script '/root/tello_ros_ws/install/tello_driver/share/tello_driver/package.bash'
[0.648s] INFO:colcon.colcon_core.shell:Creating package script '/root/tello_ros_ws/install/tello_driver/share/tello_driver/package.zsh'
[0.648s] Level 1:colcon.colcon_core.environment:create_file_with_runtime_dependencies(/root/tello_ros_ws/install/tello_driver/share/colcon-core/packages/tello_driver)
[1.897s] DEBUG:colcon.colcon_core.event_handler.log_command:Invoked command in '/root/tello_ros_ws/build/tello_gazebo' returned '0': CMAKE_PREFIX_PATH=/root/tello_ros_ws/install/tello_msgs:/root/tello_ros_ws/install/tello_gazebo:/root/tello_ros_ws/install/tello_driver:/root/tello_ros_ws/install/tello_description:/root/tello_ros_ws/install/ros2_shared:/root/tello_ros_ws/install/tello_cv:/opt/ros/foxy LD_LIBRARY_PATH=/root/tello_ros_ws/install/tello_msgs/lib:/root/tello_ros_ws/install/tello_gazebo/lib:/root/tello_ros_ws/install/tello_driver/lib:/usr/lib/x86_64-linux-gnu/gazebo-11/plugins:/opt/ros/foxy/opt/yaml_cpp_vendor/lib:/opt/ros/foxy/opt/rviz_ogre_vendor/lib:/opt/ros/foxy/lib/x86_64-linux-gnu:/opt/ros/foxy/lib /usr/bin/cmake --build /root/tello_ros_ws/build/tello_gazebo -- -j32 -l32
[1.971s] DEBUG:colcon.colcon_core.event_handler.log_command:Invoking command in '/root/tello_ros_ws/build/tello_gazebo': CMAKE_PREFIX_PATH=/root/tello_ros_ws/install/tello_msgs:/root/tello_ros_ws/install/tello_gazebo:/root/tello_ros_ws/install/tello_driver:/root/tello_ros_ws/install/tello_description:/root/tello_ros_ws/install/ros2_shared:/root/tello_ros_ws/install/tello_cv:/opt/ros/foxy LD_LIBRARY_PATH=/root/tello_ros_ws/install/tello_msgs/lib:/root/tello_ros_ws/install/tello_gazebo/lib:/root/tello_ros_ws/install/tello_driver/lib:/usr/lib/x86_64-linux-gnu/gazebo-11/plugins:/opt/ros/foxy/opt/yaml_cpp_vendor/lib:/opt/ros/foxy/opt/rviz_ogre_vendor/lib:/opt/ros/foxy/lib/x86_64-linux-gnu:/opt/ros/foxy/lib /usr/bin/cmake --install /root/tello_ros_ws/build/tello_gazebo
[1.992s] Level 1:colcon.colcon_core.environment:create_environment_scripts_only(tello_gazebo)
[1.993s] Level 1:colcon.colcon_core.environment:checking '/root/tello_ros_ws/install/tello_gazebo' for CMake module files
[1.993s] DEBUG:colcon.colcon_core.event_handler.log_command:Invoked command in '/root/tello_ros_ws/build/tello_gazebo' returned '0': CMAKE_PREFIX_PATH=/root/tello_ros_ws/install/tello_msgs:/root/tello_ros_ws/install/tello_gazebo:/root/tello_ros_ws/install/tello_driver:/root/tello_ros_ws/install/tello_description:/root/tello_ros_ws/install/ros2_shared:/root/tello_ros_ws/install/tello_cv:/opt/ros/foxy LD_LIBRARY_PATH=/root/tello_ros_ws/install/tello_msgs/lib:/root/tello_ros_ws/install/tello_gazebo/lib:/root/tello_ros_ws/install/tello_driver/lib:/usr/lib/x86_64-linux-gnu/gazebo-11/plugins:/opt/ros/foxy/opt/yaml_cpp_vendor/lib:/opt/ros/foxy/opt/rviz_ogre_vendor/lib:/opt/ros/foxy/lib/x86_64-linux-gnu:/opt/ros/foxy/lib /usr/bin/cmake --install /root/tello_ros_ws/build/tello_gazebo
[1.993s] Level 1:colcon.colcon_core.environment:checking '/root/tello_ros_ws/install/tello_gazebo' for CMake config files
[1.994s] Level 1:colcon.colcon_core.shell:create_environment_hook('tello_gazebo', 'cmake_prefix_path')
[1.995s] INFO:colcon.colcon_core.shell:Creating environment hook '/root/tello_ros_ws/install/tello_gazebo/share/tello_gazebo/hook/cmake_prefix_path.ps1'
[1.995s] INFO:colcon.colcon_core.shell:Creating environment descriptor '/root/tello_ros_ws/install/tello_gazebo/share/tello_gazebo/hook/cmake_prefix_path.dsv'
[1.995s] INFO:colcon.colcon_core.shell:Creating environment hook '/root/tello_ros_ws/install/tello_gazebo/share/tello_gazebo/hook/cmake_prefix_path.sh'
[1.996s] Level 1:colcon.colcon_core.environment:checking '/root/tello_ros_ws/install/tello_gazebo/lib'
[1.996s] Level 1:colcon.colcon_core.shell:create_environment_hook('tello_gazebo', 'ld_library_path_lib')
[1.997s] INFO:colcon.colcon_core.shell:Creating environment hook '/root/tello_ros_ws/install/tello_gazebo/share/tello_gazebo/hook/ld_library_path_lib.ps1'
[1.997s] INFO:colcon.colcon_core.shell:Creating environment descriptor '/root/tello_ros_ws/install/tello_gazebo/share/tello_gazebo/hook/ld_library_path_lib.dsv'
[1.998s] INFO:colcon.colcon_core.shell:Creating environment hook '/root/tello_ros_ws/install/tello_gazebo/share/tello_gazebo/hook/ld_library_path_lib.sh'
[1.998s] Level 1:colcon.colcon_core.environment:checking '/root/tello_ros_ws/install/tello_gazebo/bin'
[1.998s] Level 1:colcon.colcon_core.environment:checking '/root/tello_ros_ws/install/tello_gazebo/lib/pkgconfig/tello_gazebo.pc'
[1.998s] Level 1:colcon.colcon_core.environment:checking '/root/tello_ros_ws/install/tello_gazebo/lib/python3.8/site-packages'
[1.998s] Level 1:colcon.colcon_core.environment:checking '/root/tello_ros_ws/install/tello_gazebo/bin'
[2.000s] INFO:colcon.colcon_core.shell:Creating package script '/root/tello_ros_ws/install/tello_gazebo/share/tello_gazebo/package.ps1'
[2.001s] INFO:colcon.colcon_core.shell:Creating package descriptor '/root/tello_ros_ws/install/tello_gazebo/share/tello_gazebo/package.dsv'
[2.001s] INFO:colcon.colcon_core.shell:Creating package script '/root/tello_ros_ws/install/tello_gazebo/share/tello_gazebo/package.sh'
[2.001s] INFO:colcon.colcon_core.shell:Creating package script '/root/tello_ros_ws/install/tello_gazebo/share/tello_gazebo/package.bash'
[2.002s] INFO:colcon.colcon_core.shell:Creating package script '/root/tello_ros_ws/install/tello_gazebo/share/tello_gazebo/package.zsh'
[2.002s] Level 1:colcon.colcon_core.environment:create_file_with_runtime_dependencies(/root/tello_ros_ws/install/tello_gazebo/share/colcon-core/packages/tello_gazebo)
[2.060s] Level 1:colcon.colcon_core.environment:create_environment_scripts_only(tello_gazebo)
[2.064s] Level 1:colcon.colcon_core.environment:checking '/root/tello_ros_ws/install/tello_gazebo' for CMake module files
[2.065s] Level 1:colcon.colcon_core.environment:checking '/root/tello_ros_ws/install/tello_gazebo' for CMake config files
[2.066s] Level 1:colcon.colcon_core.shell:create_environment_hook('tello_gazebo', 'cmake_prefix_path')
[2.069s] INFO:colcon.colcon_core.shell:Creating environment hook '/root/tello_ros_ws/install/tello_gazebo/share/tello_gazebo/hook/cmake_prefix_path.ps1'
[2.070s] INFO:colcon.colcon_core.shell:Creating environment descriptor '/root/tello_ros_ws/install/tello_gazebo/share/tello_gazebo/hook/cmake_prefix_path.dsv'
[2.071s] INFO:colcon.colcon_core.shell:Creating environment hook '/root/tello_ros_ws/install/tello_gazebo/share/tello_gazebo/hook/cmake_prefix_path.sh'
[2.072s] Level 1:colcon.colcon_core.environment:checking '/root/tello_ros_ws/install/tello_gazebo/lib'
[2.072s] Level 1:colcon.colcon_core.shell:create_environment_hook('tello_gazebo', 'ld_library_path_lib')
[2.074s] INFO:colcon.colcon_core.shell:Creating environment hook '/root/tello_ros_ws/install/tello_gazebo/share/tello_gazebo/hook/ld_library_path_lib.ps1'
[2.075s] INFO:colcon.colcon_core.shell:Creating environment descriptor '/root/tello_ros_ws/install/tello_gazebo/share/tello_gazebo/hook/ld_library_path_lib.dsv'
[2.075s] INFO:colcon.colcon_core.shell:Creating environment hook '/root/tello_ros_ws/install/tello_gazebo/share/tello_gazebo/hook/ld_library_path_lib.sh'
[2.076s] Level 1:colcon.colcon_core.environment:checking '/root/tello_ros_ws/install/tello_gazebo/bin'
[2.076s] Level 1:colcon.colcon_core.environment:checking '/root/tello_ros_ws/install/tello_gazebo/lib/pkgconfig/tello_gazebo.pc'
[2.076s] Level 1:colcon.colcon_core.environment:checking '/root/tello_ros_ws/install/tello_gazebo/lib/python3.8/site-packages'
[2.077s] Level 1:colcon.colcon_core.environment:checking '/root/tello_ros_ws/install/tello_gazebo/bin'
[2.078s] INFO:colcon.colcon_core.shell:Creating package script '/root/tello_ros_ws/install/tello_gazebo/share/tello_gazebo/package.ps1'
[2.079s] INFO:colcon.colcon_core.shell:Creating package descriptor '/root/tello_ros_ws/install/tello_gazebo/share/tello_gazebo/package.dsv'
[2.080s] INFO:colcon.colcon_core.shell:Creating package script '/root/tello_ros_ws/install/tello_gazebo/share/tello_gazebo/package.sh'
[2.080s] INFO:colcon.colcon_core.shell:Creating package script '/root/tello_ros_ws/install/tello_gazebo/share/tello_gazebo/package.bash'
[2.080s] INFO:colcon.colcon_core.shell:Creating package script '/root/tello_ros_ws/install/tello_gazebo/share/tello_gazebo/package.zsh'
[2.081s] Level 1:colcon.colcon_core.environment:create_file_with_runtime_dependencies(/root/tello_ros_ws/install/tello_gazebo/share/colcon-core/packages/tello_gazebo)
[2.081s] DEBUG:colcon.colcon_parallel_executor.executor.parallel:closing loop
[2.081s] DEBUG:colcon.colcon_parallel_executor.executor.parallel:loop closed
[2.082s] DEBUG:colcon.colcon_parallel_executor.executor.parallel:run_until_complete finished with '0'
[2.082s] DEBUG:colcon.colcon_core.event_reactor:joining thread
[2.087s] INFO:colcon.colcon_core.plugin_system:Skipping extension 'colcon_notification.desktop_notification.notify_send': Could not find 'notify-send'
[2.087s] INFO:colcon.colcon_core.plugin_system:Skipping extension 'colcon_notification.desktop_notification.terminal_notifier': Not used on non-Darwin systems
[2.087s] INFO:colcon.colcon_core.plugin_system:Skipping extension 'colcon_notification.desktop_notification.win32': Not used on non-Windows systems
[2.088s] INFO:colcon.colcon_notification.desktop_notification:Sending desktop notification using 'notify2'
[2.090s] DEBUG:colcon.colcon_notification.desktop_notification.notify2:Failed to initialize notify2: org.freedesktop.DBus.Error.Spawn.ExecFailed: /usr/bin/dbus-launch terminated abnormally without any error message
[2.090s] DEBUG:colcon.colcon_core.event_reactor:joined thread
[2.091s] INFO:colcon.colcon_core.shell:Creating prefix script '/root/tello_ros_ws/install/local_setup.ps1'
[2.093s] INFO:colcon.colcon_core.shell:Creating prefix util module '/root/tello_ros_ws/install/_local_setup_util_ps1.py'
[2.094s] INFO:colcon.colcon_core.shell:Creating prefix chain script '/root/tello_ros_ws/install/setup.ps1'
[2.095s] INFO:colcon.colcon_core.shell:Creating prefix script '/root/tello_ros_ws/install/local_setup.sh'
[2.095s] INFO:colcon.colcon_core.shell:Creating prefix util module '/root/tello_ros_ws/install/_local_setup_util_sh.py'
[2.095s] INFO:colcon.colcon_core.shell:Creating prefix chain script '/root/tello_ros_ws/install/setup.sh'
[2.096s] INFO:colcon.colcon_core.shell:Creating prefix script '/root/tello_ros_ws/install/local_setup.bash'
[2.096s] INFO:colcon.colcon_core.shell:Creating prefix chain script '/root/tello_ros_ws/install/setup.bash'
[2.097s] INFO:colcon.colcon_core.shell:Creating prefix script '/root/tello_ros_ws/install/local_setup.zsh'
[2.097s] INFO:colcon.colcon_core.shell:Creating prefix chain script '/root/tello_ros_ws/install/setup.zsh'
