[0.226s] DEBUG:colcon:Command line arguments: ['/usr/bin/colcon', 'build']
[0.226s] DEBUG:colcon:Parsed command line arguments: Namespace(ament_cmake_args=None, base_paths=['.'], build_base='build', catkin_cmake_args=None, catkin_skip_building_tests=False, cmake_args=None, cmake_clean_cache=False, cmake_clean_first=False, cmake_force_configure=False, cmake_target=None, cmake_target_skip_unavailable=False, continue_on_error=False, event_handlers=None, executor='parallel', ignore_user_meta=False, install_base='install', log_base=None, log_level=None, main=<bound method BuildVerb.main of <colcon_core.verb.build.BuildVerb object at 0x7cc9cb315d60>>, merge_install=False, metas=['./colcon.meta'], mixin=None, mixin_files=None, mixin_verb=('build',), packages_above=None, packages_above_and_dependencies=None, packages_above_depth=None, packages_end=None, packages_ignore=None, packages_ignore_regex=None, packages_select=None, packages_select_build_failed=False, packages_select_by_dep=None, packages_select_regex=None, packages_select_test_failures=False, packages_skip=None, packages_skip_build_finished=False, packages_skip_by_dep=None, packages_skip_regex=None, packages_skip_test_passed=False, packages_skip_up_to=None, packages_start=None, packages_up_to=None, packages_up_to_regex=None, parallel_workers=32, paths=None, symlink_install=False, test_result_base=None, verb_extension=<colcon_core.verb.build.BuildVerb object at 0x7cc9cb315d60>, verb_name='build', verb_parser=<colcon_mixin.mixin.mixin_argument.MixinArgumentDecorator object at 0x7cc9cb320370>)
[0.240s] Level 1:colcon.colcon_core.package_discovery:discover_packages(colcon_meta) check parameters
[0.240s] INFO:colcon.colcon_metadata.package_discovery.colcon_meta:Using configuration from '/root/.colcon/metadata/default/Gazebo.meta'
[0.240s] INFO:colcon.colcon_metadata.package_discovery.colcon_meta:Using configuration from '/root/.colcon/metadata/default/fastdds.meta'
[0.241s] INFO:colcon.colcon_metadata.package_discovery.colcon_meta:Using configuration from '/root/.colcon/metadata/default/fastrtps.meta'
[0.241s] Level 1:colcon.colcon_core.package_discovery:discover_packages(recursive) check parameters
[0.241s] Level 1:colcon.colcon_core.package_discovery:discover_packages(ignore) check parameters
[0.241s] Level 1:colcon.colcon_core.package_discovery:discover_packages(path) check parameters
[0.241s] Level 1:colcon.colcon_core.package_discovery:discover_packages(colcon_meta) discover
[0.241s] Level 1:colcon.colcon_core.package_discovery:discover_packages(recursive) discover
[0.241s] INFO:colcon.colcon_core.package_discovery:Crawling recursively for packages in '/root/tello_ros_ws'
[0.241s] Level 1:colcon.colcon_core.package_identification:_identify(.) by extensions ['ignore', 'ignore_ament_install']
[0.241s] Level 1:colcon.colcon_core.package_identification:_identify(.) by extension 'ignore'
[0.241s] Level 1:colcon.colcon_core.package_identification:_identify(.) by extension 'ignore_ament_install'
[0.241s] Level 1:colcon.colcon_core.package_identification:_identify(.) by extensions ['colcon_pkg']
[0.241s] Level 1:colcon.colcon_core.package_identification:_identify(.) by extension 'colcon_pkg'
[0.241s] Level 1:colcon.colcon_core.package_identification:_identify(.) by extensions ['colcon_meta']
[0.241s] Level 1:colcon.colcon_core.package_identification:_identify(.) by extension 'colcon_meta'
[0.241s] Level 1:colcon.colcon_core.package_identification:_identify(.) by extensions ['ros']
[0.241s] Level 1:colcon.colcon_core.package_identification:_identify(.) by extension 'ros'
[0.253s] Level 1:colcon.colcon_core.package_identification:_identify(.) by extensions ['cmake', 'python']
[0.253s] Level 1:colcon.colcon_core.package_identification:_identify(.) by extension 'cmake'
[0.253s] Level 1:colcon.colcon_core.package_identification:_identify(.) by extension 'python'
[0.253s] Level 1:colcon.colcon_core.package_identification:_identify(.) by extensions ['python_setup_py']
[0.253s] Level 1:colcon.colcon_core.package_identification:_identify(.) by extension 'python_setup_py'
[0.253s] Level 1:colcon.colcon_core.package_identification:_identify(build) by extensions ['ignore', 'ignore_ament_install']
[0.253s] Level 1:colcon.colcon_core.package_identification:_identify(build) by extension 'ignore'
[0.253s] Level 1:colcon.colcon_core.package_identification:_identify(build) ignored
[0.253s] Level 1:colcon.colcon_core.package_identification:_identify(install) by extensions ['ignore', 'ignore_ament_install']
[0.253s] Level 1:colcon.colcon_core.package_identification:_identify(install) by extension 'ignore'
[0.253s] Level 1:colcon.colcon_core.package_identification:_identify(install) ignored
[0.253s] Level 1:colcon.colcon_core.package_identification:_identify(log) by extensions ['ignore', 'ignore_ament_install']
[0.254s] Level 1:colcon.colcon_core.package_identification:_identify(log) by extension 'ignore'
[0.254s] Level 1:colcon.colcon_core.package_identification:_identify(log) ignored
[0.254s] Level 1:colcon.colcon_core.package_identification:_identify(src) by extensions ['ignore', 'ignore_ament_install']
[0.254s] Level 1:colcon.colcon_core.package_identification:_identify(src) by extension 'ignore'
[0.254s] Level 1:colcon.colcon_core.package_identification:_identify(src) by extension 'ignore_ament_install'
[0.254s] Level 1:colcon.colcon_core.package_identification:_identify(src) by extensions ['colcon_pkg']
[0.254s] Level 1:colcon.colcon_core.package_identification:_identify(src) by extension 'colcon_pkg'
[0.254s] Level 1:colcon.colcon_core.package_identification:_identify(src) by extensions ['colcon_meta']
[0.254s] Level 1:colcon.colcon_core.package_identification:_identify(src) by extension 'colcon_meta'
[0.254s] Level 1:colcon.colcon_core.package_identification:_identify(src) by extensions ['ros']
[0.254s] Level 1:colcon.colcon_core.package_identification:_identify(src) by extension 'ros'
[0.254s] Level 1:colcon.colcon_core.package_identification:_identify(src) by extensions ['cmake', 'python']
[0.254s] Level 1:colcon.colcon_core.package_identification:_identify(src) by extension 'cmake'
[0.254s] Level 1:colcon.colcon_core.package_identification:_identify(src) by extension 'python'
[0.254s] Level 1:colcon.colcon_core.package_identification:_identify(src) by extensions ['python_setup_py']
[0.254s] Level 1:colcon.colcon_core.package_identification:_identify(src) by extension 'python_setup_py'
[0.254s] Level 1:colcon.colcon_core.package_identification:_identify(src/build) by extensions ['ignore', 'ignore_ament_install']
[0.254s] Level 1:colcon.colcon_core.package_identification:_identify(src/build) by extension 'ignore'
[0.254s] Level 1:colcon.colcon_core.package_identification:_identify(src/build) ignored
[0.254s] Level 1:colcon.colcon_core.package_identification:_identify(src/install) by extensions ['ignore', 'ignore_ament_install']
[0.254s] Level 1:colcon.colcon_core.package_identification:_identify(src/install) by extension 'ignore'
[0.254s] Level 1:colcon.colcon_core.package_identification:_identify(src/install) ignored
[0.254s] Level 1:colcon.colcon_core.package_identification:_identify(src/log) by extensions ['ignore', 'ignore_ament_install']
[0.254s] Level 1:colcon.colcon_core.package_identification:_identify(src/log) by extension 'ignore'
[0.254s] Level 1:colcon.colcon_core.package_identification:_identify(src/log) ignored
[0.254s] Level 1:colcon.colcon_core.package_identification:_identify(src/ros2_shared) by extensions ['ignore', 'ignore_ament_install']
[0.254s] Level 1:colcon.colcon_core.package_identification:_identify(src/ros2_shared) by extension 'ignore'
[0.254s] Level 1:colcon.colcon_core.package_identification:_identify(src/ros2_shared) by extension 'ignore_ament_install'
[0.254s] Level 1:colcon.colcon_core.package_identification:_identify(src/ros2_shared) by extensions ['colcon_pkg']
[0.254s] Level 1:colcon.colcon_core.package_identification:_identify(src/ros2_shared) by extension 'colcon_pkg'
[0.254s] Level 1:colcon.colcon_core.package_identification:_identify(src/ros2_shared) by extensions ['colcon_meta']
[0.254s] Level 1:colcon.colcon_core.package_identification:_identify(src/ros2_shared) by extension 'colcon_meta'
[0.254s] Level 1:colcon.colcon_core.package_identification:_identify(src/ros2_shared) by extensions ['ros']
[0.254s] Level 1:colcon.colcon_core.package_identification:_identify(src/ros2_shared) by extension 'ros'
[0.256s] DEBUG:colcon.colcon_core.package_identification:Package 'src/ros2_shared' with type 'ros.ament_cmake' and name 'ros2_shared'
[0.256s] Level 1:colcon.colcon_core.package_identification:_identify(src/tello_control) by extensions ['ignore', 'ignore_ament_install']
[0.256s] Level 1:colcon.colcon_core.package_identification:_identify(src/tello_control) by extension 'ignore'
[0.256s] Level 1:colcon.colcon_core.package_identification:_identify(src/tello_control) by extension 'ignore_ament_install'
[0.256s] Level 1:colcon.colcon_core.package_identification:_identify(src/tello_control) by extensions ['colcon_pkg']
[0.256s] Level 1:colcon.colcon_core.package_identification:_identify(src/tello_control) by extension 'colcon_pkg'
[0.256s] Level 1:colcon.colcon_core.package_identification:_identify(src/tello_control) by extensions ['colcon_meta']
[0.256s] Level 1:colcon.colcon_core.package_identification:_identify(src/tello_control) by extension 'colcon_meta'
[0.256s] Level 1:colcon.colcon_core.package_identification:_identify(src/tello_control) by extensions ['ros']
[0.256s] Level 1:colcon.colcon_core.package_identification:_identify(src/tello_control) by extension 'ros'
[0.256s] DEBUG:colcon.colcon_core.package_identification:Package 'src/tello_control' with type 'ros.ament_python' and name 'tello_control'
[0.256s] Level 1:colcon.colcon_core.package_identification:_identify(src/tello_cv) by extensions ['ignore', 'ignore_ament_install']
[0.256s] Level 1:colcon.colcon_core.package_identification:_identify(src/tello_cv) by extension 'ignore'
[0.256s] Level 1:colcon.colcon_core.package_identification:_identify(src/tello_cv) by extension 'ignore_ament_install'
[0.256s] Level 1:colcon.colcon_core.package_identification:_identify(src/tello_cv) by extensions ['colcon_pkg']
[0.256s] Level 1:colcon.colcon_core.package_identification:_identify(src/tello_cv) by extension 'colcon_pkg'
[0.257s] Level 1:colcon.colcon_core.package_identification:_identify(src/tello_cv) by extensions ['colcon_meta']
[0.257s] Level 1:colcon.colcon_core.package_identification:_identify(src/tello_cv) by extension 'colcon_meta'
[0.257s] Level 1:colcon.colcon_core.package_identification:_identify(src/tello_cv) by extensions ['ros']
[0.257s] Level 1:colcon.colcon_core.package_identification:_identify(src/tello_cv) by extension 'ros'
[0.257s] DEBUG:colcon.colcon_core.package_identification:Package 'src/tello_cv' with type 'ros.ament_python' and name 'tello_cv'
[0.257s] Level 1:colcon.colcon_core.package_identification:_identify(src/tello_description) by extensions ['ignore', 'ignore_ament_install']
[0.257s] Level 1:colcon.colcon_core.package_identification:_identify(src/tello_description) by extension 'ignore'
[0.257s] Level 1:colcon.colcon_core.package_identification:_identify(src/tello_description) by extension 'ignore_ament_install'
[0.257s] Level 1:colcon.colcon_core.package_identification:_identify(src/tello_description) by extensions ['colcon_pkg']
[0.257s] Level 1:colcon.colcon_core.package_identification:_identify(src/tello_description) by extension 'colcon_pkg'
[0.257s] Level 1:colcon.colcon_core.package_identification:_identify(src/tello_description) by extensions ['colcon_meta']
[0.257s] Level 1:colcon.colcon_core.package_identification:_identify(src/tello_description) by extension 'colcon_meta'
[0.257s] Level 1:colcon.colcon_core.package_identification:_identify(src/tello_description) by extensions ['ros']
[0.257s] Level 1:colcon.colcon_core.package_identification:_identify(src/tello_description) by extension 'ros'
[0.257s] DEBUG:colcon.colcon_core.package_identification:Package 'src/tello_description' with type 'ros.ament_cmake' and name 'tello_description'
[0.257s] Level 1:colcon.colcon_core.package_identification:_identify(src/tello_driver) by extensions ['ignore', 'ignore_ament_install']
[0.257s] Level 1:colcon.colcon_core.package_identification:_identify(src/tello_driver) by extension 'ignore'
[0.257s] Level 1:colcon.colcon_core.package_identification:_identify(src/tello_driver) by extension 'ignore_ament_install'
[0.257s] Level 1:colcon.colcon_core.package_identification:_identify(src/tello_driver) by extensions ['colcon_pkg']
[0.257s] Level 1:colcon.colcon_core.package_identification:_identify(src/tello_driver) by extension 'colcon_pkg'
[0.257s] Level 1:colcon.colcon_core.package_identification:_identify(src/tello_driver) by extensions ['colcon_meta']
[0.257s] Level 1:colcon.colcon_core.package_identification:_identify(src/tello_driver) by extension 'colcon_meta'
[0.257s] Level 1:colcon.colcon_core.package_identification:_identify(src/tello_driver) by extensions ['ros']
[0.258s] Level 1:colcon.colcon_core.package_identification:_identify(src/tello_driver) by extension 'ros'
[0.258s] DEBUG:colcon.colcon_core.package_identification:Package 'src/tello_driver' with type 'ros.ament_cmake' and name 'tello_driver'
[0.258s] Level 1:colcon.colcon_core.package_identification:_identify(src/tello_gazebo) by extensions ['ignore', 'ignore_ament_install']
[0.258s] Level 1:colcon.colcon_core.package_identification:_identify(src/tello_gazebo) by extension 'ignore'
[0.258s] Level 1:colcon.colcon_core.package_identification:_identify(src/tello_gazebo) by extension 'ignore_ament_install'
[0.258s] Level 1:colcon.colcon_core.package_identification:_identify(src/tello_gazebo) by extensions ['colcon_pkg']
[0.258s] Level 1:colcon.colcon_core.package_identification:_identify(src/tello_gazebo) by extension 'colcon_pkg'
[0.258s] Level 1:colcon.colcon_core.package_identification:_identify(src/tello_gazebo) by extensions ['colcon_meta']
[0.258s] Level 1:colcon.colcon_core.package_identification:_identify(src/tello_gazebo) by extension 'colcon_meta'
[0.258s] Level 1:colcon.colcon_core.package_identification:_identify(src/tello_gazebo) by extensions ['ros']
[0.258s] Level 1:colcon.colcon_core.package_identification:_identify(src/tello_gazebo) by extension 'ros'
[0.259s] DEBUG:colcon.colcon_core.package_identification:Package 'src/tello_gazebo' with type 'ros.ament_cmake' and name 'tello_gazebo'
[0.259s] Level 1:colcon.colcon_core.package_identification:_identify(src/tello_msgs) by extensions ['ignore', 'ignore_ament_install']
[0.259s] Level 1:colcon.colcon_core.package_identification:_identify(src/tello_msgs) by extension 'ignore'
[0.259s] Level 1:colcon.colcon_core.package_identification:_identify(src/tello_msgs) by extension 'ignore_ament_install'
[0.259s] Level 1:colcon.colcon_core.package_identification:_identify(src/tello_msgs) by extensions ['colcon_pkg']
[0.259s] Level 1:colcon.colcon_core.package_identification:_identify(src/tello_msgs) by extension 'colcon_pkg'
[0.259s] Level 1:colcon.colcon_core.package_identification:_identify(src/tello_msgs) by extensions ['colcon_meta']
[0.259s] Level 1:colcon.colcon_core.package_identification:_identify(src/tello_msgs) by extension 'colcon_meta'
[0.259s] Level 1:colcon.colcon_core.package_identification:_identify(src/tello_msgs) by extensions ['ros']
[0.259s] Level 1:colcon.colcon_core.package_identification:_identify(src/tello_msgs) by extension 'ros'
[0.259s] DEBUG:colcon.colcon_core.package_identification:Package 'src/tello_msgs' with type 'ros.ament_cmake' and name 'tello_msgs'
[0.259s] Level 1:colcon.colcon_core.package_discovery:discover_packages(recursive) using defaults
[0.259s] Level 1:colcon.colcon_core.package_discovery:discover_packages(ignore) discover
[0.259s] Level 1:colcon.colcon_core.package_discovery:discover_packages(ignore) using defaults
[0.259s] Level 1:colcon.colcon_core.package_discovery:discover_packages(path) discover
[0.259s] Level 1:colcon.colcon_core.package_discovery:discover_packages(path) using defaults
[0.270s] Level 5:colcon.colcon_core.verb:set package 'ros2_shared' build argument 'cmake_args' from command line to 'None'
[0.270s] Level 5:colcon.colcon_core.verb:set package 'ros2_shared' build argument 'cmake_target' from command line to 'None'
[0.270s] Level 5:colcon.colcon_core.verb:set package 'ros2_shared' build argument 'cmake_target_skip_unavailable' from command line to 'False'
[0.270s] Level 5:colcon.colcon_core.verb:set package 'ros2_shared' build argument 'cmake_clean_cache' from command line to 'False'
[0.270s] Level 5:colcon.colcon_core.verb:set package 'ros2_shared' build argument 'cmake_clean_first' from command line to 'False'
[0.270s] Level 5:colcon.colcon_core.verb:set package 'ros2_shared' build argument 'cmake_force_configure' from command line to 'False'
[0.270s] Level 5:colcon.colcon_core.verb:set package 'ros2_shared' build argument 'ament_cmake_args' from command line to 'None'
[0.270s] Level 5:colcon.colcon_core.verb:set package 'ros2_shared' build argument 'catkin_cmake_args' from command line to 'None'
[0.270s] Level 5:colcon.colcon_core.verb:set package 'ros2_shared' build argument 'catkin_skip_building_tests' from command line to 'False'
[0.270s] DEBUG:colcon.colcon_core.verb:Building package 'ros2_shared' with the following arguments: {'ament_cmake_args': None, 'build_base': '/root/tello_ros_ws/build/ros2_shared', 'catkin_cmake_args': None, 'catkin_skip_building_tests': False, 'cmake_args': None, 'cmake_clean_cache': False, 'cmake_clean_first': False, 'cmake_force_configure': False, 'cmake_target': None, 'cmake_target_skip_unavailable': False, 'install_base': '/root/tello_ros_ws/install/ros2_shared', 'merge_install': False, 'path': '/root/tello_ros_ws/src/ros2_shared', 'symlink_install': False, 'test_result_base': None}
[0.270s] Level 5:colcon.colcon_core.verb:set package 'tello_cv' build argument 'cmake_args' from command line to 'None'
[0.270s] Level 5:colcon.colcon_core.verb:set package 'tello_cv' build argument 'cmake_target' from command line to 'None'
[0.270s] Level 5:colcon.colcon_core.verb:set package 'tello_cv' build argument 'cmake_target_skip_unavailable' from command line to 'False'
[0.270s] Level 5:colcon.colcon_core.verb:set package 'tello_cv' build argument 'cmake_clean_cache' from command line to 'False'
[0.270s] Level 5:colcon.colcon_core.verb:set package 'tello_cv' build argument 'cmake_clean_first' from command line to 'False'
[0.270s] Level 5:colcon.colcon_core.verb:set package 'tello_cv' build argument 'cmake_force_configure' from command line to 'False'
[0.270s] Level 5:colcon.colcon_core.verb:set package 'tello_cv' build argument 'ament_cmake_args' from command line to 'None'
[0.270s] Level 5:colcon.colcon_core.verb:set package 'tello_cv' build argument 'catkin_cmake_args' from command line to 'None'
[0.270s] Level 5:colcon.colcon_core.verb:set package 'tello_cv' build argument 'catkin_skip_building_tests' from command line to 'False'
[0.270s] DEBUG:colcon.colcon_core.verb:Building package 'tello_cv' with the following arguments: {'ament_cmake_args': None, 'build_base': '/root/tello_ros_ws/build/tello_cv', 'catkin_cmake_args': None, 'catkin_skip_building_tests': False, 'cmake_args': None, 'cmake_clean_cache': False, 'cmake_clean_first': False, 'cmake_force_configure': False, 'cmake_target': None, 'cmake_target_skip_unavailable': False, 'install_base': '/root/tello_ros_ws/install/tello_cv', 'merge_install': False, 'path': '/root/tello_ros_ws/src/tello_cv', 'symlink_install': False, 'test_result_base': None}
[0.271s] Level 5:colcon.colcon_core.verb:set package 'tello_description' build argument 'cmake_args' from command line to 'None'
[0.271s] Level 5:colcon.colcon_core.verb:set package 'tello_description' build argument 'cmake_target' from command line to 'None'
[0.271s] Level 5:colcon.colcon_core.verb:set package 'tello_description' build argument 'cmake_target_skip_unavailable' from command line to 'False'
[0.271s] Level 5:colcon.colcon_core.verb:set package 'tello_description' build argument 'cmake_clean_cache' from command line to 'False'
[0.271s] Level 5:colcon.colcon_core.verb:set package 'tello_description' build argument 'cmake_clean_first' from command line to 'False'
[0.271s] Level 5:colcon.colcon_core.verb:set package 'tello_description' build argument 'cmake_force_configure' from command line to 'False'
[0.271s] Level 5:colcon.colcon_core.verb:set package 'tello_description' build argument 'ament_cmake_args' from command line to 'None'
[0.271s] Level 5:colcon.colcon_core.verb:set package 'tello_description' build argument 'catkin_cmake_args' from command line to 'None'
[0.271s] Level 5:colcon.colcon_core.verb:set package 'tello_description' build argument 'catkin_skip_building_tests' from command line to 'False'
[0.271s] DEBUG:colcon.colcon_core.verb:Building package 'tello_description' with the following arguments: {'ament_cmake_args': None, 'build_base': '/root/tello_ros_ws/build/tello_description', 'catkin_cmake_args': None, 'catkin_skip_building_tests': False, 'cmake_args': None, 'cmake_clean_cache': False, 'cmake_clean_first': False, 'cmake_force_configure': False, 'cmake_target': None, 'cmake_target_skip_unavailable': False, 'install_base': '/root/tello_ros_ws/install/tello_description', 'merge_install': False, 'path': '/root/tello_ros_ws/src/tello_description', 'symlink_install': False, 'test_result_base': None}
[0.271s] Level 5:colcon.colcon_core.verb:set package 'tello_msgs' build argument 'cmake_args' from command line to 'None'
[0.271s] Level 5:colcon.colcon_core.verb:set package 'tello_msgs' build argument 'cmake_target' from command line to 'None'
[0.271s] Level 5:colcon.colcon_core.verb:set package 'tello_msgs' build argument 'cmake_target_skip_unavailable' from command line to 'False'
[0.271s] Level 5:colcon.colcon_core.verb:set package 'tello_msgs' build argument 'cmake_clean_cache' from command line to 'False'
[0.271s] Level 5:colcon.colcon_core.verb:set package 'tello_msgs' build argument 'cmake_clean_first' from command line to 'False'
[0.271s] Level 5:colcon.colcon_core.verb:set package 'tello_msgs' build argument 'cmake_force_configure' from command line to 'False'
[0.271s] Level 5:colcon.colcon_core.verb:set package 'tello_msgs' build argument 'ament_cmake_args' from command line to 'None'
[0.271s] Level 5:colcon.colcon_core.verb:set package 'tello_msgs' build argument 'catkin_cmake_args' from command line to 'None'
[0.271s] Level 5:colcon.colcon_core.verb:set package 'tello_msgs' build argument 'catkin_skip_building_tests' from command line to 'False'
[0.271s] DEBUG:colcon.colcon_core.verb:Building package 'tello_msgs' with the following arguments: {'ament_cmake_args': None, 'build_base': '/root/tello_ros_ws/build/tello_msgs', 'catkin_cmake_args': None, 'catkin_skip_building_tests': False, 'cmake_args': None, 'cmake_clean_cache': False, 'cmake_clean_first': False, 'cmake_force_configure': False, 'cmake_target': None, 'cmake_target_skip_unavailable': False, 'install_base': '/root/tello_ros_ws/install/tello_msgs', 'merge_install': False, 'path': '/root/tello_ros_ws/src/tello_msgs', 'symlink_install': False, 'test_result_base': None}
[0.272s] Level 5:colcon.colcon_core.verb:set package 'tello_control' build argument 'cmake_args' from command line to 'None'
[0.272s] Level 5:colcon.colcon_core.verb:set package 'tello_control' build argument 'cmake_target' from command line to 'None'
[0.272s] Level 5:colcon.colcon_core.verb:set package 'tello_control' build argument 'cmake_target_skip_unavailable' from command line to 'False'
[0.272s] Level 5:colcon.colcon_core.verb:set package 'tello_control' build argument 'cmake_clean_cache' from command line to 'False'
[0.272s] Level 5:colcon.colcon_core.verb:set package 'tello_control' build argument 'cmake_clean_first' from command line to 'False'
[0.272s] Level 5:colcon.colcon_core.verb:set package 'tello_control' build argument 'cmake_force_configure' from command line to 'False'
[0.272s] Level 5:colcon.colcon_core.verb:set package 'tello_control' build argument 'ament_cmake_args' from command line to 'None'
[0.272s] Level 5:colcon.colcon_core.verb:set package 'tello_control' build argument 'catkin_cmake_args' from command line to 'None'
[0.272s] Level 5:colcon.colcon_core.verb:set package 'tello_control' build argument 'catkin_skip_building_tests' from command line to 'False'
[0.272s] DEBUG:colcon.colcon_core.verb:Building package 'tello_control' with the following arguments: {'ament_cmake_args': None, 'build_base': '/root/tello_ros_ws/build/tello_control', 'catkin_cmake_args': None, 'catkin_skip_building_tests': False, 'cmake_args': None, 'cmake_clean_cache': False, 'cmake_clean_first': False, 'cmake_force_configure': False, 'cmake_target': None, 'cmake_target_skip_unavailable': False, 'install_base': '/root/tello_ros_ws/install/tello_control', 'merge_install': False, 'path': '/root/tello_ros_ws/src/tello_control', 'symlink_install': False, 'test_result_base': None}
[0.272s] Level 5:colcon.colcon_core.verb:set package 'tello_driver' build argument 'cmake_args' from command line to 'None'
[0.272s] Level 5:colcon.colcon_core.verb:set package 'tello_driver' build argument 'cmake_target' from command line to 'None'
[0.272s] Level 5:colcon.colcon_core.verb:set package 'tello_driver' build argument 'cmake_target_skip_unavailable' from command line to 'False'
[0.272s] Level 5:colcon.colcon_core.verb:set package 'tello_driver' build argument 'cmake_clean_cache' from command line to 'False'
[0.272s] Level 5:colcon.colcon_core.verb:set package 'tello_driver' build argument 'cmake_clean_first' from command line to 'False'
[0.272s] Level 5:colcon.colcon_core.verb:set package 'tello_driver' build argument 'cmake_force_configure' from command line to 'False'
[0.272s] Level 5:colcon.colcon_core.verb:set package 'tello_driver' build argument 'ament_cmake_args' from command line to 'None'
[0.272s] Level 5:colcon.colcon_core.verb:set package 'tello_driver' build argument 'catkin_cmake_args' from command line to 'None'
[0.272s] Level 5:colcon.colcon_core.verb:set package 'tello_driver' build argument 'catkin_skip_building_tests' from command line to 'False'
[0.272s] DEBUG:colcon.colcon_core.verb:Building package 'tello_driver' with the following arguments: {'ament_cmake_args': None, 'build_base': '/root/tello_ros_ws/build/tello_driver', 'catkin_cmake_args': None, 'catkin_skip_building_tests': False, 'cmake_args': None, 'cmake_clean_cache': False, 'cmake_clean_first': False, 'cmake_force_configure': False, 'cmake_target': None, 'cmake_target_skip_unavailable': False, 'install_base': '/root/tello_ros_ws/install/tello_driver', 'merge_install': False, 'path': '/root/tello_ros_ws/src/tello_driver', 'symlink_install': False, 'test_result_base': None}
[0.272s] Level 5:colcon.colcon_core.verb:set package 'tello_gazebo' build argument 'cmake_args' from command line to 'None'
[0.272s] Level 5:colcon.colcon_core.verb:set package 'tello_gazebo' build argument 'cmake_target' from command line to 'None'
[0.272s] Level 5:colcon.colcon_core.verb:set package 'tello_gazebo' build argument 'cmake_target_skip_unavailable' from command line to 'False'
[0.272s] Level 5:colcon.colcon_core.verb:set package 'tello_gazebo' build argument 'cmake_clean_cache' from command line to 'False'
[0.272s] Level 5:colcon.colcon_core.verb:set package 'tello_gazebo' build argument 'cmake_clean_first' from command line to 'False'
[0.272s] Level 5:colcon.colcon_core.verb:set package 'tello_gazebo' build argument 'cmake_force_configure' from command line to 'False'
[0.272s] Level 5:colcon.colcon_core.verb:set package 'tello_gazebo' build argument 'ament_cmake_args' from command line to 'None'
[0.272s] Level 5:colcon.colcon_core.verb:set package 'tello_gazebo' build argument 'catkin_cmake_args' from command line to 'None'
[0.273s] Level 5:colcon.colcon_core.verb:set package 'tello_gazebo' build argument 'catkin_skip_building_tests' from command line to 'False'
[0.273s] DEBUG:colcon.colcon_core.verb:Building package 'tello_gazebo' with the following arguments: {'ament_cmake_args': None, 'build_base': '/root/tello_ros_ws/build/tello_gazebo', 'catkin_cmake_args': None, 'catkin_skip_building_tests': False, 'cmake_args': None, 'cmake_clean_cache': False, 'cmake_clean_first': False, 'cmake_force_configure': False, 'cmake_target': None, 'cmake_target_skip_unavailable': False, 'install_base': '/root/tello_ros_ws/install/tello_gazebo', 'merge_install': False, 'path': '/root/tello_ros_ws/src/tello_gazebo', 'symlink_install': False, 'test_result_base': None}
[0.273s] INFO:colcon.colcon_core.executor:Executing jobs using 'parallel' executor
[0.274s] DEBUG:colcon.colcon_parallel_executor.executor.parallel:run_until_complete
[0.275s] INFO:colcon.colcon_ros.task.ament_cmake.build:Building ROS package in '/root/tello_ros_ws/src/tello_msgs' with build type 'ament_cmake'
[0.275s] INFO:colcon.colcon_cmake.task.cmake.build:Building CMake package in '/root/tello_ros_ws/src/tello_msgs'
[0.277s] INFO:colcon.colcon_core.plugin_system:Skipping extension 'colcon_core.shell.bat': Not used on non-Windows systems
[0.277s] INFO:colcon.colcon_core.shell:Skip shell extension 'powershell' for command environment: Not usable outside of PowerShell
[0.277s] DEBUG:colcon.colcon_core.shell:Skip shell extension 'dsv' for command environment
[0.282s] INFO:colcon.colcon_ros.task.ament_cmake.build:Building ROS package in '/root/tello_ros_ws/src/ros2_shared' with build type 'ament_cmake'
[0.282s] INFO:colcon.colcon_cmake.task.cmake.build:Building CMake package in '/root/tello_ros_ws/src/ros2_shared'
[0.284s] INFO:colcon.colcon_core.shell:Skip shell extension 'powershell' for command environment: Not usable outside of PowerShell
[0.284s] DEBUG:colcon.colcon_core.shell:Skip shell extension 'dsv' for command environment
[0.289s] INFO:colcon.colcon_ros.task.ament_python.build:Building ROS package in '/root/tello_ros_ws/src/tello_cv' with build type 'ament_python'
[0.289s] Level 1:colcon.colcon_core.shell:create_environment_hook('tello_cv', 'ament_prefix_path')
[0.290s] INFO:colcon.colcon_core.shell:Creating environment hook '/root/tello_ros_ws/install/tello_cv/share/tello_cv/hook/ament_prefix_path.ps1'
[0.290s] INFO:colcon.colcon_core.shell:Creating environment descriptor '/root/tello_ros_ws/install/tello_cv/share/tello_cv/hook/ament_prefix_path.dsv'
[0.291s] INFO:colcon.colcon_core.shell:Creating environment hook '/root/tello_ros_ws/install/tello_cv/share/tello_cv/hook/ament_prefix_path.sh'
[0.292s] INFO:colcon.colcon_core.shell:Skip shell extension 'powershell' for command environment: Not usable outside of PowerShell
[0.292s] DEBUG:colcon.colcon_core.shell:Skip shell extension 'dsv' for command environment
[0.296s] INFO:colcon.colcon_ros.task.ament_cmake.build:Building ROS package in '/root/tello_ros_ws/src/tello_description' with build type 'ament_cmake'
[0.296s] INFO:colcon.colcon_cmake.task.cmake.build:Building CMake package in '/root/tello_ros_ws/src/tello_description'
[0.297s] INFO:colcon.colcon_core.shell:Skip shell extension 'powershell' for command environment: Not usable outside of PowerShell
[0.297s] DEBUG:colcon.colcon_core.shell:Skip shell extension 'dsv' for command environment
[0.304s] DEBUG:colcon.colcon_core.event_handler.log_command:Invoking command in '/root/tello_ros_ws/build/tello_msgs': CMAKE_PREFIX_PATH=${CMAKE_PREFIX_PATH}:/root/tello_ros_ws/install/tello_control:/root/tello_ros_ws/install/tello_cv:/opt/ros/foxy /usr/bin/cmake --build /root/tello_ros_ws/build/tello_msgs -- -j32 -l32
[0.310s] DEBUG:colcon.colcon_core.event_handler.log_command:Invoking command in '/root/tello_ros_ws/build/ros2_shared': CMAKE_PREFIX_PATH=${CMAKE_PREFIX_PATH}:/root/tello_ros_ws/install/tello_control:/root/tello_ros_ws/install/tello_cv:/opt/ros/foxy /usr/bin/cmake --build /root/tello_ros_ws/build/ros2_shared -- -j32 -l32
[0.459s] INFO:colcon.colcon_core.task.python.build:Building Python package in '/root/tello_ros_ws/src/tello_cv'
[0.461s] INFO:colcon.colcon_core.shell:Skip shell extension 'powershell' for command environment: Not usable outside of PowerShell
[0.461s] DEBUG:colcon.colcon_core.shell:Skip shell extension 'dsv' for command environment
[0.471s] DEBUG:colcon.colcon_core.event_handler.log_command:Invoked command in '/root/tello_ros_ws/build/ros2_shared' returned '0': CMAKE_PREFIX_PATH=${CMAKE_PREFIX_PATH}:/root/tello_ros_ws/install/tello_control:/root/tello_ros_ws/install/tello_cv:/opt/ros/foxy /usr/bin/cmake --build /root/tello_ros_ws/build/ros2_shared -- -j32 -l32
[0.475s] DEBUG:colcon.colcon_core.event_handler.log_command:Invoking command in '/root/tello_ros_ws/build/tello_description': CMAKE_PREFIX_PATH=${CMAKE_PREFIX_PATH}:/root/tello_ros_ws/install/tello_control:/root/tello_ros_ws/install/tello_cv:/opt/ros/foxy /usr/bin/cmake --build /root/tello_ros_ws/build/tello_description -- -j32 -l32
[0.504s] DEBUG:colcon.colcon_core.event_handler.log_command:Invoking command in '/root/tello_ros_ws/build/ros2_shared': CMAKE_PREFIX_PATH=${CMAKE_PREFIX_PATH}:/root/tello_ros_ws/install/tello_control:/root/tello_ros_ws/install/tello_cv:/opt/ros/foxy /usr/bin/cmake --install /root/tello_ros_ws/build/ros2_shared
[0.506s] DEBUG:colcon.colcon_core.event_handler.log_command:Invoked command in '/root/tello_ros_ws/build/tello_msgs' returned '0': CMAKE_PREFIX_PATH=${CMAKE_PREFIX_PATH}:/root/tello_ros_ws/install/tello_control:/root/tello_ros_ws/install/tello_cv:/opt/ros/foxy /usr/bin/cmake --build /root/tello_ros_ws/build/tello_msgs -- -j32 -l32
[0.510s] Level 1:colcon.colcon_core.environment:create_environment_scripts_only(ros2_shared)
[0.511s] DEBUG:colcon.colcon_core.event_handler.log_command:Invoked command in '/root/tello_ros_ws/build/ros2_shared' returned '0': CMAKE_PREFIX_PATH=${CMAKE_PREFIX_PATH}:/root/tello_ros_ws/install/tello_control:/root/tello_ros_ws/install/tello_cv:/opt/ros/foxy /usr/bin/cmake --install /root/tello_ros_ws/build/ros2_shared
[0.516s] Level 1:colcon.colcon_core.environment:checking '/root/tello_ros_ws/install/ros2_shared' for CMake module files
[0.516s] Level 1:colcon.colcon_core.environment:checking '/root/tello_ros_ws/install/ros2_shared' for CMake config files
[0.516s] Level 1:colcon.colcon_core.shell:create_environment_hook('ros2_shared', 'cmake_prefix_path')
[0.518s] INFO:colcon.colcon_core.shell:Creating environment hook '/root/tello_ros_ws/install/ros2_shared/share/ros2_shared/hook/cmake_prefix_path.ps1'
[0.518s] INFO:colcon.colcon_core.shell:Creating environment descriptor '/root/tello_ros_ws/install/ros2_shared/share/ros2_shared/hook/cmake_prefix_path.dsv'
[0.519s] INFO:colcon.colcon_core.shell:Creating environment hook '/root/tello_ros_ws/install/ros2_shared/share/ros2_shared/hook/cmake_prefix_path.sh'
[0.519s] Level 1:colcon.colcon_core.environment:checking '/root/tello_ros_ws/install/ros2_shared/bin'
[0.519s] Level 1:colcon.colcon_core.environment:checking '/root/tello_ros_ws/install/ros2_shared/lib/pkgconfig/ros2_shared.pc'
[0.519s] Level 1:colcon.colcon_core.environment:checking '/root/tello_ros_ws/install/ros2_shared/lib/python3.8/site-packages'
[0.520s] Level 1:colcon.colcon_core.environment:checking '/root/tello_ros_ws/install/ros2_shared/bin'
[0.520s] INFO:colcon.colcon_core.shell:Creating package script '/root/tello_ros_ws/install/ros2_shared/share/ros2_shared/package.ps1'
[0.521s] INFO:colcon.colcon_core.shell:Creating package descriptor '/root/tello_ros_ws/install/ros2_shared/share/ros2_shared/package.dsv'
[0.521s] INFO:colcon.colcon_core.shell:Creating package script '/root/tello_ros_ws/install/ros2_shared/share/ros2_shared/package.sh'
[0.521s] INFO:colcon.colcon_core.shell:Creating package script '/root/tello_ros_ws/install/ros2_shared/share/ros2_shared/package.bash'
[0.522s] INFO:colcon.colcon_core.shell:Creating package script '/root/tello_ros_ws/install/ros2_shared/share/ros2_shared/package.zsh'
[0.522s] Level 1:colcon.colcon_core.environment:create_file_with_runtime_dependencies(/root/tello_ros_ws/install/ros2_shared/share/colcon-core/packages/ros2_shared)
[0.528s] DEBUG:colcon.colcon_core.event_handler.log_command:Invoked command in '/root/tello_ros_ws/build/tello_description' returned '0': CMAKE_PREFIX_PATH=${CMAKE_PREFIX_PATH}:/root/tello_ros_ws/install/tello_control:/root/tello_ros_ws/install/tello_cv:/opt/ros/foxy /usr/bin/cmake --build /root/tello_ros_ws/build/tello_description -- -j32 -l32
[0.539s] Level 1:colcon.colcon_core.environment:create_environment_scripts_only(ros2_shared)
[0.541s] Level 1:colcon.colcon_core.environment:checking '/root/tello_ros_ws/install/ros2_shared' for CMake module files
[0.542s] Level 1:colcon.colcon_core.environment:checking '/root/tello_ros_ws/install/ros2_shared' for CMake config files
[0.542s] Level 1:colcon.colcon_core.shell:create_environment_hook('ros2_shared', 'cmake_prefix_path')
[0.543s] INFO:colcon.colcon_core.shell:Creating environment hook '/root/tello_ros_ws/install/ros2_shared/share/ros2_shared/hook/cmake_prefix_path.ps1'
[0.544s] INFO:colcon.colcon_core.shell:Creating environment descriptor '/root/tello_ros_ws/install/ros2_shared/share/ros2_shared/hook/cmake_prefix_path.dsv'
[0.544s] INFO:colcon.colcon_core.shell:Creating environment hook '/root/tello_ros_ws/install/ros2_shared/share/ros2_shared/hook/cmake_prefix_path.sh'
[0.545s] Level 1:colcon.colcon_core.environment:checking '/root/tello_ros_ws/install/ros2_shared/bin'
[0.545s] Level 1:colcon.colcon_core.environment:checking '/root/tello_ros_ws/install/ros2_shared/lib/pkgconfig/ros2_shared.pc'
[0.545s] Level 1:colcon.colcon_core.environment:checking '/root/tello_ros_ws/install/ros2_shared/lib/python3.8/site-packages'
[0.545s] Level 1:colcon.colcon_core.environment:checking '/root/tello_ros_ws/install/ros2_shared/bin'
[0.546s] INFO:colcon.colcon_core.shell:Creating package script '/root/tello_ros_ws/install/ros2_shared/share/ros2_shared/package.ps1'
[0.547s] INFO:colcon.colcon_core.shell:Creating package descriptor '/root/tello_ros_ws/install/ros2_shared/share/ros2_shared/package.dsv'
[0.547s] INFO:colcon.colcon_core.shell:Creating package script '/root/tello_ros_ws/install/ros2_shared/share/ros2_shared/package.sh'
[0.547s] INFO:colcon.colcon_core.shell:Creating package script '/root/tello_ros_ws/install/ros2_shared/share/ros2_shared/package.bash'
[0.548s] INFO:colcon.colcon_core.shell:Creating package script '/root/tello_ros_ws/install/ros2_shared/share/ros2_shared/package.zsh'
[0.548s] Level 1:colcon.colcon_core.environment:create_file_with_runtime_dependencies(/root/tello_ros_ws/install/ros2_shared/share/colcon-core/packages/ros2_shared)
[0.552s] DEBUG:colcon.colcon_core.event_handler.log_command:Invoking command in '/root/tello_ros_ws/build/tello_description': CMAKE_PREFIX_PATH=${CMAKE_PREFIX_PATH}:/root/tello_ros_ws/install/tello_control:/root/tello_ros_ws/install/tello_cv:/opt/ros/foxy /usr/bin/cmake --install /root/tello_ros_ws/build/tello_description
[0.560s] Level 1:colcon.colcon_core.environment:create_environment_scripts_only(tello_description)
[0.562s] Level 1:colcon.colcon_core.environment:checking '/root/tello_ros_ws/install/tello_description' for CMake module files
[0.562s] DEBUG:colcon.colcon_core.event_handler.log_command:Invoked command in '/root/tello_ros_ws/build/tello_description' returned '0': CMAKE_PREFIX_PATH=${CMAKE_PREFIX_PATH}:/root/tello_ros_ws/install/tello_control:/root/tello_ros_ws/install/tello_cv:/opt/ros/foxy /usr/bin/cmake --install /root/tello_ros_ws/build/tello_description
[0.563s] Level 1:colcon.colcon_core.environment:checking '/root/tello_ros_ws/install/tello_description' for CMake config files
[0.563s] Level 1:colcon.colcon_core.shell:create_environment_hook('tello_description', 'cmake_prefix_path')
[0.563s] INFO:colcon.colcon_core.shell:Creating environment hook '/root/tello_ros_ws/install/tello_description/share/tello_description/hook/cmake_prefix_path.ps1'
[0.564s] INFO:colcon.colcon_core.shell:Creating environment descriptor '/root/tello_ros_ws/install/tello_description/share/tello_description/hook/cmake_prefix_path.dsv'
[0.564s] INFO:colcon.colcon_core.shell:Creating environment hook '/root/tello_ros_ws/install/tello_description/share/tello_description/hook/cmake_prefix_path.sh'
[0.564s] Level 1:colcon.colcon_core.environment:checking '/root/tello_ros_ws/install/tello_description/bin'
[0.564s] Level 1:colcon.colcon_core.environment:checking '/root/tello_ros_ws/install/tello_description/lib/pkgconfig/tello_description.pc'
[0.564s] Level 1:colcon.colcon_core.environment:checking '/root/tello_ros_ws/install/tello_description/lib/python3.8/site-packages'
[0.564s] Level 1:colcon.colcon_core.environment:checking '/root/tello_ros_ws/install/tello_description/bin'
[0.565s] INFO:colcon.colcon_core.shell:Creating package script '/root/tello_ros_ws/install/tello_description/share/tello_description/package.ps1'
[0.565s] INFO:colcon.colcon_core.shell:Creating package descriptor '/root/tello_ros_ws/install/tello_description/share/tello_description/package.dsv'
[0.565s] INFO:colcon.colcon_core.shell:Creating package script '/root/tello_ros_ws/install/tello_description/share/tello_description/package.sh'
[0.565s] INFO:colcon.colcon_core.shell:Creating package script '/root/tello_ros_ws/install/tello_description/share/tello_description/package.bash'
[0.566s] INFO:colcon.colcon_core.shell:Creating package script '/root/tello_ros_ws/install/tello_description/share/tello_description/package.zsh'
[0.566s] Level 1:colcon.colcon_core.environment:create_file_with_runtime_dependencies(/root/tello_ros_ws/install/tello_description/share/colcon-core/packages/tello_description)
[0.572s] DEBUG:colcon.colcon_core.event_handler.log_command:Invoking command in '/root/tello_ros_ws/build/tello_msgs': CMAKE_PREFIX_PATH=${CMAKE_PREFIX_PATH}:/root/tello_ros_ws/install/tello_control:/root/tello_ros_ws/install/tello_cv:/opt/ros/foxy /usr/bin/cmake --install /root/tello_ros_ws/build/tello_msgs
[0.589s] Level 1:colcon.colcon_core.environment:create_environment_scripts_only(tello_description)
[0.591s] Level 1:colcon.colcon_core.environment:checking '/root/tello_ros_ws/install/tello_description' for CMake module files
[0.593s] Level 1:colcon.colcon_core.environment:checking '/root/tello_ros_ws/install/tello_description' for CMake config files
[0.593s] Level 1:colcon.colcon_core.shell:create_environment_hook('tello_description', 'cmake_prefix_path')
[0.593s] INFO:colcon.colcon_core.shell:Creating environment hook '/root/tello_ros_ws/install/tello_description/share/tello_description/hook/cmake_prefix_path.ps1'
[0.594s] INFO:colcon.colcon_core.shell:Creating environment descriptor '/root/tello_ros_ws/install/tello_description/share/tello_description/hook/cmake_prefix_path.dsv'
[0.594s] INFO:colcon.colcon_core.shell:Creating environment hook '/root/tello_ros_ws/install/tello_description/share/tello_description/hook/cmake_prefix_path.sh'
[0.594s] Level 1:colcon.colcon_core.environment:checking '/root/tello_ros_ws/install/tello_description/bin'
[0.594s] Level 1:colcon.colcon_core.environment:checking '/root/tello_ros_ws/install/tello_description/lib/pkgconfig/tello_description.pc'
[0.594s] Level 1:colcon.colcon_core.environment:checking '/root/tello_ros_ws/install/tello_description/lib/python3.8/site-packages'
[0.594s] Level 1:colcon.colcon_core.environment:checking '/root/tello_ros_ws/install/tello_description/bin'
[0.595s] INFO:colcon.colcon_core.shell:Creating package script '/root/tello_ros_ws/install/tello_description/share/tello_description/package.ps1'
[0.595s] INFO:colcon.colcon_core.shell:Creating package descriptor '/root/tello_ros_ws/install/tello_description/share/tello_description/package.dsv'
[0.595s] INFO:colcon.colcon_core.shell:Creating package script '/root/tello_ros_ws/install/tello_description/share/tello_description/package.sh'
[0.596s] INFO:colcon.colcon_core.shell:Creating package script '/root/tello_ros_ws/install/tello_description/share/tello_description/package.bash'
[0.596s] INFO:colcon.colcon_core.shell:Creating package script '/root/tello_ros_ws/install/tello_description/share/tello_description/package.zsh'
[0.596s] Level 1:colcon.colcon_core.environment:create_file_with_runtime_dependencies(/root/tello_ros_ws/install/tello_description/share/colcon-core/packages/tello_description)
[0.612s] Level 1:colcon.colcon_core.environment:create_environment_scripts_only(tello_msgs)
[0.614s] Level 1:colcon.colcon_core.environment:checking '/root/tello_ros_ws/install/tello_msgs' for CMake module files
[0.615s] DEBUG:colcon.colcon_core.event_handler.log_command:Invoked command in '/root/tello_ros_ws/build/tello_msgs' returned '0': CMAKE_PREFIX_PATH=${CMAKE_PREFIX_PATH}:/root/tello_ros_ws/install/tello_control:/root/tello_ros_ws/install/tello_cv:/opt/ros/foxy /usr/bin/cmake --install /root/tello_ros_ws/build/tello_msgs
[0.615s] Level 1:colcon.colcon_core.environment:checking '/root/tello_ros_ws/install/tello_msgs' for CMake config files
[0.615s] Level 1:colcon.colcon_core.shell:create_environment_hook('tello_msgs', 'cmake_prefix_path')
[0.617s] INFO:colcon.colcon_core.shell:Creating environment hook '/root/tello_ros_ws/install/tello_msgs/share/tello_msgs/hook/cmake_prefix_path.ps1'
[0.617s] INFO:colcon.colcon_core.shell:Creating environment descriptor '/root/tello_ros_ws/install/tello_msgs/share/tello_msgs/hook/cmake_prefix_path.dsv'
[0.617s] INFO:colcon.colcon_core.shell:Creating environment hook '/root/tello_ros_ws/install/tello_msgs/share/tello_msgs/hook/cmake_prefix_path.sh'
[0.618s] Level 1:colcon.colcon_core.environment:checking '/root/tello_ros_ws/install/tello_msgs/lib'
[0.618s] Level 1:colcon.colcon_core.shell:create_environment_hook('tello_msgs', 'ld_library_path_lib')
[0.619s] INFO:colcon.colcon_core.shell:Creating environment hook '/root/tello_ros_ws/install/tello_msgs/share/tello_msgs/hook/ld_library_path_lib.ps1'
[0.619s] INFO:colcon.colcon_core.shell:Creating environment descriptor '/root/tello_ros_ws/install/tello_msgs/share/tello_msgs/hook/ld_library_path_lib.dsv'
[0.620s] INFO:colcon.colcon_core.shell:Creating environment hook '/root/tello_ros_ws/install/tello_msgs/share/tello_msgs/hook/ld_library_path_lib.sh'
[0.620s] Level 1:colcon.colcon_core.environment:checking '/root/tello_ros_ws/install/tello_msgs/bin'
[0.620s] Level 1:colcon.colcon_core.environment:checking '/root/tello_ros_ws/install/tello_msgs/lib/pkgconfig/tello_msgs.pc'
[0.620s] Level 1:colcon.colcon_core.environment:checking '/root/tello_ros_ws/install/tello_msgs/lib/python3.8/site-packages'
[0.621s] Level 1:colcon.colcon_core.shell:create_environment_hook('tello_msgs', 'pythonpath')
[0.622s] INFO:colcon.colcon_core.shell:Creating environment hook '/root/tello_ros_ws/install/tello_msgs/share/tello_msgs/hook/pythonpath.ps1'
[0.622s] INFO:colcon.colcon_core.shell:Creating environment descriptor '/root/tello_ros_ws/install/tello_msgs/share/tello_msgs/hook/pythonpath.dsv'
[0.622s] INFO:colcon.colcon_core.shell:Creating environment hook '/root/tello_ros_ws/install/tello_msgs/share/tello_msgs/hook/pythonpath.sh'
[0.623s] Level 1:colcon.colcon_core.environment:checking '/root/tello_ros_ws/install/tello_msgs/bin'
[0.623s] INFO:colcon.colcon_core.shell:Creating package script '/root/tello_ros_ws/install/tello_msgs/share/tello_msgs/package.ps1'
[0.624s] INFO:colcon.colcon_core.shell:Creating package descriptor '/root/tello_ros_ws/install/tello_msgs/share/tello_msgs/package.dsv'
[0.624s] INFO:colcon.colcon_core.shell:Creating package script '/root/tello_ros_ws/install/tello_msgs/share/tello_msgs/package.sh'
[0.624s] INFO:colcon.colcon_core.shell:Creating package script '/root/tello_ros_ws/install/tello_msgs/share/tello_msgs/package.bash'
[0.624s] INFO:colcon.colcon_core.shell:Creating package script '/root/tello_ros_ws/install/tello_msgs/share/tello_msgs/package.zsh'
[0.624s] Level 1:colcon.colcon_core.environment:create_file_with_runtime_dependencies(/root/tello_ros_ws/install/tello_msgs/share/colcon-core/packages/tello_msgs)
[0.733s] Level 1:colcon.colcon_core.environment:create_environment_scripts_only(tello_msgs)
[0.736s] Level 1:colcon.colcon_core.environment:checking '/root/tello_ros_ws/install/tello_msgs' for CMake module files
[0.736s] Level 1:colcon.colcon_core.environment:checking '/root/tello_ros_ws/install/tello_msgs' for CMake config files
[0.737s] Level 1:colcon.colcon_core.shell:create_environment_hook('tello_msgs', 'cmake_prefix_path')
[0.738s] INFO:colcon.colcon_core.shell:Creating environment hook '/root/tello_ros_ws/install/tello_msgs/share/tello_msgs/hook/cmake_prefix_path.ps1'
[0.739s] INFO:colcon.colcon_core.shell:Creating environment descriptor '/root/tello_ros_ws/install/tello_msgs/share/tello_msgs/hook/cmake_prefix_path.dsv'
[0.739s] INFO:colcon.colcon_core.shell:Creating environment hook '/root/tello_ros_ws/install/tello_msgs/share/tello_msgs/hook/cmake_prefix_path.sh'
[0.739s] Level 1:colcon.colcon_core.environment:checking '/root/tello_ros_ws/install/tello_msgs/lib'
[0.739s] Level 1:colcon.colcon_core.shell:create_environment_hook('tello_msgs', 'ld_library_path_lib')
[0.741s] INFO:colcon.colcon_core.shell:Creating environment hook '/root/tello_ros_ws/install/tello_msgs/share/tello_msgs/hook/ld_library_path_lib.ps1'
[0.741s] INFO:colcon.colcon_core.shell:Creating environment descriptor '/root/tello_ros_ws/install/tello_msgs/share/tello_msgs/hook/ld_library_path_lib.dsv'
[0.742s] INFO:colcon.colcon_core.shell:Creating environment hook '/root/tello_ros_ws/install/tello_msgs/share/tello_msgs/hook/ld_library_path_lib.sh'
[0.742s] Level 1:colcon.colcon_core.environment:checking '/root/tello_ros_ws/install/tello_msgs/bin'
[0.742s] Level 1:colcon.colcon_core.environment:checking '/root/tello_ros_ws/install/tello_msgs/lib/pkgconfig/tello_msgs.pc'
[0.742s] Level 1:colcon.colcon_core.environment:checking '/root/tello_ros_ws/install/tello_msgs/lib/python3.8/site-packages'
[0.742s] Level 1:colcon.colcon_core.shell:create_environment_hook('tello_msgs', 'pythonpath')
[0.744s] INFO:colcon.colcon_core.shell:Creating environment hook '/root/tello_ros_ws/install/tello_msgs/share/tello_msgs/hook/pythonpath.ps1'
[0.745s] INFO:colcon.colcon_core.shell:Creating environment descriptor '/root/tello_ros_ws/install/tello_msgs/share/tello_msgs/hook/pythonpath.dsv'
[0.745s] INFO:colcon.colcon_core.shell:Creating environment hook '/root/tello_ros_ws/install/tello_msgs/share/tello_msgs/hook/pythonpath.sh'
[0.746s] Level 1:colcon.colcon_core.environment:checking '/root/tello_ros_ws/install/tello_msgs/bin'
[0.748s] INFO:colcon.colcon_core.shell:Creating package script '/root/tello_ros_ws/install/tello_msgs/share/tello_msgs/package.ps1'
[0.749s] INFO:colcon.colcon_core.shell:Creating package descriptor '/root/tello_ros_ws/install/tello_msgs/share/tello_msgs/package.dsv'
[0.750s] INFO:colcon.colcon_core.shell:Creating package script '/root/tello_ros_ws/install/tello_msgs/share/tello_msgs/package.sh'
[0.750s] INFO:colcon.colcon_core.shell:Creating package script '/root/tello_ros_ws/install/tello_msgs/share/tello_msgs/package.bash'
[0.751s] INFO:colcon.colcon_core.shell:Creating package script '/root/tello_ros_ws/install/tello_msgs/share/tello_msgs/package.zsh'
[0.752s] Level 1:colcon.colcon_core.environment:create_file_with_runtime_dependencies(/root/tello_ros_ws/install/tello_msgs/share/colcon-core/packages/tello_msgs)
[0.753s] INFO:colcon.colcon_ros.task.ament_python.build:Building ROS package in '/root/tello_ros_ws/src/tello_control' with build type 'ament_python'
[0.753s] Level 1:colcon.colcon_core.shell:create_environment_hook('tello_control', 'ament_prefix_path')
[0.754s] INFO:colcon.colcon_core.shell:Creating environment hook '/root/tello_ros_ws/install/tello_control/share/tello_control/hook/ament_prefix_path.ps1'
[0.755s] INFO:colcon.colcon_core.shell:Creating environment descriptor '/root/tello_ros_ws/install/tello_control/share/tello_control/hook/ament_prefix_path.dsv'
[0.755s] INFO:colcon.colcon_core.shell:Creating environment hook '/root/tello_ros_ws/install/tello_control/share/tello_control/hook/ament_prefix_path.sh'
[0.756s] INFO:colcon.colcon_core.shell:Skip shell extension 'powershell' for command environment: Not usable outside of PowerShell
[0.756s] DEBUG:colcon.colcon_core.shell:Skip shell extension 'dsv' for command environment
[0.762s] INFO:colcon.colcon_ros.task.ament_cmake.build:Building ROS package in '/root/tello_ros_ws/src/tello_driver' with build type 'ament_cmake'
[0.762s] INFO:colcon.colcon_cmake.task.cmake.build:Building CMake package in '/root/tello_ros_ws/src/tello_driver'
[0.763s] INFO:colcon.colcon_core.shell:Skip shell extension 'powershell' for command environment: Not usable outside of PowerShell
[0.763s] DEBUG:colcon.colcon_core.shell:Skip shell extension 'dsv' for command environment
[0.768s] INFO:colcon.colcon_ros.task.ament_cmake.build:Building ROS package in '/root/tello_ros_ws/src/tello_gazebo' with build type 'ament_cmake'
[0.769s] INFO:colcon.colcon_cmake.task.cmake.build:Building CMake package in '/root/tello_ros_ws/src/tello_gazebo'
[0.770s] INFO:colcon.colcon_core.shell:Skip shell extension 'powershell' for command environment: Not usable outside of PowerShell
[0.770s] DEBUG:colcon.colcon_core.shell:Skip shell extension 'dsv' for command environment
[0.776s] DEBUG:colcon.colcon_core.event_handler.log_command:Invoking command in '/root/tello_ros_ws/build/tello_cv': PYTHONPATH=/root/tello_ros_ws/build/tello_cv/prefix_override:/root/tello_ros_ws/install/tello_cv/lib/python3.8/site-packages:${PYTHONPATH} /usr/bin/python3 setup.py develop --uninstall --editable --build-directory /root/tello_ros_ws/build/tello_cv/build
[0.894s] INFO:colcon.colcon_core.task.python.build:Building Python package in '/root/tello_ros_ws/src/tello_control'
[0.895s] INFO:colcon.colcon_core.shell:Skip shell extension 'powershell' for command environment: Not usable outside of PowerShell
[0.895s] DEBUG:colcon.colcon_core.shell:Skip shell extension 'dsv' for command environment
[0.902s] DEBUG:colcon.colcon_core.event_handler.log_command:Invoking command in '/root/tello_ros_ws/build/tello_driver': CMAKE_PREFIX_PATH=/root/tello_ros_ws/install/tello_msgs:/root/tello_ros_ws/install/ros2_shared:/root/tello_ros_ws/install/tello_gazebo:/root/tello_ros_ws/install/tello_driver:/root/tello_ros_ws/install/tello_description:/root/tello_ros_ws/install/tello_control:/root/tello_ros_ws/install/tello_cv:/opt/ros/foxy LD_LIBRARY_PATH=/root/tello_ros_ws/install/tello_msgs/lib:/root/tello_ros_ws/install/tello_gazebo/lib:/root/tello_ros_ws/install/tello_driver/lib:/usr/lib/x86_64-linux-gnu/gazebo-11/plugins:/opt/ros/foxy/opt/yaml_cpp_vendor/lib:/opt/ros/foxy/opt/rviz_ogre_vendor/lib:/opt/ros/foxy/lib/x86_64-linux-gnu:/opt/ros/foxy/lib PYTHONPATH=/root/tello_ros_ws/install/tello_msgs/lib/python3.8/site-packages:/root/tello_ros_ws/install/tello_control/lib/python3.8/site-packages:/root/tello_ros_ws/install/tello_cv/lib/python3.8/site-packages:/opt/ros/foxy/lib/python3.8/site-packages /usr/bin/cmake --build /root/tello_ros_ws/build/tello_driver -- -j32 -l32
[0.907s] DEBUG:colcon.colcon_core.event_handler.log_command:Invoking command in '/root/tello_ros_ws/build/tello_gazebo': CMAKE_PREFIX_PATH=/root/tello_ros_ws/install/tello_msgs:/root/tello_ros_ws/install/tello_gazebo:/root/tello_ros_ws/install/tello_driver:/root/tello_ros_ws/install/tello_description:/root/tello_ros_ws/install/ros2_shared:/root/tello_ros_ws/install/tello_control:/root/tello_ros_ws/install/tello_cv:/opt/ros/foxy LD_LIBRARY_PATH=/root/tello_ros_ws/install/tello_msgs/lib:/root/tello_ros_ws/install/tello_gazebo/lib:/root/tello_ros_ws/install/tello_driver/lib:/usr/lib/x86_64-linux-gnu/gazebo-11/plugins:/opt/ros/foxy/opt/yaml_cpp_vendor/lib:/opt/ros/foxy/opt/rviz_ogre_vendor/lib:/opt/ros/foxy/lib/x86_64-linux-gnu:/opt/ros/foxy/lib PYTHONPATH=/root/tello_ros_ws/install/tello_msgs/lib/python3.8/site-packages:/root/tello_ros_ws/install/tello_control/lib/python3.8/site-packages:/root/tello_ros_ws/install/tello_cv/lib/python3.8/site-packages:/opt/ros/foxy/lib/python3.8/site-packages /usr/bin/cmake --build /root/tello_ros_ws/build/tello_gazebo -- -j32 -l32
[0.946s] DEBUG:colcon.colcon_core.event_handler.log_command:Invoked command in '/root/tello_ros_ws/build/tello_cv' returned '0': PYTHONPATH=/root/tello_ros_ws/build/tello_cv/prefix_override:/root/tello_ros_ws/install/tello_cv/lib/python3.8/site-packages:${PYTHONPATH} /usr/bin/python3 setup.py develop --uninstall --editable --build-directory /root/tello_ros_ws/build/tello_cv/build
[0.950s] DEBUG:colcon.colcon_core.event_handler.log_command:Invoking command in '/root/tello_ros_ws/src/tello_cv': PYTHONPATH=/root/tello_ros_ws/build/tello_cv/prefix_override:/root/tello_ros_ws/install/tello_cv/lib/python3.8/site-packages:${PYTHONPATH} /usr/bin/python3 setup.py egg_info --egg-base ../../build/tello_cv build --build-base /root/tello_ros_ws/build/tello_cv/build install --record /root/tello_ros_ws/build/tello_cv/install.log --install-scripts $base/lib/tello_cv --single-version-externally-managed
[0.972s] DEBUG:colcon.colcon_core.event_handler.log_command:Invoked command in '/root/tello_ros_ws/build/tello_driver' returned '0': CMAKE_PREFIX_PATH=/root/tello_ros_ws/install/tello_msgs:/root/tello_ros_ws/install/ros2_shared:/root/tello_ros_ws/install/tello_gazebo:/root/tello_ros_ws/install/tello_driver:/root/tello_ros_ws/install/tello_description:/root/tello_ros_ws/install/tello_control:/root/tello_ros_ws/install/tello_cv:/opt/ros/foxy LD_LIBRARY_PATH=/root/tello_ros_ws/install/tello_msgs/lib:/root/tello_ros_ws/install/tello_gazebo/lib:/root/tello_ros_ws/install/tello_driver/lib:/usr/lib/x86_64-linux-gnu/gazebo-11/plugins:/opt/ros/foxy/opt/yaml_cpp_vendor/lib:/opt/ros/foxy/opt/rviz_ogre_vendor/lib:/opt/ros/foxy/lib/x86_64-linux-gnu:/opt/ros/foxy/lib PYTHONPATH=/root/tello_ros_ws/install/tello_msgs/lib/python3.8/site-packages:/root/tello_ros_ws/install/tello_control/lib/python3.8/site-packages:/root/tello_ros_ws/install/tello_cv/lib/python3.8/site-packages:/opt/ros/foxy/lib/python3.8/site-packages /usr/bin/cmake --build /root/tello_ros_ws/build/tello_driver -- -j32 -l32
[0.974s] DEBUG:colcon.colcon_core.event_handler.log_command:Invoked command in '/root/tello_ros_ws/build/tello_gazebo' returned '0': CMAKE_PREFIX_PATH=/root/tello_ros_ws/install/tello_msgs:/root/tello_ros_ws/install/tello_gazebo:/root/tello_ros_ws/install/tello_driver:/root/tello_ros_ws/install/tello_description:/root/tello_ros_ws/install/ros2_shared:/root/tello_ros_ws/install/tello_control:/root/tello_ros_ws/install/tello_cv:/opt/ros/foxy LD_LIBRARY_PATH=/root/tello_ros_ws/install/tello_msgs/lib:/root/tello_ros_ws/install/tello_gazebo/lib:/root/tello_ros_ws/install/tello_driver/lib:/usr/lib/x86_64-linux-gnu/gazebo-11/plugins:/opt/ros/foxy/opt/yaml_cpp_vendor/lib:/opt/ros/foxy/opt/rviz_ogre_vendor/lib:/opt/ros/foxy/lib/x86_64-linux-gnu:/opt/ros/foxy/lib PYTHONPATH=/root/tello_ros_ws/install/tello_msgs/lib/python3.8/site-packages:/root/tello_ros_ws/install/tello_control/lib/python3.8/site-packages:/root/tello_ros_ws/install/tello_cv/lib/python3.8/site-packages:/opt/ros/foxy/lib/python3.8/site-packages /usr/bin/cmake --build /root/tello_ros_ws/build/tello_gazebo -- -j32 -l32
[0.996s] DEBUG:colcon.colcon_core.event_handler.log_command:Invoking command in '/root/tello_ros_ws/build/tello_gazebo': CMAKE_PREFIX_PATH=/root/tello_ros_ws/install/tello_msgs:/root/tello_ros_ws/install/tello_gazebo:/root/tello_ros_ws/install/tello_driver:/root/tello_ros_ws/install/tello_description:/root/tello_ros_ws/install/ros2_shared:/root/tello_ros_ws/install/tello_control:/root/tello_ros_ws/install/tello_cv:/opt/ros/foxy LD_LIBRARY_PATH=/root/tello_ros_ws/install/tello_msgs/lib:/root/tello_ros_ws/install/tello_gazebo/lib:/root/tello_ros_ws/install/tello_driver/lib:/usr/lib/x86_64-linux-gnu/gazebo-11/plugins:/opt/ros/foxy/opt/yaml_cpp_vendor/lib:/opt/ros/foxy/opt/rviz_ogre_vendor/lib:/opt/ros/foxy/lib/x86_64-linux-gnu:/opt/ros/foxy/lib PYTHONPATH=/root/tello_ros_ws/install/tello_msgs/lib/python3.8/site-packages:/root/tello_ros_ws/install/tello_control/lib/python3.8/site-packages:/root/tello_ros_ws/install/tello_cv/lib/python3.8/site-packages:/opt/ros/foxy/lib/python3.8/site-packages /usr/bin/cmake --install /root/tello_ros_ws/build/tello_gazebo
[1.006s] Level 1:colcon.colcon_core.environment:create_environment_scripts_only(tello_gazebo)
[1.008s] Level 1:colcon.colcon_core.environment:checking '/root/tello_ros_ws/install/tello_gazebo' for CMake module files
[1.011s] DEBUG:colcon.colcon_core.event_handler.log_command:Invoked command in '/root/tello_ros_ws/build/tello_gazebo' returned '0': CMAKE_PREFIX_PATH=/root/tello_ros_ws/install/tello_msgs:/root/tello_ros_ws/install/tello_gazebo:/root/tello_ros_ws/install/tello_driver:/root/tello_ros_ws/install/tello_description:/root/tello_ros_ws/install/ros2_shared:/root/tello_ros_ws/install/tello_control:/root/tello_ros_ws/install/tello_cv:/opt/ros/foxy LD_LIBRARY_PATH=/root/tello_ros_ws/install/tello_msgs/lib:/root/tello_ros_ws/install/tello_gazebo/lib:/root/tello_ros_ws/install/tello_driver/lib:/usr/lib/x86_64-linux-gnu/gazebo-11/plugins:/opt/ros/foxy/opt/yaml_cpp_vendor/lib:/opt/ros/foxy/opt/rviz_ogre_vendor/lib:/opt/ros/foxy/lib/x86_64-linux-gnu:/opt/ros/foxy/lib PYTHONPATH=/root/tello_ros_ws/install/tello_msgs/lib/python3.8/site-packages:/root/tello_ros_ws/install/tello_control/lib/python3.8/site-packages:/root/tello_ros_ws/install/tello_cv/lib/python3.8/site-packages:/opt/ros/foxy/lib/python3.8/site-packages /usr/bin/cmake --install /root/tello_ros_ws/build/tello_gazebo
[1.012s] Level 1:colcon.colcon_core.environment:checking '/root/tello_ros_ws/install/tello_gazebo' for CMake config files
[1.013s] Level 1:colcon.colcon_core.shell:create_environment_hook('tello_gazebo', 'cmake_prefix_path')
[1.014s] INFO:colcon.colcon_core.shell:Creating environment hook '/root/tello_ros_ws/install/tello_gazebo/share/tello_gazebo/hook/cmake_prefix_path.ps1'
[1.014s] INFO:colcon.colcon_core.shell:Creating environment descriptor '/root/tello_ros_ws/install/tello_gazebo/share/tello_gazebo/hook/cmake_prefix_path.dsv'
[1.015s] INFO:colcon.colcon_core.shell:Creating environment hook '/root/tello_ros_ws/install/tello_gazebo/share/tello_gazebo/hook/cmake_prefix_path.sh'
[1.015s] Level 1:colcon.colcon_core.environment:checking '/root/tello_ros_ws/install/tello_gazebo/lib'
[1.015s] Level 1:colcon.colcon_core.shell:create_environment_hook('tello_gazebo', 'ld_library_path_lib')
[1.016s] INFO:colcon.colcon_core.shell:Creating environment hook '/root/tello_ros_ws/install/tello_gazebo/share/tello_gazebo/hook/ld_library_path_lib.ps1'
[1.016s] INFO:colcon.colcon_core.shell:Creating environment descriptor '/root/tello_ros_ws/install/tello_gazebo/share/tello_gazebo/hook/ld_library_path_lib.dsv'
[1.016s] INFO:colcon.colcon_core.shell:Creating environment hook '/root/tello_ros_ws/install/tello_gazebo/share/tello_gazebo/hook/ld_library_path_lib.sh'
[1.016s] Level 1:colcon.colcon_core.environment:checking '/root/tello_ros_ws/install/tello_gazebo/bin'
[1.016s] Level 1:colcon.colcon_core.environment:checking '/root/tello_ros_ws/install/tello_gazebo/lib/pkgconfig/tello_gazebo.pc'
[1.016s] Level 1:colcon.colcon_core.environment:checking '/root/tello_ros_ws/install/tello_gazebo/lib/python3.8/site-packages'
[1.016s] Level 1:colcon.colcon_core.environment:checking '/root/tello_ros_ws/install/tello_gazebo/bin'
[1.017s] INFO:colcon.colcon_core.shell:Creating package script '/root/tello_ros_ws/install/tello_gazebo/share/tello_gazebo/package.ps1'
[1.017s] INFO:colcon.colcon_core.shell:Creating package descriptor '/root/tello_ros_ws/install/tello_gazebo/share/tello_gazebo/package.dsv'
[1.017s] INFO:colcon.colcon_core.shell:Creating package script '/root/tello_ros_ws/install/tello_gazebo/share/tello_gazebo/package.sh'
[1.018s] INFO:colcon.colcon_core.shell:Creating package script '/root/tello_ros_ws/install/tello_gazebo/share/tello_gazebo/package.bash'
[1.018s] INFO:colcon.colcon_core.shell:Creating package script '/root/tello_ros_ws/install/tello_gazebo/share/tello_gazebo/package.zsh'
[1.018s] Level 1:colcon.colcon_core.environment:create_file_with_runtime_dependencies(/root/tello_ros_ws/install/tello_gazebo/share/colcon-core/packages/tello_gazebo)
[1.023s] DEBUG:colcon.colcon_core.event_handler.log_command:Invoking command in '/root/tello_ros_ws/build/tello_driver': CMAKE_PREFIX_PATH=/root/tello_ros_ws/install/tello_msgs:/root/tello_ros_ws/install/ros2_shared:/root/tello_ros_ws/install/tello_gazebo:/root/tello_ros_ws/install/tello_driver:/root/tello_ros_ws/install/tello_description:/root/tello_ros_ws/install/tello_control:/root/tello_ros_ws/install/tello_cv:/opt/ros/foxy LD_LIBRARY_PATH=/root/tello_ros_ws/install/tello_msgs/lib:/root/tello_ros_ws/install/tello_gazebo/lib:/root/tello_ros_ws/install/tello_driver/lib:/usr/lib/x86_64-linux-gnu/gazebo-11/plugins:/opt/ros/foxy/opt/yaml_cpp_vendor/lib:/opt/ros/foxy/opt/rviz_ogre_vendor/lib:/opt/ros/foxy/lib/x86_64-linux-gnu:/opt/ros/foxy/lib PYTHONPATH=/root/tello_ros_ws/install/tello_msgs/lib/python3.8/site-packages:/root/tello_ros_ws/install/tello_control/lib/python3.8/site-packages:/root/tello_ros_ws/install/tello_cv/lib/python3.8/site-packages:/opt/ros/foxy/lib/python3.8/site-packages /usr/bin/cmake --install /root/tello_ros_ws/build/tello_driver
[1.034s] Level 1:colcon.colcon_core.environment:create_environment_scripts_only(tello_driver)
[1.036s] Level 1:colcon.colcon_core.environment:checking '/root/tello_ros_ws/install/tello_driver' for CMake module files
[1.037s] DEBUG:colcon.colcon_core.event_handler.log_command:Invoked command in '/root/tello_ros_ws/build/tello_driver' returned '0': CMAKE_PREFIX_PATH=/root/tello_ros_ws/install/tello_msgs:/root/tello_ros_ws/install/ros2_shared:/root/tello_ros_ws/install/tello_gazebo:/root/tello_ros_ws/install/tello_driver:/root/tello_ros_ws/install/tello_description:/root/tello_ros_ws/install/tello_control:/root/tello_ros_ws/install/tello_cv:/opt/ros/foxy LD_LIBRARY_PATH=/root/tello_ros_ws/install/tello_msgs/lib:/root/tello_ros_ws/install/tello_gazebo/lib:/root/tello_ros_ws/install/tello_driver/lib:/usr/lib/x86_64-linux-gnu/gazebo-11/plugins:/opt/ros/foxy/opt/yaml_cpp_vendor/lib:/opt/ros/foxy/opt/rviz_ogre_vendor/lib:/opt/ros/foxy/lib/x86_64-linux-gnu:/opt/ros/foxy/lib PYTHONPATH=/root/tello_ros_ws/install/tello_msgs/lib/python3.8/site-packages:/root/tello_ros_ws/install/tello_control/lib/python3.8/site-packages:/root/tello_ros_ws/install/tello_cv/lib/python3.8/site-packages:/opt/ros/foxy/lib/python3.8/site-packages /usr/bin/cmake --install /root/tello_ros_ws/build/tello_driver
[1.037s] Level 1:colcon.colcon_core.environment:checking '/root/tello_ros_ws/install/tello_driver' for CMake config files
[1.037s] Level 1:colcon.colcon_core.shell:create_environment_hook('tello_driver', 'cmake_prefix_path')
[1.039s] INFO:colcon.colcon_core.shell:Creating environment hook '/root/tello_ros_ws/install/tello_driver/share/tello_driver/hook/cmake_prefix_path.ps1'
[1.040s] INFO:colcon.colcon_core.shell:Creating environment descriptor '/root/tello_ros_ws/install/tello_driver/share/tello_driver/hook/cmake_prefix_path.dsv'
[1.040s] INFO:colcon.colcon_core.shell:Creating environment hook '/root/tello_ros_ws/install/tello_driver/share/tello_driver/hook/cmake_prefix_path.sh'
[1.041s] Level 1:colcon.colcon_core.environment:checking '/root/tello_ros_ws/install/tello_driver/lib'
[1.041s] Level 1:colcon.colcon_core.shell:create_environment_hook('tello_driver', 'ld_library_path_lib')
[1.042s] INFO:colcon.colcon_core.shell:Creating environment hook '/root/tello_ros_ws/install/tello_driver/share/tello_driver/hook/ld_library_path_lib.ps1'
[1.042s] INFO:colcon.colcon_core.shell:Creating environment descriptor '/root/tello_ros_ws/install/tello_driver/share/tello_driver/hook/ld_library_path_lib.dsv'
[1.042s] INFO:colcon.colcon_core.shell:Creating environment hook '/root/tello_ros_ws/install/tello_driver/share/tello_driver/hook/ld_library_path_lib.sh'
[1.043s] Level 1:colcon.colcon_core.environment:checking '/root/tello_ros_ws/install/tello_driver/bin'
[1.043s] Level 1:colcon.colcon_core.environment:checking '/root/tello_ros_ws/install/tello_driver/lib/pkgconfig/tello_driver.pc'
[1.043s] Level 1:colcon.colcon_core.environment:checking '/root/tello_ros_ws/install/tello_driver/lib/python3.8/site-packages'
[1.043s] Level 1:colcon.colcon_core.environment:checking '/root/tello_ros_ws/install/tello_driver/bin'
[1.044s] INFO:colcon.colcon_core.shell:Creating package script '/root/tello_ros_ws/install/tello_driver/share/tello_driver/package.ps1'
[1.045s] INFO:colcon.colcon_core.shell:Creating package descriptor '/root/tello_ros_ws/install/tello_driver/share/tello_driver/package.dsv'
[1.045s] INFO:colcon.colcon_core.shell:Creating package script '/root/tello_ros_ws/install/tello_driver/share/tello_driver/package.sh'
[1.046s] INFO:colcon.colcon_core.shell:Creating package script '/root/tello_ros_ws/install/tello_driver/share/tello_driver/package.bash'
[1.046s] INFO:colcon.colcon_core.shell:Creating package script '/root/tello_ros_ws/install/tello_driver/share/tello_driver/package.zsh'
[1.046s] Level 1:colcon.colcon_core.environment:create_file_with_runtime_dependencies(/root/tello_ros_ws/install/tello_driver/share/colcon-core/packages/tello_driver)
[1.051s] Level 1:colcon.colcon_core.environment:create_environment_scripts_only(tello_gazebo)
[1.052s] Level 1:colcon.colcon_core.environment:checking '/root/tello_ros_ws/install/tello_gazebo' for CMake module files
[1.052s] Level 1:colcon.colcon_core.environment:checking '/root/tello_ros_ws/install/tello_gazebo' for CMake config files
[1.053s] Level 1:colcon.colcon_core.shell:create_environment_hook('tello_gazebo', 'cmake_prefix_path')
[1.054s] INFO:colcon.colcon_core.shell:Creating environment hook '/root/tello_ros_ws/install/tello_gazebo/share/tello_gazebo/hook/cmake_prefix_path.ps1'
[1.054s] INFO:colcon.colcon_core.shell:Creating environment descriptor '/root/tello_ros_ws/install/tello_gazebo/share/tello_gazebo/hook/cmake_prefix_path.dsv'
[1.054s] INFO:colcon.colcon_core.shell:Creating environment hook '/root/tello_ros_ws/install/tello_gazebo/share/tello_gazebo/hook/cmake_prefix_path.sh'
[1.055s] Level 1:colcon.colcon_core.environment:checking '/root/tello_ros_ws/install/tello_gazebo/lib'
[1.055s] Level 1:colcon.colcon_core.shell:create_environment_hook('tello_gazebo', 'ld_library_path_lib')
[1.055s] INFO:colcon.colcon_core.shell:Creating environment hook '/root/tello_ros_ws/install/tello_gazebo/share/tello_gazebo/hook/ld_library_path_lib.ps1'
[1.056s] INFO:colcon.colcon_core.shell:Creating environment descriptor '/root/tello_ros_ws/install/tello_gazebo/share/tello_gazebo/hook/ld_library_path_lib.dsv'
[1.056s] INFO:colcon.colcon_core.shell:Creating environment hook '/root/tello_ros_ws/install/tello_gazebo/share/tello_gazebo/hook/ld_library_path_lib.sh'
[1.056s] Level 1:colcon.colcon_core.environment:checking '/root/tello_ros_ws/install/tello_gazebo/bin'
[1.056s] Level 1:colcon.colcon_core.environment:checking '/root/tello_ros_ws/install/tello_gazebo/lib/pkgconfig/tello_gazebo.pc'
[1.056s] Level 1:colcon.colcon_core.environment:checking '/root/tello_ros_ws/install/tello_gazebo/lib/python3.8/site-packages'
[1.056s] Level 1:colcon.colcon_core.environment:checking '/root/tello_ros_ws/install/tello_gazebo/bin'
[1.057s] INFO:colcon.colcon_core.shell:Creating package script '/root/tello_ros_ws/install/tello_gazebo/share/tello_gazebo/package.ps1'
[1.057s] INFO:colcon.colcon_core.shell:Creating package descriptor '/root/tello_ros_ws/install/tello_gazebo/share/tello_gazebo/package.dsv'
[1.058s] INFO:colcon.colcon_core.shell:Creating package script '/root/tello_ros_ws/install/tello_gazebo/share/tello_gazebo/package.sh'
[1.058s] INFO:colcon.colcon_core.shell:Creating package script '/root/tello_ros_ws/install/tello_gazebo/share/tello_gazebo/package.bash'
[1.058s] INFO:colcon.colcon_core.shell:Creating package script '/root/tello_ros_ws/install/tello_gazebo/share/tello_gazebo/package.zsh'
[1.059s] Level 1:colcon.colcon_core.environment:create_file_with_runtime_dependencies(/root/tello_ros_ws/install/tello_gazebo/share/colcon-core/packages/tello_gazebo)
[1.082s] Level 1:colcon.colcon_core.environment:checking '/root/tello_ros_ws/install/tello_cv' for CMake module files
[1.082s] DEBUG:colcon.colcon_core.event_handler.log_command:Invoked command in '/root/tello_ros_ws/src/tello_cv' returned '0': PYTHONPATH=/root/tello_ros_ws/build/tello_cv/prefix_override:/root/tello_ros_ws/install/tello_cv/lib/python3.8/site-packages:${PYTHONPATH} /usr/bin/python3 setup.py egg_info --egg-base ../../build/tello_cv build --build-base /root/tello_ros_ws/build/tello_cv/build install --record /root/tello_ros_ws/build/tello_cv/install.log --install-scripts $base/lib/tello_cv --single-version-externally-managed
[1.083s] Level 1:colcon.colcon_core.environment:checking '/root/tello_ros_ws/install/tello_cv' for CMake config files
[1.083s] Level 1:colcon.colcon_core.environment:checking '/root/tello_ros_ws/install/tello_cv/lib'
[1.083s] Level 1:colcon.colcon_core.environment:checking '/root/tello_ros_ws/install/tello_cv/bin'
[1.083s] Level 1:colcon.colcon_core.environment:checking '/root/tello_ros_ws/install/tello_cv/lib/pkgconfig/tello_cv.pc'
[1.084s] Level 1:colcon.colcon_core.environment:checking '/root/tello_ros_ws/install/tello_cv/lib/python3.8/site-packages'
[1.084s] Level 1:colcon.colcon_core.shell:create_environment_hook('tello_cv', 'pythonpath')
[1.085s] INFO:colcon.colcon_core.shell:Creating environment hook '/root/tello_ros_ws/install/tello_cv/share/tello_cv/hook/pythonpath.ps1'
[1.086s] INFO:colcon.colcon_core.shell:Creating environment descriptor '/root/tello_ros_ws/install/tello_cv/share/tello_cv/hook/pythonpath.dsv'
[1.087s] INFO:colcon.colcon_core.shell:Creating environment hook '/root/tello_ros_ws/install/tello_cv/share/tello_cv/hook/pythonpath.sh'
[1.087s] Level 1:colcon.colcon_core.environment:checking '/root/tello_ros_ws/install/tello_cv/bin'
[1.087s] Level 1:colcon.colcon_core.environment:create_environment_scripts_only(tello_cv)
[1.089s] INFO:colcon.colcon_core.shell:Creating package script '/root/tello_ros_ws/install/tello_cv/share/tello_cv/package.ps1'
[1.089s] INFO:colcon.colcon_core.shell:Creating package descriptor '/root/tello_ros_ws/install/tello_cv/share/tello_cv/package.dsv'
[1.090s] INFO:colcon.colcon_core.shell:Creating package script '/root/tello_ros_ws/install/tello_cv/share/tello_cv/package.sh'
[1.090s] INFO:colcon.colcon_core.shell:Creating package script '/root/tello_ros_ws/install/tello_cv/share/tello_cv/package.bash'
[1.090s] INFO:colcon.colcon_core.shell:Creating package script '/root/tello_ros_ws/install/tello_cv/share/tello_cv/package.zsh'
[1.091s] Level 1:colcon.colcon_core.environment:create_file_with_runtime_dependencies(/root/tello_ros_ws/install/tello_cv/share/colcon-core/packages/tello_cv)
[1.093s] Level 1:colcon.colcon_core.environment:create_environment_scripts_only(tello_driver)
[1.094s] Level 1:colcon.colcon_core.environment:checking '/root/tello_ros_ws/install/tello_driver' for CMake module files
[1.094s] Level 1:colcon.colcon_core.environment:checking '/root/tello_ros_ws/install/tello_driver' for CMake config files
[1.095s] Level 1:colcon.colcon_core.shell:create_environment_hook('tello_driver', 'cmake_prefix_path')
[1.095s] INFO:colcon.colcon_core.shell:Creating environment hook '/root/tello_ros_ws/install/tello_driver/share/tello_driver/hook/cmake_prefix_path.ps1'
[1.095s] INFO:colcon.colcon_core.shell:Creating environment descriptor '/root/tello_ros_ws/install/tello_driver/share/tello_driver/hook/cmake_prefix_path.dsv'
[1.096s] INFO:colcon.colcon_core.shell:Creating environment hook '/root/tello_ros_ws/install/tello_driver/share/tello_driver/hook/cmake_prefix_path.sh'
[1.096s] Level 1:colcon.colcon_core.environment:checking '/root/tello_ros_ws/install/tello_driver/lib'
[1.096s] Level 1:colcon.colcon_core.shell:create_environment_hook('tello_driver', 'ld_library_path_lib')
[1.096s] INFO:colcon.colcon_core.shell:Creating environment hook '/root/tello_ros_ws/install/tello_driver/share/tello_driver/hook/ld_library_path_lib.ps1'
[1.096s] INFO:colcon.colcon_core.shell:Creating environment descriptor '/root/tello_ros_ws/install/tello_driver/share/tello_driver/hook/ld_library_path_lib.dsv'
[1.097s] INFO:colcon.colcon_core.shell:Creating environment hook '/root/tello_ros_ws/install/tello_driver/share/tello_driver/hook/ld_library_path_lib.sh'
[1.097s] Level 1:colcon.colcon_core.environment:checking '/root/tello_ros_ws/install/tello_driver/bin'
[1.097s] Level 1:colcon.colcon_core.environment:checking '/root/tello_ros_ws/install/tello_driver/lib/pkgconfig/tello_driver.pc'
[1.097s] Level 1:colcon.colcon_core.environment:checking '/root/tello_ros_ws/install/tello_driver/lib/python3.8/site-packages'
[1.097s] Level 1:colcon.colcon_core.environment:checking '/root/tello_ros_ws/install/tello_driver/bin'
[1.098s] INFO:colcon.colcon_core.shell:Creating package script '/root/tello_ros_ws/install/tello_driver/share/tello_driver/package.ps1'
[1.098s] INFO:colcon.colcon_core.shell:Creating package descriptor '/root/tello_ros_ws/install/tello_driver/share/tello_driver/package.dsv'
[1.098s] INFO:colcon.colcon_core.shell:Creating package script '/root/tello_ros_ws/install/tello_driver/share/tello_driver/package.sh'
[1.098s] INFO:colcon.colcon_core.shell:Creating package script '/root/tello_ros_ws/install/tello_driver/share/tello_driver/package.bash'
[1.098s] INFO:colcon.colcon_core.shell:Creating package script '/root/tello_ros_ws/install/tello_driver/share/tello_driver/package.zsh'
[1.098s] Level 1:colcon.colcon_core.environment:create_file_with_runtime_dependencies(/root/tello_ros_ws/install/tello_driver/share/colcon-core/packages/tello_driver)
[1.109s] DEBUG:colcon.colcon_core.event_handler.log_command:Invoking command in '/root/tello_ros_ws/src/tello_control': CMAKE_PREFIX_PATH=/root/tello_ros_ws/install/tello_msgs:/root/tello_ros_ws/install/tello_gazebo:/root/tello_ros_ws/install/tello_driver:/root/tello_ros_ws/install/tello_description:/root/tello_ros_ws/install/ros2_shared LD_LIBRARY_PATH=/root/tello_ros_ws/install/tello_msgs/lib:/root/tello_ros_ws/install/tello_gazebo/lib:/root/tello_ros_ws/install/tello_driver/lib:/usr/lib/x86_64-linux-gnu/gazebo-11/plugins:/opt/ros/foxy/opt/yaml_cpp_vendor/lib:/opt/ros/foxy/opt/rviz_ogre_vendor/lib:/opt/ros/foxy/lib/x86_64-linux-gnu:/opt/ros/foxy/lib PYTHONPATH=/root/tello_ros_ws/build/tello_control/prefix_override:/root/tello_ros_ws/install/tello_control/lib/python3.8/site-packages:/root/tello_ros_ws/install/tello_msgs/lib/python3.8/site-packages:/root/tello_ros_ws/install/tello_control/lib/python3.8/site-packages:/root/tello_ros_ws/install/tello_cv/lib/python3.8/site-packages:/opt/ros/foxy/lib/python3.8/site-packages /usr/bin/python3 setup.py egg_info --egg-base ../../build/tello_control build --build-base /root/tello_ros_ws/build/tello_control/build install --record /root/tello_ros_ws/build/tello_control/install.log --install-scripts $base/lib/tello_control --single-version-externally-managed
[1.285s] Level 1:colcon.colcon_core.environment:checking '/root/tello_ros_ws/install/tello_control' for CMake module files
[1.285s] DEBUG:colcon.colcon_core.event_handler.log_command:Invoked command in '/root/tello_ros_ws/src/tello_control' returned '0': CMAKE_PREFIX_PATH=/root/tello_ros_ws/install/tello_msgs:/root/tello_ros_ws/install/tello_gazebo:/root/tello_ros_ws/install/tello_driver:/root/tello_ros_ws/install/tello_description:/root/tello_ros_ws/install/ros2_shared LD_LIBRARY_PATH=/root/tello_ros_ws/install/tello_msgs/lib:/root/tello_ros_ws/install/tello_gazebo/lib:/root/tello_ros_ws/install/tello_driver/lib:/usr/lib/x86_64-linux-gnu/gazebo-11/plugins:/opt/ros/foxy/opt/yaml_cpp_vendor/lib:/opt/ros/foxy/opt/rviz_ogre_vendor/lib:/opt/ros/foxy/lib/x86_64-linux-gnu:/opt/ros/foxy/lib PYTHONPATH=/root/tello_ros_ws/build/tello_control/prefix_override:/root/tello_ros_ws/install/tello_control/lib/python3.8/site-packages:/root/tello_ros_ws/install/tello_msgs/lib/python3.8/site-packages:/root/tello_ros_ws/install/tello_control/lib/python3.8/site-packages:/root/tello_ros_ws/install/tello_cv/lib/python3.8/site-packages:/opt/ros/foxy/lib/python3.8/site-packages /usr/bin/python3 setup.py egg_info --egg-base ../../build/tello_control build --build-base /root/tello_ros_ws/build/tello_control/build install --record /root/tello_ros_ws/build/tello_control/install.log --install-scripts $base/lib/tello_control --single-version-externally-managed
[1.285s] Level 1:colcon.colcon_core.environment:checking '/root/tello_ros_ws/install/tello_control' for CMake config files
[1.286s] Level 1:colcon.colcon_core.environment:checking '/root/tello_ros_ws/install/tello_control/lib'
[1.286s] Level 1:colcon.colcon_core.environment:checking '/root/tello_ros_ws/install/tello_control/bin'
[1.286s] Level 1:colcon.colcon_core.environment:checking '/root/tello_ros_ws/install/tello_control/lib/pkgconfig/tello_control.pc'
[1.286s] Level 1:colcon.colcon_core.environment:checking '/root/tello_ros_ws/install/tello_control/lib/python3.8/site-packages'
[1.286s] Level 1:colcon.colcon_core.shell:create_environment_hook('tello_control', 'pythonpath')
[1.287s] INFO:colcon.colcon_core.shell:Creating environment hook '/root/tello_ros_ws/install/tello_control/share/tello_control/hook/pythonpath.ps1'
[1.287s] INFO:colcon.colcon_core.shell:Creating environment descriptor '/root/tello_ros_ws/install/tello_control/share/tello_control/hook/pythonpath.dsv'
[1.287s] INFO:colcon.colcon_core.shell:Creating environment hook '/root/tello_ros_ws/install/tello_control/share/tello_control/hook/pythonpath.sh'
[1.287s] Level 1:colcon.colcon_core.environment:checking '/root/tello_ros_ws/install/tello_control/bin'
[1.287s] Level 1:colcon.colcon_core.environment:create_environment_scripts_only(tello_control)
[1.288s] INFO:colcon.colcon_core.shell:Creating package script '/root/tello_ros_ws/install/tello_control/share/tello_control/package.ps1'
[1.288s] INFO:colcon.colcon_core.shell:Creating package descriptor '/root/tello_ros_ws/install/tello_control/share/tello_control/package.dsv'
[1.288s] INFO:colcon.colcon_core.shell:Creating package script '/root/tello_ros_ws/install/tello_control/share/tello_control/package.sh'
[1.288s] INFO:colcon.colcon_core.shell:Creating package script '/root/tello_ros_ws/install/tello_control/share/tello_control/package.bash'
[1.288s] INFO:colcon.colcon_core.shell:Creating package script '/root/tello_ros_ws/install/tello_control/share/tello_control/package.zsh'
[1.289s] Level 1:colcon.colcon_core.environment:create_file_with_runtime_dependencies(/root/tello_ros_ws/install/tello_control/share/colcon-core/packages/tello_control)
[1.289s] DEBUG:colcon.colcon_parallel_executor.executor.parallel:closing loop
[1.289s] DEBUG:colcon.colcon_parallel_executor.executor.parallel:loop closed
[1.289s] DEBUG:colcon.colcon_parallel_executor.executor.parallel:run_until_complete finished with '0'
[1.289s] DEBUG:colcon.colcon_core.event_reactor:joining thread
[1.292s] INFO:colcon.colcon_core.plugin_system:Skipping extension 'colcon_notification.desktop_notification.notify_send': Could not find 'notify-send'
[1.293s] INFO:colcon.colcon_core.plugin_system:Skipping extension 'colcon_notification.desktop_notification.terminal_notifier': Not used on non-Darwin systems
[1.293s] INFO:colcon.colcon_core.plugin_system:Skipping extension 'colcon_notification.desktop_notification.win32': Not used on non-Windows systems
[1.293s] INFO:colcon.colcon_notification.desktop_notification:Sending desktop notification using 'notify2'
[1.295s] DEBUG:colcon.colcon_notification.desktop_notification.notify2:Failed to initialize notify2: org.freedesktop.DBus.Error.Spawn.ExecFailed: /usr/bin/dbus-launch terminated abnormally without any error message
[1.295s] DEBUG:colcon.colcon_core.event_reactor:joined thread
[1.298s] INFO:colcon.colcon_core.shell:Creating prefix script '/root/tello_ros_ws/install/local_setup.ps1'
[1.301s] INFO:colcon.colcon_core.shell:Creating prefix util module '/root/tello_ros_ws/install/_local_setup_util_ps1.py'
[1.303s] INFO:colcon.colcon_core.shell:Creating prefix chain script '/root/tello_ros_ws/install/setup.ps1'
[1.304s] INFO:colcon.colcon_core.shell:Creating prefix script '/root/tello_ros_ws/install/local_setup.sh'
[1.305s] INFO:colcon.colcon_core.shell:Creating prefix util module '/root/tello_ros_ws/install/_local_setup_util_sh.py'
[1.305s] INFO:colcon.colcon_core.shell:Creating prefix chain script '/root/tello_ros_ws/install/setup.sh'
[1.306s] INFO:colcon.colcon_core.shell:Creating prefix script '/root/tello_ros_ws/install/local_setup.bash'
[1.306s] INFO:colcon.colcon_core.shell:Creating prefix chain script '/root/tello_ros_ws/install/setup.bash'
[1.307s] INFO:colcon.colcon_core.shell:Creating prefix script '/root/tello_ros_ws/install/local_setup.zsh'
[1.307s] INFO:colcon.colcon_core.shell:Creating prefix chain script '/root/tello_ros_ws/install/setup.zsh'
