[0.121s] DEBUG:colcon:Command line arguments: ['/usr/bin/colcon', 'build', '--packages-select', 'tello_control']
[0.121s] DEBUG:colcon:Parsed command line arguments: Namespace(ament_cmake_args=None, base_paths=['.'], build_base='build', catkin_cmake_args=None, catkin_skip_building_tests=False, cmake_args=None, cmake_clean_cache=False, cmake_clean_first=False, cmake_force_configure=False, cmake_target=None, cmake_target_skip_unavailable=False, continue_on_error=False, event_handlers=None, executor='parallel', ignore_user_meta=False, install_base='install', log_base=None, log_level=None, main=<bound method BuildVerb.main of <colcon_core.verb.build.BuildVerb object at 0x76c2124c8ac0>>, merge_install=False, metas=['./colcon.meta'], mixin=None, mixin_files=None, mixin_verb=('build',), packages_above=None, packages_above_and_dependencies=None, packages_above_depth=None, packages_end=None, packages_ignore=None, packages_ignore_regex=None, packages_select=['tello_control'], packages_select_build_failed=False, packages_select_by_dep=None, packages_select_regex=None, packages_select_test_failures=False, packages_skip=None, packages_skip_build_finished=False, packages_skip_by_dep=None, packages_skip_regex=None, packages_skip_test_passed=False, packages_skip_up_to=None, packages_start=None, packages_up_to=None, packages_up_to_regex=None, parallel_workers=32, paths=None, symlink_install=False, test_result_base=None, verb_extension=<colcon_core.verb.build.BuildVerb object at 0x76c2124c8ac0>, verb_name='build', verb_parser=<colcon_mixin.mixin.mixin_argument.MixinArgumentDecorator object at 0x76c2124d20d0>)
[0.133s] Level 1:colcon.colcon_core.package_discovery:discover_packages(colcon_meta) check parameters
[0.133s] INFO:colcon.colcon_metadata.package_discovery.colcon_meta:Using configuration from '/root/.colcon/metadata/default/Gazebo.meta'
[0.133s] INFO:colcon.colcon_metadata.package_discovery.colcon_meta:Using configuration from '/root/.colcon/metadata/default/fastdds.meta'
[0.133s] INFO:colcon.colcon_metadata.package_discovery.colcon_meta:Using configuration from '/root/.colcon/metadata/default/fastrtps.meta'
[0.133s] Level 1:colcon.colcon_core.package_discovery:discover_packages(recursive) check parameters
[0.133s] Level 1:colcon.colcon_core.package_discovery:discover_packages(ignore) check parameters
[0.133s] Level 1:colcon.colcon_core.package_discovery:discover_packages(path) check parameters
[0.133s] Level 1:colcon.colcon_core.package_discovery:discover_packages(colcon_meta) discover
[0.133s] Level 1:colcon.colcon_core.package_discovery:discover_packages(recursive) discover
[0.133s] INFO:colcon.colcon_core.package_discovery:Crawling recursively for packages in '/root/tello_ros_ws/src'
[0.133s] Level 1:colcon.colcon_core.package_identification:_identify(.) by extensions ['ignore', 'ignore_ament_install']
[0.133s] Level 1:colcon.colcon_core.package_identification:_identify(.) by extension 'ignore'
[0.133s] Level 1:colcon.colcon_core.package_identification:_identify(.) by extension 'ignore_ament_install'
[0.133s] Level 1:colcon.colcon_core.package_identification:_identify(.) by extensions ['colcon_pkg']
[0.133s] Level 1:colcon.colcon_core.package_identification:_identify(.) by extension 'colcon_pkg'
[0.133s] Level 1:colcon.colcon_core.package_identification:_identify(.) by extensions ['colcon_meta']
[0.133s] Level 1:colcon.colcon_core.package_identification:_identify(.) by extension 'colcon_meta'
[0.134s] Level 1:colcon.colcon_core.package_identification:_identify(.) by extensions ['ros']
[0.134s] Level 1:colcon.colcon_core.package_identification:_identify(.) by extension 'ros'
[0.142s] Level 1:colcon.colcon_core.package_identification:_identify(.) by extensions ['cmake', 'python']
[0.142s] Level 1:colcon.colcon_core.package_identification:_identify(.) by extension 'cmake'
[0.142s] Level 1:colcon.colcon_core.package_identification:_identify(.) by extension 'python'
[0.142s] Level 1:colcon.colcon_core.package_identification:_identify(.) by extensions ['python_setup_py']
[0.142s] Level 1:colcon.colcon_core.package_identification:_identify(.) by extension 'python_setup_py'
[0.142s] Level 1:colcon.colcon_core.package_identification:_identify(build) by extensions ['ignore', 'ignore_ament_install']
[0.142s] Level 1:colcon.colcon_core.package_identification:_identify(build) by extension 'ignore'
[0.142s] Level 1:colcon.colcon_core.package_identification:_identify(build) ignored
[0.142s] Level 1:colcon.colcon_core.package_identification:_identify(install) by extensions ['ignore', 'ignore_ament_install']
[0.142s] Level 1:colcon.colcon_core.package_identification:_identify(install) by extension 'ignore'
[0.142s] Level 1:colcon.colcon_core.package_identification:_identify(install) ignored
[0.142s] Level 1:colcon.colcon_core.package_identification:_identify(log) by extensions ['ignore', 'ignore_ament_install']
[0.142s] Level 1:colcon.colcon_core.package_identification:_identify(log) by extension 'ignore'
[0.142s] Level 1:colcon.colcon_core.package_identification:_identify(log) ignored
[0.142s] Level 1:colcon.colcon_core.package_identification:_identify(ros2_shared) by extensions ['ignore', 'ignore_ament_install']
[0.142s] Level 1:colcon.colcon_core.package_identification:_identify(ros2_shared) by extension 'ignore'
[0.142s] Level 1:colcon.colcon_core.package_identification:_identify(ros2_shared) by extension 'ignore_ament_install'
[0.142s] Level 1:colcon.colcon_core.package_identification:_identify(ros2_shared) by extensions ['colcon_pkg']
[0.142s] Level 1:colcon.colcon_core.package_identification:_identify(ros2_shared) by extension 'colcon_pkg'
[0.142s] Level 1:colcon.colcon_core.package_identification:_identify(ros2_shared) by extensions ['colcon_meta']
[0.142s] Level 1:colcon.colcon_core.package_identification:_identify(ros2_shared) by extension 'colcon_meta'
[0.142s] Level 1:colcon.colcon_core.package_identification:_identify(ros2_shared) by extensions ['ros']
[0.142s] Level 1:colcon.colcon_core.package_identification:_identify(ros2_shared) by extension 'ros'
[0.144s] DEBUG:colcon.colcon_core.package_identification:Package 'ros2_shared' with type 'ros.ament_cmake' and name 'ros2_shared'
[0.144s] Level 1:colcon.colcon_core.package_identification:_identify(tello_control) by extensions ['ignore', 'ignore_ament_install']
[0.144s] Level 1:colcon.colcon_core.package_identification:_identify(tello_control) by extension 'ignore'
[0.144s] Level 1:colcon.colcon_core.package_identification:_identify(tello_control) by extension 'ignore_ament_install'
[0.144s] Level 1:colcon.colcon_core.package_identification:_identify(tello_control) by extensions ['colcon_pkg']
[0.144s] Level 1:colcon.colcon_core.package_identification:_identify(tello_control) by extension 'colcon_pkg'
[0.144s] Level 1:colcon.colcon_core.package_identification:_identify(tello_control) by extensions ['colcon_meta']
[0.144s] Level 1:colcon.colcon_core.package_identification:_identify(tello_control) by extension 'colcon_meta'
[0.144s] Level 1:colcon.colcon_core.package_identification:_identify(tello_control) by extensions ['ros']
[0.144s] Level 1:colcon.colcon_core.package_identification:_identify(tello_control) by extension 'ros'
[0.144s] DEBUG:colcon.colcon_core.package_identification:Package 'tello_control' with type 'ros.ament_python' and name 'tello_control'
[0.144s] Level 1:colcon.colcon_core.package_identification:_identify(tello_cv) by extensions ['ignore', 'ignore_ament_install']
[0.144s] Level 1:colcon.colcon_core.package_identification:_identify(tello_cv) by extension 'ignore'
[0.144s] Level 1:colcon.colcon_core.package_identification:_identify(tello_cv) by extension 'ignore_ament_install'
[0.144s] Level 1:colcon.colcon_core.package_identification:_identify(tello_cv) by extensions ['colcon_pkg']
[0.144s] Level 1:colcon.colcon_core.package_identification:_identify(tello_cv) by extension 'colcon_pkg'
[0.144s] Level 1:colcon.colcon_core.package_identification:_identify(tello_cv) by extensions ['colcon_meta']
[0.144s] Level 1:colcon.colcon_core.package_identification:_identify(tello_cv) by extension 'colcon_meta'
[0.144s] Level 1:colcon.colcon_core.package_identification:_identify(tello_cv) by extensions ['ros']
[0.144s] Level 1:colcon.colcon_core.package_identification:_identify(tello_cv) by extension 'ros'
[0.144s] DEBUG:colcon.colcon_core.package_identification:Package 'tello_cv' with type 'ros.ament_python' and name 'tello_cv'
[0.144s] Level 1:colcon.colcon_core.package_identification:_identify(tello_description) by extensions ['ignore', 'ignore_ament_install']
[0.145s] Level 1:colcon.colcon_core.package_identification:_identify(tello_description) by extension 'ignore'
[0.145s] Level 1:colcon.colcon_core.package_identification:_identify(tello_description) by extension 'ignore_ament_install'
[0.145s] Level 1:colcon.colcon_core.package_identification:_identify(tello_description) by extensions ['colcon_pkg']
[0.145s] Level 1:colcon.colcon_core.package_identification:_identify(tello_description) by extension 'colcon_pkg'
[0.145s] Level 1:colcon.colcon_core.package_identification:_identify(tello_description) by extensions ['colcon_meta']
[0.145s] Level 1:colcon.colcon_core.package_identification:_identify(tello_description) by extension 'colcon_meta'
[0.145s] Level 1:colcon.colcon_core.package_identification:_identify(tello_description) by extensions ['ros']
[0.145s] Level 1:colcon.colcon_core.package_identification:_identify(tello_description) by extension 'ros'
[0.145s] DEBUG:colcon.colcon_core.package_identification:Package 'tello_description' with type 'ros.ament_cmake' and name 'tello_description'
[0.145s] Level 1:colcon.colcon_core.package_identification:_identify(tello_driver) by extensions ['ignore', 'ignore_ament_install']
[0.145s] Level 1:colcon.colcon_core.package_identification:_identify(tello_driver) by extension 'ignore'
[0.145s] Level 1:colcon.colcon_core.package_identification:_identify(tello_driver) by extension 'ignore_ament_install'
[0.145s] Level 1:colcon.colcon_core.package_identification:_identify(tello_driver) by extensions ['colcon_pkg']
[0.145s] Level 1:colcon.colcon_core.package_identification:_identify(tello_driver) by extension 'colcon_pkg'
[0.145s] Level 1:colcon.colcon_core.package_identification:_identify(tello_driver) by extensions ['colcon_meta']
[0.145s] Level 1:colcon.colcon_core.package_identification:_identify(tello_driver) by extension 'colcon_meta'
[0.145s] Level 1:colcon.colcon_core.package_identification:_identify(tello_driver) by extensions ['ros']
[0.145s] Level 1:colcon.colcon_core.package_identification:_identify(tello_driver) by extension 'ros'
[0.145s] DEBUG:colcon.colcon_core.package_identification:Package 'tello_driver' with type 'ros.ament_cmake' and name 'tello_driver'
[0.146s] Level 1:colcon.colcon_core.package_identification:_identify(tello_gazebo) by extensions ['ignore', 'ignore_ament_install']
[0.146s] Level 1:colcon.colcon_core.package_identification:_identify(tello_gazebo) by extension 'ignore'
[0.146s] Level 1:colcon.colcon_core.package_identification:_identify(tello_gazebo) by extension 'ignore_ament_install'
[0.146s] Level 1:colcon.colcon_core.package_identification:_identify(tello_gazebo) by extensions ['colcon_pkg']
[0.146s] Level 1:colcon.colcon_core.package_identification:_identify(tello_gazebo) by extension 'colcon_pkg'
[0.146s] Level 1:colcon.colcon_core.package_identification:_identify(tello_gazebo) by extensions ['colcon_meta']
[0.146s] Level 1:colcon.colcon_core.package_identification:_identify(tello_gazebo) by extension 'colcon_meta'
[0.146s] Level 1:colcon.colcon_core.package_identification:_identify(tello_gazebo) by extensions ['ros']
[0.146s] Level 1:colcon.colcon_core.package_identification:_identify(tello_gazebo) by extension 'ros'
[0.146s] DEBUG:colcon.colcon_core.package_identification:Package 'tello_gazebo' with type 'ros.ament_cmake' and name 'tello_gazebo'
[0.146s] Level 1:colcon.colcon_core.package_identification:_identify(tello_msgs) by extensions ['ignore', 'ignore_ament_install']
[0.146s] Level 1:colcon.colcon_core.package_identification:_identify(tello_msgs) by extension 'ignore'
[0.146s] Level 1:colcon.colcon_core.package_identification:_identify(tello_msgs) by extension 'ignore_ament_install'
[0.146s] Level 1:colcon.colcon_core.package_identification:_identify(tello_msgs) by extensions ['colcon_pkg']
[0.146s] Level 1:colcon.colcon_core.package_identification:_identify(tello_msgs) by extension 'colcon_pkg'
[0.146s] Level 1:colcon.colcon_core.package_identification:_identify(tello_msgs) by extensions ['colcon_meta']
[0.146s] Level 1:colcon.colcon_core.package_identification:_identify(tello_msgs) by extension 'colcon_meta'
[0.146s] Level 1:colcon.colcon_core.package_identification:_identify(tello_msgs) by extensions ['ros']
[0.146s] Level 1:colcon.colcon_core.package_identification:_identify(tello_msgs) by extension 'ros'
[0.147s] DEBUG:colcon.colcon_core.package_identification:Package 'tello_msgs' with type 'ros.ament_cmake' and name 'tello_msgs'
[0.147s] Level 1:colcon.colcon_core.package_discovery:discover_packages(recursive) using defaults
[0.147s] Level 1:colcon.colcon_core.package_discovery:discover_packages(ignore) discover
[0.147s] Level 1:colcon.colcon_core.package_discovery:discover_packages(ignore) using defaults
[0.147s] Level 1:colcon.colcon_core.package_discovery:discover_packages(path) discover
[0.147s] Level 1:colcon.colcon_core.package_discovery:discover_packages(path) using defaults
[0.155s] INFO:colcon.colcon_core.package_selection:Skipping not selected package 'ros2_shared' in 'ros2_shared'
[0.155s] INFO:colcon.colcon_core.package_selection:Skipping not selected package 'tello_cv' in 'tello_cv'
[0.155s] INFO:colcon.colcon_core.package_selection:Skipping not selected package 'tello_description' in 'tello_description'
[0.155s] INFO:colcon.colcon_core.package_selection:Skipping not selected package 'tello_msgs' in 'tello_msgs'
[0.155s] INFO:colcon.colcon_core.package_selection:Skipping not selected package 'tello_driver' in 'tello_driver'
[0.155s] INFO:colcon.colcon_core.package_selection:Skipping not selected package 'tello_gazebo' in 'tello_gazebo'
[0.156s] Level 5:colcon.colcon_core.verb:set package 'tello_control' build argument 'cmake_args' from command line to 'None'
[0.156s] Level 5:colcon.colcon_core.verb:set package 'tello_control' build argument 'cmake_target' from command line to 'None'
[0.156s] Level 5:colcon.colcon_core.verb:set package 'tello_control' build argument 'cmake_target_skip_unavailable' from command line to 'False'
[0.156s] Level 5:colcon.colcon_core.verb:set package 'tello_control' build argument 'cmake_clean_cache' from command line to 'False'
[0.156s] Level 5:colcon.colcon_core.verb:set package 'tello_control' build argument 'cmake_clean_first' from command line to 'False'
[0.156s] Level 5:colcon.colcon_core.verb:set package 'tello_control' build argument 'cmake_force_configure' from command line to 'False'
[0.156s] Level 5:colcon.colcon_core.verb:set package 'tello_control' build argument 'ament_cmake_args' from command line to 'None'
[0.156s] Level 5:colcon.colcon_core.verb:set package 'tello_control' build argument 'catkin_cmake_args' from command line to 'None'
[0.156s] Level 5:colcon.colcon_core.verb:set package 'tello_control' build argument 'catkin_skip_building_tests' from command line to 'False'
[0.156s] DEBUG:colcon.colcon_core.verb:Building package 'tello_control' with the following arguments: {'ament_cmake_args': None, 'build_base': '/root/tello_ros_ws/src/build/tello_control', 'catkin_cmake_args': None, 'catkin_skip_building_tests': False, 'cmake_args': None, 'cmake_clean_cache': False, 'cmake_clean_first': False, 'cmake_force_configure': False, 'cmake_target': None, 'cmake_target_skip_unavailable': False, 'install_base': '/root/tello_ros_ws/src/install/tello_control', 'merge_install': False, 'path': '/root/tello_ros_ws/src/tello_control', 'symlink_install': False, 'test_result_base': None}
[0.156s] INFO:colcon.colcon_core.executor:Executing jobs using 'parallel' executor
[0.157s] DEBUG:colcon.colcon_parallel_executor.executor.parallel:run_until_complete
[0.158s] INFO:colcon.colcon_ros.task.ament_python.build:Building ROS package in '/root/tello_ros_ws/src/tello_control' with build type 'ament_python'
[0.158s] Level 1:colcon.colcon_core.shell:create_environment_hook('tello_control', 'ament_prefix_path')
[0.159s] INFO:colcon.colcon_core.plugin_system:Skipping extension 'colcon_core.shell.bat': Not used on non-Windows systems
[0.160s] INFO:colcon.colcon_core.shell:Creating environment hook '/root/tello_ros_ws/src/install/tello_control/share/tello_control/hook/ament_prefix_path.ps1'
[0.160s] INFO:colcon.colcon_core.shell:Creating environment descriptor '/root/tello_ros_ws/src/install/tello_control/share/tello_control/hook/ament_prefix_path.dsv'
[0.160s] INFO:colcon.colcon_core.shell:Creating environment hook '/root/tello_ros_ws/src/install/tello_control/share/tello_control/hook/ament_prefix_path.sh'
[0.161s] INFO:colcon.colcon_core.shell:Skip shell extension 'powershell' for command environment: Not usable outside of PowerShell
[0.161s] DEBUG:colcon.colcon_core.shell:Skip shell extension 'dsv' for command environment
[0.251s] INFO:colcon.colcon_core.task.python.build:Building Python package in '/root/tello_ros_ws/src/tello_control'
[0.252s] INFO:colcon.colcon_core.shell:Skip shell extension 'powershell' for command environment: Not usable outside of PowerShell
[0.252s] DEBUG:colcon.colcon_core.shell:Skip shell extension 'dsv' for command environment
[0.451s] DEBUG:colcon.colcon_core.event_handler.log_command:Invoking command in '/root/tello_ros_ws/src/tello_control': AMENT_PREFIX_PATH=/root/tello_ros_ws/src/install/tello_msgs:${AMENT_PREFIX_PATH} CMAKE_PREFIX_PATH=/root/tello_ros_ws/src/install/tello_msgs:${CMAKE_PREFIX_PATH} LD_LIBRARY_PATH=/root/tello_ros_ws/src/install/tello_msgs/lib:${LD_LIBRARY_PATH} PYTHONPATH=/root/tello_ros_ws/src/build/tello_control/prefix_override:/root/tello_ros_ws/src/install/tello_control/lib/python3.8/site-packages:/root/tello_ros_ws/src/install/tello_msgs/lib/python3.8/site-packages:${PYTHONPATH} /usr/bin/python3 setup.py egg_info --egg-base ../build/tello_control build --build-base /root/tello_ros_ws/src/build/tello_control/build install --record /root/tello_ros_ws/src/build/tello_control/install.log --install-scripts $base/lib/tello_control --single-version-externally-managed
[0.584s] DEBUG:colcon.colcon_core.event_handler.log_command:Invoked command in '/root/tello_ros_ws/src/tello_control' returned '0': AMENT_PREFIX_PATH=/root/tello_ros_ws/src/install/tello_msgs:${AMENT_PREFIX_PATH} CMAKE_PREFIX_PATH=/root/tello_ros_ws/src/install/tello_msgs:${CMAKE_PREFIX_PATH} LD_LIBRARY_PATH=/root/tello_ros_ws/src/install/tello_msgs/lib:${LD_LIBRARY_PATH} PYTHONPATH=/root/tello_ros_ws/src/build/tello_control/prefix_override:/root/tello_ros_ws/src/install/tello_control/lib/python3.8/site-packages:/root/tello_ros_ws/src/install/tello_msgs/lib/python3.8/site-packages:${PYTHONPATH} /usr/bin/python3 setup.py egg_info --egg-base ../build/tello_control build --build-base /root/tello_ros_ws/src/build/tello_control/build install --record /root/tello_ros_ws/src/build/tello_control/install.log --install-scripts $base/lib/tello_control --single-version-externally-managed
[0.587s] Level 1:colcon.colcon_core.environment:checking '/root/tello_ros_ws/src/install/tello_control' for CMake module files
[0.587s] Level 1:colcon.colcon_core.environment:checking '/root/tello_ros_ws/src/install/tello_control' for CMake config files
[0.587s] Level 1:colcon.colcon_core.environment:checking '/root/tello_ros_ws/src/install/tello_control/lib'
[0.587s] Level 1:colcon.colcon_core.environment:checking '/root/tello_ros_ws/src/install/tello_control/bin'
[0.587s] Level 1:colcon.colcon_core.environment:checking '/root/tello_ros_ws/src/install/tello_control/lib/pkgconfig/tello_control.pc'
[0.587s] Level 1:colcon.colcon_core.environment:checking '/root/tello_ros_ws/src/install/tello_control/lib/python3.8/site-packages'
[0.587s] Level 1:colcon.colcon_core.shell:create_environment_hook('tello_control', 'pythonpath')
[0.588s] INFO:colcon.colcon_core.shell:Creating environment hook '/root/tello_ros_ws/src/install/tello_control/share/tello_control/hook/pythonpath.ps1'
[0.588s] INFO:colcon.colcon_core.shell:Creating environment descriptor '/root/tello_ros_ws/src/install/tello_control/share/tello_control/hook/pythonpath.dsv'
[0.588s] INFO:colcon.colcon_core.shell:Creating environment hook '/root/tello_ros_ws/src/install/tello_control/share/tello_control/hook/pythonpath.sh'
[0.589s] Level 1:colcon.colcon_core.environment:checking '/root/tello_ros_ws/src/install/tello_control/bin'
[0.589s] Level 1:colcon.colcon_core.environment:create_environment_scripts_only(tello_control)
[0.589s] INFO:colcon.colcon_core.shell:Creating package script '/root/tello_ros_ws/src/install/tello_control/share/tello_control/package.ps1'
[0.589s] INFO:colcon.colcon_core.shell:Creating package descriptor '/root/tello_ros_ws/src/install/tello_control/share/tello_control/package.dsv'
[0.590s] INFO:colcon.colcon_core.shell:Creating package script '/root/tello_ros_ws/src/install/tello_control/share/tello_control/package.sh'
[0.590s] INFO:colcon.colcon_core.shell:Creating package script '/root/tello_ros_ws/src/install/tello_control/share/tello_control/package.bash'
[0.590s] INFO:colcon.colcon_core.shell:Creating package script '/root/tello_ros_ws/src/install/tello_control/share/tello_control/package.zsh'
[0.590s] Level 1:colcon.colcon_core.environment:create_file_with_runtime_dependencies(/root/tello_ros_ws/src/install/tello_control/share/colcon-core/packages/tello_control)
[0.591s] DEBUG:colcon.colcon_parallel_executor.executor.parallel:closing loop
[0.591s] DEBUG:colcon.colcon_parallel_executor.executor.parallel:loop closed
[0.591s] DEBUG:colcon.colcon_parallel_executor.executor.parallel:run_until_complete finished with '0'
[0.591s] DEBUG:colcon.colcon_core.event_reactor:joining thread
[0.595s] INFO:colcon.colcon_core.plugin_system:Skipping extension 'colcon_notification.desktop_notification.notify_send': Could not find 'notify-send'
[0.595s] INFO:colcon.colcon_core.plugin_system:Skipping extension 'colcon_notification.desktop_notification.terminal_notifier': Not used on non-Darwin systems
[0.595s] INFO:colcon.colcon_core.plugin_system:Skipping extension 'colcon_notification.desktop_notification.win32': Not used on non-Windows systems
[0.595s] INFO:colcon.colcon_notification.desktop_notification:Sending desktop notification using 'notify2'
[0.597s] DEBUG:colcon.colcon_notification.desktop_notification.notify2:Failed to initialize notify2: org.freedesktop.DBus.Error.Spawn.ExecFailed: /usr/bin/dbus-launch terminated abnormally without any error message
[0.597s] DEBUG:colcon.colcon_core.event_reactor:joined thread
[0.598s] INFO:colcon.colcon_core.shell:Creating prefix script '/root/tello_ros_ws/src/install/local_setup.ps1'
[0.598s] INFO:colcon.colcon_core.shell:Creating prefix util module '/root/tello_ros_ws/src/install/_local_setup_util_ps1.py'
[0.599s] INFO:colcon.colcon_core.shell:Creating prefix chain script '/root/tello_ros_ws/src/install/setup.ps1'
[0.599s] INFO:colcon.colcon_core.shell:Creating prefix script '/root/tello_ros_ws/src/install/local_setup.sh'
[0.599s] INFO:colcon.colcon_core.shell:Creating prefix util module '/root/tello_ros_ws/src/install/_local_setup_util_sh.py'
[0.600s] INFO:colcon.colcon_core.shell:Creating prefix chain script '/root/tello_ros_ws/src/install/setup.sh'
[0.600s] INFO:colcon.colcon_core.shell:Creating prefix script '/root/tello_ros_ws/src/install/local_setup.bash'
[0.601s] INFO:colcon.colcon_core.shell:Creating prefix chain script '/root/tello_ros_ws/src/install/setup.bash'
[0.601s] INFO:colcon.colcon_core.shell:Creating prefix script '/root/tello_ros_ws/src/install/local_setup.zsh'
[0.602s] INFO:colcon.colcon_core.shell:Creating prefix chain script '/root/tello_ros_ws/src/install/setup.zsh'
