[0.251s] Invoking command in '/root/tello_ros_ws/src/tello_cv': PYTHONPATH=/root/tello_ros_ws/build/tello_cv/prefix_override:/root/tello_ros_ws/install/tello_cv/lib/python3.8/site-packages:${PYTHONPATH} /usr/bin/python3 setup.py egg_info --egg-base ../../build/tello_cv build --build-base /root/tello_ros_ws/build/tello_cv/build install --record /root/tello_ros_ws/build/tello_cv/install.log --install-scripts $base/lib/tello_cv --single-version-externally-managed
[0.331s] running egg_info
[0.331s] writing ../../build/tello_cv/tello_cv.egg-info/PKG-INFO
[0.331s] writing dependency_links to ../../build/tello_cv/tello_cv.egg-info/dependency_links.txt
[0.331s] writing entry points to ../../build/tello_cv/tello_cv.egg-info/entry_points.txt
[0.331s] writing requirements to ../../build/tello_cv/tello_cv.egg-info/requires.txt
[0.332s] writing top-level names to ../../build/tello_cv/tello_cv.egg-info/top_level.txt
[0.346s] reading manifest file '../../build/tello_cv/tello_cv.egg-info/SOURCES.txt'
[0.346s] writing manifest file '../../build/tello_cv/tello_cv.egg-info/SOURCES.txt'
[0.346s] running build
[0.346s] running build_py
[0.346s] copying tello_cv/circle_tracker_node.py -> /root/tello_ros_ws/build/tello_cv/build/lib/tello_cv
[0.346s] running install
[0.347s] running install_lib
[0.347s] copying /root/tello_ros_ws/build/tello_cv/build/lib/tello_cv/circle_tracker_node.py -> /root/tello_ros_ws/install/tello_cv/lib/python3.8/site-packages/tello_cv
[0.347s] byte-compiling /root/tello_ros_ws/install/tello_cv/lib/python3.8/site-packages/tello_cv/circle_tracker_node.py to circle_tracker_node.cpython-38.pyc
[0.348s] running install_data
[0.348s] running install_egg_info
[0.349s] removing '/root/tello_ros_ws/install/tello_cv/lib/python3.8/site-packages/tello_cv-0.0.0-py3.8.egg-info' (and everything under it)
[0.349s] Copying ../../build/tello_cv/tello_cv.egg-info to /root/tello_ros_ws/install/tello_cv/lib/python3.8/site-packages/tello_cv-0.0.0-py3.8.egg-info
[0.349s] running install_scripts
[0.357s] Installing circle_tracker_node script to /root/tello_ros_ws/install/tello_cv/lib/tello_cv
[0.357s] writing list of installed files to '/root/tello_ros_ws/build/tello_cv/install.log'
[0.366s] Invoked command in '/root/tello_ros_ws/src/tello_cv' returned '0': PYTHONPATH=/root/tello_ros_ws/build/tello_cv/prefix_override:/root/tello_ros_ws/install/tello_cv/lib/python3.8/site-packages:${PYTHONPATH} /usr/bin/python3 setup.py egg_info --egg-base ../../build/tello_cv build --build-base /root/tello_ros_ws/build/tello_cv/build install --record /root/tello_ros_ws/build/tello_cv/install.log --install-scripts $base/lib/tello_cv --single-version-externally-managed
