[0.009s] Invoking command in '/root/tello_ros_ws/build/tello_description': CMAKE_PREFIX_PATH=/opt/ros/foxy /usr/bin/cmake /root/tello_ros_ws/src/tello_description -DCMAKE_INSTALL_PREFIX=/root/tello_ros_ws/install/tello_description
[0.045s] -- The C compiler identification is GNU 9.4.0
[0.073s] -- The CXX compiler identification is GNU 9.4.0
[0.075s] -- Check for working C compiler: /usr/bin/cc
[0.129s] -- Check for working C compiler: /usr/bin/cc -- works
[0.130s] -- Detecting C compiler ABI info
[0.170s] -- Detecting C compiler ABI info - done
[0.178s] -- Detecting C compile features
[0.179s] -- Detecting C compile features - done
[0.180s] -- Check for working CXX compiler: /usr/bin/c++
[0.227s] -- Check for working CXX compiler: /usr/bin/c++ -- works
[0.228s] -- Detecting CXX compiler ABI info
[0.284s] -- Detecting CXX compiler ABI info - done
[0.293s] -- Detecting CXX compile features
[0.293s] -- Detecting CXX compile features - done
[0.294s] -- Found ament_cmake: 0.9.12 (/opt/ros/foxy/share/ament_cmake/cmake)
[0.306s] -- Found PythonInterp: /usr/bin/python3 (found suitable version "3.8.10", minimum required is "3") 
[0.306s] -- Using PYTHON_EXECUTABLE: /usr/bin/python3
[0.383s] -- creating rules for /root/tello_ros_ws/build/tello_description/urdf/tello.urdf
[0.383s] -- creating rules for /root/tello_ros_ws/build/tello_description/urdf/tello_1.urdf
[0.383s] -- creating rules for /root/tello_ros_ws/build/tello_description/urdf/tello_2.urdf
[0.383s] -- creating rules for /root/tello_ros_ws/build/tello_description/urdf/tello_3.urdf
[0.383s] -- creating rules for /root/tello_ros_ws/build/tello_description/urdf/tello_4.urdf
[0.383s] -- creating rules for /root/tello_ros_ws/build/tello_description/urdf/tello_5.urdf
[0.383s] -- creating rules for /root/tello_ros_ws/build/tello_description/urdf/tello_6.urdf
[0.383s] -- creating rules for /root/tello_ros_ws/build/tello_description/urdf/tello_7.urdf
[0.383s] -- creating rules for /root/tello_ros_ws/build/tello_description/urdf/tello_8.urdf
[0.412s] -- Configuring done
[0.413s] -- Generating done
[0.414s] -- Build files have been written to: /root/tello_ros_ws/build/tello_description
[0.416s] Invoked command in '/root/tello_ros_ws/build/tello_description' returned '0': CMAKE_PREFIX_PATH=/opt/ros/foxy /usr/bin/cmake /root/tello_ros_ws/src/tello_description -DCMAKE_INSTALL_PREFIX=/root/tello_ros_ws/install/tello_description
[0.418s] Invoking command in '/root/tello_ros_ws/build/tello_description': CMAKE_PREFIX_PATH=/opt/ros/foxy /usr/bin/cmake --build /root/tello_ros_ws/build/tello_description -- -j32 -l32
[0.448s] [35m[1mScanning dependencies of target generate_urdf_5[0m
[0.448s] [35m[1mScanning dependencies of target generate_urdf_8[0m
[0.448s] [35m[1mScanning dependencies of target generate_urdf[0m
[0.448s] [35m[1mScanning dependencies of target generate_urdf_2[0m
[0.450s] [35m[1mScanning dependencies of target generate_urdf_6[0m
[0.450s] [35m[1mScanning dependencies of target generate_urdf_1[0m
[0.450s] [35m[1mScanning dependencies of target generate_urdf_3[0m
[0.450s] [35m[1mScanning dependencies of target generate_urdf_7[0m
[0.451s] [35m[1mScanning dependencies of target generate_urdf_4[0m
[0.453s] [ 22%] [34m[1mGenerate /root/tello_ros_ws/build/tello_description/urdf/tello_8.urdf[0m
[0.453s] [ 33%] [34m[1mGenerate /root/tello_ros_ws/build/tello_description/urdf/tello.urdf[0m
[0.453s] [ 33%] [34m[1mGenerate /root/tello_ros_ws/build/tello_description/urdf/tello_2.urdf[0m
[0.456s] [ 44%] [34m[1mGenerate /root/tello_ros_ws/build/tello_description/urdf/tello_5.urdf[0m
[0.457s] [ 55%] [34m[1mGenerate /root/tello_ros_ws/build/tello_description/urdf/tello_6.urdf[0m
[0.458s] [ 66%] [34m[1mGenerate /root/tello_ros_ws/build/tello_description/urdf/tello_1.urdf[0m
[0.460s] [ 77%] [34m[1mGenerate /root/tello_ros_ws/build/tello_description/urdf/tello_3.urdf[0m
[0.463s] [ 88%] [34m[1mGenerate /root/tello_ros_ws/build/tello_description/urdf/tello_7.urdf[0m
[0.465s] [100%] [34m[1mGenerate /root/tello_ros_ws/build/tello_description/urdf/tello_4.urdf[0m
[0.480s] [100%] Built target generate_urdf
[0.483s] [100%] Built target generate_urdf_6
[0.484s] [100%] Built target generate_urdf_1
[0.484s] [100%] Built target generate_urdf_5
[0.484s] [100%] Built target generate_urdf_8
[0.485s] [100%] Built target generate_urdf_3
[0.487s] [100%] Built target generate_urdf_7
[0.487s] [100%] Built target generate_urdf_4
[0.488s] [100%] Built target generate_urdf_2
[0.493s] Invoked command in '/root/tello_ros_ws/build/tello_description' returned '0': CMAKE_PREFIX_PATH=/opt/ros/foxy /usr/bin/cmake --build /root/tello_ros_ws/build/tello_description -- -j32 -l32
[0.519s] Invoking command in '/root/tello_ros_ws/build/tello_description': CMAKE_PREFIX_PATH=/opt/ros/foxy /usr/bin/cmake --install /root/tello_ros_ws/build/tello_description
[0.525s] -- Install configuration: ""
[0.525s] -- Installing: /root/tello_ros_ws/install/tello_description/share/tello_description/urdf
[0.525s] -- Installing: /root/tello_ros_ws/install/tello_description/share/tello_description/urdf/tello.urdf
[0.525s] -- Installing: /root/tello_ros_ws/install/tello_description/share/tello_description/urdf/tello_3.urdf
[0.525s] -- Installing: /root/tello_ros_ws/install/tello_description/share/tello_description/urdf/tello_2.urdf
[0.525s] -- Installing: /root/tello_ros_ws/install/tello_description/share/tello_description/urdf/tello_4.urdf
[0.525s] -- Installing: /root/tello_ros_ws/install/tello_description/share/tello_description/urdf/tello_8.urdf
[0.525s] -- Installing: /root/tello_ros_ws/install/tello_description/share/tello_description/urdf/tello_6.urdf
[0.525s] -- Installing: /root/tello_ros_ws/install/tello_description/share/tello_description/urdf/tello_7.urdf
[0.525s] -- Installing: /root/tello_ros_ws/install/tello_description/share/tello_description/urdf/tello_1.urdf
[0.525s] -- Installing: /root/tello_ros_ws/install/tello_description/share/tello_description/urdf/tello_5.urdf
[0.525s] -- Installing: /root/tello_ros_ws/install/tello_description/share/ament_index/resource_index/package_run_dependencies/tello_description
[0.525s] -- Installing: /root/tello_ros_ws/install/tello_description/share/ament_index/resource_index/parent_prefix_path/tello_description
[0.525s] -- Installing: /root/tello_ros_ws/install/tello_description/share/tello_description/environment/ament_prefix_path.sh
[0.525s] -- Installing: /root/tello_ros_ws/install/tello_description/share/tello_description/environment/ament_prefix_path.dsv
[0.526s] -- Installing: /root/tello_ros_ws/install/tello_description/share/tello_description/environment/path.sh
[0.526s] -- Installing: /root/tello_ros_ws/install/tello_description/share/tello_description/environment/path.dsv
[0.526s] -- Installing: /root/tello_ros_ws/install/tello_description/share/tello_description/local_setup.bash
[0.526s] -- Installing: /root/tello_ros_ws/install/tello_description/share/tello_description/local_setup.sh
[0.526s] -- Installing: /root/tello_ros_ws/install/tello_description/share/tello_description/local_setup.zsh
[0.526s] -- Installing: /root/tello_ros_ws/install/tello_description/share/tello_description/local_setup.dsv
[0.526s] -- Installing: /root/tello_ros_ws/install/tello_description/share/tello_description/package.dsv
[0.526s] -- Installing: /root/tello_ros_ws/install/tello_description/share/ament_index/resource_index/packages/tello_description
[0.526s] -- Installing: /root/tello_ros_ws/install/tello_description/share/tello_description/cmake/tello_descriptionConfig.cmake
[0.526s] -- Installing: /root/tello_ros_ws/install/tello_description/share/tello_description/cmake/tello_descriptionConfig-version.cmake
[0.526s] -- Installing: /root/tello_ros_ws/install/tello_description/share/tello_description/package.xml
[0.527s] Invoked command in '/root/tello_ros_ws/build/tello_description' returned '0': CMAKE_PREFIX_PATH=/opt/ros/foxy /usr/bin/cmake --install /root/tello_ros_ws/build/tello_description
