running egg_info
creating ../../build/tello_control/tello_control.egg-info
writing ../../build/tello_control/tello_control.egg-info/PKG-INFO
writing dependency_links to ../../build/tello_control/tello_control.egg-info/dependency_links.txt
writing entry points to ../../build/tello_control/tello_control.egg-info/entry_points.txt
writing requirements to ../../build/tello_control/tello_control.egg-info/requires.txt
writing top-level names to ../../build/tello_control/tello_control.egg-info/top_level.txt
writing manifest file '../../build/tello_control/tello_control.egg-info/SOURCES.txt'
reading manifest file '../../build/tello_control/tello_control.egg-info/SOURCES.txt'
writing manifest file '../../build/tello_control/tello_control.egg-info/SOURCES.txt'
running build
running build_py
creating /root/tello_ros_ws/build/tello_control/build
creating /root/tello_ros_ws/build/tello_control/build/lib
creating /root/tello_ros_ws/build/tello_control/build/lib/tello_control
copying tello_control/teleop_keyboard.py -> /root/tello_ros_ws/build/tello_control/build/lib/tello_control
copying tello_control/__init__.py -> /root/tello_ros_ws/build/tello_control/build/lib/tello_control
running install
running install_lib
creating /root/tello_ros_ws/install/tello_control/lib/python3.8/site-packages/tello_control
copying /root/tello_ros_ws/build/tello_control/build/lib/tello_control/teleop_keyboard.py -> /root/tello_ros_ws/install/tello_control/lib/python3.8/site-packages/tello_control
copying /root/tello_ros_ws/build/tello_control/build/lib/tello_control/__init__.py -> /root/tello_ros_ws/install/tello_control/lib/python3.8/site-packages/tello_control
byte-compiling /root/tello_ros_ws/install/tello_control/lib/python3.8/site-packages/tello_control/teleop_keyboard.py to teleop_keyboard.cpython-38.pyc
byte-compiling /root/tello_ros_ws/install/tello_control/lib/python3.8/site-packages/tello_control/__init__.py to __init__.cpython-38.pyc
running install_data
creating /root/tello_ros_ws/install/tello_control/share/ament_index
creating /root/tello_ros_ws/install/tello_control/share/ament_index/resource_index
creating /root/tello_ros_ws/install/tello_control/share/ament_index/resource_index/packages
copying resource/tello_control -> /root/tello_ros_ws/install/tello_control/share/ament_index/resource_index/packages
copying package.xml -> /root/tello_ros_ws/install/tello_control/share/tello_control
running install_egg_info
Copying ../../build/tello_control/tello_control.egg-info to /root/tello_ros_ws/install/tello_control/lib/python3.8/site-packages/tello_control-0.0.0-py3.8.egg-info
running install_scripts
Installing teleop_keyboard_node script to /root/tello_ros_ws/install/tello_control/lib/tello_control
writing list of installed files to '/root/tello_ros_ws/build/tello_control/install.log'
