[0.099s] Invoking command in '/root/tello_ros_ws/build/tello_driver': CMAKE_PREFIX_PATH=/root/tello_ros_ws/install/tello_msgs:/root/tello_ros_ws/install/ros2_shared:/root/tello_ros_ws/install/tello_gazebo:/root/tello_ros_ws/install/tello_driver:/root/tello_ros_ws/install/tello_description:/root/tello_ros_ws/install/tello_cv:/opt/ros/foxy LD_LIBRARY_PATH=/root/tello_ros_ws/install/tello_msgs/lib:/root/tello_ros_ws/install/tello_gazebo/lib:/root/tello_ros_ws/install/tello_driver/lib:/usr/lib/x86_64-linux-gnu/gazebo-11/plugins:/opt/ros/foxy/opt/yaml_cpp_vendor/lib:/opt/ros/foxy/opt/rviz_ogre_vendor/lib:/opt/ros/foxy/lib/x86_64-linux-gnu:/opt/ros/foxy/lib /usr/bin/cmake --build /root/tello_ros_ws/build/tello_driver -- -j32 -l32
[0.128s] [35m[1mScanning dependencies of target tello_driver_node[0m
[0.132s] [35m[1mScanning dependencies of target tello_driver_main[0m
[0.133s] [  9%] Built target tello_emulator
[0.139s] [ 22%] Built target tello_joy_main
[0.139s] [ 31%] Built target tello_joy_node
[0.154s] [ 36%] [32mBuilding CXX object CMakeFiles/tello_driver_node.dir/src/video_socket.cpp.o[0m
[0.167s] [ 40%] [32mBuilding CXX object CMakeFiles/tello_driver_main.dir/src/video_socket.cpp.o[0m
[1.455s] [ 45%] [32m[1mLinking CXX shared library libtello_driver_node.so[0m
[1.455s] [ 50%] [32m[1mLinking CXX executable tello_driver_main[0m
[1.749s] [ 72%] Built target tello_driver_node
[1.867s] [100%] Built target tello_driver_main
[1.878s] Invoked command in '/root/tello_ros_ws/build/tello_driver' returned '0': CMAKE_PREFIX_PATH=/root/tello_ros_ws/install/tello_msgs:/root/tello_ros_ws/install/ros2_shared:/root/tello_ros_ws/install/tello_gazebo:/root/tello_ros_ws/install/tello_driver:/root/tello_ros_ws/install/tello_description:/root/tello_ros_ws/install/tello_cv:/opt/ros/foxy LD_LIBRARY_PATH=/root/tello_ros_ws/install/tello_msgs/lib:/root/tello_ros_ws/install/tello_gazebo/lib:/root/tello_ros_ws/install/tello_driver/lib:/usr/lib/x86_64-linux-gnu/gazebo-11/plugins:/opt/ros/foxy/opt/yaml_cpp_vendor/lib:/opt/ros/foxy/opt/rviz_ogre_vendor/lib:/opt/ros/foxy/lib/x86_64-linux-gnu:/opt/ros/foxy/lib /usr/bin/cmake --build /root/tello_ros_ws/build/tello_driver -- -j32 -l32
[1.954s] Invoking command in '/root/tello_ros_ws/build/tello_driver': CMAKE_PREFIX_PATH=/root/tello_ros_ws/install/tello_msgs:/root/tello_ros_ws/install/ros2_shared:/root/tello_ros_ws/install/tello_gazebo:/root/tello_ros_ws/install/tello_driver:/root/tello_ros_ws/install/tello_description:/root/tello_ros_ws/install/tello_cv:/opt/ros/foxy LD_LIBRARY_PATH=/root/tello_ros_ws/install/tello_msgs/lib:/root/tello_ros_ws/install/tello_gazebo/lib:/root/tello_ros_ws/install/tello_driver/lib:/usr/lib/x86_64-linux-gnu/gazebo-11/plugins:/opt/ros/foxy/opt/yaml_cpp_vendor/lib:/opt/ros/foxy/opt/rviz_ogre_vendor/lib:/opt/ros/foxy/lib/x86_64-linux-gnu:/opt/ros/foxy/lib /usr/bin/cmake --install /root/tello_ros_ws/build/tello_driver
[1.959s] -- Install configuration: ""
[1.960s] -- Up-to-date: /root/tello_ros_ws/install/tello_driver/share/tello_driver/environment/library_path.sh
[1.960s] -- Up-to-date: /root/tello_ros_ws/install/tello_driver/share/tello_driver/environment/library_path.dsv
[1.960s] -- Installing: /root/tello_ros_ws/install/tello_driver/lib/libtello_driver_node.so
[1.963s] -- Set runtime path of "/root/tello_ros_ws/install/tello_driver/lib/libtello_driver_node.so" to ""
[1.963s] -- Up-to-date: /root/tello_ros_ws/install/tello_driver/lib/libtello_joy_node.so
[1.964s] -- Installing: /root/tello_ros_ws/install/tello_driver/lib/tello_driver/tello_driver_main
[1.966s] -- Set runtime path of "/root/tello_ros_ws/install/tello_driver/lib/tello_driver/tello_driver_main" to ""
[1.966s] -- Up-to-date: /root/tello_ros_ws/install/tello_driver/lib/tello_driver/tello_joy_main
[1.967s] -- Up-to-date: /root/tello_ros_ws/install/tello_driver/lib/tello_driver/tello_emulator
[1.967s] -- Up-to-date: /root/tello_ros_ws/install/tello_driver/share/tello_driver/cfg
[1.967s] -- Up-to-date: /root/tello_ros_ws/install/tello_driver/share/tello_driver/cfg/camera_info.yaml
[1.967s] -- Up-to-date: /root/tello_ros_ws/install/tello_driver/share/tello_driver/launch
[1.967s] -- Up-to-date: /root/tello_ros_ws/install/tello_driver/share/tello_driver/launch/teleop_launch.py
[1.967s] -- Up-to-date: /root/tello_ros_ws/install/tello_driver/share/tello_driver/launch/emulators_launch.py
[1.967s] -- Up-to-date: /root/tello_ros_ws/install/tello_driver/share/tello_driver/launch/emulator_launch.py
[1.968s] -- Up-to-date: /root/tello_ros_ws/install/tello_driver/share/ament_index/resource_index/package_run_dependencies/tello_driver
[1.968s] -- Up-to-date: /root/tello_ros_ws/install/tello_driver/share/ament_index/resource_index/parent_prefix_path/tello_driver
[1.968s] -- Up-to-date: /root/tello_ros_ws/install/tello_driver/share/tello_driver/environment/ament_prefix_path.sh
[1.968s] -- Up-to-date: /root/tello_ros_ws/install/tello_driver/share/tello_driver/environment/ament_prefix_path.dsv
[1.968s] -- Up-to-date: /root/tello_ros_ws/install/tello_driver/share/tello_driver/environment/path.sh
[1.968s] -- Up-to-date: /root/tello_ros_ws/install/tello_driver/share/tello_driver/environment/path.dsv
[1.968s] -- Up-to-date: /root/tello_ros_ws/install/tello_driver/share/tello_driver/local_setup.bash
[1.968s] -- Up-to-date: /root/tello_ros_ws/install/tello_driver/share/tello_driver/local_setup.sh
[1.968s] -- Up-to-date: /root/tello_ros_ws/install/tello_driver/share/tello_driver/local_setup.zsh
[1.968s] -- Up-to-date: /root/tello_ros_ws/install/tello_driver/share/tello_driver/local_setup.dsv
[1.968s] -- Installing: /root/tello_ros_ws/install/tello_driver/share/tello_driver/package.dsv
[1.968s] -- Up-to-date: /root/tello_ros_ws/install/tello_driver/share/ament_index/resource_index/packages/tello_driver
[1.968s] -- Up-to-date: /root/tello_ros_ws/install/tello_driver/share/ament_index/resource_index/rclcpp_components/tello_driver
[1.968s] -- Up-to-date: /root/tello_ros_ws/install/tello_driver/share/tello_driver/cmake/tello_driverConfig.cmake
[1.968s] -- Up-to-date: /root/tello_ros_ws/install/tello_driver/share/tello_driver/cmake/tello_driverConfig-version.cmake
[1.969s] -- Up-to-date: /root/tello_ros_ws/install/tello_driver/share/tello_driver/package.xml
[1.971s] Invoked command in '/root/tello_ros_ws/build/tello_driver' returned '0': CMAKE_PREFIX_PATH=/root/tello_ros_ws/install/tello_msgs:/root/tello_ros_ws/install/ros2_shared:/root/tello_ros_ws/install/tello_gazebo:/root/tello_ros_ws/install/tello_driver:/root/tello_ros_ws/install/tello_description:/root/tello_ros_ws/install/tello_cv:/opt/ros/foxy LD_LIBRARY_PATH=/root/tello_ros_ws/install/tello_msgs/lib:/root/tello_ros_ws/install/tello_gazebo/lib:/root/tello_ros_ws/install/tello_driver/lib:/usr/lib/x86_64-linux-gnu/gazebo-11/plugins:/opt/ros/foxy/opt/yaml_cpp_vendor/lib:/opt/ros/foxy/opt/rviz_ogre_vendor/lib:/opt/ros/foxy/lib/x86_64-linux-gnu:/opt/ros/foxy/lib /usr/bin/cmake --install /root/tello_ros_ws/build/tello_driver
