[0.010s] Invoking command in '/root/tello_ros_ws/build/tello_gazebo': CMAKE_PREFIX_PATH=/root/tello_ros_ws/install/tello_msgs:/root/tello_ros_ws/install/tello_gazebo:/root/tello_ros_ws/install/tello_driver:/root/tello_ros_ws/install/tello_description:/root/tello_ros_ws/install/ros2_shared:/opt/ros/foxy LD_LIBRARY_PATH=/root/tello_ros_ws/install/tello_msgs/lib:/root/tello_ros_ws/install/tello_gazebo/lib:/root/tello_ros_ws/install/tello_driver/lib:/opt/ros/foxy/opt/yaml_cpp_vendor/lib:/opt/ros/foxy/opt/rviz_ogre_vendor/lib:/opt/ros/foxy/lib/x86_64-linux-gnu:/opt/ros/foxy/lib /usr/bin/cmake --build /root/tello_ros_ws/build/tello_gazebo -- -j32 -l32
[0.026s] -- Found ament_cmake: 0.9.12 (/opt/ros/foxy/share/ament_cmake/cmake)
[0.039s] -- Using PYTHON_EXECUTABLE: /usr/bin/python3
[0.137s] -- Found DART: /usr/include (Required is at least version "6.6") found components: dart 
[0.158s] -- Found Protobuf: /usr/lib/x86_64-linux-gnu/libprotobuf.so;-lpthread (found version "3.6.1") 
[0.159s] -- Looking for ignition-math6 -- found version 6.13.0
[0.161s] -- Searching for dependencies of ignition-math6
[0.162s] -- Looking for OGRE...
[0.165s] -- Found Ogre Ghadamon (1.9.0)
[0.165s] -- Found OGRE: optimized;/usr/lib/x86_64-linux-gnu/libOgreMain.so;debug;/usr/lib/x86_64-linux-gnu/libOgreMain.so
[0.170s] -- Looking for OGRE_Paging...
[0.170s] -- Found OGRE_Paging: optimized;/usr/lib/x86_64-linux-gnu/libOgrePaging.so;debug;/usr/lib/x86_64-linux-gnu/libOgrePaging.so
[0.170s] -- Looking for OGRE_Terrain...
[0.170s] -- Found OGRE_Terrain: optimized;/usr/lib/x86_64-linux-gnu/libOgreTerrain.so;debug;/usr/lib/x86_64-linux-gnu/libOgreTerrain.so
[0.170s] -- Looking for OGRE_Property...
[0.170s] -- Found OGRE_Property: optimized;/usr/lib/x86_64-linux-gnu/libOgreProperty.so;debug;/usr/lib/x86_64-linux-gnu/libOgreProperty.so
[0.170s] -- Looking for OGRE_RTShaderSystem...
[0.170s] -- Found OGRE_RTShaderSystem: optimized;/usr/lib/x86_64-linux-gnu/libOgreRTShaderSystem.so;debug;/usr/lib/x86_64-linux-gnu/libOgreRTShaderSystem.so
[0.170s] -- Looking for OGRE_Volume...
[0.170s] -- Found OGRE_Volume: optimized;/usr/lib/x86_64-linux-gnu/libOgreVolume.so;debug;/usr/lib/x86_64-linux-gnu/libOgreVolume.so
[0.171s] -- Looking for OGRE_Overlay...
[0.171s] -- Found OGRE_Overlay: optimized;/usr/lib/x86_64-linux-gnu/libOgreOverlay.so;debug;/usr/lib/x86_64-linux-gnu/libOgreOverlay.so
[0.216s] -- Looking for ignition-math6 -- found version 6.13.0
[0.216s] -- Looking for ignition-transport8 -- found version 8.3.0
[0.216s] -- Searching for dependencies of ignition-transport8
[0.227s] -- Found Protobuf: /usr/lib/x86_64-linux-gnu/libprotobuf.so;-lpthread (found suitable version "3.6.1", minimum required is "3") 
[0.234s] -- Config-file not installed for ZeroMQ -- checking for pkg-config
[0.237s] -- Checking for module 'libzmq >= 4'
[0.259s] --   Found libzmq , version 4.3.2
[0.390s] -- Checking for module 'uuid'
[0.438s] --   Found uuid, version 2.34.0
[0.564s] -- Looking for ignition-msgs5 -- found version 5.10.0
[0.565s] -- Searching for dependencies of ignition-msgs5
[0.587s] -- Looking for ignition-math6 -- found version 6.13.0
[0.590s] -- Checking for module 'tinyxml2'
[0.623s] --   Found tinyxml2, version 6.2.0
[0.757s] -- Looking for ignition-msgs5 -- found version 5.10.0
[0.758s] -- Looking for ignition-common3 -- found version 3.14.2
[0.759s] -- Searching for dependencies of ignition-common3
[0.759s] -- Looking for dlfcn.h - found
[0.759s] -- Looking for libdl - found
[0.783s] -- Searching for <ignition-common3> component [graphics]
[0.783s] -- Looking for ignition-common3-graphics -- found version 3.14.2
[0.784s] -- Searching for dependencies of ignition-common3-graphics
[0.785s] -- Looking for ignition-math6 -- found version 6.13.0
[0.787s] -- Looking for ignition-fuel_tools4 -- found version 4.6.0
[0.788s] -- Searching for dependencies of ignition-fuel_tools4
[0.843s] -- Checking for module 'jsoncpp'
[0.891s] --   Found jsoncpp, version 1.7.4
[1.026s] -- Checking for module 'libzip'
[1.077s] --   Found libzip, version 1.5.1
[1.195s] -- Looking for ignition-common3 -- found version 3.14.2
[1.195s] -- Looking for ignition-math6 -- found version 6.13.0
[1.196s] -- Looking for ignition-msgs5 -- found version 5.10.0
[1.213s] CMake Error at CMakeLists.txt:28 (find_package):
[1.213s]   By not providing "Findgazebo_dev.cmake" in CMAKE_MODULE_PATH this project
[1.213s]   has asked CMake to find a package configuration file provided by
[1.213s]   "gazebo_dev", but CMake did not find one.
[1.213s] 
[1.213s]   Could not find a package configuration file provided by "gazebo_dev" with
[1.214s]   any of the following names:
[1.214s] 
[1.214s]     gazebo_devConfig.cmake
[1.214s]     gazebo_dev-config.cmake
[1.214s] 
[1.214s]   Add the installation prefix of "gazebo_dev" to CMAKE_PREFIX_PATH or set
[1.214s]   "gazebo_dev_DIR" to a directory containing one of the above files.  If
[1.214s]   "gazebo_dev" provides a separate development package or SDK, be sure it has
[1.214s]   been installed.
[1.214s] 
[1.214s] 
[1.214s] -- Configuring incomplete, errors occurred!
[1.214s] See also "/root/tello_ros_ws/build/tello_gazebo/CMakeFiles/CMakeOutput.log".
[1.214s] See also "/root/tello_ros_ws/build/tello_gazebo/CMakeFiles/CMakeError.log".
[1.217s] make: *** [Makefile:266: cmake_check_build_system] Error 1
[1.219s] Invoked command in '/root/tello_ros_ws/build/tello_gazebo' returned '2': CMAKE_PREFIX_PATH=/root/tello_ros_ws/install/tello_msgs:/root/tello_ros_ws/install/tello_gazebo:/root/tello_ros_ws/install/tello_driver:/root/tello_ros_ws/install/tello_description:/root/tello_ros_ws/install/ros2_shared:/opt/ros/foxy LD_LIBRARY_PATH=/root/tello_ros_ws/install/tello_msgs/lib:/root/tello_ros_ws/install/tello_gazebo/lib:/root/tello_ros_ws/install/tello_driver/lib:/opt/ros/foxy/opt/yaml_cpp_vendor/lib:/opt/ros/foxy/opt/rviz_ogre_vendor/lib:/opt/ros/foxy/lib/x86_64-linux-gnu:/opt/ros/foxy/lib /usr/bin/cmake --build /root/tello_ros_ws/build/tello_gazebo -- -j32 -l32
