running egg_info
writing ../../build/tello_cv/tello_cv.egg-info/PKG-INFO
writing dependency_links to ../../build/tello_cv/tello_cv.egg-info/dependency_links.txt
writing entry points to ../../build/tello_cv/tello_cv.egg-info/entry_points.txt
writing requirements to ../../build/tello_cv/tello_cv.egg-info/requires.txt
writing top-level names to ../../build/tello_cv/tello_cv.egg-info/top_level.txt
reading manifest file '../../build/tello_cv/tello_cv.egg-info/SOURCES.txt'
writing manifest file '../../build/tello_cv/tello_cv.egg-info/SOURCES.txt'
running build
running build_py
copying tello_cv/circle_finder.py -> /root/tello_ros_ws/build/tello_cv/build/lib/tello_cv
running install
running install_lib
copying /root/tello_ros_ws/build/tello_cv/build/lib/tello_cv/circle_finder.py -> /root/tello_ros_ws/install/tello_cv/lib/python3.8/site-packages/tello_cv
byte-compiling /root/tello_ros_ws/install/tello_cv/lib/python3.8/site-packages/tello_cv/circle_finder.py to circle_finder.cpython-38.pyc
running install_data
running install_egg_info
removing '/root/tello_ros_ws/install/tello_cv/lib/python3.8/site-packages/tello_cv-0.0.0-py3.8.egg-info' (and everything under it)
Copying ../../build/tello_cv/tello_cv.egg-info to /root/tello_ros_ws/install/tello_cv/lib/python3.8/site-packages/tello_cv-0.0.0-py3.8.egg-info
running install_scripts
Installing circle_tracker_node script to /root/tello_ros_ws/install/tello_cv/lib/tello_cv
writing list of installed files to '/root/tello_ros_ws/build/tello_cv/install.log'
