[0.284s] Invoking command in '/root/tello_ros_ws/build/tello_cv': PYTHONPATH=/root/tello_ros_ws/build/tello_cv/prefix_override:/root/tello_ros_ws/install/tello_cv/lib/python3.8/site-packages:${PYTHONPATH} /usr/bin/python3 setup.py develop --uninstall --editable --build-directory /root/tello_ros_ws/build/tello_cv/build
[0.372s] running develop
[0.462s] Invoked command in '/root/tello_ros_ws/build/tello_cv' returned '0': PYTHONPATH=/root/tello_ros_ws/build/tello_cv/prefix_override:/root/tello_ros_ws/install/tello_cv/lib/python3.8/site-packages:${PYTHONPATH} /usr/bin/python3 setup.py develop --uninstall --editable --build-directory /root/tello_ros_ws/build/tello_cv/build
[0.463s] Invoking command in '/root/tello_ros_ws/src/tello_cv': PYTHONPATH=/root/tello_ros_ws/build/tello_cv/prefix_override:/root/tello_ros_ws/install/tello_cv/lib/python3.8/site-packages:${PYTHONPATH} /usr/bin/python3 setup.py egg_info --egg-base ../../build/tello_cv build --build-base /root/tello_ros_ws/build/tello_cv/build install --record /root/tello_ros_ws/build/tello_cv/install.log --install-scripts $base/lib/tello_cv --single-version-externally-managed
[0.570s] running egg_info
[0.570s] writing ../../build/tello_cv/tello_cv.egg-info/PKG-INFO
[0.570s] writing dependency_links to ../../build/tello_cv/tello_cv.egg-info/dependency_links.txt
[0.570s] writing entry points to ../../build/tello_cv/tello_cv.egg-info/entry_points.txt
[0.570s] writing requirements to ../../build/tello_cv/tello_cv.egg-info/requires.txt
[0.570s] writing top-level names to ../../build/tello_cv/tello_cv.egg-info/top_level.txt
[0.585s] reading manifest file '../../build/tello_cv/tello_cv.egg-info/SOURCES.txt'
[0.585s] writing manifest file '../../build/tello_cv/tello_cv.egg-info/SOURCES.txt'
[0.585s] running build
[0.585s] running build_py
[0.586s] copying tello_cv/circle_tracker_node.py -> /root/tello_ros_ws/build/tello_cv/build/lib/tello_cv
[0.586s] copying tello_cv/pid_controller_node.py -> /root/tello_ros_ws/build/tello_cv/build/lib/tello_cv
[0.586s] running install
[0.586s] running install_lib
[0.586s] copying /root/tello_ros_ws/build/tello_cv/build/lib/tello_cv/circle_tracker_node.py -> /root/tello_ros_ws/install/tello_cv/lib/python3.8/site-packages/tello_cv
[0.587s] copying /root/tello_ros_ws/build/tello_cv/build/lib/tello_cv/pid_controller_node.py -> /root/tello_ros_ws/install/tello_cv/lib/python3.8/site-packages/tello_cv
[0.587s] byte-compiling /root/tello_ros_ws/install/tello_cv/lib/python3.8/site-packages/tello_cv/circle_tracker_node.py to circle_tracker_node.cpython-38.pyc
[0.588s] byte-compiling /root/tello_ros_ws/install/tello_cv/lib/python3.8/site-packages/tello_cv/pid_controller_node.py to pid_controller_node.cpython-38.pyc
[0.588s] running install_data
[0.588s] running install_egg_info
[0.591s] removing '/root/tello_ros_ws/install/tello_cv/lib/python3.8/site-packages/tello_cv-0.0.0-py3.8.egg-info' (and everything under it)
[0.592s] Copying ../../build/tello_cv/tello_cv.egg-info to /root/tello_ros_ws/install/tello_cv/lib/python3.8/site-packages/tello_cv-0.0.0-py3.8.egg-info
[0.592s] running install_scripts
[0.598s] Installing circle_tracker_node script to /root/tello_ros_ws/install/tello_cv/lib/tello_cv
[0.598s] writing list of installed files to '/root/tello_ros_ws/build/tello_cv/install.log'
[0.608s] Invoked command in '/root/tello_ros_ws/src/tello_cv' returned '0': PYTHONPATH=/root/tello_ros_ws/build/tello_cv/prefix_override:/root/tello_ros_ws/install/tello_cv/lib/python3.8/site-packages:${PYTHONPATH} /usr/bin/python3 setup.py egg_info --egg-base ../../build/tello_cv build --build-base /root/tello_ros_ws/build/tello_cv/build install --record /root/tello_ros_ws/build/tello_cv/install.log --install-scripts $base/lib/tello_cv --single-version-externally-managed
