[0.121s] DEBUG:colcon:Command line arguments: ['/usr/bin/colcon', 'build']
[0.121s] DEBUG:colcon:Parsed command line arguments: Namespace(ament_cmake_args=None, base_paths=['.'], build_base='build', catkin_cmake_args=None, catkin_skip_building_tests=False, cmake_args=None, cmake_clean_cache=False, cmake_clean_first=False, cmake_force_configure=False, cmake_target=None, cmake_target_skip_unavailable=False, continue_on_error=False, event_handlers=None, executor='parallel', ignore_user_meta=False, install_base='install', log_base=None, log_level=None, main=<bound method BuildVerb.main of <colcon_core.verb.build.BuildVerb object at 0x730fcb613ca0>>, merge_install=False, metas=['./colcon.meta'], mixin=None, mixin_files=None, mixin_verb=('build',), packages_above=None, packages_above_and_dependencies=None, packages_above_depth=None, packages_end=None, packages_ignore=None, packages_ignore_regex=None, packages_select=None, packages_select_build_failed=False, packages_select_by_dep=None, packages_select_regex=None, packages_select_test_failures=False, packages_skip=None, packages_skip_build_finished=False, packages_skip_by_dep=None, packages_skip_regex=None, packages_skip_test_passed=False, packages_skip_up_to=None, packages_start=None, packages_up_to=None, packages_up_to_regex=None, parallel_workers=32, paths=None, symlink_install=False, test_result_base=None, verb_extension=<colcon_core.verb.build.BuildVerb object at 0x730fcb613ca0>, verb_name='build', verb_parser=<colcon_mixin.mixin.mixin_argument.MixinArgumentDecorator object at 0x730fcb61d2b0>)
[0.132s] Level 1:colcon.colcon_core.package_discovery:discover_packages(colcon_meta) check parameters
[0.132s] INFO:colcon.colcon_metadata.package_discovery.colcon_meta:Using configuration from '/root/.colcon/metadata/default/Gazebo.meta'
[0.132s] INFO:colcon.colcon_metadata.package_discovery.colcon_meta:Using configuration from '/root/.colcon/metadata/default/fastdds.meta'
[0.133s] INFO:colcon.colcon_metadata.package_discovery.colcon_meta:Using configuration from '/root/.colcon/metadata/default/fastrtps.meta'
[0.133s] Level 1:colcon.colcon_core.package_discovery:discover_packages(recursive) check parameters
[0.133s] Level 1:colcon.colcon_core.package_discovery:discover_packages(ignore) check parameters
[0.133s] Level 1:colcon.colcon_core.package_discovery:discover_packages(path) check parameters
[0.133s] Level 1:colcon.colcon_core.package_discovery:discover_packages(colcon_meta) discover
[0.133s] Level 1:colcon.colcon_core.package_discovery:discover_packages(recursive) discover
[0.133s] INFO:colcon.colcon_core.package_discovery:Crawling recursively for packages in '/root/tello_ros_ws'
[0.133s] Level 1:colcon.colcon_core.package_identification:_identify(.) by extensions ['ignore', 'ignore_ament_install']
[0.133s] Level 1:colcon.colcon_core.package_identification:_identify(.) by extension 'ignore'
[0.133s] Level 1:colcon.colcon_core.package_identification:_identify(.) by extension 'ignore_ament_install'
[0.133s] Level 1:colcon.colcon_core.package_identification:_identify(.) by extensions ['colcon_pkg']
[0.133s] Level 1:colcon.colcon_core.package_identification:_identify(.) by extension 'colcon_pkg'
[0.133s] Level 1:colcon.colcon_core.package_identification:_identify(.) by extensions ['colcon_meta']
[0.133s] Level 1:colcon.colcon_core.package_identification:_identify(.) by extension 'colcon_meta'
[0.133s] Level 1:colcon.colcon_core.package_identification:_identify(.) by extensions ['ros']
[0.133s] Level 1:colcon.colcon_core.package_identification:_identify(.) by extension 'ros'
[0.141s] Level 1:colcon.colcon_core.package_identification:_identify(.) by extensions ['cmake', 'python']
[0.141s] Level 1:colcon.colcon_core.package_identification:_identify(.) by extension 'cmake'
[0.141s] Level 1:colcon.colcon_core.package_identification:_identify(.) by extension 'python'
[0.142s] Level 1:colcon.colcon_core.package_identification:_identify(.) by extensions ['python_setup_py']
[0.142s] Level 1:colcon.colcon_core.package_identification:_identify(.) by extension 'python_setup_py'
[0.142s] Level 1:colcon.colcon_core.package_identification:_identify(build) by extensions ['ignore', 'ignore_ament_install']
[0.142s] Level 1:colcon.colcon_core.package_identification:_identify(build) by extension 'ignore'
[0.142s] Level 1:colcon.colcon_core.package_identification:_identify(build) ignored
[0.142s] Level 1:colcon.colcon_core.package_identification:_identify(install) by extensions ['ignore', 'ignore_ament_install']
[0.142s] Level 1:colcon.colcon_core.package_identification:_identify(install) by extension 'ignore'
[0.142s] Level 1:colcon.colcon_core.package_identification:_identify(install) ignored
[0.142s] Level 1:colcon.colcon_core.package_identification:_identify(log) by extensions ['ignore', 'ignore_ament_install']
[0.142s] Level 1:colcon.colcon_core.package_identification:_identify(log) by extension 'ignore'
[0.142s] Level 1:colcon.colcon_core.package_identification:_identify(log) ignored
[0.142s] Level 1:colcon.colcon_core.package_identification:_identify(src) by extensions ['ignore', 'ignore_ament_install']
[0.142s] Level 1:colcon.colcon_core.package_identification:_identify(src) by extension 'ignore'
[0.142s] Level 1:colcon.colcon_core.package_identification:_identify(src) by extension 'ignore_ament_install'
[0.142s] Level 1:colcon.colcon_core.package_identification:_identify(src) by extensions ['colcon_pkg']
[0.142s] Level 1:colcon.colcon_core.package_identification:_identify(src) by extension 'colcon_pkg'
[0.142s] Level 1:colcon.colcon_core.package_identification:_identify(src) by extensions ['colcon_meta']
[0.142s] Level 1:colcon.colcon_core.package_identification:_identify(src) by extension 'colcon_meta'
[0.142s] Level 1:colcon.colcon_core.package_identification:_identify(src) by extensions ['ros']
[0.142s] Level 1:colcon.colcon_core.package_identification:_identify(src) by extension 'ros'
[0.142s] Level 1:colcon.colcon_core.package_identification:_identify(src) by extensions ['cmake', 'python']
[0.142s] Level 1:colcon.colcon_core.package_identification:_identify(src) by extension 'cmake'
[0.142s] Level 1:colcon.colcon_core.package_identification:_identify(src) by extension 'python'
[0.142s] Level 1:colcon.colcon_core.package_identification:_identify(src) by extensions ['python_setup_py']
[0.142s] Level 1:colcon.colcon_core.package_identification:_identify(src) by extension 'python_setup_py'
[0.142s] Level 1:colcon.colcon_core.package_identification:_identify(src/build) by extensions ['ignore', 'ignore_ament_install']
[0.142s] Level 1:colcon.colcon_core.package_identification:_identify(src/build) by extension 'ignore'
[0.142s] Level 1:colcon.colcon_core.package_identification:_identify(src/build) ignored
[0.142s] Level 1:colcon.colcon_core.package_identification:_identify(src/install) by extensions ['ignore', 'ignore_ament_install']
[0.142s] Level 1:colcon.colcon_core.package_identification:_identify(src/install) by extension 'ignore'
[0.142s] Level 1:colcon.colcon_core.package_identification:_identify(src/install) ignored
[0.142s] Level 1:colcon.colcon_core.package_identification:_identify(src/log) by extensions ['ignore', 'ignore_ament_install']
[0.142s] Level 1:colcon.colcon_core.package_identification:_identify(src/log) by extension 'ignore'
[0.142s] Level 1:colcon.colcon_core.package_identification:_identify(src/log) ignored
[0.142s] Level 1:colcon.colcon_core.package_identification:_identify(src/ros2_shared) by extensions ['ignore', 'ignore_ament_install']
[0.142s] Level 1:colcon.colcon_core.package_identification:_identify(src/ros2_shared) by extension 'ignore'
[0.142s] Level 1:colcon.colcon_core.package_identification:_identify(src/ros2_shared) by extension 'ignore_ament_install'
[0.142s] Level 1:colcon.colcon_core.package_identification:_identify(src/ros2_shared) by extensions ['colcon_pkg']
[0.142s] Level 1:colcon.colcon_core.package_identification:_identify(src/ros2_shared) by extension 'colcon_pkg'
[0.142s] Level 1:colcon.colcon_core.package_identification:_identify(src/ros2_shared) by extensions ['colcon_meta']
[0.142s] Level 1:colcon.colcon_core.package_identification:_identify(src/ros2_shared) by extension 'colcon_meta'
[0.143s] Level 1:colcon.colcon_core.package_identification:_identify(src/ros2_shared) by extensions ['ros']
[0.143s] Level 1:colcon.colcon_core.package_identification:_identify(src/ros2_shared) by extension 'ros'
[0.144s] DEBUG:colcon.colcon_core.package_identification:Package 'src/ros2_shared' with type 'ros.ament_cmake' and name 'ros2_shared'
[0.144s] Level 1:colcon.colcon_core.package_identification:_identify(src/tello_control) by extensions ['ignore', 'ignore_ament_install']
[0.144s] Level 1:colcon.colcon_core.package_identification:_identify(src/tello_control) by extension 'ignore'
[0.144s] Level 1:colcon.colcon_core.package_identification:_identify(src/tello_control) by extension 'ignore_ament_install'
[0.144s] Level 1:colcon.colcon_core.package_identification:_identify(src/tello_control) by extensions ['colcon_pkg']
[0.144s] Level 1:colcon.colcon_core.package_identification:_identify(src/tello_control) by extension 'colcon_pkg'
[0.144s] Level 1:colcon.colcon_core.package_identification:_identify(src/tello_control) by extensions ['colcon_meta']
[0.144s] Level 1:colcon.colcon_core.package_identification:_identify(src/tello_control) by extension 'colcon_meta'
[0.144s] Level 1:colcon.colcon_core.package_identification:_identify(src/tello_control) by extensions ['ros']
[0.144s] Level 1:colcon.colcon_core.package_identification:_identify(src/tello_control) by extension 'ros'
[0.144s] DEBUG:colcon.colcon_core.package_identification:Package 'src/tello_control' with type 'ros.ament_python' and name 'tello_control'
[0.144s] Level 1:colcon.colcon_core.package_identification:_identify(src/tello_cv) by extensions ['ignore', 'ignore_ament_install']
[0.144s] Level 1:colcon.colcon_core.package_identification:_identify(src/tello_cv) by extension 'ignore'
[0.144s] Level 1:colcon.colcon_core.package_identification:_identify(src/tello_cv) by extension 'ignore_ament_install'
[0.144s] Level 1:colcon.colcon_core.package_identification:_identify(src/tello_cv) by extensions ['colcon_pkg']
[0.144s] Level 1:colcon.colcon_core.package_identification:_identify(src/tello_cv) by extension 'colcon_pkg'
[0.144s] Level 1:colcon.colcon_core.package_identification:_identify(src/tello_cv) by extensions ['colcon_meta']
[0.144s] Level 1:colcon.colcon_core.package_identification:_identify(src/tello_cv) by extension 'colcon_meta'
[0.144s] Level 1:colcon.colcon_core.package_identification:_identify(src/tello_cv) by extensions ['ros']
[0.144s] Level 1:colcon.colcon_core.package_identification:_identify(src/tello_cv) by extension 'ros'
[0.145s] DEBUG:colcon.colcon_core.package_identification:Package 'src/tello_cv' with type 'ros.ament_python' and name 'tello_cv'
[0.145s] Level 1:colcon.colcon_core.package_identification:_identify(src/tello_description) by extensions ['ignore', 'ignore_ament_install']
[0.145s] Level 1:colcon.colcon_core.package_identification:_identify(src/tello_description) by extension 'ignore'
[0.145s] Level 1:colcon.colcon_core.package_identification:_identify(src/tello_description) by extension 'ignore_ament_install'
[0.145s] Level 1:colcon.colcon_core.package_identification:_identify(src/tello_description) by extensions ['colcon_pkg']
[0.145s] Level 1:colcon.colcon_core.package_identification:_identify(src/tello_description) by extension 'colcon_pkg'
[0.145s] Level 1:colcon.colcon_core.package_identification:_identify(src/tello_description) by extensions ['colcon_meta']
[0.145s] Level 1:colcon.colcon_core.package_identification:_identify(src/tello_description) by extension 'colcon_meta'
[0.145s] Level 1:colcon.colcon_core.package_identification:_identify(src/tello_description) by extensions ['ros']
[0.145s] Level 1:colcon.colcon_core.package_identification:_identify(src/tello_description) by extension 'ros'
[0.145s] DEBUG:colcon.colcon_core.package_identification:Package 'src/tello_description' with type 'ros.ament_cmake' and name 'tello_description'
[0.145s] Level 1:colcon.colcon_core.package_identification:_identify(src/tello_driver) by extensions ['ignore', 'ignore_ament_install']
[0.145s] Level 1:colcon.colcon_core.package_identification:_identify(src/tello_driver) by extension 'ignore'
[0.145s] Level 1:colcon.colcon_core.package_identification:_identify(src/tello_driver) by extension 'ignore_ament_install'
[0.145s] Level 1:colcon.colcon_core.package_identification:_identify(src/tello_driver) by extensions ['colcon_pkg']
[0.145s] Level 1:colcon.colcon_core.package_identification:_identify(src/tello_driver) by extension 'colcon_pkg'
[0.145s] Level 1:colcon.colcon_core.package_identification:_identify(src/tello_driver) by extensions ['colcon_meta']
[0.145s] Level 1:colcon.colcon_core.package_identification:_identify(src/tello_driver) by extension 'colcon_meta'
[0.145s] Level 1:colcon.colcon_core.package_identification:_identify(src/tello_driver) by extensions ['ros']
[0.145s] Level 1:colcon.colcon_core.package_identification:_identify(src/tello_driver) by extension 'ros'
[0.146s] DEBUG:colcon.colcon_core.package_identification:Package 'src/tello_driver' with type 'ros.ament_cmake' and name 'tello_driver'
[0.146s] Level 1:colcon.colcon_core.package_identification:_identify(src/tello_gazebo) by extensions ['ignore', 'ignore_ament_install']
[0.146s] Level 1:colcon.colcon_core.package_identification:_identify(src/tello_gazebo) by extension 'ignore'
[0.146s] Level 1:colcon.colcon_core.package_identification:_identify(src/tello_gazebo) by extension 'ignore_ament_install'
[0.146s] Level 1:colcon.colcon_core.package_identification:_identify(src/tello_gazebo) by extensions ['colcon_pkg']
[0.146s] Level 1:colcon.colcon_core.package_identification:_identify(src/tello_gazebo) by extension 'colcon_pkg'
[0.146s] Level 1:colcon.colcon_core.package_identification:_identify(src/tello_gazebo) by extensions ['colcon_meta']
[0.146s] Level 1:colcon.colcon_core.package_identification:_identify(src/tello_gazebo) by extension 'colcon_meta'
[0.146s] Level 1:colcon.colcon_core.package_identification:_identify(src/tello_gazebo) by extensions ['ros']
[0.146s] Level 1:colcon.colcon_core.package_identification:_identify(src/tello_gazebo) by extension 'ros'
[0.146s] DEBUG:colcon.colcon_core.package_identification:Package 'src/tello_gazebo' with type 'ros.ament_cmake' and name 'tello_gazebo'
[0.146s] Level 1:colcon.colcon_core.package_identification:_identify(src/tello_msgs) by extensions ['ignore', 'ignore_ament_install']
[0.146s] Level 1:colcon.colcon_core.package_identification:_identify(src/tello_msgs) by extension 'ignore'
[0.146s] Level 1:colcon.colcon_core.package_identification:_identify(src/tello_msgs) by extension 'ignore_ament_install'
[0.146s] Level 1:colcon.colcon_core.package_identification:_identify(src/tello_msgs) by extensions ['colcon_pkg']
[0.146s] Level 1:colcon.colcon_core.package_identification:_identify(src/tello_msgs) by extension 'colcon_pkg'
[0.146s] Level 1:colcon.colcon_core.package_identification:_identify(src/tello_msgs) by extensions ['colcon_meta']
[0.146s] Level 1:colcon.colcon_core.package_identification:_identify(src/tello_msgs) by extension 'colcon_meta'
[0.146s] Level 1:colcon.colcon_core.package_identification:_identify(src/tello_msgs) by extensions ['ros']
[0.146s] Level 1:colcon.colcon_core.package_identification:_identify(src/tello_msgs) by extension 'ros'
[0.147s] DEBUG:colcon.colcon_core.package_identification:Package 'src/tello_msgs' with type 'ros.ament_cmake' and name 'tello_msgs'
[0.147s] Level 1:colcon.colcon_core.package_discovery:discover_packages(recursive) using defaults
[0.147s] Level 1:colcon.colcon_core.package_discovery:discover_packages(ignore) discover
[0.147s] Level 1:colcon.colcon_core.package_discovery:discover_packages(ignore) using defaults
[0.147s] Level 1:colcon.colcon_core.package_discovery:discover_packages(path) discover
[0.147s] Level 1:colcon.colcon_core.package_discovery:discover_packages(path) using defaults
[0.156s] Level 5:colcon.colcon_core.verb:set package 'ros2_shared' build argument 'cmake_args' from command line to 'None'
[0.156s] Level 5:colcon.colcon_core.verb:set package 'ros2_shared' build argument 'cmake_target' from command line to 'None'
[0.156s] Level 5:colcon.colcon_core.verb:set package 'ros2_shared' build argument 'cmake_target_skip_unavailable' from command line to 'False'
[0.156s] Level 5:colcon.colcon_core.verb:set package 'ros2_shared' build argument 'cmake_clean_cache' from command line to 'False'
[0.156s] Level 5:colcon.colcon_core.verb:set package 'ros2_shared' build argument 'cmake_clean_first' from command line to 'False'
[0.156s] Level 5:colcon.colcon_core.verb:set package 'ros2_shared' build argument 'cmake_force_configure' from command line to 'False'
[0.156s] Level 5:colcon.colcon_core.verb:set package 'ros2_shared' build argument 'ament_cmake_args' from command line to 'None'
[0.156s] Level 5:colcon.colcon_core.verb:set package 'ros2_shared' build argument 'catkin_cmake_args' from command line to 'None'
[0.156s] Level 5:colcon.colcon_core.verb:set package 'ros2_shared' build argument 'catkin_skip_building_tests' from command line to 'False'
[0.156s] DEBUG:colcon.colcon_core.verb:Building package 'ros2_shared' with the following arguments: {'ament_cmake_args': None, 'build_base': '/root/tello_ros_ws/build/ros2_shared', 'catkin_cmake_args': None, 'catkin_skip_building_tests': False, 'cmake_args': None, 'cmake_clean_cache': False, 'cmake_clean_first': False, 'cmake_force_configure': False, 'cmake_target': None, 'cmake_target_skip_unavailable': False, 'install_base': '/root/tello_ros_ws/install/ros2_shared', 'merge_install': False, 'path': '/root/tello_ros_ws/src/ros2_shared', 'symlink_install': False, 'test_result_base': None}
[0.156s] Level 5:colcon.colcon_core.verb:set package 'tello_cv' build argument 'cmake_args' from command line to 'None'
[0.156s] Level 5:colcon.colcon_core.verb:set package 'tello_cv' build argument 'cmake_target' from command line to 'None'
[0.156s] Level 5:colcon.colcon_core.verb:set package 'tello_cv' build argument 'cmake_target_skip_unavailable' from command line to 'False'
[0.156s] Level 5:colcon.colcon_core.verb:set package 'tello_cv' build argument 'cmake_clean_cache' from command line to 'False'
[0.156s] Level 5:colcon.colcon_core.verb:set package 'tello_cv' build argument 'cmake_clean_first' from command line to 'False'
[0.156s] Level 5:colcon.colcon_core.verb:set package 'tello_cv' build argument 'cmake_force_configure' from command line to 'False'
[0.156s] Level 5:colcon.colcon_core.verb:set package 'tello_cv' build argument 'ament_cmake_args' from command line to 'None'
[0.156s] Level 5:colcon.colcon_core.verb:set package 'tello_cv' build argument 'catkin_cmake_args' from command line to 'None'
[0.156s] Level 5:colcon.colcon_core.verb:set package 'tello_cv' build argument 'catkin_skip_building_tests' from command line to 'False'
[0.156s] DEBUG:colcon.colcon_core.verb:Building package 'tello_cv' with the following arguments: {'ament_cmake_args': None, 'build_base': '/root/tello_ros_ws/build/tello_cv', 'catkin_cmake_args': None, 'catkin_skip_building_tests': False, 'cmake_args': None, 'cmake_clean_cache': False, 'cmake_clean_first': False, 'cmake_force_configure': False, 'cmake_target': None, 'cmake_target_skip_unavailable': False, 'install_base': '/root/tello_ros_ws/install/tello_cv', 'merge_install': False, 'path': '/root/tello_ros_ws/src/tello_cv', 'symlink_install': False, 'test_result_base': None}
[0.156s] Level 5:colcon.colcon_core.verb:set package 'tello_description' build argument 'cmake_args' from command line to 'None'
[0.156s] Level 5:colcon.colcon_core.verb:set package 'tello_description' build argument 'cmake_target' from command line to 'None'
[0.156s] Level 5:colcon.colcon_core.verb:set package 'tello_description' build argument 'cmake_target_skip_unavailable' from command line to 'False'
[0.156s] Level 5:colcon.colcon_core.verb:set package 'tello_description' build argument 'cmake_clean_cache' from command line to 'False'
[0.156s] Level 5:colcon.colcon_core.verb:set package 'tello_description' build argument 'cmake_clean_first' from command line to 'False'
[0.156s] Level 5:colcon.colcon_core.verb:set package 'tello_description' build argument 'cmake_force_configure' from command line to 'False'
[0.156s] Level 5:colcon.colcon_core.verb:set package 'tello_description' build argument 'ament_cmake_args' from command line to 'None'
[0.156s] Level 5:colcon.colcon_core.verb:set package 'tello_description' build argument 'catkin_cmake_args' from command line to 'None'
[0.156s] Level 5:colcon.colcon_core.verb:set package 'tello_description' build argument 'catkin_skip_building_tests' from command line to 'False'
[0.156s] DEBUG:colcon.colcon_core.verb:Building package 'tello_description' with the following arguments: {'ament_cmake_args': None, 'build_base': '/root/tello_ros_ws/build/tello_description', 'catkin_cmake_args': None, 'catkin_skip_building_tests': False, 'cmake_args': None, 'cmake_clean_cache': False, 'cmake_clean_first': False, 'cmake_force_configure': False, 'cmake_target': None, 'cmake_target_skip_unavailable': False, 'install_base': '/root/tello_ros_ws/install/tello_description', 'merge_install': False, 'path': '/root/tello_ros_ws/src/tello_description', 'symlink_install': False, 'test_result_base': None}
[0.157s] Level 5:colcon.colcon_core.verb:set package 'tello_msgs' build argument 'cmake_args' from command line to 'None'
[0.157s] Level 5:colcon.colcon_core.verb:set package 'tello_msgs' build argument 'cmake_target' from command line to 'None'
[0.157s] Level 5:colcon.colcon_core.verb:set package 'tello_msgs' build argument 'cmake_target_skip_unavailable' from command line to 'False'
[0.157s] Level 5:colcon.colcon_core.verb:set package 'tello_msgs' build argument 'cmake_clean_cache' from command line to 'False'
[0.157s] Level 5:colcon.colcon_core.verb:set package 'tello_msgs' build argument 'cmake_clean_first' from command line to 'False'
[0.157s] Level 5:colcon.colcon_core.verb:set package 'tello_msgs' build argument 'cmake_force_configure' from command line to 'False'
[0.157s] Level 5:colcon.colcon_core.verb:set package 'tello_msgs' build argument 'ament_cmake_args' from command line to 'None'
[0.157s] Level 5:colcon.colcon_core.verb:set package 'tello_msgs' build argument 'catkin_cmake_args' from command line to 'None'
[0.157s] Level 5:colcon.colcon_core.verb:set package 'tello_msgs' build argument 'catkin_skip_building_tests' from command line to 'False'
[0.157s] DEBUG:colcon.colcon_core.verb:Building package 'tello_msgs' with the following arguments: {'ament_cmake_args': None, 'build_base': '/root/tello_ros_ws/build/tello_msgs', 'catkin_cmake_args': None, 'catkin_skip_building_tests': False, 'cmake_args': None, 'cmake_clean_cache': False, 'cmake_clean_first': False, 'cmake_force_configure': False, 'cmake_target': None, 'cmake_target_skip_unavailable': False, 'install_base': '/root/tello_ros_ws/install/tello_msgs', 'merge_install': False, 'path': '/root/tello_ros_ws/src/tello_msgs', 'symlink_install': False, 'test_result_base': None}
[0.157s] Level 5:colcon.colcon_core.verb:set package 'tello_control' build argument 'cmake_args' from command line to 'None'
[0.157s] Level 5:colcon.colcon_core.verb:set package 'tello_control' build argument 'cmake_target' from command line to 'None'
[0.157s] Level 5:colcon.colcon_core.verb:set package 'tello_control' build argument 'cmake_target_skip_unavailable' from command line to 'False'
[0.157s] Level 5:colcon.colcon_core.verb:set package 'tello_control' build argument 'cmake_clean_cache' from command line to 'False'
[0.157s] Level 5:colcon.colcon_core.verb:set package 'tello_control' build argument 'cmake_clean_first' from command line to 'False'
[0.157s] Level 5:colcon.colcon_core.verb:set package 'tello_control' build argument 'cmake_force_configure' from command line to 'False'
[0.157s] Level 5:colcon.colcon_core.verb:set package 'tello_control' build argument 'ament_cmake_args' from command line to 'None'
[0.157s] Level 5:colcon.colcon_core.verb:set package 'tello_control' build argument 'catkin_cmake_args' from command line to 'None'
[0.157s] Level 5:colcon.colcon_core.verb:set package 'tello_control' build argument 'catkin_skip_building_tests' from command line to 'False'
[0.157s] DEBUG:colcon.colcon_core.verb:Building package 'tello_control' with the following arguments: {'ament_cmake_args': None, 'build_base': '/root/tello_ros_ws/build/tello_control', 'catkin_cmake_args': None, 'catkin_skip_building_tests': False, 'cmake_args': None, 'cmake_clean_cache': False, 'cmake_clean_first': False, 'cmake_force_configure': False, 'cmake_target': None, 'cmake_target_skip_unavailable': False, 'install_base': '/root/tello_ros_ws/install/tello_control', 'merge_install': False, 'path': '/root/tello_ros_ws/src/tello_control', 'symlink_install': False, 'test_result_base': None}
[0.158s] Level 5:colcon.colcon_core.verb:set package 'tello_driver' build argument 'cmake_args' from command line to 'None'
[0.158s] Level 5:colcon.colcon_core.verb:set package 'tello_driver' build argument 'cmake_target' from command line to 'None'
[0.158s] Level 5:colcon.colcon_core.verb:set package 'tello_driver' build argument 'cmake_target_skip_unavailable' from command line to 'False'
[0.158s] Level 5:colcon.colcon_core.verb:set package 'tello_driver' build argument 'cmake_clean_cache' from command line to 'False'
[0.158s] Level 5:colcon.colcon_core.verb:set package 'tello_driver' build argument 'cmake_clean_first' from command line to 'False'
[0.158s] Level 5:colcon.colcon_core.verb:set package 'tello_driver' build argument 'cmake_force_configure' from command line to 'False'
[0.158s] Level 5:colcon.colcon_core.verb:set package 'tello_driver' build argument 'ament_cmake_args' from command line to 'None'
[0.158s] Level 5:colcon.colcon_core.verb:set package 'tello_driver' build argument 'catkin_cmake_args' from command line to 'None'
[0.158s] Level 5:colcon.colcon_core.verb:set package 'tello_driver' build argument 'catkin_skip_building_tests' from command line to 'False'
[0.158s] DEBUG:colcon.colcon_core.verb:Building package 'tello_driver' with the following arguments: {'ament_cmake_args': None, 'build_base': '/root/tello_ros_ws/build/tello_driver', 'catkin_cmake_args': None, 'catkin_skip_building_tests': False, 'cmake_args': None, 'cmake_clean_cache': False, 'cmake_clean_first': False, 'cmake_force_configure': False, 'cmake_target': None, 'cmake_target_skip_unavailable': False, 'install_base': '/root/tello_ros_ws/install/tello_driver', 'merge_install': False, 'path': '/root/tello_ros_ws/src/tello_driver', 'symlink_install': False, 'test_result_base': None}
[0.158s] Level 5:colcon.colcon_core.verb:set package 'tello_gazebo' build argument 'cmake_args' from command line to 'None'
[0.158s] Level 5:colcon.colcon_core.verb:set package 'tello_gazebo' build argument 'cmake_target' from command line to 'None'
[0.158s] Level 5:colcon.colcon_core.verb:set package 'tello_gazebo' build argument 'cmake_target_skip_unavailable' from command line to 'False'
[0.158s] Level 5:colcon.colcon_core.verb:set package 'tello_gazebo' build argument 'cmake_clean_cache' from command line to 'False'
[0.158s] Level 5:colcon.colcon_core.verb:set package 'tello_gazebo' build argument 'cmake_clean_first' from command line to 'False'
[0.158s] Level 5:colcon.colcon_core.verb:set package 'tello_gazebo' build argument 'cmake_force_configure' from command line to 'False'
[0.158s] Level 5:colcon.colcon_core.verb:set package 'tello_gazebo' build argument 'ament_cmake_args' from command line to 'None'
[0.158s] Level 5:colcon.colcon_core.verb:set package 'tello_gazebo' build argument 'catkin_cmake_args' from command line to 'None'
[0.158s] Level 5:colcon.colcon_core.verb:set package 'tello_gazebo' build argument 'catkin_skip_building_tests' from command line to 'False'
[0.158s] DEBUG:colcon.colcon_core.verb:Building package 'tello_gazebo' with the following arguments: {'ament_cmake_args': None, 'build_base': '/root/tello_ros_ws/build/tello_gazebo', 'catkin_cmake_args': None, 'catkin_skip_building_tests': False, 'cmake_args': None, 'cmake_clean_cache': False, 'cmake_clean_first': False, 'cmake_force_configure': False, 'cmake_target': None, 'cmake_target_skip_unavailable': False, 'install_base': '/root/tello_ros_ws/install/tello_gazebo', 'merge_install': False, 'path': '/root/tello_ros_ws/src/tello_gazebo', 'symlink_install': False, 'test_result_base': None}
[0.158s] INFO:colcon.colcon_core.executor:Executing jobs using 'parallel' executor
[0.160s] DEBUG:colcon.colcon_parallel_executor.executor.parallel:run_until_complete
[0.160s] INFO:colcon.colcon_ros.task.ament_cmake.build:Building ROS package in '/root/tello_ros_ws/src/tello_msgs' with build type 'ament_cmake'
[0.160s] INFO:colcon.colcon_cmake.task.cmake.build:Building CMake package in '/root/tello_ros_ws/src/tello_msgs'
[0.162s] INFO:colcon.colcon_core.plugin_system:Skipping extension 'colcon_core.shell.bat': Not used on non-Windows systems
[0.162s] INFO:colcon.colcon_core.shell:Skip shell extension 'powershell' for command environment: Not usable outside of PowerShell
[0.162s] DEBUG:colcon.colcon_core.shell:Skip shell extension 'dsv' for command environment
[0.166s] INFO:colcon.colcon_ros.task.ament_cmake.build:Building ROS package in '/root/tello_ros_ws/src/ros2_shared' with build type 'ament_cmake'
[0.166s] INFO:colcon.colcon_cmake.task.cmake.build:Building CMake package in '/root/tello_ros_ws/src/ros2_shared'
[0.167s] INFO:colcon.colcon_core.shell:Skip shell extension 'powershell' for command environment: Not usable outside of PowerShell
[0.167s] DEBUG:colcon.colcon_core.shell:Skip shell extension 'dsv' for command environment
[0.170s] INFO:colcon.colcon_ros.task.ament_python.build:Building ROS package in '/root/tello_ros_ws/src/tello_cv' with build type 'ament_python'
[0.170s] Level 1:colcon.colcon_core.shell:create_environment_hook('tello_cv', 'ament_prefix_path')
[0.171s] INFO:colcon.colcon_core.shell:Creating environment hook '/root/tello_ros_ws/install/tello_cv/share/tello_cv/hook/ament_prefix_path.ps1'
[0.172s] INFO:colcon.colcon_core.shell:Creating environment descriptor '/root/tello_ros_ws/install/tello_cv/share/tello_cv/hook/ament_prefix_path.dsv'
[0.172s] INFO:colcon.colcon_core.shell:Creating environment hook '/root/tello_ros_ws/install/tello_cv/share/tello_cv/hook/ament_prefix_path.sh'
[0.173s] INFO:colcon.colcon_core.shell:Skip shell extension 'powershell' for command environment: Not usable outside of PowerShell
[0.173s] DEBUG:colcon.colcon_core.shell:Skip shell extension 'dsv' for command environment
[0.175s] INFO:colcon.colcon_ros.task.ament_cmake.build:Building ROS package in '/root/tello_ros_ws/src/tello_description' with build type 'ament_cmake'
[0.175s] INFO:colcon.colcon_cmake.task.cmake.build:Building CMake package in '/root/tello_ros_ws/src/tello_description'
[0.176s] INFO:colcon.colcon_core.shell:Skip shell extension 'powershell' for command environment: Not usable outside of PowerShell
[0.176s] DEBUG:colcon.colcon_core.shell:Skip shell extension 'dsv' for command environment
[0.182s] DEBUG:colcon.colcon_core.event_handler.log_command:Invoking command in '/root/tello_ros_ws/build/tello_msgs': CMAKE_PREFIX_PATH=${CMAKE_PREFIX_PATH}:/root/tello_ros_ws/install/tello_cv:/opt/ros/foxy /usr/bin/cmake --build /root/tello_ros_ws/build/tello_msgs -- -j32 -l32
[0.185s] DEBUG:colcon.colcon_core.event_handler.log_command:Invoking command in '/root/tello_ros_ws/build/ros2_shared': CMAKE_PREFIX_PATH=${CMAKE_PREFIX_PATH}:/root/tello_ros_ws/install/tello_cv:/opt/ros/foxy /usr/bin/cmake --build /root/tello_ros_ws/build/ros2_shared -- -j32 -l32
[0.267s] INFO:colcon.colcon_core.task.python.build:Building Python package in '/root/tello_ros_ws/src/tello_cv'
[0.268s] INFO:colcon.colcon_core.shell:Skip shell extension 'powershell' for command environment: Not usable outside of PowerShell
[0.268s] DEBUG:colcon.colcon_core.shell:Skip shell extension 'dsv' for command environment
[0.275s] DEBUG:colcon.colcon_core.event_handler.log_command:Invoked command in '/root/tello_ros_ws/build/ros2_shared' returned '0': CMAKE_PREFIX_PATH=${CMAKE_PREFIX_PATH}:/root/tello_ros_ws/install/tello_cv:/opt/ros/foxy /usr/bin/cmake --build /root/tello_ros_ws/build/ros2_shared -- -j32 -l32
[0.278s] DEBUG:colcon.colcon_core.event_handler.log_command:Invoking command in '/root/tello_ros_ws/build/tello_description': CMAKE_PREFIX_PATH=${CMAKE_PREFIX_PATH}:/root/tello_ros_ws/install/tello_cv:/opt/ros/foxy /usr/bin/cmake --build /root/tello_ros_ws/build/tello_description -- -j32 -l32
[0.297s] DEBUG:colcon.colcon_core.event_handler.log_command:Invoking command in '/root/tello_ros_ws/build/ros2_shared': CMAKE_PREFIX_PATH=${CMAKE_PREFIX_PATH}:/root/tello_ros_ws/install/tello_cv:/opt/ros/foxy /usr/bin/cmake --install /root/tello_ros_ws/build/ros2_shared
[0.310s] Level 1:colcon.colcon_core.environment:create_environment_scripts_only(ros2_shared)
[0.315s] DEBUG:colcon.colcon_core.event_handler.log_command:Invoked command in '/root/tello_ros_ws/build/ros2_shared' returned '0': CMAKE_PREFIX_PATH=${CMAKE_PREFIX_PATH}:/root/tello_ros_ws/install/tello_cv:/opt/ros/foxy /usr/bin/cmake --install /root/tello_ros_ws/build/ros2_shared
[0.324s] Level 1:colcon.colcon_core.environment:checking '/root/tello_ros_ws/install/ros2_shared' for CMake module files
[0.324s] Level 1:colcon.colcon_core.environment:checking '/root/tello_ros_ws/install/ros2_shared' for CMake config files
[0.325s] Level 1:colcon.colcon_core.shell:create_environment_hook('ros2_shared', 'cmake_prefix_path')
[0.326s] INFO:colcon.colcon_core.shell:Creating environment hook '/root/tello_ros_ws/install/ros2_shared/share/ros2_shared/hook/cmake_prefix_path.ps1'
[0.327s] INFO:colcon.colcon_core.shell:Creating environment descriptor '/root/tello_ros_ws/install/ros2_shared/share/ros2_shared/hook/cmake_prefix_path.dsv'
[0.327s] INFO:colcon.colcon_core.shell:Creating environment hook '/root/tello_ros_ws/install/ros2_shared/share/ros2_shared/hook/cmake_prefix_path.sh'
[0.328s] Level 1:colcon.colcon_core.environment:checking '/root/tello_ros_ws/install/ros2_shared/bin'
[0.328s] Level 1:colcon.colcon_core.environment:checking '/root/tello_ros_ws/install/ros2_shared/lib/pkgconfig/ros2_shared.pc'
[0.328s] Level 1:colcon.colcon_core.environment:checking '/root/tello_ros_ws/install/ros2_shared/lib/python3.8/site-packages'
[0.328s] Level 1:colcon.colcon_core.environment:checking '/root/tello_ros_ws/install/ros2_shared/bin'
[0.329s] INFO:colcon.colcon_core.shell:Creating package script '/root/tello_ros_ws/install/ros2_shared/share/ros2_shared/package.ps1'
[0.329s] INFO:colcon.colcon_core.shell:Creating package descriptor '/root/tello_ros_ws/install/ros2_shared/share/ros2_shared/package.dsv'
[0.329s] INFO:colcon.colcon_core.shell:Creating package script '/root/tello_ros_ws/install/ros2_shared/share/ros2_shared/package.sh'
[0.330s] INFO:colcon.colcon_core.shell:Creating package script '/root/tello_ros_ws/install/ros2_shared/share/ros2_shared/package.bash'
[0.330s] INFO:colcon.colcon_core.shell:Creating package script '/root/tello_ros_ws/install/ros2_shared/share/ros2_shared/package.zsh'
[0.330s] Level 1:colcon.colcon_core.environment:create_file_with_runtime_dependencies(/root/tello_ros_ws/install/ros2_shared/share/colcon-core/packages/ros2_shared)
[0.342s] DEBUG:colcon.colcon_core.event_handler.log_command:Invoked command in '/root/tello_ros_ws/build/tello_description' returned '0': CMAKE_PREFIX_PATH=${CMAKE_PREFIX_PATH}:/root/tello_ros_ws/install/tello_cv:/opt/ros/foxy /usr/bin/cmake --build /root/tello_ros_ws/build/tello_description -- -j32 -l32
[0.346s] Level 1:colcon.colcon_core.environment:create_environment_scripts_only(ros2_shared)
[0.347s] Level 1:colcon.colcon_core.environment:checking '/root/tello_ros_ws/install/ros2_shared' for CMake module files
[0.347s] Level 1:colcon.colcon_core.environment:checking '/root/tello_ros_ws/install/ros2_shared' for CMake config files
[0.348s] Level 1:colcon.colcon_core.shell:create_environment_hook('ros2_shared', 'cmake_prefix_path')
[0.348s] INFO:colcon.colcon_core.shell:Creating environment hook '/root/tello_ros_ws/install/ros2_shared/share/ros2_shared/hook/cmake_prefix_path.ps1'
[0.348s] INFO:colcon.colcon_core.shell:Creating environment descriptor '/root/tello_ros_ws/install/ros2_shared/share/ros2_shared/hook/cmake_prefix_path.dsv'
[0.349s] INFO:colcon.colcon_core.shell:Creating environment hook '/root/tello_ros_ws/install/ros2_shared/share/ros2_shared/hook/cmake_prefix_path.sh'
[0.349s] Level 1:colcon.colcon_core.environment:checking '/root/tello_ros_ws/install/ros2_shared/bin'
[0.349s] Level 1:colcon.colcon_core.environment:checking '/root/tello_ros_ws/install/ros2_shared/lib/pkgconfig/ros2_shared.pc'
[0.349s] Level 1:colcon.colcon_core.environment:checking '/root/tello_ros_ws/install/ros2_shared/lib/python3.8/site-packages'
[0.349s] Level 1:colcon.colcon_core.environment:checking '/root/tello_ros_ws/install/ros2_shared/bin'
[0.350s] INFO:colcon.colcon_core.shell:Creating package script '/root/tello_ros_ws/install/ros2_shared/share/ros2_shared/package.ps1'
[0.350s] INFO:colcon.colcon_core.shell:Creating package descriptor '/root/tello_ros_ws/install/ros2_shared/share/ros2_shared/package.dsv'
[0.350s] INFO:colcon.colcon_core.shell:Creating package script '/root/tello_ros_ws/install/ros2_shared/share/ros2_shared/package.sh'
[0.350s] INFO:colcon.colcon_core.shell:Creating package script '/root/tello_ros_ws/install/ros2_shared/share/ros2_shared/package.bash'
[0.350s] INFO:colcon.colcon_core.shell:Creating package script '/root/tello_ros_ws/install/ros2_shared/share/ros2_shared/package.zsh'
[0.350s] Level 1:colcon.colcon_core.environment:create_file_with_runtime_dependencies(/root/tello_ros_ws/install/ros2_shared/share/colcon-core/packages/ros2_shared)
[0.351s] DEBUG:colcon.colcon_core.event_handler.log_command:Invoked command in '/root/tello_ros_ws/build/tello_msgs' returned '0': CMAKE_PREFIX_PATH=${CMAKE_PREFIX_PATH}:/root/tello_ros_ws/install/tello_cv:/opt/ros/foxy /usr/bin/cmake --build /root/tello_ros_ws/build/tello_msgs -- -j32 -l32
[0.362s] DEBUG:colcon.colcon_core.event_handler.log_command:Invoking command in '/root/tello_ros_ws/build/tello_description': CMAKE_PREFIX_PATH=${CMAKE_PREFIX_PATH}:/root/tello_ros_ws/install/tello_cv:/opt/ros/foxy /usr/bin/cmake --install /root/tello_ros_ws/build/tello_description
[0.372s] Level 1:colcon.colcon_core.environment:create_environment_scripts_only(tello_description)
[0.373s] Level 1:colcon.colcon_core.environment:checking '/root/tello_ros_ws/install/tello_description' for CMake module files
[0.373s] DEBUG:colcon.colcon_core.event_handler.log_command:Invoked command in '/root/tello_ros_ws/build/tello_description' returned '0': CMAKE_PREFIX_PATH=${CMAKE_PREFIX_PATH}:/root/tello_ros_ws/install/tello_cv:/opt/ros/foxy /usr/bin/cmake --install /root/tello_ros_ws/build/tello_description
[0.374s] Level 1:colcon.colcon_core.environment:checking '/root/tello_ros_ws/install/tello_description' for CMake config files
[0.374s] Level 1:colcon.colcon_core.shell:create_environment_hook('tello_description', 'cmake_prefix_path')
[0.374s] INFO:colcon.colcon_core.shell:Creating environment hook '/root/tello_ros_ws/install/tello_description/share/tello_description/hook/cmake_prefix_path.ps1'
[0.375s] INFO:colcon.colcon_core.shell:Creating environment descriptor '/root/tello_ros_ws/install/tello_description/share/tello_description/hook/cmake_prefix_path.dsv'
[0.375s] INFO:colcon.colcon_core.shell:Creating environment hook '/root/tello_ros_ws/install/tello_description/share/tello_description/hook/cmake_prefix_path.sh'
[0.375s] Level 1:colcon.colcon_core.environment:checking '/root/tello_ros_ws/install/tello_description/bin'
[0.375s] Level 1:colcon.colcon_core.environment:checking '/root/tello_ros_ws/install/tello_description/lib/pkgconfig/tello_description.pc'
[0.375s] Level 1:colcon.colcon_core.environment:checking '/root/tello_ros_ws/install/tello_description/lib/python3.8/site-packages'
[0.375s] Level 1:colcon.colcon_core.environment:checking '/root/tello_ros_ws/install/tello_description/bin'
[0.376s] INFO:colcon.colcon_core.shell:Creating package script '/root/tello_ros_ws/install/tello_description/share/tello_description/package.ps1'
[0.376s] INFO:colcon.colcon_core.shell:Creating package descriptor '/root/tello_ros_ws/install/tello_description/share/tello_description/package.dsv'
[0.376s] INFO:colcon.colcon_core.shell:Creating package script '/root/tello_ros_ws/install/tello_description/share/tello_description/package.sh'
[0.376s] INFO:colcon.colcon_core.shell:Creating package script '/root/tello_ros_ws/install/tello_description/share/tello_description/package.bash'
[0.376s] INFO:colcon.colcon_core.shell:Creating package script '/root/tello_ros_ws/install/tello_description/share/tello_description/package.zsh'
[0.376s] Level 1:colcon.colcon_core.environment:create_file_with_runtime_dependencies(/root/tello_ros_ws/install/tello_description/share/colcon-core/packages/tello_description)
[0.396s] Level 1:colcon.colcon_core.environment:create_environment_scripts_only(tello_description)
[0.398s] Level 1:colcon.colcon_core.environment:checking '/root/tello_ros_ws/install/tello_description' for CMake module files
[0.398s] Level 1:colcon.colcon_core.environment:checking '/root/tello_ros_ws/install/tello_description' for CMake config files
[0.398s] Level 1:colcon.colcon_core.shell:create_environment_hook('tello_description', 'cmake_prefix_path')
[0.399s] INFO:colcon.colcon_core.shell:Creating environment hook '/root/tello_ros_ws/install/tello_description/share/tello_description/hook/cmake_prefix_path.ps1'
[0.400s] INFO:colcon.colcon_core.shell:Creating environment descriptor '/root/tello_ros_ws/install/tello_description/share/tello_description/hook/cmake_prefix_path.dsv'
[0.400s] INFO:colcon.colcon_core.shell:Creating environment hook '/root/tello_ros_ws/install/tello_description/share/tello_description/hook/cmake_prefix_path.sh'
[0.400s] Level 1:colcon.colcon_core.environment:checking '/root/tello_ros_ws/install/tello_description/bin'
[0.400s] Level 1:colcon.colcon_core.environment:checking '/root/tello_ros_ws/install/tello_description/lib/pkgconfig/tello_description.pc'
[0.401s] Level 1:colcon.colcon_core.environment:checking '/root/tello_ros_ws/install/tello_description/lib/python3.8/site-packages'
[0.401s] Level 1:colcon.colcon_core.environment:checking '/root/tello_ros_ws/install/tello_description/bin'
[0.402s] INFO:colcon.colcon_core.shell:Creating package script '/root/tello_ros_ws/install/tello_description/share/tello_description/package.ps1'
[0.402s] INFO:colcon.colcon_core.shell:Creating package descriptor '/root/tello_ros_ws/install/tello_description/share/tello_description/package.dsv'
[0.402s] INFO:colcon.colcon_core.shell:Creating package script '/root/tello_ros_ws/install/tello_description/share/tello_description/package.sh'
[0.403s] INFO:colcon.colcon_core.shell:Creating package script '/root/tello_ros_ws/install/tello_description/share/tello_description/package.bash'
[0.403s] INFO:colcon.colcon_core.shell:Creating package script '/root/tello_ros_ws/install/tello_description/share/tello_description/package.zsh'
[0.403s] Level 1:colcon.colcon_core.environment:create_file_with_runtime_dependencies(/root/tello_ros_ws/install/tello_description/share/colcon-core/packages/tello_description)
[0.413s] DEBUG:colcon.colcon_core.event_handler.log_command:Invoking command in '/root/tello_ros_ws/build/tello_msgs': CMAKE_PREFIX_PATH=${CMAKE_PREFIX_PATH}:/root/tello_ros_ws/install/tello_cv:/opt/ros/foxy /usr/bin/cmake --install /root/tello_ros_ws/build/tello_msgs
[0.444s] Level 1:colcon.colcon_core.environment:create_environment_scripts_only(tello_msgs)
[0.446s] Level 1:colcon.colcon_core.environment:checking '/root/tello_ros_ws/install/tello_msgs' for CMake module files
[0.446s] DEBUG:colcon.colcon_core.event_handler.log_command:Invoked command in '/root/tello_ros_ws/build/tello_msgs' returned '0': CMAKE_PREFIX_PATH=${CMAKE_PREFIX_PATH}:/root/tello_ros_ws/install/tello_cv:/opt/ros/foxy /usr/bin/cmake --install /root/tello_ros_ws/build/tello_msgs
[0.447s] Level 1:colcon.colcon_core.environment:checking '/root/tello_ros_ws/install/tello_msgs' for CMake config files
[0.447s] Level 1:colcon.colcon_core.shell:create_environment_hook('tello_msgs', 'cmake_prefix_path')
[0.447s] INFO:colcon.colcon_core.shell:Creating environment hook '/root/tello_ros_ws/install/tello_msgs/share/tello_msgs/hook/cmake_prefix_path.ps1'
[0.448s] INFO:colcon.colcon_core.shell:Creating environment descriptor '/root/tello_ros_ws/install/tello_msgs/share/tello_msgs/hook/cmake_prefix_path.dsv'
[0.448s] INFO:colcon.colcon_core.shell:Creating environment hook '/root/tello_ros_ws/install/tello_msgs/share/tello_msgs/hook/cmake_prefix_path.sh'
[0.448s] Level 1:colcon.colcon_core.environment:checking '/root/tello_ros_ws/install/tello_msgs/lib'
[0.448s] Level 1:colcon.colcon_core.shell:create_environment_hook('tello_msgs', 'ld_library_path_lib')
[0.449s] INFO:colcon.colcon_core.shell:Creating environment hook '/root/tello_ros_ws/install/tello_msgs/share/tello_msgs/hook/ld_library_path_lib.ps1'
[0.449s] INFO:colcon.colcon_core.shell:Creating environment descriptor '/root/tello_ros_ws/install/tello_msgs/share/tello_msgs/hook/ld_library_path_lib.dsv'
[0.449s] INFO:colcon.colcon_core.shell:Creating environment hook '/root/tello_ros_ws/install/tello_msgs/share/tello_msgs/hook/ld_library_path_lib.sh'
[0.449s] Level 1:colcon.colcon_core.environment:checking '/root/tello_ros_ws/install/tello_msgs/bin'
[0.449s] Level 1:colcon.colcon_core.environment:checking '/root/tello_ros_ws/install/tello_msgs/lib/pkgconfig/tello_msgs.pc'
[0.449s] Level 1:colcon.colcon_core.environment:checking '/root/tello_ros_ws/install/tello_msgs/lib/python3.8/site-packages'
[0.449s] Level 1:colcon.colcon_core.shell:create_environment_hook('tello_msgs', 'pythonpath')
[0.450s] INFO:colcon.colcon_core.shell:Creating environment hook '/root/tello_ros_ws/install/tello_msgs/share/tello_msgs/hook/pythonpath.ps1'
[0.450s] INFO:colcon.colcon_core.shell:Creating environment descriptor '/root/tello_ros_ws/install/tello_msgs/share/tello_msgs/hook/pythonpath.dsv'
[0.450s] INFO:colcon.colcon_core.shell:Creating environment hook '/root/tello_ros_ws/install/tello_msgs/share/tello_msgs/hook/pythonpath.sh'
[0.450s] Level 1:colcon.colcon_core.environment:checking '/root/tello_ros_ws/install/tello_msgs/bin'
[0.451s] INFO:colcon.colcon_core.shell:Creating package script '/root/tello_ros_ws/install/tello_msgs/share/tello_msgs/package.ps1'
[0.451s] INFO:colcon.colcon_core.shell:Creating package descriptor '/root/tello_ros_ws/install/tello_msgs/share/tello_msgs/package.dsv'
[0.451s] INFO:colcon.colcon_core.shell:Creating package script '/root/tello_ros_ws/install/tello_msgs/share/tello_msgs/package.sh'
[0.451s] INFO:colcon.colcon_core.shell:Creating package script '/root/tello_ros_ws/install/tello_msgs/share/tello_msgs/package.bash'
[0.451s] INFO:colcon.colcon_core.shell:Creating package script '/root/tello_ros_ws/install/tello_msgs/share/tello_msgs/package.zsh'
[0.451s] Level 1:colcon.colcon_core.environment:create_file_with_runtime_dependencies(/root/tello_ros_ws/install/tello_msgs/share/colcon-core/packages/tello_msgs)
[0.455s] DEBUG:colcon.colcon_core.event_handler.log_command:Invoking command in '/root/tello_ros_ws/build/tello_cv': PYTHONPATH=/root/tello_ros_ws/build/tello_cv/prefix_override:/root/tello_ros_ws/install/tello_cv/lib/python3.8/site-packages:${PYTHONPATH} /usr/bin/python3 setup.py develop --uninstall --editable --build-directory /root/tello_ros_ws/build/tello_cv/build
[0.511s] Level 1:colcon.colcon_core.environment:create_environment_scripts_only(tello_msgs)
[0.511s] Level 1:colcon.colcon_core.environment:checking '/root/tello_ros_ws/install/tello_msgs' for CMake module files
[0.512s] Level 1:colcon.colcon_core.environment:checking '/root/tello_ros_ws/install/tello_msgs' for CMake config files
[0.512s] Level 1:colcon.colcon_core.shell:create_environment_hook('tello_msgs', 'cmake_prefix_path')
[0.512s] INFO:colcon.colcon_core.shell:Creating environment hook '/root/tello_ros_ws/install/tello_msgs/share/tello_msgs/hook/cmake_prefix_path.ps1'
[0.513s] INFO:colcon.colcon_core.shell:Creating environment descriptor '/root/tello_ros_ws/install/tello_msgs/share/tello_msgs/hook/cmake_prefix_path.dsv'
[0.513s] INFO:colcon.colcon_core.shell:Creating environment hook '/root/tello_ros_ws/install/tello_msgs/share/tello_msgs/hook/cmake_prefix_path.sh'
[0.513s] Level 1:colcon.colcon_core.environment:checking '/root/tello_ros_ws/install/tello_msgs/lib'
[0.513s] Level 1:colcon.colcon_core.shell:create_environment_hook('tello_msgs', 'ld_library_path_lib')
[0.514s] INFO:colcon.colcon_core.shell:Creating environment hook '/root/tello_ros_ws/install/tello_msgs/share/tello_msgs/hook/ld_library_path_lib.ps1'
[0.514s] INFO:colcon.colcon_core.shell:Creating environment descriptor '/root/tello_ros_ws/install/tello_msgs/share/tello_msgs/hook/ld_library_path_lib.dsv'
[0.514s] INFO:colcon.colcon_core.shell:Creating environment hook '/root/tello_ros_ws/install/tello_msgs/share/tello_msgs/hook/ld_library_path_lib.sh'
[0.514s] Level 1:colcon.colcon_core.environment:checking '/root/tello_ros_ws/install/tello_msgs/bin'
[0.514s] Level 1:colcon.colcon_core.environment:checking '/root/tello_ros_ws/install/tello_msgs/lib/pkgconfig/tello_msgs.pc'
[0.514s] Level 1:colcon.colcon_core.environment:checking '/root/tello_ros_ws/install/tello_msgs/lib/python3.8/site-packages'
[0.514s] Level 1:colcon.colcon_core.shell:create_environment_hook('tello_msgs', 'pythonpath')
[0.515s] INFO:colcon.colcon_core.shell:Creating environment hook '/root/tello_ros_ws/install/tello_msgs/share/tello_msgs/hook/pythonpath.ps1'
[0.515s] INFO:colcon.colcon_core.shell:Creating environment descriptor '/root/tello_ros_ws/install/tello_msgs/share/tello_msgs/hook/pythonpath.dsv'
[0.515s] INFO:colcon.colcon_core.shell:Creating environment hook '/root/tello_ros_ws/install/tello_msgs/share/tello_msgs/hook/pythonpath.sh'
[0.515s] Level 1:colcon.colcon_core.environment:checking '/root/tello_ros_ws/install/tello_msgs/bin'
[0.516s] INFO:colcon.colcon_core.shell:Creating package script '/root/tello_ros_ws/install/tello_msgs/share/tello_msgs/package.ps1'
[0.516s] INFO:colcon.colcon_core.shell:Creating package descriptor '/root/tello_ros_ws/install/tello_msgs/share/tello_msgs/package.dsv'
[0.516s] INFO:colcon.colcon_core.shell:Creating package script '/root/tello_ros_ws/install/tello_msgs/share/tello_msgs/package.sh'
[0.516s] INFO:colcon.colcon_core.shell:Creating package script '/root/tello_ros_ws/install/tello_msgs/share/tello_msgs/package.bash'
[0.516s] INFO:colcon.colcon_core.shell:Creating package script '/root/tello_ros_ws/install/tello_msgs/share/tello_msgs/package.zsh'
[0.516s] Level 1:colcon.colcon_core.environment:create_file_with_runtime_dependencies(/root/tello_ros_ws/install/tello_msgs/share/colcon-core/packages/tello_msgs)
[0.517s] INFO:colcon.colcon_ros.task.ament_python.build:Building ROS package in '/root/tello_ros_ws/src/tello_control' with build type 'ament_python'
[0.517s] Level 1:colcon.colcon_core.shell:create_environment_hook('tello_control', 'ament_prefix_path')
[0.517s] INFO:colcon.colcon_core.shell:Creating environment hook '/root/tello_ros_ws/install/tello_control/share/tello_control/hook/ament_prefix_path.ps1'
[0.518s] INFO:colcon.colcon_core.shell:Creating environment descriptor '/root/tello_ros_ws/install/tello_control/share/tello_control/hook/ament_prefix_path.dsv'
[0.518s] INFO:colcon.colcon_core.shell:Creating environment hook '/root/tello_ros_ws/install/tello_control/share/tello_control/hook/ament_prefix_path.sh'
[0.518s] INFO:colcon.colcon_core.shell:Skip shell extension 'powershell' for command environment: Not usable outside of PowerShell
[0.518s] DEBUG:colcon.colcon_core.shell:Skip shell extension 'dsv' for command environment
[0.522s] INFO:colcon.colcon_ros.task.ament_cmake.build:Building ROS package in '/root/tello_ros_ws/src/tello_driver' with build type 'ament_cmake'
[0.522s] INFO:colcon.colcon_cmake.task.cmake.build:Building CMake package in '/root/tello_ros_ws/src/tello_driver'
[0.523s] INFO:colcon.colcon_core.shell:Skip shell extension 'powershell' for command environment: Not usable outside of PowerShell
[0.523s] DEBUG:colcon.colcon_core.shell:Skip shell extension 'dsv' for command environment
[0.526s] INFO:colcon.colcon_ros.task.ament_cmake.build:Building ROS package in '/root/tello_ros_ws/src/tello_gazebo' with build type 'ament_cmake'
[0.526s] INFO:colcon.colcon_cmake.task.cmake.build:Building CMake package in '/root/tello_ros_ws/src/tello_gazebo'
[0.527s] INFO:colcon.colcon_core.shell:Skip shell extension 'powershell' for command environment: Not usable outside of PowerShell
[0.527s] DEBUG:colcon.colcon_core.shell:Skip shell extension 'dsv' for command environment
[0.619s] INFO:colcon.colcon_core.task.python.build:Building Python package in '/root/tello_ros_ws/src/tello_control'
[0.620s] INFO:colcon.colcon_core.shell:Skip shell extension 'powershell' for command environment: Not usable outside of PowerShell
[0.620s] DEBUG:colcon.colcon_core.shell:Skip shell extension 'dsv' for command environment
[0.627s] DEBUG:colcon.colcon_core.event_handler.log_command:Invoking command in '/root/tello_ros_ws/build/tello_driver': CMAKE_PREFIX_PATH=/root/tello_ros_ws/install/tello_msgs:/root/tello_ros_ws/install/ros2_shared:/root/tello_ros_ws/install/tello_gazebo:/root/tello_ros_ws/install/tello_driver:/root/tello_ros_ws/install/tello_description:/root/tello_ros_ws/install/tello_cv:/opt/ros/foxy LD_LIBRARY_PATH=/root/tello_ros_ws/install/tello_msgs/lib:/root/tello_ros_ws/install/tello_gazebo/lib:/root/tello_ros_ws/install/tello_driver/lib:/usr/lib/x86_64-linux-gnu/gazebo-11/plugins:/opt/ros/foxy/opt/yaml_cpp_vendor/lib:/opt/ros/foxy/opt/rviz_ogre_vendor/lib:/opt/ros/foxy/lib/x86_64-linux-gnu:/opt/ros/foxy/lib /usr/bin/cmake --build /root/tello_ros_ws/build/tello_driver -- -j32 -l32
[0.631s] DEBUG:colcon.colcon_core.event_handler.log_command:Invoking command in '/root/tello_ros_ws/build/tello_gazebo': CMAKE_PREFIX_PATH=/root/tello_ros_ws/install/tello_msgs:/root/tello_ros_ws/install/tello_gazebo:/root/tello_ros_ws/install/tello_driver:/root/tello_ros_ws/install/tello_description:/root/tello_ros_ws/install/ros2_shared:/root/tello_ros_ws/install/tello_cv:/opt/ros/foxy LD_LIBRARY_PATH=/root/tello_ros_ws/install/tello_msgs/lib:/root/tello_ros_ws/install/tello_gazebo/lib:/root/tello_ros_ws/install/tello_driver/lib:/usr/lib/x86_64-linux-gnu/gazebo-11/plugins:/opt/ros/foxy/opt/yaml_cpp_vendor/lib:/opt/ros/foxy/opt/rviz_ogre_vendor/lib:/opt/ros/foxy/lib/x86_64-linux-gnu:/opt/ros/foxy/lib /usr/bin/cmake --build /root/tello_ros_ws/build/tello_gazebo -- -j32 -l32
[0.632s] DEBUG:colcon.colcon_core.event_handler.log_command:Invoked command in '/root/tello_ros_ws/build/tello_cv' returned '0': PYTHONPATH=/root/tello_ros_ws/build/tello_cv/prefix_override:/root/tello_ros_ws/install/tello_cv/lib/python3.8/site-packages:${PYTHONPATH} /usr/bin/python3 setup.py develop --uninstall --editable --build-directory /root/tello_ros_ws/build/tello_cv/build
[0.633s] DEBUG:colcon.colcon_core.event_handler.log_command:Invoking command in '/root/tello_ros_ws/src/tello_cv': PYTHONPATH=/root/tello_ros_ws/build/tello_cv/prefix_override:/root/tello_ros_ws/install/tello_cv/lib/python3.8/site-packages:${PYTHONPATH} /usr/bin/python3 setup.py egg_info --egg-base ../../build/tello_cv build --build-base /root/tello_ros_ws/build/tello_cv/build install --record /root/tello_ros_ws/build/tello_cv/install.log --install-scripts $base/lib/tello_cv --single-version-externally-managed
[0.691s] DEBUG:colcon.colcon_core.event_handler.log_command:Invoked command in '/root/tello_ros_ws/build/tello_gazebo' returned '0': CMAKE_PREFIX_PATH=/root/tello_ros_ws/install/tello_msgs:/root/tello_ros_ws/install/tello_gazebo:/root/tello_ros_ws/install/tello_driver:/root/tello_ros_ws/install/tello_description:/root/tello_ros_ws/install/ros2_shared:/root/tello_ros_ws/install/tello_cv:/opt/ros/foxy LD_LIBRARY_PATH=/root/tello_ros_ws/install/tello_msgs/lib:/root/tello_ros_ws/install/tello_gazebo/lib:/root/tello_ros_ws/install/tello_driver/lib:/usr/lib/x86_64-linux-gnu/gazebo-11/plugins:/opt/ros/foxy/opt/yaml_cpp_vendor/lib:/opt/ros/foxy/opt/rviz_ogre_vendor/lib:/opt/ros/foxy/lib/x86_64-linux-gnu:/opt/ros/foxy/lib /usr/bin/cmake --build /root/tello_ros_ws/build/tello_gazebo -- -j32 -l32
[0.714s] DEBUG:colcon.colcon_core.event_handler.log_command:Invoking command in '/root/tello_ros_ws/build/tello_gazebo': CMAKE_PREFIX_PATH=/root/tello_ros_ws/install/tello_msgs:/root/tello_ros_ws/install/tello_gazebo:/root/tello_ros_ws/install/tello_driver:/root/tello_ros_ws/install/tello_description:/root/tello_ros_ws/install/ros2_shared:/root/tello_ros_ws/install/tello_cv:/opt/ros/foxy LD_LIBRARY_PATH=/root/tello_ros_ws/install/tello_msgs/lib:/root/tello_ros_ws/install/tello_gazebo/lib:/root/tello_ros_ws/install/tello_driver/lib:/usr/lib/x86_64-linux-gnu/gazebo-11/plugins:/opt/ros/foxy/opt/yaml_cpp_vendor/lib:/opt/ros/foxy/opt/rviz_ogre_vendor/lib:/opt/ros/foxy/lib/x86_64-linux-gnu:/opt/ros/foxy/lib /usr/bin/cmake --install /root/tello_ros_ws/build/tello_gazebo
[0.724s] Level 1:colcon.colcon_core.environment:create_environment_scripts_only(tello_gazebo)
[0.726s] Level 1:colcon.colcon_core.environment:checking '/root/tello_ros_ws/install/tello_gazebo' for CMake module files
[0.729s] DEBUG:colcon.colcon_core.event_handler.log_command:Invoked command in '/root/tello_ros_ws/build/tello_gazebo' returned '0': CMAKE_PREFIX_PATH=/root/tello_ros_ws/install/tello_msgs:/root/tello_ros_ws/install/tello_gazebo:/root/tello_ros_ws/install/tello_driver:/root/tello_ros_ws/install/tello_description:/root/tello_ros_ws/install/ros2_shared:/root/tello_ros_ws/install/tello_cv:/opt/ros/foxy LD_LIBRARY_PATH=/root/tello_ros_ws/install/tello_msgs/lib:/root/tello_ros_ws/install/tello_gazebo/lib:/root/tello_ros_ws/install/tello_driver/lib:/usr/lib/x86_64-linux-gnu/gazebo-11/plugins:/opt/ros/foxy/opt/yaml_cpp_vendor/lib:/opt/ros/foxy/opt/rviz_ogre_vendor/lib:/opt/ros/foxy/lib/x86_64-linux-gnu:/opt/ros/foxy/lib /usr/bin/cmake --install /root/tello_ros_ws/build/tello_gazebo
[0.729s] Level 1:colcon.colcon_core.environment:checking '/root/tello_ros_ws/install/tello_gazebo' for CMake config files
[0.730s] Level 1:colcon.colcon_core.shell:create_environment_hook('tello_gazebo', 'cmake_prefix_path')
[0.731s] INFO:colcon.colcon_core.shell:Creating environment hook '/root/tello_ros_ws/install/tello_gazebo/share/tello_gazebo/hook/cmake_prefix_path.ps1'
[0.731s] INFO:colcon.colcon_core.shell:Creating environment descriptor '/root/tello_ros_ws/install/tello_gazebo/share/tello_gazebo/hook/cmake_prefix_path.dsv'
[0.732s] INFO:colcon.colcon_core.shell:Creating environment hook '/root/tello_ros_ws/install/tello_gazebo/share/tello_gazebo/hook/cmake_prefix_path.sh'
[0.732s] Level 1:colcon.colcon_core.environment:checking '/root/tello_ros_ws/install/tello_gazebo/lib'
[0.732s] Level 1:colcon.colcon_core.shell:create_environment_hook('tello_gazebo', 'ld_library_path_lib')
[0.733s] INFO:colcon.colcon_core.shell:Creating environment hook '/root/tello_ros_ws/install/tello_gazebo/share/tello_gazebo/hook/ld_library_path_lib.ps1'
[0.733s] INFO:colcon.colcon_core.shell:Creating environment descriptor '/root/tello_ros_ws/install/tello_gazebo/share/tello_gazebo/hook/ld_library_path_lib.dsv'
[0.734s] INFO:colcon.colcon_core.shell:Creating environment hook '/root/tello_ros_ws/install/tello_gazebo/share/tello_gazebo/hook/ld_library_path_lib.sh'
[0.734s] Level 1:colcon.colcon_core.environment:checking '/root/tello_ros_ws/install/tello_gazebo/bin'
[0.734s] Level 1:colcon.colcon_core.environment:checking '/root/tello_ros_ws/install/tello_gazebo/lib/pkgconfig/tello_gazebo.pc'
[0.734s] Level 1:colcon.colcon_core.environment:checking '/root/tello_ros_ws/install/tello_gazebo/lib/python3.8/site-packages'
[0.734s] Level 1:colcon.colcon_core.environment:checking '/root/tello_ros_ws/install/tello_gazebo/bin'
[0.735s] INFO:colcon.colcon_core.shell:Creating package script '/root/tello_ros_ws/install/tello_gazebo/share/tello_gazebo/package.ps1'
[0.736s] INFO:colcon.colcon_core.shell:Creating package descriptor '/root/tello_ros_ws/install/tello_gazebo/share/tello_gazebo/package.dsv'
[0.736s] INFO:colcon.colcon_core.shell:Creating package script '/root/tello_ros_ws/install/tello_gazebo/share/tello_gazebo/package.sh'
[0.736s] INFO:colcon.colcon_core.shell:Creating package script '/root/tello_ros_ws/install/tello_gazebo/share/tello_gazebo/package.bash'
[0.736s] INFO:colcon.colcon_core.shell:Creating package script '/root/tello_ros_ws/install/tello_gazebo/share/tello_gazebo/package.zsh'
[0.736s] Level 1:colcon.colcon_core.environment:create_file_with_runtime_dependencies(/root/tello_ros_ws/install/tello_gazebo/share/colcon-core/packages/tello_gazebo)
[0.760s] Level 1:colcon.colcon_core.environment:create_environment_scripts_only(tello_gazebo)
[0.761s] Level 1:colcon.colcon_core.environment:checking '/root/tello_ros_ws/install/tello_gazebo' for CMake module files
[0.762s] Level 1:colcon.colcon_core.environment:checking '/root/tello_ros_ws/install/tello_gazebo' for CMake config files
[0.763s] Level 1:colcon.colcon_core.shell:create_environment_hook('tello_gazebo', 'cmake_prefix_path')
[0.764s] INFO:colcon.colcon_core.shell:Creating environment hook '/root/tello_ros_ws/install/tello_gazebo/share/tello_gazebo/hook/cmake_prefix_path.ps1'
[0.764s] INFO:colcon.colcon_core.shell:Creating environment descriptor '/root/tello_ros_ws/install/tello_gazebo/share/tello_gazebo/hook/cmake_prefix_path.dsv'
[0.765s] INFO:colcon.colcon_core.shell:Creating environment hook '/root/tello_ros_ws/install/tello_gazebo/share/tello_gazebo/hook/cmake_prefix_path.sh'
[0.765s] Level 1:colcon.colcon_core.environment:checking '/root/tello_ros_ws/install/tello_gazebo/lib'
[0.765s] Level 1:colcon.colcon_core.shell:create_environment_hook('tello_gazebo', 'ld_library_path_lib')
[0.766s] INFO:colcon.colcon_core.shell:Creating environment hook '/root/tello_ros_ws/install/tello_gazebo/share/tello_gazebo/hook/ld_library_path_lib.ps1'
[0.766s] INFO:colcon.colcon_core.shell:Creating environment descriptor '/root/tello_ros_ws/install/tello_gazebo/share/tello_gazebo/hook/ld_library_path_lib.dsv'
[0.766s] INFO:colcon.colcon_core.shell:Creating environment hook '/root/tello_ros_ws/install/tello_gazebo/share/tello_gazebo/hook/ld_library_path_lib.sh'
[0.767s] Level 1:colcon.colcon_core.environment:checking '/root/tello_ros_ws/install/tello_gazebo/bin'
[0.767s] Level 1:colcon.colcon_core.environment:checking '/root/tello_ros_ws/install/tello_gazebo/lib/pkgconfig/tello_gazebo.pc'
[0.767s] Level 1:colcon.colcon_core.environment:checking '/root/tello_ros_ws/install/tello_gazebo/lib/python3.8/site-packages'
[0.767s] Level 1:colcon.colcon_core.environment:checking '/root/tello_ros_ws/install/tello_gazebo/bin'
[0.768s] INFO:colcon.colcon_core.shell:Creating package script '/root/tello_ros_ws/install/tello_gazebo/share/tello_gazebo/package.ps1'
[0.769s] INFO:colcon.colcon_core.shell:Creating package descriptor '/root/tello_ros_ws/install/tello_gazebo/share/tello_gazebo/package.dsv'
[0.769s] INFO:colcon.colcon_core.shell:Creating package script '/root/tello_ros_ws/install/tello_gazebo/share/tello_gazebo/package.sh'
[0.770s] INFO:colcon.colcon_core.shell:Creating package script '/root/tello_ros_ws/install/tello_gazebo/share/tello_gazebo/package.bash'
[0.770s] INFO:colcon.colcon_core.shell:Creating package script '/root/tello_ros_ws/install/tello_gazebo/share/tello_gazebo/package.zsh'
[0.770s] Level 1:colcon.colcon_core.environment:create_file_with_runtime_dependencies(/root/tello_ros_ws/install/tello_gazebo/share/colcon-core/packages/tello_gazebo)
[0.778s] Level 1:colcon.colcon_core.environment:checking '/root/tello_ros_ws/install/tello_cv' for CMake module files
[0.779s] DEBUG:colcon.colcon_core.event_handler.log_command:Invoked command in '/root/tello_ros_ws/src/tello_cv' returned '0': PYTHONPATH=/root/tello_ros_ws/build/tello_cv/prefix_override:/root/tello_ros_ws/install/tello_cv/lib/python3.8/site-packages:${PYTHONPATH} /usr/bin/python3 setup.py egg_info --egg-base ../../build/tello_cv build --build-base /root/tello_ros_ws/build/tello_cv/build install --record /root/tello_ros_ws/build/tello_cv/install.log --install-scripts $base/lib/tello_cv --single-version-externally-managed
[0.779s] Level 1:colcon.colcon_core.environment:checking '/root/tello_ros_ws/install/tello_cv' for CMake config files
[0.779s] Level 1:colcon.colcon_core.environment:checking '/root/tello_ros_ws/install/tello_cv/lib'
[0.779s] Level 1:colcon.colcon_core.environment:checking '/root/tello_ros_ws/install/tello_cv/bin'
[0.779s] Level 1:colcon.colcon_core.environment:checking '/root/tello_ros_ws/install/tello_cv/lib/pkgconfig/tello_cv.pc'
[0.780s] Level 1:colcon.colcon_core.environment:checking '/root/tello_ros_ws/install/tello_cv/lib/python3.8/site-packages'
[0.780s] Level 1:colcon.colcon_core.shell:create_environment_hook('tello_cv', 'pythonpath')
[0.781s] INFO:colcon.colcon_core.shell:Creating environment hook '/root/tello_ros_ws/install/tello_cv/share/tello_cv/hook/pythonpath.ps1'
[0.781s] INFO:colcon.colcon_core.shell:Creating environment descriptor '/root/tello_ros_ws/install/tello_cv/share/tello_cv/hook/pythonpath.dsv'
[0.781s] INFO:colcon.colcon_core.shell:Creating environment hook '/root/tello_ros_ws/install/tello_cv/share/tello_cv/hook/pythonpath.sh'
[0.782s] Level 1:colcon.colcon_core.environment:checking '/root/tello_ros_ws/install/tello_cv/bin'
[0.782s] Level 1:colcon.colcon_core.environment:create_environment_scripts_only(tello_cv)
[0.783s] INFO:colcon.colcon_core.shell:Creating package script '/root/tello_ros_ws/install/tello_cv/share/tello_cv/package.ps1'
[0.783s] INFO:colcon.colcon_core.shell:Creating package descriptor '/root/tello_ros_ws/install/tello_cv/share/tello_cv/package.dsv'
[0.784s] INFO:colcon.colcon_core.shell:Creating package script '/root/tello_ros_ws/install/tello_cv/share/tello_cv/package.sh'
[0.784s] INFO:colcon.colcon_core.shell:Creating package script '/root/tello_ros_ws/install/tello_cv/share/tello_cv/package.bash'
[0.784s] INFO:colcon.colcon_core.shell:Creating package script '/root/tello_ros_ws/install/tello_cv/share/tello_cv/package.zsh'
[0.784s] Level 1:colcon.colcon_core.environment:create_file_with_runtime_dependencies(/root/tello_ros_ws/install/tello_cv/share/colcon-core/packages/tello_cv)
[0.793s] DEBUG:colcon.colcon_core.event_handler.log_command:Invoking command in '/root/tello_ros_ws/src/tello_control': CMAKE_PREFIX_PATH=/root/tello_ros_ws/install/tello_msgs:/root/tello_ros_ws/install/tello_gazebo:/root/tello_ros_ws/install/tello_driver:/root/tello_ros_ws/install/tello_description:/root/tello_ros_ws/install/ros2_shared LD_LIBRARY_PATH=/root/tello_ros_ws/install/tello_msgs/lib:/root/tello_ros_ws/install/tello_gazebo/lib:/root/tello_ros_ws/install/tello_driver/lib:/usr/lib/x86_64-linux-gnu/gazebo-11/plugins:/opt/ros/foxy/opt/yaml_cpp_vendor/lib:/opt/ros/foxy/opt/rviz_ogre_vendor/lib:/opt/ros/foxy/lib/x86_64-linux-gnu:/opt/ros/foxy/lib PYTHONPATH=/root/tello_ros_ws/build/tello_control/prefix_override:/root/tello_ros_ws/install/tello_control/lib/python3.8/site-packages:${PYTHONPATH} /usr/bin/python3 setup.py egg_info --egg-base ../../build/tello_control build --build-base /root/tello_ros_ws/build/tello_control/build install --record /root/tello_ros_ws/build/tello_control/install.log --install-scripts $base/lib/tello_control --single-version-externally-managed
[0.911s] Level 1:colcon.colcon_core.environment:checking '/root/tello_ros_ws/install/tello_control' for CMake module files
[0.911s] DEBUG:colcon.colcon_core.event_handler.log_command:Invoked command in '/root/tello_ros_ws/src/tello_control' returned '0': CMAKE_PREFIX_PATH=/root/tello_ros_ws/install/tello_msgs:/root/tello_ros_ws/install/tello_gazebo:/root/tello_ros_ws/install/tello_driver:/root/tello_ros_ws/install/tello_description:/root/tello_ros_ws/install/ros2_shared LD_LIBRARY_PATH=/root/tello_ros_ws/install/tello_msgs/lib:/root/tello_ros_ws/install/tello_gazebo/lib:/root/tello_ros_ws/install/tello_driver/lib:/usr/lib/x86_64-linux-gnu/gazebo-11/plugins:/opt/ros/foxy/opt/yaml_cpp_vendor/lib:/opt/ros/foxy/opt/rviz_ogre_vendor/lib:/opt/ros/foxy/lib/x86_64-linux-gnu:/opt/ros/foxy/lib PYTHONPATH=/root/tello_ros_ws/build/tello_control/prefix_override:/root/tello_ros_ws/install/tello_control/lib/python3.8/site-packages:${PYTHONPATH} /usr/bin/python3 setup.py egg_info --egg-base ../../build/tello_control build --build-base /root/tello_ros_ws/build/tello_control/build install --record /root/tello_ros_ws/build/tello_control/install.log --install-scripts $base/lib/tello_control --single-version-externally-managed
[0.911s] Level 1:colcon.colcon_core.environment:checking '/root/tello_ros_ws/install/tello_control' for CMake config files
[0.912s] Level 1:colcon.colcon_core.environment:checking '/root/tello_ros_ws/install/tello_control/lib'
[0.912s] Level 1:colcon.colcon_core.environment:checking '/root/tello_ros_ws/install/tello_control/bin'
[0.912s] Level 1:colcon.colcon_core.environment:checking '/root/tello_ros_ws/install/tello_control/lib/pkgconfig/tello_control.pc'
[0.912s] Level 1:colcon.colcon_core.environment:checking '/root/tello_ros_ws/install/tello_control/lib/python3.8/site-packages'
[0.912s] Level 1:colcon.colcon_core.shell:create_environment_hook('tello_control', 'pythonpath')
[0.912s] INFO:colcon.colcon_core.shell:Creating environment hook '/root/tello_ros_ws/install/tello_control/share/tello_control/hook/pythonpath.ps1'
[0.912s] INFO:colcon.colcon_core.shell:Creating environment descriptor '/root/tello_ros_ws/install/tello_control/share/tello_control/hook/pythonpath.dsv'
[0.913s] INFO:colcon.colcon_core.shell:Creating environment hook '/root/tello_ros_ws/install/tello_control/share/tello_control/hook/pythonpath.sh'
[0.913s] Level 1:colcon.colcon_core.environment:checking '/root/tello_ros_ws/install/tello_control/bin'
[0.913s] Level 1:colcon.colcon_core.environment:create_environment_scripts_only(tello_control)
[0.913s] INFO:colcon.colcon_core.shell:Creating package script '/root/tello_ros_ws/install/tello_control/share/tello_control/package.ps1'
[0.914s] INFO:colcon.colcon_core.shell:Creating package descriptor '/root/tello_ros_ws/install/tello_control/share/tello_control/package.dsv'
[0.914s] INFO:colcon.colcon_core.shell:Creating package script '/root/tello_ros_ws/install/tello_control/share/tello_control/package.sh'
[0.914s] INFO:colcon.colcon_core.shell:Creating package script '/root/tello_ros_ws/install/tello_control/share/tello_control/package.bash'
[0.914s] INFO:colcon.colcon_core.shell:Creating package script '/root/tello_ros_ws/install/tello_control/share/tello_control/package.zsh'
[0.914s] Level 1:colcon.colcon_core.environment:create_file_with_runtime_dependencies(/root/tello_ros_ws/install/tello_control/share/colcon-core/packages/tello_control)
[1.858s] DEBUG:colcon.colcon_core.event_handler.log_command:Invoked command in '/root/tello_ros_ws/build/tello_driver' returned '2': CMAKE_PREFIX_PATH=/root/tello_ros_ws/install/tello_msgs:/root/tello_ros_ws/install/ros2_shared:/root/tello_ros_ws/install/tello_gazebo:/root/tello_ros_ws/install/tello_driver:/root/tello_ros_ws/install/tello_description:/root/tello_ros_ws/install/tello_cv:/opt/ros/foxy LD_LIBRARY_PATH=/root/tello_ros_ws/install/tello_msgs/lib:/root/tello_ros_ws/install/tello_gazebo/lib:/root/tello_ros_ws/install/tello_driver/lib:/usr/lib/x86_64-linux-gnu/gazebo-11/plugins:/opt/ros/foxy/opt/yaml_cpp_vendor/lib:/opt/ros/foxy/opt/rviz_ogre_vendor/lib:/opt/ros/foxy/lib/x86_64-linux-gnu:/opt/ros/foxy/lib /usr/bin/cmake --build /root/tello_ros_ws/build/tello_driver -- -j32 -l32
[1.936s] Level 1:colcon.colcon_core.environment:create_environment_scripts_only(tello_driver)
[1.938s] Level 1:colcon.colcon_core.environment:checking '/root/tello_ros_ws/install/tello_driver' for CMake module files
[1.938s] Level 1:colcon.colcon_core.environment:checking '/root/tello_ros_ws/install/tello_driver' for CMake config files
[1.938s] Level 1:colcon.colcon_core.shell:create_environment_hook('tello_driver', 'cmake_prefix_path')
[1.939s] INFO:colcon.colcon_core.shell:Creating environment hook '/root/tello_ros_ws/install/tello_driver/share/tello_driver/hook/cmake_prefix_path.ps1'
[1.939s] INFO:colcon.colcon_core.shell:Creating environment descriptor '/root/tello_ros_ws/install/tello_driver/share/tello_driver/hook/cmake_prefix_path.dsv'
[1.939s] INFO:colcon.colcon_core.shell:Creating environment hook '/root/tello_ros_ws/install/tello_driver/share/tello_driver/hook/cmake_prefix_path.sh'
[1.940s] Level 1:colcon.colcon_core.environment:checking '/root/tello_ros_ws/install/tello_driver/lib'
[1.940s] Level 1:colcon.colcon_core.shell:create_environment_hook('tello_driver', 'ld_library_path_lib')
[1.940s] INFO:colcon.colcon_core.shell:Creating environment hook '/root/tello_ros_ws/install/tello_driver/share/tello_driver/hook/ld_library_path_lib.ps1'
[1.941s] INFO:colcon.colcon_core.shell:Creating environment descriptor '/root/tello_ros_ws/install/tello_driver/share/tello_driver/hook/ld_library_path_lib.dsv'
[1.941s] INFO:colcon.colcon_core.shell:Creating environment hook '/root/tello_ros_ws/install/tello_driver/share/tello_driver/hook/ld_library_path_lib.sh'
[1.941s] Level 1:colcon.colcon_core.environment:checking '/root/tello_ros_ws/install/tello_driver/bin'
[1.941s] Level 1:colcon.colcon_core.environment:checking '/root/tello_ros_ws/install/tello_driver/lib/pkgconfig/tello_driver.pc'
[1.941s] Level 1:colcon.colcon_core.environment:checking '/root/tello_ros_ws/install/tello_driver/lib/python3.8/site-packages'
[1.942s] Level 1:colcon.colcon_core.environment:checking '/root/tello_ros_ws/install/tello_driver/bin'
[1.943s] INFO:colcon.colcon_core.shell:Creating package script '/root/tello_ros_ws/install/tello_driver/share/tello_driver/package.ps1'
[1.943s] INFO:colcon.colcon_core.shell:Creating package descriptor '/root/tello_ros_ws/install/tello_driver/share/tello_driver/package.dsv'
[1.944s] INFO:colcon.colcon_core.shell:Creating package script '/root/tello_ros_ws/install/tello_driver/share/tello_driver/package.sh'
[1.944s] INFO:colcon.colcon_core.shell:Creating package script '/root/tello_ros_ws/install/tello_driver/share/tello_driver/package.bash'
[1.944s] INFO:colcon.colcon_core.shell:Creating package script '/root/tello_ros_ws/install/tello_driver/share/tello_driver/package.zsh'
[1.945s] Level 1:colcon.colcon_core.environment:create_file_with_runtime_dependencies(/root/tello_ros_ws/install/tello_driver/share/colcon-core/packages/tello_driver)
[1.955s] DEBUG:colcon.colcon_parallel_executor.executor.parallel:closing loop
[1.955s] DEBUG:colcon.colcon_parallel_executor.executor.parallel:loop closed
[1.956s] DEBUG:colcon.colcon_parallel_executor.executor.parallel:run_until_complete finished with '2'
[1.956s] DEBUG:colcon.colcon_core.event_reactor:joining thread
[1.963s] INFO:colcon.colcon_core.plugin_system:Skipping extension 'colcon_notification.desktop_notification.notify_send': Could not find 'notify-send'
[1.963s] INFO:colcon.colcon_core.plugin_system:Skipping extension 'colcon_notification.desktop_notification.terminal_notifier': Not used on non-Darwin systems
[1.963s] INFO:colcon.colcon_core.plugin_system:Skipping extension 'colcon_notification.desktop_notification.win32': Not used on non-Windows systems
[1.963s] INFO:colcon.colcon_notification.desktop_notification:Sending desktop notification using 'notify2'
[1.966s] DEBUG:colcon.colcon_notification.desktop_notification.notify2:Failed to initialize notify2: org.freedesktop.DBus.Error.Spawn.ExecFailed: /usr/bin/dbus-launch terminated abnormally without any error message
[1.967s] DEBUG:colcon.colcon_core.event_reactor:joined thread
[1.969s] INFO:colcon.colcon_core.shell:Creating prefix script '/root/tello_ros_ws/install/local_setup.ps1'
[1.970s] INFO:colcon.colcon_core.shell:Creating prefix util module '/root/tello_ros_ws/install/_local_setup_util_ps1.py'
[1.972s] INFO:colcon.colcon_core.shell:Creating prefix chain script '/root/tello_ros_ws/install/setup.ps1'
[1.973s] INFO:colcon.colcon_core.shell:Creating prefix script '/root/tello_ros_ws/install/local_setup.sh'
[1.974s] INFO:colcon.colcon_core.shell:Creating prefix util module '/root/tello_ros_ws/install/_local_setup_util_sh.py'
[1.974s] INFO:colcon.colcon_core.shell:Creating prefix chain script '/root/tello_ros_ws/install/setup.sh'
[1.977s] INFO:colcon.colcon_core.shell:Creating prefix script '/root/tello_ros_ws/install/local_setup.bash'
[1.977s] INFO:colcon.colcon_core.shell:Creating prefix chain script '/root/tello_ros_ws/install/setup.bash'
[1.979s] INFO:colcon.colcon_core.shell:Creating prefix script '/root/tello_ros_ws/install/local_setup.zsh'
[1.980s] INFO:colcon.colcon_core.shell:Creating prefix chain script '/root/tello_ros_ws/install/setup.zsh'
