[0.008s] Invoking command in '/root/tello_ros_ws/build/tello_gazebo': CMAKE_PREFIX_PATH=/root/tello_ros_ws/install/tello_msgs:/root/tello_ros_ws/install/tello_gazebo:/root/tello_ros_ws/install/tello_driver:/root/tello_ros_ws/install/tello_description:/root/tello_ros_ws/install/ros2_shared:/opt/ros/foxy LD_LIBRARY_PATH=/root/tello_ros_ws/install/tello_msgs/lib:/root/tello_ros_ws/install/tello_gazebo/lib:/root/tello_ros_ws/install/tello_driver/lib:/opt/ros/foxy/opt/yaml_cpp_vendor/lib:/opt/ros/foxy/opt/rviz_ogre_vendor/lib:/opt/ros/foxy/lib/x86_64-linux-gnu:/opt/ros/foxy/lib /usr/bin/cmake --build /root/tello_ros_ws/build/tello_gazebo -- -j32 -l32
[0.024s] -- Found ament_cmake: 0.9.12 (/opt/ros/foxy/share/ament_cmake/cmake)
[0.040s] -- Using PYTHON_EXECUTABLE: /usr/bin/python3
[0.118s] CMake Error at CMakeLists.txt:27 (find_package):
[0.118s]   By not providing "Findgazebo.cmake" in CMAKE_MODULE_PATH this project has
[0.118s]   asked CMake to find a package configuration file provided by "gazebo", but
[0.118s]   CMake did not find one.
[0.118s] 
[0.118s]   Could not find a package configuration file provided by "gazebo" with any
[0.118s]   of the following names:
[0.118s] 
[0.118s]     gazeboConfig.cmake
[0.118s]     gazebo-config.cmake
[0.118s] 
[0.118s]   Add the installation prefix of "gazebo" to CMAKE_PREFIX_PATH or set
[0.118s]   "gazebo_DIR" to a directory containing one of the above files.  If "gazebo"
[0.118s]   provides a separate development package or SDK, be sure it has been
[0.118s]   installed.
[0.118s] 
[0.118s] 
[0.118s] -- Configuring incomplete, errors occurred!
[0.118s] See also "/root/tello_ros_ws/build/tello_gazebo/CMakeFiles/CMakeOutput.log".
[0.118s] See also "/root/tello_ros_ws/build/tello_gazebo/CMakeFiles/CMakeError.log".
[0.119s] make: *** [Makefile:266: cmake_check_build_system] Error 1
[0.120s] Invoked command in '/root/tello_ros_ws/build/tello_gazebo' returned '2': CMAKE_PREFIX_PATH=/root/tello_ros_ws/install/tello_msgs:/root/tello_ros_ws/install/tello_gazebo:/root/tello_ros_ws/install/tello_driver:/root/tello_ros_ws/install/tello_description:/root/tello_ros_ws/install/ros2_shared:/opt/ros/foxy LD_LIBRARY_PATH=/root/tello_ros_ws/install/tello_msgs/lib:/root/tello_ros_ws/install/tello_gazebo/lib:/root/tello_ros_ws/install/tello_driver/lib:/opt/ros/foxy/opt/yaml_cpp_vendor/lib:/opt/ros/foxy/opt/rviz_ogre_vendor/lib:/opt/ros/foxy/lib/x86_64-linux-gnu:/opt/ros/foxy/lib /usr/bin/cmake --build /root/tello_ros_ws/build/tello_gazebo -- -j32 -l32
