[0.007s] Invoking command in '/root/tello_ros_ws/build/tello_driver': AMENT_PREFIX_PATH=/root/tello_ros_ws/install/tello_msgs:/root/tello_ros_ws/install/ros2_shared:${AMENT_PREFIX_PATH} CMAKE_PREFIX_PATH=/root/tello_ros_ws/install/tello_msgs:/root/tello_ros_ws/install/ros2_shared:/opt/ros/foxy LD_LIBRARY_PATH=/root/tello_ros_ws/install/tello_msgs/lib:${LD_LIBRARY_PATH} PYTHONPATH=/root/tello_ros_ws/install/tello_msgs/lib/python3.8/site-packages:${PYTHONPATH} /usr/bin/cmake /root/tello_ros_ws/src/tello_driver -DCMAKE_INSTALL_PREFIX=/root/tello_ros_ws/install/tello_driver
[0.059s] -- The C compiler identification is GNU 9.4.0
[0.111s] -- The CXX compiler identification is GNU 9.4.0
[0.113s] -- Check for working C compiler: /usr/bin/cc
[0.199s] -- Check for working C compiler: /usr/bin/cc -- works
[0.200s] -- Detecting C compiler ABI info
[0.295s] -- Detecting C compiler ABI info - done
[0.304s] -- Detecting C compile features
[0.305s] -- Detecting C compile features - done
[0.306s] -- Check for working CXX compiler: /usr/bin/c++
[0.404s] -- Check for working CXX compiler: /usr/bin/c++ -- works
[0.404s] -- Detecting CXX compiler ABI info
[0.472s] -- Detecting CXX compiler ABI info - done
[0.478s] -- Detecting CXX compile features
[0.478s] -- Detecting CXX compile features - done
[0.480s] -- Found ament_cmake: 0.9.12 (/opt/ros/foxy/share/ament_cmake/cmake)
[0.494s] -- Found PythonInterp: /usr/bin/python3 (found suitable version "3.8.10", minimum required is "3") 
[0.494s] -- Using PYTHON_EXECUTABLE: /usr/bin/python3
[0.577s] CMake Error at CMakeLists.txt:33 (find_package):
[0.577s]   By not providing "Findcamera_calibration_parsers.cmake" in
[0.577s]   CMAKE_MODULE_PATH this project has asked CMake to find a package
[0.577s]   configuration file provided by "camera_calibration_parsers", but CMake did
[0.577s]   not find one.
[0.577s] 
[0.577s]   Could not find a package configuration file provided by
[0.577s]   "camera_calibration_parsers" with any of the following names:
[0.578s] 
[0.578s]     camera_calibration_parsersConfig.cmake
[0.578s]     camera_calibration_parsers-config.cmake
[0.578s] 
[0.578s]   Add the installation prefix of "camera_calibration_parsers" to
[0.578s]   CMAKE_PREFIX_PATH or set "camera_calibration_parsers_DIR" to a directory
[0.578s]   containing one of the above files.  If "camera_calibration_parsers"
[0.578s]   provides a separate development package or SDK, be sure it has been
[0.578s]   installed.
[0.578s] 
[0.578s] 
[0.578s] -- Configuring incomplete, errors occurred!
[0.578s] See also "/root/tello_ros_ws/build/tello_driver/CMakeFiles/CMakeOutput.log".
[0.581s] Invoked command in '/root/tello_ros_ws/build/tello_driver' returned '1': AMENT_PREFIX_PATH=/root/tello_ros_ws/install/tello_msgs:/root/tello_ros_ws/install/ros2_shared:${AMENT_PREFIX_PATH} CMAKE_PREFIX_PATH=/root/tello_ros_ws/install/tello_msgs:/root/tello_ros_ws/install/ros2_shared:/opt/ros/foxy LD_LIBRARY_PATH=/root/tello_ros_ws/install/tello_msgs/lib:${LD_LIBRARY_PATH} PYTHONPATH=/root/tello_ros_ws/install/tello_msgs/lib/python3.8/site-packages:${PYTHONPATH} /usr/bin/cmake /root/tello_ros_ws/src/tello_driver -DCMAKE_INSTALL_PREFIX=/root/tello_ros_ws/install/tello_driver
