[0.258s] Invoking command in '/root/tello_ros_ws/src/tello_control': CMAKE_PREFIX_PATH=/root/tello_ros_ws/install/tello_msgs:/root/tello_ros_ws/install/tello_gazebo:/root/tello_ros_ws/install/tello_driver:/root/tello_ros_ws/install/tello_description:/root/tello_ros_ws/install/ros2_shared LD_LIBRARY_PATH=/root/tello_ros_ws/install/tello_msgs/lib:/root/tello_ros_ws/install/tello_gazebo/lib:/root/tello_ros_ws/install/tello_driver/lib:/usr/lib/x86_64-linux-gnu/gazebo-11/plugins:/opt/ros/foxy/opt/yaml_cpp_vendor/lib:/opt/ros/foxy/opt/rviz_ogre_vendor/lib:/opt/ros/foxy/lib/x86_64-linux-gnu:/opt/ros/foxy/lib PYTHONPATH=/root/tello_ros_ws/build/tello_control/prefix_override:/root/tello_ros_ws/install/tello_control/lib/python3.8/site-packages:${PYTHONPATH} /usr/bin/python3 setup.py egg_info --egg-base ../../build/tello_control build --build-base /root/tello_ros_ws/build/tello_control/build install --record /root/tello_ros_ws/build/tello_control/install.log --install-scripts $base/lib/tello_control --single-version-externally-managed
[0.337s] running egg_info
[0.338s] writing ../../build/tello_control/tello_control.egg-info/PKG-INFO
[0.338s] writing dependency_links to ../../build/tello_control/tello_control.egg-info/dependency_links.txt
[0.338s] writing entry points to ../../build/tello_control/tello_control.egg-info/entry_points.txt
[0.338s] writing requirements to ../../build/tello_control/tello_control.egg-info/requires.txt
[0.338s] writing top-level names to ../../build/tello_control/tello_control.egg-info/top_level.txt
[0.352s] reading manifest file '../../build/tello_control/tello_control.egg-info/SOURCES.txt'
[0.352s] writing manifest file '../../build/tello_control/tello_control.egg-info/SOURCES.txt'
[0.352s] running build
[0.352s] running build_py
[0.352s] copying tello_control/teleop_keyboard.py -> /root/tello_ros_ws/build/tello_control/build/lib/tello_control
[0.352s] running install
[0.352s] running install_lib
[0.353s] copying /root/tello_ros_ws/build/tello_control/build/lib/tello_control/teleop_keyboard.py -> /root/tello_ros_ws/install/tello_control/lib/python3.8/site-packages/tello_control
[0.353s] byte-compiling /root/tello_ros_ws/install/tello_control/lib/python3.8/site-packages/tello_control/teleop_keyboard.py to teleop_keyboard.cpython-38.pyc
[0.354s] running install_data
[0.354s] running install_egg_info
[0.355s] removing '/root/tello_ros_ws/install/tello_control/lib/python3.8/site-packages/tello_control-0.0.0-py3.8.egg-info' (and everything under it)
[0.355s] Copying ../../build/tello_control/tello_control.egg-info to /root/tello_ros_ws/install/tello_control/lib/python3.8/site-packages/tello_control-0.0.0-py3.8.egg-info
[0.355s] running install_scripts
[0.362s] Installing teleop_keyboard_node script to /root/tello_ros_ws/install/tello_control/lib/tello_control
[0.363s] writing list of installed files to '/root/tello_ros_ws/build/tello_control/install.log'
[0.371s] Invoked command in '/root/tello_ros_ws/src/tello_control' returned '0': CMAKE_PREFIX_PATH=/root/tello_ros_ws/install/tello_msgs:/root/tello_ros_ws/install/tello_gazebo:/root/tello_ros_ws/install/tello_driver:/root/tello_ros_ws/install/tello_description:/root/tello_ros_ws/install/ros2_shared LD_LIBRARY_PATH=/root/tello_ros_ws/install/tello_msgs/lib:/root/tello_ros_ws/install/tello_gazebo/lib:/root/tello_ros_ws/install/tello_driver/lib:/usr/lib/x86_64-linux-gnu/gazebo-11/plugins:/opt/ros/foxy/opt/yaml_cpp_vendor/lib:/opt/ros/foxy/opt/rviz_ogre_vendor/lib:/opt/ros/foxy/lib/x86_64-linux-gnu:/opt/ros/foxy/lib PYTHONPATH=/root/tello_ros_ws/build/tello_control/prefix_override:/root/tello_ros_ws/install/tello_control/lib/python3.8/site-packages:${PYTHONPATH} /usr/bin/python3 setup.py egg_info --egg-base ../../build/tello_control build --build-base /root/tello_ros_ws/build/tello_control/build install --record /root/tello_ros_ws/build/tello_control/install.log --install-scripts $base/lib/tello_control --single-version-externally-managed
