[0.248s] Invoking command in '/root/tello_ros_ws/src/tello_cv': PYTHONPATH=/root/tello_ros_ws/build/tello_cv/prefix_override:/root/tello_ros_ws/install/tello_cv/lib/python3.8/site-packages:${PYTHONPATH} /usr/bin/python3 setup.py egg_info --egg-base ../../build/tello_cv build --build-base /root/tello_ros_ws/build/tello_cv/build install --record /root/tello_ros_ws/build/tello_cv/install.log --install-scripts $base/lib/tello_cv --single-version-externally-managed
[0.330s] running egg_info
[0.330s] writing ../../build/tello_cv/tello_cv.egg-info/PKG-INFO
[0.330s] writing dependency_links to ../../build/tello_cv/tello_cv.egg-info/dependency_links.txt
[0.330s] writing entry points to ../../build/tello_cv/tello_cv.egg-info/entry_points.txt
[0.330s] writing requirements to ../../build/tello_cv/tello_cv.egg-info/requires.txt
[0.330s] writing top-level names to ../../build/tello_cv/tello_cv.egg-info/top_level.txt
[0.344s] reading manifest file '../../build/tello_cv/tello_cv.egg-info/SOURCES.txt'
[0.344s] writing manifest file '../../build/tello_cv/tello_cv.egg-info/SOURCES.txt'
[0.344s] running build
[0.344s] running build_py
[0.344s] copying tello_cv/circle_finder.py -> /root/tello_ros_ws/build/tello_cv/build/lib/tello_cv
[0.344s] copying tello_cv/circle_tracker_node.py -> /root/tello_ros_ws/build/tello_cv/build/lib/tello_cv
[0.344s] running install
[0.344s] running install_lib
[0.345s] copying /root/tello_ros_ws/build/tello_cv/build/lib/tello_cv/circle_finder.py -> /root/tello_ros_ws/install/tello_cv/lib/python3.8/site-packages/tello_cv
[0.345s] copying /root/tello_ros_ws/build/tello_cv/build/lib/tello_cv/circle_tracker_node.py -> /root/tello_ros_ws/install/tello_cv/lib/python3.8/site-packages/tello_cv
[0.345s] byte-compiling /root/tello_ros_ws/install/tello_cv/lib/python3.8/site-packages/tello_cv/circle_finder.py to circle_finder.cpython-38.pyc
[0.346s] byte-compiling /root/tello_ros_ws/install/tello_cv/lib/python3.8/site-packages/tello_cv/circle_tracker_node.py to circle_tracker_node.cpython-38.pyc
[0.346s] running install_data
[0.346s] copying package.xml -> /root/tello_ros_ws/install/tello_cv/share/tello_cv
[0.346s]   File "/root/tello_ros_ws/install/tello_cv/lib/python3.8/site-packages/tello_cv/circle_tracker_node.py", line 3
[0.346s]     from sensor_msgs/msg import Image
[0.346s]                     ^
[0.346s] SyntaxError: invalid syntax
[0.346s] 
[0.346s] running install_egg_info
[0.346s] removing '/root/tello_ros_ws/install/tello_cv/lib/python3.8/site-packages/tello_cv-0.0.0-py3.8.egg-info' (and everything under it)
[0.347s] Copying ../../build/tello_cv/tello_cv.egg-info to /root/tello_ros_ws/install/tello_cv/lib/python3.8/site-packages/tello_cv-0.0.0-py3.8.egg-info
[0.347s] running install_scripts
[0.354s] Installing circle_tracker_node script to /root/tello_ros_ws/install/tello_cv/lib/tello_cv
[0.354s] writing list of installed files to '/root/tello_ros_ws/build/tello_cv/install.log'
[0.363s] Invoked command in '/root/tello_ros_ws/src/tello_cv' returned '0': PYTHONPATH=/root/tello_ros_ws/build/tello_cv/prefix_override:/root/tello_ros_ws/install/tello_cv/lib/python3.8/site-packages:${PYTHONPATH} /usr/bin/python3 setup.py egg_info --egg-base ../../build/tello_cv build --build-base /root/tello_ros_ws/build/tello_cv/build install --record /root/tello_ros_ws/build/tello_cv/install.log --install-scripts $base/lib/tello_cv --single-version-externally-managed
