[0.114s] DEBUG:colcon:Command line arguments: ['/usr/bin/colcon', 'build']
[0.114s] DEBUG:colcon:Parsed command line arguments: Namespace(ament_cmake_args=None, base_paths=['.'], build_base='build', catkin_cmake_args=None, catkin_skip_building_tests=False, cmake_args=None, cmake_clean_cache=False, cmake_clean_first=False, cmake_force_configure=False, cmake_target=None, cmake_target_skip_unavailable=False, continue_on_error=False, event_handlers=None, executor='parallel', ignore_user_meta=False, install_base='install', log_base=None, log_level=None, main=<bound method BuildVerb.main of <colcon_core.verb.build.BuildVerb object at 0x7b39fabf68b0>>, merge_install=False, metas=['./colcon.meta'], mixin=None, mixin_files=None, mixin_verb=('build',), packages_above=None, packages_above_and_dependencies=None, packages_above_depth=None, packages_end=None, packages_ignore=None, packages_ignore_regex=None, packages_select=None, packages_select_build_failed=False, packages_select_by_dep=None, packages_select_regex=None, packages_select_test_failures=False, packages_skip=None, packages_skip_build_finished=False, packages_skip_by_dep=None, packages_skip_regex=None, packages_skip_test_passed=False, packages_skip_up_to=None, packages_start=None, packages_up_to=None, packages_up_to_regex=None, parallel_workers=32, paths=None, symlink_install=False, test_result_base=None, verb_extension=<colcon_core.verb.build.BuildVerb object at 0x7b39fabf68b0>, verb_name='build', verb_parser=<colcon_mixin.mixin.mixin_argument.MixinArgumentDecorator object at 0x7b39fabf6e80>)
[0.125s] Level 1:colcon.colcon_core.package_discovery:discover_packages(colcon_meta) check parameters
[0.126s] INFO:colcon.colcon_metadata.package_discovery.colcon_meta:Using configuration from '/root/.colcon/metadata/default/Gazebo.meta'
[0.126s] INFO:colcon.colcon_metadata.package_discovery.colcon_meta:Using configuration from '/root/.colcon/metadata/default/fastdds.meta'
[0.126s] INFO:colcon.colcon_metadata.package_discovery.colcon_meta:Using configuration from '/root/.colcon/metadata/default/fastrtps.meta'
[0.126s] Level 1:colcon.colcon_core.package_discovery:discover_packages(recursive) check parameters
[0.126s] Level 1:colcon.colcon_core.package_discovery:discover_packages(ignore) check parameters
[0.126s] Level 1:colcon.colcon_core.package_discovery:discover_packages(path) check parameters
[0.126s] Level 1:colcon.colcon_core.package_discovery:discover_packages(colcon_meta) discover
[0.126s] Level 1:colcon.colcon_core.package_discovery:discover_packages(recursive) discover
[0.126s] INFO:colcon.colcon_core.package_discovery:Crawling recursively for packages in '/root/tello_ros_ws'
[0.126s] Level 1:colcon.colcon_core.package_identification:_identify(.) by extensions ['ignore', 'ignore_ament_install']
[0.126s] Level 1:colcon.colcon_core.package_identification:_identify(.) by extension 'ignore'
[0.126s] Level 1:colcon.colcon_core.package_identification:_identify(.) by extension 'ignore_ament_install'
[0.126s] Level 1:colcon.colcon_core.package_identification:_identify(.) by extensions ['colcon_pkg']
[0.126s] Level 1:colcon.colcon_core.package_identification:_identify(.) by extension 'colcon_pkg'
[0.126s] Level 1:colcon.colcon_core.package_identification:_identify(.) by extensions ['colcon_meta']
[0.126s] Level 1:colcon.colcon_core.package_identification:_identify(.) by extension 'colcon_meta'
[0.126s] Level 1:colcon.colcon_core.package_identification:_identify(.) by extensions ['ros']
[0.126s] Level 1:colcon.colcon_core.package_identification:_identify(.) by extension 'ros'
[0.134s] Level 1:colcon.colcon_core.package_identification:_identify(.) by extensions ['cmake', 'python']
[0.134s] Level 1:colcon.colcon_core.package_identification:_identify(.) by extension 'cmake'
[0.134s] Level 1:colcon.colcon_core.package_identification:_identify(.) by extension 'python'
[0.134s] Level 1:colcon.colcon_core.package_identification:_identify(.) by extensions ['python_setup_py']
[0.134s] Level 1:colcon.colcon_core.package_identification:_identify(.) by extension 'python_setup_py'
[0.134s] Level 1:colcon.colcon_core.package_identification:_identify(build) by extensions ['ignore', 'ignore_ament_install']
[0.134s] Level 1:colcon.colcon_core.package_identification:_identify(build) by extension 'ignore'
[0.134s] Level 1:colcon.colcon_core.package_identification:_identify(build) ignored
[0.134s] Level 1:colcon.colcon_core.package_identification:_identify(install) by extensions ['ignore', 'ignore_ament_install']
[0.134s] Level 1:colcon.colcon_core.package_identification:_identify(install) by extension 'ignore'
[0.134s] Level 1:colcon.colcon_core.package_identification:_identify(install) ignored
[0.134s] Level 1:colcon.colcon_core.package_identification:_identify(log) by extensions ['ignore', 'ignore_ament_install']
[0.134s] Level 1:colcon.colcon_core.package_identification:_identify(log) by extension 'ignore'
[0.134s] Level 1:colcon.colcon_core.package_identification:_identify(log) ignored
[0.135s] Level 1:colcon.colcon_core.package_identification:_identify(src) by extensions ['ignore', 'ignore_ament_install']
[0.135s] Level 1:colcon.colcon_core.package_identification:_identify(src) by extension 'ignore'
[0.135s] Level 1:colcon.colcon_core.package_identification:_identify(src) by extension 'ignore_ament_install'
[0.135s] Level 1:colcon.colcon_core.package_identification:_identify(src) by extensions ['colcon_pkg']
[0.135s] Level 1:colcon.colcon_core.package_identification:_identify(src) by extension 'colcon_pkg'
[0.135s] Level 1:colcon.colcon_core.package_identification:_identify(src) by extensions ['colcon_meta']
[0.135s] Level 1:colcon.colcon_core.package_identification:_identify(src) by extension 'colcon_meta'
[0.135s] Level 1:colcon.colcon_core.package_identification:_identify(src) by extensions ['ros']
[0.135s] Level 1:colcon.colcon_core.package_identification:_identify(src) by extension 'ros'
[0.135s] Level 1:colcon.colcon_core.package_identification:_identify(src) by extensions ['cmake', 'python']
[0.135s] Level 1:colcon.colcon_core.package_identification:_identify(src) by extension 'cmake'
[0.135s] Level 1:colcon.colcon_core.package_identification:_identify(src) by extension 'python'
[0.135s] Level 1:colcon.colcon_core.package_identification:_identify(src) by extensions ['python_setup_py']
[0.135s] Level 1:colcon.colcon_core.package_identification:_identify(src) by extension 'python_setup_py'
[0.135s] Level 1:colcon.colcon_core.package_identification:_identify(src/ros2_shared) by extensions ['ignore', 'ignore_ament_install']
[0.135s] Level 1:colcon.colcon_core.package_identification:_identify(src/ros2_shared) by extension 'ignore'
[0.135s] Level 1:colcon.colcon_core.package_identification:_identify(src/ros2_shared) by extension 'ignore_ament_install'
[0.135s] Level 1:colcon.colcon_core.package_identification:_identify(src/ros2_shared) by extensions ['colcon_pkg']
[0.135s] Level 1:colcon.colcon_core.package_identification:_identify(src/ros2_shared) by extension 'colcon_pkg'
[0.135s] Level 1:colcon.colcon_core.package_identification:_identify(src/ros2_shared) by extensions ['colcon_meta']
[0.135s] Level 1:colcon.colcon_core.package_identification:_identify(src/ros2_shared) by extension 'colcon_meta'
[0.135s] Level 1:colcon.colcon_core.package_identification:_identify(src/ros2_shared) by extensions ['ros']
[0.135s] Level 1:colcon.colcon_core.package_identification:_identify(src/ros2_shared) by extension 'ros'
[0.136s] DEBUG:colcon.colcon_core.package_identification:Package 'src/ros2_shared' with type 'ros.ament_cmake' and name 'ros2_shared'
[0.136s] Level 1:colcon.colcon_core.package_identification:_identify(src/tello_description) by extensions ['ignore', 'ignore_ament_install']
[0.136s] Level 1:colcon.colcon_core.package_identification:_identify(src/tello_description) by extension 'ignore'
[0.136s] Level 1:colcon.colcon_core.package_identification:_identify(src/tello_description) by extension 'ignore_ament_install'
[0.136s] Level 1:colcon.colcon_core.package_identification:_identify(src/tello_description) by extensions ['colcon_pkg']
[0.136s] Level 1:colcon.colcon_core.package_identification:_identify(src/tello_description) by extension 'colcon_pkg'
[0.136s] Level 1:colcon.colcon_core.package_identification:_identify(src/tello_description) by extensions ['colcon_meta']
[0.136s] Level 1:colcon.colcon_core.package_identification:_identify(src/tello_description) by extension 'colcon_meta'
[0.136s] Level 1:colcon.colcon_core.package_identification:_identify(src/tello_description) by extensions ['ros']
[0.136s] Level 1:colcon.colcon_core.package_identification:_identify(src/tello_description) by extension 'ros'
[0.136s] DEBUG:colcon.colcon_core.package_identification:Package 'src/tello_description' with type 'ros.ament_cmake' and name 'tello_description'
[0.136s] Level 1:colcon.colcon_core.package_identification:_identify(src/tello_driver) by extensions ['ignore', 'ignore_ament_install']
[0.136s] Level 1:colcon.colcon_core.package_identification:_identify(src/tello_driver) by extension 'ignore'
[0.136s] Level 1:colcon.colcon_core.package_identification:_identify(src/tello_driver) by extension 'ignore_ament_install'
[0.136s] Level 1:colcon.colcon_core.package_identification:_identify(src/tello_driver) by extensions ['colcon_pkg']
[0.136s] Level 1:colcon.colcon_core.package_identification:_identify(src/tello_driver) by extension 'colcon_pkg'
[0.136s] Level 1:colcon.colcon_core.package_identification:_identify(src/tello_driver) by extensions ['colcon_meta']
[0.136s] Level 1:colcon.colcon_core.package_identification:_identify(src/tello_driver) by extension 'colcon_meta'
[0.136s] Level 1:colcon.colcon_core.package_identification:_identify(src/tello_driver) by extensions ['ros']
[0.136s] Level 1:colcon.colcon_core.package_identification:_identify(src/tello_driver) by extension 'ros'
[0.137s] DEBUG:colcon.colcon_core.package_identification:Package 'src/tello_driver' with type 'ros.ament_cmake' and name 'tello_driver'
[0.137s] Level 1:colcon.colcon_core.package_identification:_identify(src/tello_gazebo) by extensions ['ignore', 'ignore_ament_install']
[0.137s] Level 1:colcon.colcon_core.package_identification:_identify(src/tello_gazebo) by extension 'ignore'
[0.137s] Level 1:colcon.colcon_core.package_identification:_identify(src/tello_gazebo) by extension 'ignore_ament_install'
[0.137s] Level 1:colcon.colcon_core.package_identification:_identify(src/tello_gazebo) by extensions ['colcon_pkg']
[0.137s] Level 1:colcon.colcon_core.package_identification:_identify(src/tello_gazebo) by extension 'colcon_pkg'
[0.137s] Level 1:colcon.colcon_core.package_identification:_identify(src/tello_gazebo) by extensions ['colcon_meta']
[0.137s] Level 1:colcon.colcon_core.package_identification:_identify(src/tello_gazebo) by extension 'colcon_meta'
[0.137s] Level 1:colcon.colcon_core.package_identification:_identify(src/tello_gazebo) by extensions ['ros']
[0.137s] Level 1:colcon.colcon_core.package_identification:_identify(src/tello_gazebo) by extension 'ros'
[0.137s] DEBUG:colcon.colcon_core.package_identification:Package 'src/tello_gazebo' with type 'ros.ament_cmake' and name 'tello_gazebo'
[0.138s] Level 1:colcon.colcon_core.package_identification:_identify(src/tello_msgs) by extensions ['ignore', 'ignore_ament_install']
[0.138s] Level 1:colcon.colcon_core.package_identification:_identify(src/tello_msgs) by extension 'ignore'
[0.138s] Level 1:colcon.colcon_core.package_identification:_identify(src/tello_msgs) by extension 'ignore_ament_install'
[0.138s] Level 1:colcon.colcon_core.package_identification:_identify(src/tello_msgs) by extensions ['colcon_pkg']
[0.138s] Level 1:colcon.colcon_core.package_identification:_identify(src/tello_msgs) by extension 'colcon_pkg'
[0.138s] Level 1:colcon.colcon_core.package_identification:_identify(src/tello_msgs) by extensions ['colcon_meta']
[0.138s] Level 1:colcon.colcon_core.package_identification:_identify(src/tello_msgs) by extension 'colcon_meta'
[0.138s] Level 1:colcon.colcon_core.package_identification:_identify(src/tello_msgs) by extensions ['ros']
[0.138s] Level 1:colcon.colcon_core.package_identification:_identify(src/tello_msgs) by extension 'ros'
[0.138s] DEBUG:colcon.colcon_core.package_identification:Package 'src/tello_msgs' with type 'ros.ament_cmake' and name 'tello_msgs'
[0.138s] Level 1:colcon.colcon_core.package_discovery:discover_packages(recursive) using defaults
[0.138s] Level 1:colcon.colcon_core.package_discovery:discover_packages(ignore) discover
[0.138s] Level 1:colcon.colcon_core.package_discovery:discover_packages(ignore) using defaults
[0.138s] Level 1:colcon.colcon_core.package_discovery:discover_packages(path) discover
[0.138s] Level 1:colcon.colcon_core.package_discovery:discover_packages(path) using defaults
[0.146s] Level 5:colcon.colcon_core.verb:set package 'ros2_shared' build argument 'cmake_args' from command line to 'None'
[0.146s] Level 5:colcon.colcon_core.verb:set package 'ros2_shared' build argument 'cmake_target' from command line to 'None'
[0.146s] Level 5:colcon.colcon_core.verb:set package 'ros2_shared' build argument 'cmake_target_skip_unavailable' from command line to 'False'
[0.146s] Level 5:colcon.colcon_core.verb:set package 'ros2_shared' build argument 'cmake_clean_cache' from command line to 'False'
[0.146s] Level 5:colcon.colcon_core.verb:set package 'ros2_shared' build argument 'cmake_clean_first' from command line to 'False'
[0.146s] Level 5:colcon.colcon_core.verb:set package 'ros2_shared' build argument 'cmake_force_configure' from command line to 'False'
[0.146s] Level 5:colcon.colcon_core.verb:set package 'ros2_shared' build argument 'ament_cmake_args' from command line to 'None'
[0.146s] Level 5:colcon.colcon_core.verb:set package 'ros2_shared' build argument 'catkin_cmake_args' from command line to 'None'
[0.146s] Level 5:colcon.colcon_core.verb:set package 'ros2_shared' build argument 'catkin_skip_building_tests' from command line to 'False'
[0.146s] DEBUG:colcon.colcon_core.verb:Building package 'ros2_shared' with the following arguments: {'ament_cmake_args': None, 'build_base': '/root/tello_ros_ws/build/ros2_shared', 'catkin_cmake_args': None, 'catkin_skip_building_tests': False, 'cmake_args': None, 'cmake_clean_cache': False, 'cmake_clean_first': False, 'cmake_force_configure': False, 'cmake_target': None, 'cmake_target_skip_unavailable': False, 'install_base': '/root/tello_ros_ws/install/ros2_shared', 'merge_install': False, 'path': '/root/tello_ros_ws/src/ros2_shared', 'symlink_install': False, 'test_result_base': None}
[0.146s] Level 5:colcon.colcon_core.verb:set package 'tello_description' build argument 'cmake_args' from command line to 'None'
[0.146s] Level 5:colcon.colcon_core.verb:set package 'tello_description' build argument 'cmake_target' from command line to 'None'
[0.146s] Level 5:colcon.colcon_core.verb:set package 'tello_description' build argument 'cmake_target_skip_unavailable' from command line to 'False'
[0.146s] Level 5:colcon.colcon_core.verb:set package 'tello_description' build argument 'cmake_clean_cache' from command line to 'False'
[0.146s] Level 5:colcon.colcon_core.verb:set package 'tello_description' build argument 'cmake_clean_first' from command line to 'False'
[0.146s] Level 5:colcon.colcon_core.verb:set package 'tello_description' build argument 'cmake_force_configure' from command line to 'False'
[0.146s] Level 5:colcon.colcon_core.verb:set package 'tello_description' build argument 'ament_cmake_args' from command line to 'None'
[0.146s] Level 5:colcon.colcon_core.verb:set package 'tello_description' build argument 'catkin_cmake_args' from command line to 'None'
[0.146s] Level 5:colcon.colcon_core.verb:set package 'tello_description' build argument 'catkin_skip_building_tests' from command line to 'False'
[0.146s] DEBUG:colcon.colcon_core.verb:Building package 'tello_description' with the following arguments: {'ament_cmake_args': None, 'build_base': '/root/tello_ros_ws/build/tello_description', 'catkin_cmake_args': None, 'catkin_skip_building_tests': False, 'cmake_args': None, 'cmake_clean_cache': False, 'cmake_clean_first': False, 'cmake_force_configure': False, 'cmake_target': None, 'cmake_target_skip_unavailable': False, 'install_base': '/root/tello_ros_ws/install/tello_description', 'merge_install': False, 'path': '/root/tello_ros_ws/src/tello_description', 'symlink_install': False, 'test_result_base': None}
[0.147s] Level 5:colcon.colcon_core.verb:set package 'tello_msgs' build argument 'cmake_args' from command line to 'None'
[0.147s] Level 5:colcon.colcon_core.verb:set package 'tello_msgs' build argument 'cmake_target' from command line to 'None'
[0.147s] Level 5:colcon.colcon_core.verb:set package 'tello_msgs' build argument 'cmake_target_skip_unavailable' from command line to 'False'
[0.147s] Level 5:colcon.colcon_core.verb:set package 'tello_msgs' build argument 'cmake_clean_cache' from command line to 'False'
[0.147s] Level 5:colcon.colcon_core.verb:set package 'tello_msgs' build argument 'cmake_clean_first' from command line to 'False'
[0.147s] Level 5:colcon.colcon_core.verb:set package 'tello_msgs' build argument 'cmake_force_configure' from command line to 'False'
[0.147s] Level 5:colcon.colcon_core.verb:set package 'tello_msgs' build argument 'ament_cmake_args' from command line to 'None'
[0.147s] Level 5:colcon.colcon_core.verb:set package 'tello_msgs' build argument 'catkin_cmake_args' from command line to 'None'
[0.147s] Level 5:colcon.colcon_core.verb:set package 'tello_msgs' build argument 'catkin_skip_building_tests' from command line to 'False'
[0.147s] DEBUG:colcon.colcon_core.verb:Building package 'tello_msgs' with the following arguments: {'ament_cmake_args': None, 'build_base': '/root/tello_ros_ws/build/tello_msgs', 'catkin_cmake_args': None, 'catkin_skip_building_tests': False, 'cmake_args': None, 'cmake_clean_cache': False, 'cmake_clean_first': False, 'cmake_force_configure': False, 'cmake_target': None, 'cmake_target_skip_unavailable': False, 'install_base': '/root/tello_ros_ws/install/tello_msgs', 'merge_install': False, 'path': '/root/tello_ros_ws/src/tello_msgs', 'symlink_install': False, 'test_result_base': None}
[0.147s] Level 5:colcon.colcon_core.verb:set package 'tello_driver' build argument 'cmake_args' from command line to 'None'
[0.147s] Level 5:colcon.colcon_core.verb:set package 'tello_driver' build argument 'cmake_target' from command line to 'None'
[0.147s] Level 5:colcon.colcon_core.verb:set package 'tello_driver' build argument 'cmake_target_skip_unavailable' from command line to 'False'
[0.147s] Level 5:colcon.colcon_core.verb:set package 'tello_driver' build argument 'cmake_clean_cache' from command line to 'False'
[0.147s] Level 5:colcon.colcon_core.verb:set package 'tello_driver' build argument 'cmake_clean_first' from command line to 'False'
[0.147s] Level 5:colcon.colcon_core.verb:set package 'tello_driver' build argument 'cmake_force_configure' from command line to 'False'
[0.147s] Level 5:colcon.colcon_core.verb:set package 'tello_driver' build argument 'ament_cmake_args' from command line to 'None'
[0.147s] Level 5:colcon.colcon_core.verb:set package 'tello_driver' build argument 'catkin_cmake_args' from command line to 'None'
[0.147s] Level 5:colcon.colcon_core.verb:set package 'tello_driver' build argument 'catkin_skip_building_tests' from command line to 'False'
[0.147s] DEBUG:colcon.colcon_core.verb:Building package 'tello_driver' with the following arguments: {'ament_cmake_args': None, 'build_base': '/root/tello_ros_ws/build/tello_driver', 'catkin_cmake_args': None, 'catkin_skip_building_tests': False, 'cmake_args': None, 'cmake_clean_cache': False, 'cmake_clean_first': False, 'cmake_force_configure': False, 'cmake_target': None, 'cmake_target_skip_unavailable': False, 'install_base': '/root/tello_ros_ws/install/tello_driver', 'merge_install': False, 'path': '/root/tello_ros_ws/src/tello_driver', 'symlink_install': False, 'test_result_base': None}
[0.148s] Level 5:colcon.colcon_core.verb:set package 'tello_gazebo' build argument 'cmake_args' from command line to 'None'
[0.148s] Level 5:colcon.colcon_core.verb:set package 'tello_gazebo' build argument 'cmake_target' from command line to 'None'
[0.148s] Level 5:colcon.colcon_core.verb:set package 'tello_gazebo' build argument 'cmake_target_skip_unavailable' from command line to 'False'
[0.148s] Level 5:colcon.colcon_core.verb:set package 'tello_gazebo' build argument 'cmake_clean_cache' from command line to 'False'
[0.148s] Level 5:colcon.colcon_core.verb:set package 'tello_gazebo' build argument 'cmake_clean_first' from command line to 'False'
[0.148s] Level 5:colcon.colcon_core.verb:set package 'tello_gazebo' build argument 'cmake_force_configure' from command line to 'False'
[0.148s] Level 5:colcon.colcon_core.verb:set package 'tello_gazebo' build argument 'ament_cmake_args' from command line to 'None'
[0.148s] Level 5:colcon.colcon_core.verb:set package 'tello_gazebo' build argument 'catkin_cmake_args' from command line to 'None'
[0.148s] Level 5:colcon.colcon_core.verb:set package 'tello_gazebo' build argument 'catkin_skip_building_tests' from command line to 'False'
[0.148s] DEBUG:colcon.colcon_core.verb:Building package 'tello_gazebo' with the following arguments: {'ament_cmake_args': None, 'build_base': '/root/tello_ros_ws/build/tello_gazebo', 'catkin_cmake_args': None, 'catkin_skip_building_tests': False, 'cmake_args': None, 'cmake_clean_cache': False, 'cmake_clean_first': False, 'cmake_force_configure': False, 'cmake_target': None, 'cmake_target_skip_unavailable': False, 'install_base': '/root/tello_ros_ws/install/tello_gazebo', 'merge_install': False, 'path': '/root/tello_ros_ws/src/tello_gazebo', 'symlink_install': False, 'test_result_base': None}
[0.148s] INFO:colcon.colcon_core.executor:Executing jobs using 'parallel' executor
[0.149s] DEBUG:colcon.colcon_parallel_executor.executor.parallel:run_until_complete
[0.149s] INFO:colcon.colcon_ros.task.ament_cmake.build:Building ROS package in '/root/tello_ros_ws/src/tello_msgs' with build type 'ament_cmake'
[0.150s] INFO:colcon.colcon_cmake.task.cmake.build:Building CMake package in '/root/tello_ros_ws/src/tello_msgs'
[0.151s] INFO:colcon.colcon_core.plugin_system:Skipping extension 'colcon_core.shell.bat': Not used on non-Windows systems
[0.151s] INFO:colcon.colcon_core.shell:Skip shell extension 'powershell' for command environment: Not usable outside of PowerShell
[0.151s] DEBUG:colcon.colcon_core.shell:Skip shell extension 'dsv' for command environment
[0.155s] INFO:colcon.colcon_ros.task.ament_cmake.build:Building ROS package in '/root/tello_ros_ws/src/ros2_shared' with build type 'ament_cmake'
[0.155s] INFO:colcon.colcon_cmake.task.cmake.build:Building CMake package in '/root/tello_ros_ws/src/ros2_shared'
[0.155s] INFO:colcon.colcon_core.shell:Skip shell extension 'powershell' for command environment: Not usable outside of PowerShell
[0.155s] DEBUG:colcon.colcon_core.shell:Skip shell extension 'dsv' for command environment
[0.158s] INFO:colcon.colcon_ros.task.ament_cmake.build:Building ROS package in '/root/tello_ros_ws/src/tello_description' with build type 'ament_cmake'
[0.158s] INFO:colcon.colcon_cmake.task.cmake.build:Building CMake package in '/root/tello_ros_ws/src/tello_description'
[0.159s] INFO:colcon.colcon_core.shell:Skip shell extension 'powershell' for command environment: Not usable outside of PowerShell
[0.159s] DEBUG:colcon.colcon_core.shell:Skip shell extension 'dsv' for command environment
[0.164s] DEBUG:colcon.colcon_core.event_handler.log_command:Invoking command in '/root/tello_ros_ws/build/tello_msgs': CMAKE_PREFIX_PATH=/opt/ros/foxy /usr/bin/cmake /root/tello_ros_ws/src/tello_msgs -DCMAKE_INSTALL_PREFIX=/root/tello_ros_ws/install/tello_msgs
[0.166s] DEBUG:colcon.colcon_core.event_handler.log_command:Invoking command in '/root/tello_ros_ws/build/ros2_shared': CMAKE_PREFIX_PATH=/opt/ros/foxy /usr/bin/cmake /root/tello_ros_ws/src/ros2_shared -DCMAKE_INSTALL_PREFIX=/root/tello_ros_ws/install/ros2_shared
[0.168s] DEBUG:colcon.colcon_core.event_handler.log_command:Invoking command in '/root/tello_ros_ws/build/tello_description': CMAKE_PREFIX_PATH=/opt/ros/foxy /usr/bin/cmake /root/tello_ros_ws/src/tello_description -DCMAKE_INSTALL_PREFIX=/root/tello_ros_ws/install/tello_description
[0.575s] DEBUG:colcon.colcon_core.event_handler.log_command:Invoked command in '/root/tello_ros_ws/build/tello_description' returned '0': CMAKE_PREFIX_PATH=/opt/ros/foxy /usr/bin/cmake /root/tello_ros_ws/src/tello_description -DCMAKE_INSTALL_PREFIX=/root/tello_ros_ws/install/tello_description
[0.577s] DEBUG:colcon.colcon_core.event_handler.log_command:Invoking command in '/root/tello_ros_ws/build/tello_description': CMAKE_PREFIX_PATH=/opt/ros/foxy /usr/bin/cmake --build /root/tello_ros_ws/build/tello_description -- -j32 -l32
[0.652s] DEBUG:colcon.colcon_core.event_handler.log_command:Invoked command in '/root/tello_ros_ws/build/tello_description' returned '0': CMAKE_PREFIX_PATH=/opt/ros/foxy /usr/bin/cmake --build /root/tello_ros_ws/build/tello_description -- -j32 -l32
[0.678s] DEBUG:colcon.colcon_core.event_handler.log_command:Invoking command in '/root/tello_ros_ws/build/tello_description': CMAKE_PREFIX_PATH=/opt/ros/foxy /usr/bin/cmake --install /root/tello_ros_ws/build/tello_description
[0.686s] Level 1:colcon.colcon_core.environment:create_environment_scripts_only(tello_description)
[0.686s] DEBUG:colcon.colcon_core.event_handler.log_command:Invoked command in '/root/tello_ros_ws/build/tello_description' returned '0': CMAKE_PREFIX_PATH=/opt/ros/foxy /usr/bin/cmake --install /root/tello_ros_ws/build/tello_description
[0.690s] Level 1:colcon.colcon_core.environment:checking '/root/tello_ros_ws/install/tello_description' for CMake module files
[0.691s] Level 1:colcon.colcon_core.environment:checking '/root/tello_ros_ws/install/tello_description' for CMake config files
[0.691s] Level 1:colcon.colcon_core.shell:create_environment_hook('tello_description', 'cmake_prefix_path')
[0.692s] INFO:colcon.colcon_core.shell:Creating environment hook '/root/tello_ros_ws/install/tello_description/share/tello_description/hook/cmake_prefix_path.ps1'
[0.693s] INFO:colcon.colcon_core.shell:Creating environment descriptor '/root/tello_ros_ws/install/tello_description/share/tello_description/hook/cmake_prefix_path.dsv'
[0.693s] INFO:colcon.colcon_core.shell:Creating environment hook '/root/tello_ros_ws/install/tello_description/share/tello_description/hook/cmake_prefix_path.sh'
[0.694s] Level 1:colcon.colcon_core.environment:checking '/root/tello_ros_ws/install/tello_description/bin'
[0.694s] Level 1:colcon.colcon_core.environment:checking '/root/tello_ros_ws/install/tello_description/lib/pkgconfig/tello_description.pc'
[0.694s] Level 1:colcon.colcon_core.environment:checking '/root/tello_ros_ws/install/tello_description/lib/python3.8/site-packages'
[0.694s] Level 1:colcon.colcon_core.environment:checking '/root/tello_ros_ws/install/tello_description/bin'
[0.695s] INFO:colcon.colcon_core.shell:Creating package script '/root/tello_ros_ws/install/tello_description/share/tello_description/package.ps1'
[0.696s] INFO:colcon.colcon_core.shell:Creating package descriptor '/root/tello_ros_ws/install/tello_description/share/tello_description/package.dsv'
[0.696s] INFO:colcon.colcon_core.shell:Creating package script '/root/tello_ros_ws/install/tello_description/share/tello_description/package.sh'
[0.696s] INFO:colcon.colcon_core.shell:Creating package script '/root/tello_ros_ws/install/tello_description/share/tello_description/package.bash'
[0.697s] INFO:colcon.colcon_core.shell:Creating package script '/root/tello_ros_ws/install/tello_description/share/tello_description/package.zsh'
[0.697s] Level 1:colcon.colcon_core.environment:create_file_with_runtime_dependencies(/root/tello_ros_ws/install/tello_description/share/colcon-core/packages/tello_description)
[0.714s] Level 1:colcon.colcon_core.environment:create_environment_scripts_only(tello_description)
[0.715s] Level 1:colcon.colcon_core.environment:checking '/root/tello_ros_ws/install/tello_description' for CMake module files
[0.715s] Level 1:colcon.colcon_core.environment:checking '/root/tello_ros_ws/install/tello_description' for CMake config files
[0.715s] Level 1:colcon.colcon_core.shell:create_environment_hook('tello_description', 'cmake_prefix_path')
[0.715s] INFO:colcon.colcon_core.shell:Creating environment hook '/root/tello_ros_ws/install/tello_description/share/tello_description/hook/cmake_prefix_path.ps1'
[0.716s] INFO:colcon.colcon_core.shell:Creating environment descriptor '/root/tello_ros_ws/install/tello_description/share/tello_description/hook/cmake_prefix_path.dsv'
[0.716s] INFO:colcon.colcon_core.shell:Creating environment hook '/root/tello_ros_ws/install/tello_description/share/tello_description/hook/cmake_prefix_path.sh'
[0.716s] Level 1:colcon.colcon_core.environment:checking '/root/tello_ros_ws/install/tello_description/bin'
[0.716s] Level 1:colcon.colcon_core.environment:checking '/root/tello_ros_ws/install/tello_description/lib/pkgconfig/tello_description.pc'
[0.716s] Level 1:colcon.colcon_core.environment:checking '/root/tello_ros_ws/install/tello_description/lib/python3.8/site-packages'
[0.716s] Level 1:colcon.colcon_core.environment:checking '/root/tello_ros_ws/install/tello_description/bin'
[0.717s] INFO:colcon.colcon_core.shell:Creating package script '/root/tello_ros_ws/install/tello_description/share/tello_description/package.ps1'
[0.717s] INFO:colcon.colcon_core.shell:Creating package descriptor '/root/tello_ros_ws/install/tello_description/share/tello_description/package.dsv'
[0.717s] INFO:colcon.colcon_core.shell:Creating package script '/root/tello_ros_ws/install/tello_description/share/tello_description/package.sh'
[0.717s] INFO:colcon.colcon_core.shell:Creating package script '/root/tello_ros_ws/install/tello_description/share/tello_description/package.bash'
[0.717s] INFO:colcon.colcon_core.shell:Creating package script '/root/tello_ros_ws/install/tello_description/share/tello_description/package.zsh'
[0.717s] Level 1:colcon.colcon_core.environment:create_file_with_runtime_dependencies(/root/tello_ros_ws/install/tello_description/share/colcon-core/packages/tello_description)
[1.035s] DEBUG:colcon.colcon_core.event_handler.log_command:Invoked command in '/root/tello_ros_ws/build/ros2_shared' returned '0': CMAKE_PREFIX_PATH=/opt/ros/foxy /usr/bin/cmake /root/tello_ros_ws/src/ros2_shared -DCMAKE_INSTALL_PREFIX=/root/tello_ros_ws/install/ros2_shared
[1.035s] DEBUG:colcon.colcon_core.event_handler.log_command:Invoking command in '/root/tello_ros_ws/build/ros2_shared': CMAKE_PREFIX_PATH=/opt/ros/foxy /usr/bin/cmake --build /root/tello_ros_ws/build/ros2_shared -- -j32 -l32
[1.064s] DEBUG:colcon.colcon_core.event_handler.log_command:Invoked command in '/root/tello_ros_ws/build/ros2_shared' returned '0': CMAKE_PREFIX_PATH=/opt/ros/foxy /usr/bin/cmake --build /root/tello_ros_ws/build/ros2_shared -- -j32 -l32
[1.082s] DEBUG:colcon.colcon_core.event_handler.log_command:Invoking command in '/root/tello_ros_ws/build/ros2_shared': CMAKE_PREFIX_PATH=/opt/ros/foxy /usr/bin/cmake --install /root/tello_ros_ws/build/ros2_shared
[1.092s] Level 1:colcon.colcon_core.environment:create_environment_scripts_only(ros2_shared)
[1.092s] DEBUG:colcon.colcon_core.event_handler.log_command:Invoked command in '/root/tello_ros_ws/build/ros2_shared' returned '0': CMAKE_PREFIX_PATH=/opt/ros/foxy /usr/bin/cmake --install /root/tello_ros_ws/build/ros2_shared
[1.095s] Level 1:colcon.colcon_core.environment:checking '/root/tello_ros_ws/install/ros2_shared' for CMake module files
[1.096s] Level 1:colcon.colcon_core.environment:checking '/root/tello_ros_ws/install/ros2_shared' for CMake config files
[1.097s] Level 1:colcon.colcon_core.shell:create_environment_hook('ros2_shared', 'cmake_prefix_path')
[1.098s] INFO:colcon.colcon_core.shell:Creating environment hook '/root/tello_ros_ws/install/ros2_shared/share/ros2_shared/hook/cmake_prefix_path.ps1'
[1.099s] INFO:colcon.colcon_core.shell:Creating environment descriptor '/root/tello_ros_ws/install/ros2_shared/share/ros2_shared/hook/cmake_prefix_path.dsv'
[1.099s] INFO:colcon.colcon_core.shell:Creating environment hook '/root/tello_ros_ws/install/ros2_shared/share/ros2_shared/hook/cmake_prefix_path.sh'
[1.099s] Level 1:colcon.colcon_core.environment:checking '/root/tello_ros_ws/install/ros2_shared/bin'
[1.099s] Level 1:colcon.colcon_core.environment:checking '/root/tello_ros_ws/install/ros2_shared/lib/pkgconfig/ros2_shared.pc'
[1.100s] Level 1:colcon.colcon_core.environment:checking '/root/tello_ros_ws/install/ros2_shared/lib/python3.8/site-packages'
[1.100s] Level 1:colcon.colcon_core.environment:checking '/root/tello_ros_ws/install/ros2_shared/bin'
[1.100s] INFO:colcon.colcon_core.shell:Creating package script '/root/tello_ros_ws/install/ros2_shared/share/ros2_shared/package.ps1'
[1.100s] INFO:colcon.colcon_core.shell:Creating package descriptor '/root/tello_ros_ws/install/ros2_shared/share/ros2_shared/package.dsv'
[1.101s] INFO:colcon.colcon_core.shell:Creating package script '/root/tello_ros_ws/install/ros2_shared/share/ros2_shared/package.sh'
[1.101s] INFO:colcon.colcon_core.shell:Creating package script '/root/tello_ros_ws/install/ros2_shared/share/ros2_shared/package.bash'
[1.101s] INFO:colcon.colcon_core.shell:Creating package script '/root/tello_ros_ws/install/ros2_shared/share/ros2_shared/package.zsh'
[1.101s] Level 1:colcon.colcon_core.environment:create_file_with_runtime_dependencies(/root/tello_ros_ws/install/ros2_shared/share/colcon-core/packages/ros2_shared)
[1.117s] Level 1:colcon.colcon_core.environment:create_environment_scripts_only(ros2_shared)
[1.119s] Level 1:colcon.colcon_core.environment:checking '/root/tello_ros_ws/install/ros2_shared' for CMake module files
[1.119s] Level 1:colcon.colcon_core.environment:checking '/root/tello_ros_ws/install/ros2_shared' for CMake config files
[1.119s] Level 1:colcon.colcon_core.shell:create_environment_hook('ros2_shared', 'cmake_prefix_path')
[1.120s] INFO:colcon.colcon_core.shell:Creating environment hook '/root/tello_ros_ws/install/ros2_shared/share/ros2_shared/hook/cmake_prefix_path.ps1'
[1.120s] INFO:colcon.colcon_core.shell:Creating environment descriptor '/root/tello_ros_ws/install/ros2_shared/share/ros2_shared/hook/cmake_prefix_path.dsv'
[1.121s] INFO:colcon.colcon_core.shell:Creating environment hook '/root/tello_ros_ws/install/ros2_shared/share/ros2_shared/hook/cmake_prefix_path.sh'
[1.121s] Level 1:colcon.colcon_core.environment:checking '/root/tello_ros_ws/install/ros2_shared/bin'
[1.121s] Level 1:colcon.colcon_core.environment:checking '/root/tello_ros_ws/install/ros2_shared/lib/pkgconfig/ros2_shared.pc'
[1.121s] Level 1:colcon.colcon_core.environment:checking '/root/tello_ros_ws/install/ros2_shared/lib/python3.8/site-packages'
[1.121s] Level 1:colcon.colcon_core.environment:checking '/root/tello_ros_ws/install/ros2_shared/bin'
[1.122s] INFO:colcon.colcon_core.shell:Creating package script '/root/tello_ros_ws/install/ros2_shared/share/ros2_shared/package.ps1'
[1.123s] INFO:colcon.colcon_core.shell:Creating package descriptor '/root/tello_ros_ws/install/ros2_shared/share/ros2_shared/package.dsv'
[1.123s] INFO:colcon.colcon_core.shell:Creating package script '/root/tello_ros_ws/install/ros2_shared/share/ros2_shared/package.sh'
[1.123s] INFO:colcon.colcon_core.shell:Creating package script '/root/tello_ros_ws/install/ros2_shared/share/ros2_shared/package.bash'
[1.124s] INFO:colcon.colcon_core.shell:Creating package script '/root/tello_ros_ws/install/ros2_shared/share/ros2_shared/package.zsh'
[1.124s] Level 1:colcon.colcon_core.environment:create_file_with_runtime_dependencies(/root/tello_ros_ws/install/ros2_shared/share/colcon-core/packages/ros2_shared)
[1.133s] DEBUG:colcon.colcon_core.event_handler.log_command:Invoked command in '/root/tello_ros_ws/build/tello_msgs' returned '0': CMAKE_PREFIX_PATH=/opt/ros/foxy /usr/bin/cmake /root/tello_ros_ws/src/tello_msgs -DCMAKE_INSTALL_PREFIX=/root/tello_ros_ws/install/tello_msgs
[1.133s] DEBUG:colcon.colcon_core.event_handler.log_command:Invoking command in '/root/tello_ros_ws/build/tello_msgs': CMAKE_PREFIX_PATH=/opt/ros/foxy /usr/bin/cmake --build /root/tello_ros_ws/build/tello_msgs -- -j32 -l32
[3.169s] DEBUG:colcon.colcon_core.event_handler.log_command:Invoked command in '/root/tello_ros_ws/build/tello_msgs' returned '0': CMAKE_PREFIX_PATH=/opt/ros/foxy /usr/bin/cmake --build /root/tello_ros_ws/build/tello_msgs -- -j32 -l32
[3.363s] DEBUG:colcon.colcon_core.event_handler.log_command:Invoking command in '/root/tello_ros_ws/build/tello_msgs': CMAKE_PREFIX_PATH=/opt/ros/foxy /usr/bin/cmake --install /root/tello_ros_ws/build/tello_msgs
[3.423s] Level 1:colcon.colcon_core.environment:create_environment_scripts_only(tello_msgs)
[3.424s] Level 1:colcon.colcon_core.environment:checking '/root/tello_ros_ws/install/tello_msgs' for CMake module files
[3.425s] DEBUG:colcon.colcon_core.event_handler.log_command:Invoked command in '/root/tello_ros_ws/build/tello_msgs' returned '0': CMAKE_PREFIX_PATH=/opt/ros/foxy /usr/bin/cmake --install /root/tello_ros_ws/build/tello_msgs
[3.425s] Level 1:colcon.colcon_core.environment:checking '/root/tello_ros_ws/install/tello_msgs' for CMake config files
[3.425s] Level 1:colcon.colcon_core.shell:create_environment_hook('tello_msgs', 'cmake_prefix_path')
[3.426s] INFO:colcon.colcon_core.shell:Creating environment hook '/root/tello_ros_ws/install/tello_msgs/share/tello_msgs/hook/cmake_prefix_path.ps1'
[3.426s] INFO:colcon.colcon_core.shell:Creating environment descriptor '/root/tello_ros_ws/install/tello_msgs/share/tello_msgs/hook/cmake_prefix_path.dsv'
[3.426s] INFO:colcon.colcon_core.shell:Creating environment hook '/root/tello_ros_ws/install/tello_msgs/share/tello_msgs/hook/cmake_prefix_path.sh'
[3.426s] Level 1:colcon.colcon_core.environment:checking '/root/tello_ros_ws/install/tello_msgs/lib'
[3.426s] Level 1:colcon.colcon_core.shell:create_environment_hook('tello_msgs', 'ld_library_path_lib')
[3.427s] INFO:colcon.colcon_core.shell:Creating environment hook '/root/tello_ros_ws/install/tello_msgs/share/tello_msgs/hook/ld_library_path_lib.ps1'
[3.427s] INFO:colcon.colcon_core.shell:Creating environment descriptor '/root/tello_ros_ws/install/tello_msgs/share/tello_msgs/hook/ld_library_path_lib.dsv'
[3.427s] INFO:colcon.colcon_core.shell:Creating environment hook '/root/tello_ros_ws/install/tello_msgs/share/tello_msgs/hook/ld_library_path_lib.sh'
[3.427s] Level 1:colcon.colcon_core.environment:checking '/root/tello_ros_ws/install/tello_msgs/bin'
[3.427s] Level 1:colcon.colcon_core.environment:checking '/root/tello_ros_ws/install/tello_msgs/lib/pkgconfig/tello_msgs.pc'
[3.427s] Level 1:colcon.colcon_core.environment:checking '/root/tello_ros_ws/install/tello_msgs/lib/python3.8/site-packages'
[3.427s] Level 1:colcon.colcon_core.shell:create_environment_hook('tello_msgs', 'pythonpath')
[3.428s] INFO:colcon.colcon_core.shell:Creating environment hook '/root/tello_ros_ws/install/tello_msgs/share/tello_msgs/hook/pythonpath.ps1'
[3.428s] INFO:colcon.colcon_core.shell:Creating environment descriptor '/root/tello_ros_ws/install/tello_msgs/share/tello_msgs/hook/pythonpath.dsv'
[3.428s] INFO:colcon.colcon_core.shell:Creating environment hook '/root/tello_ros_ws/install/tello_msgs/share/tello_msgs/hook/pythonpath.sh'
[3.428s] Level 1:colcon.colcon_core.environment:checking '/root/tello_ros_ws/install/tello_msgs/bin'
[3.429s] INFO:colcon.colcon_core.shell:Creating package script '/root/tello_ros_ws/install/tello_msgs/share/tello_msgs/package.ps1'
[3.429s] INFO:colcon.colcon_core.shell:Creating package descriptor '/root/tello_ros_ws/install/tello_msgs/share/tello_msgs/package.dsv'
[3.430s] INFO:colcon.colcon_core.shell:Creating package script '/root/tello_ros_ws/install/tello_msgs/share/tello_msgs/package.sh'
[3.430s] INFO:colcon.colcon_core.shell:Creating package script '/root/tello_ros_ws/install/tello_msgs/share/tello_msgs/package.bash'
[3.430s] INFO:colcon.colcon_core.shell:Creating package script '/root/tello_ros_ws/install/tello_msgs/share/tello_msgs/package.zsh'
[3.430s] Level 1:colcon.colcon_core.environment:create_file_with_runtime_dependencies(/root/tello_ros_ws/install/tello_msgs/share/colcon-core/packages/tello_msgs)
[3.638s] Level 1:colcon.colcon_core.environment:create_environment_scripts_only(tello_msgs)
[3.642s] Level 1:colcon.colcon_core.environment:checking '/root/tello_ros_ws/install/tello_msgs' for CMake module files
[3.644s] Level 1:colcon.colcon_core.environment:checking '/root/tello_ros_ws/install/tello_msgs' for CMake config files
[3.644s] Level 1:colcon.colcon_core.shell:create_environment_hook('tello_msgs', 'cmake_prefix_path')
[3.647s] INFO:colcon.colcon_core.shell:Creating environment hook '/root/tello_ros_ws/install/tello_msgs/share/tello_msgs/hook/cmake_prefix_path.ps1'
[3.648s] INFO:colcon.colcon_core.shell:Creating environment descriptor '/root/tello_ros_ws/install/tello_msgs/share/tello_msgs/hook/cmake_prefix_path.dsv'
[3.648s] INFO:colcon.colcon_core.shell:Creating environment hook '/root/tello_ros_ws/install/tello_msgs/share/tello_msgs/hook/cmake_prefix_path.sh'
[3.649s] Level 1:colcon.colcon_core.environment:checking '/root/tello_ros_ws/install/tello_msgs/lib'
[3.650s] Level 1:colcon.colcon_core.shell:create_environment_hook('tello_msgs', 'ld_library_path_lib')
[3.652s] INFO:colcon.colcon_core.shell:Creating environment hook '/root/tello_ros_ws/install/tello_msgs/share/tello_msgs/hook/ld_library_path_lib.ps1'
[3.652s] INFO:colcon.colcon_core.shell:Creating environment descriptor '/root/tello_ros_ws/install/tello_msgs/share/tello_msgs/hook/ld_library_path_lib.dsv'
[3.653s] INFO:colcon.colcon_core.shell:Creating environment hook '/root/tello_ros_ws/install/tello_msgs/share/tello_msgs/hook/ld_library_path_lib.sh'
[3.653s] Level 1:colcon.colcon_core.environment:checking '/root/tello_ros_ws/install/tello_msgs/bin'
[3.653s] Level 1:colcon.colcon_core.environment:checking '/root/tello_ros_ws/install/tello_msgs/lib/pkgconfig/tello_msgs.pc'
[3.654s] Level 1:colcon.colcon_core.environment:checking '/root/tello_ros_ws/install/tello_msgs/lib/python3.8/site-packages'
[3.654s] Level 1:colcon.colcon_core.shell:create_environment_hook('tello_msgs', 'pythonpath')
[3.655s] INFO:colcon.colcon_core.shell:Creating environment hook '/root/tello_ros_ws/install/tello_msgs/share/tello_msgs/hook/pythonpath.ps1'
[3.656s] INFO:colcon.colcon_core.shell:Creating environment descriptor '/root/tello_ros_ws/install/tello_msgs/share/tello_msgs/hook/pythonpath.dsv'
[3.657s] INFO:colcon.colcon_core.shell:Creating environment hook '/root/tello_ros_ws/install/tello_msgs/share/tello_msgs/hook/pythonpath.sh'
[3.657s] Level 1:colcon.colcon_core.environment:checking '/root/tello_ros_ws/install/tello_msgs/bin'
[3.658s] INFO:colcon.colcon_core.shell:Creating package script '/root/tello_ros_ws/install/tello_msgs/share/tello_msgs/package.ps1'
[3.659s] INFO:colcon.colcon_core.shell:Creating package descriptor '/root/tello_ros_ws/install/tello_msgs/share/tello_msgs/package.dsv'
[3.659s] INFO:colcon.colcon_core.shell:Creating package script '/root/tello_ros_ws/install/tello_msgs/share/tello_msgs/package.sh'
[3.660s] INFO:colcon.colcon_core.shell:Creating package script '/root/tello_ros_ws/install/tello_msgs/share/tello_msgs/package.bash'
[3.660s] INFO:colcon.colcon_core.shell:Creating package script '/root/tello_ros_ws/install/tello_msgs/share/tello_msgs/package.zsh'
[3.660s] Level 1:colcon.colcon_core.environment:create_file_with_runtime_dependencies(/root/tello_ros_ws/install/tello_msgs/share/colcon-core/packages/tello_msgs)
[3.660s] INFO:colcon.colcon_ros.task.ament_cmake.build:Building ROS package in '/root/tello_ros_ws/src/tello_driver' with build type 'ament_cmake'
[3.660s] INFO:colcon.colcon_cmake.task.cmake.build:Building CMake package in '/root/tello_ros_ws/src/tello_driver'
[3.661s] INFO:colcon.colcon_core.shell:Skip shell extension 'powershell' for command environment: Not usable outside of PowerShell
[3.661s] DEBUG:colcon.colcon_core.shell:Skip shell extension 'dsv' for command environment
[3.664s] INFO:colcon.colcon_ros.task.ament_cmake.build:Building ROS package in '/root/tello_ros_ws/src/tello_gazebo' with build type 'ament_cmake'
[3.664s] INFO:colcon.colcon_cmake.task.cmake.build:Building CMake package in '/root/tello_ros_ws/src/tello_gazebo'
[3.665s] INFO:colcon.colcon_core.shell:Skip shell extension 'powershell' for command environment: Not usable outside of PowerShell
[3.665s] DEBUG:colcon.colcon_core.shell:Skip shell extension 'dsv' for command environment
[3.669s] DEBUG:colcon.colcon_core.event_handler.log_command:Invoking command in '/root/tello_ros_ws/build/tello_driver': AMENT_PREFIX_PATH=/root/tello_ros_ws/install/tello_msgs:/root/tello_ros_ws/install/ros2_shared:${AMENT_PREFIX_PATH} CMAKE_PREFIX_PATH=/root/tello_ros_ws/install/tello_msgs:/root/tello_ros_ws/install/ros2_shared:/opt/ros/foxy LD_LIBRARY_PATH=/root/tello_ros_ws/install/tello_msgs/lib:${LD_LIBRARY_PATH} PYTHONPATH=/root/tello_ros_ws/install/tello_msgs/lib/python3.8/site-packages:${PYTHONPATH} /usr/bin/cmake /root/tello_ros_ws/src/tello_driver -DCMAKE_INSTALL_PREFIX=/root/tello_ros_ws/install/tello_driver
[3.670s] DEBUG:colcon.colcon_core.event_handler.log_command:Invoking command in '/root/tello_ros_ws/build/tello_gazebo': AMENT_PREFIX_PATH=/root/tello_ros_ws/install/tello_msgs:${AMENT_PREFIX_PATH} CMAKE_PREFIX_PATH=/root/tello_ros_ws/install/tello_msgs:/opt/ros/foxy LD_LIBRARY_PATH=/root/tello_ros_ws/install/tello_msgs/lib:${LD_LIBRARY_PATH} PYTHONPATH=/root/tello_ros_ws/install/tello_msgs/lib/python3.8/site-packages:${PYTHONPATH} /usr/bin/cmake /root/tello_ros_ws/src/tello_gazebo -DCMAKE_INSTALL_PREFIX=/root/tello_ros_ws/install/tello_gazebo
[4.243s] DEBUG:colcon.colcon_core.event_handler.log_command:Invoked command in '/root/tello_ros_ws/build/tello_driver' returned '1': AMENT_PREFIX_PATH=/root/tello_ros_ws/install/tello_msgs:/root/tello_ros_ws/install/ros2_shared:${AMENT_PREFIX_PATH} CMAKE_PREFIX_PATH=/root/tello_ros_ws/install/tello_msgs:/root/tello_ros_ws/install/ros2_shared:/opt/ros/foxy LD_LIBRARY_PATH=/root/tello_ros_ws/install/tello_msgs/lib:${LD_LIBRARY_PATH} PYTHONPATH=/root/tello_ros_ws/install/tello_msgs/lib/python3.8/site-packages:${PYTHONPATH} /usr/bin/cmake /root/tello_ros_ws/src/tello_driver -DCMAKE_INSTALL_PREFIX=/root/tello_ros_ws/install/tello_driver
[4.246s] DEBUG:colcon.colcon_core.event_handler.log_command:Invoked command in '/root/tello_ros_ws/build/tello_gazebo' returned '1': AMENT_PREFIX_PATH=/root/tello_ros_ws/install/tello_msgs:${AMENT_PREFIX_PATH} CMAKE_PREFIX_PATH=/root/tello_ros_ws/install/tello_msgs:/opt/ros/foxy LD_LIBRARY_PATH=/root/tello_ros_ws/install/tello_msgs/lib:${LD_LIBRARY_PATH} PYTHONPATH=/root/tello_ros_ws/install/tello_msgs/lib/python3.8/site-packages:${PYTHONPATH} /usr/bin/cmake /root/tello_ros_ws/src/tello_gazebo -DCMAKE_INSTALL_PREFIX=/root/tello_ros_ws/install/tello_gazebo
[4.252s] Level 1:colcon.colcon_core.environment:create_environment_scripts_only(tello_driver)
[4.253s] Level 1:colcon.colcon_core.environment:checking '/root/tello_ros_ws/install/tello_driver' for CMake module files
[4.253s] Level 1:colcon.colcon_core.environment:checking '/root/tello_ros_ws/install/tello_driver' for CMake config files
[4.254s] Level 1:colcon.colcon_core.environment:checking '/root/tello_ros_ws/install/tello_driver/bin'
[4.254s] Level 1:colcon.colcon_core.environment:checking '/root/tello_ros_ws/install/tello_driver/lib/pkgconfig/tello_driver.pc'
[4.254s] Level 1:colcon.colcon_core.environment:checking '/root/tello_ros_ws/install/tello_driver/lib/python3.8/site-packages'
[4.254s] Level 1:colcon.colcon_core.environment:checking '/root/tello_ros_ws/install/tello_driver/bin'
[4.254s] INFO:colcon.colcon_core.shell:Creating package script '/root/tello_ros_ws/install/tello_driver/share/tello_driver/package.ps1'
[4.255s] INFO:colcon.colcon_core.shell:Creating package descriptor '/root/tello_ros_ws/install/tello_driver/share/tello_driver/package.dsv'
[4.255s] INFO:colcon.colcon_core.shell:Creating package script '/root/tello_ros_ws/install/tello_driver/share/tello_driver/package.sh'
[4.255s] INFO:colcon.colcon_core.shell:Creating package script '/root/tello_ros_ws/install/tello_driver/share/tello_driver/package.bash'
[4.255s] INFO:colcon.colcon_core.shell:Creating package script '/root/tello_ros_ws/install/tello_driver/share/tello_driver/package.zsh'
[4.255s] Level 1:colcon.colcon_core.environment:create_file_with_runtime_dependencies(/root/tello_ros_ws/install/tello_driver/share/colcon-core/packages/tello_driver)
[4.266s] DEBUG:colcon.colcon_parallel_executor.executor.parallel:closing loop
[4.266s] DEBUG:colcon.colcon_parallel_executor.executor.parallel:loop closed
[4.266s] DEBUG:colcon.colcon_parallel_executor.executor.parallel:run_until_complete finished with '1'
[4.266s] DEBUG:colcon.colcon_core.event_reactor:joining thread
[4.269s] INFO:colcon.colcon_core.plugin_system:Skipping extension 'colcon_notification.desktop_notification.notify_send': Could not find 'notify-send'
[4.269s] INFO:colcon.colcon_core.plugin_system:Skipping extension 'colcon_notification.desktop_notification.terminal_notifier': Not used on non-Darwin systems
[4.269s] INFO:colcon.colcon_core.plugin_system:Skipping extension 'colcon_notification.desktop_notification.win32': Not used on non-Windows systems
[4.269s] INFO:colcon.colcon_notification.desktop_notification:Sending desktop notification using 'notify2'
[4.270s] DEBUG:colcon.colcon_notification.desktop_notification.notify2:Failed to initialize notify2: org.freedesktop.DBus.Error.Spawn.ExecFailed: /usr/bin/dbus-launch terminated abnormally without any error message
[4.270s] DEBUG:colcon.colcon_core.event_reactor:joined thread
[4.271s] INFO:colcon.colcon_core.shell:Creating prefix script '/root/tello_ros_ws/install/local_setup.ps1'
[4.272s] INFO:colcon.colcon_core.shell:Creating prefix util module '/root/tello_ros_ws/install/_local_setup_util_ps1.py'
[4.272s] INFO:colcon.colcon_core.shell:Creating prefix chain script '/root/tello_ros_ws/install/setup.ps1'
[4.273s] INFO:colcon.colcon_core.shell:Creating prefix script '/root/tello_ros_ws/install/local_setup.sh'
[4.274s] INFO:colcon.colcon_core.shell:Creating prefix util module '/root/tello_ros_ws/install/_local_setup_util_sh.py'
[4.274s] INFO:colcon.colcon_core.shell:Creating prefix chain script '/root/tello_ros_ws/install/setup.sh'
[4.275s] INFO:colcon.colcon_core.shell:Creating prefix script '/root/tello_ros_ws/install/local_setup.bash'
[4.275s] INFO:colcon.colcon_core.shell:Creating prefix chain script '/root/tello_ros_ws/install/setup.bash'
[4.276s] INFO:colcon.colcon_core.shell:Creating prefix script '/root/tello_ros_ws/install/local_setup.zsh'
[4.277s] INFO:colcon.colcon_core.shell:Creating prefix chain script '/root/tello_ros_ws/install/setup.zsh'
