[0.008s] Invoking command in '/root/tello_ros_ws/src/build/tello_msgs': CMAKE_PREFIX_PATH=${CMAKE_PREFIX_PATH}:/root/tello_ros_ws/install/tello_cv:/opt/ros/foxy /usr/bin/cmake /root/tello_ros_ws/src/tello_msgs -DCMAKE_INSTALL_PREFIX=/root/tello_ros_ws/src/install/tello_msgs
[0.081s] -- The C compiler identification is GNU 9.4.0
[0.113s] -- The CXX compiler identification is GNU 9.4.0
[0.115s] -- Check for working C compiler: /usr/bin/cc
[0.177s] -- Check for working C compiler: /usr/bin/cc -- works
[0.178s] -- Detecting C compiler ABI info
[0.250s] -- Detecting C compiler ABI info - done
[0.259s] -- Detecting C compile features
[0.259s] -- Detecting C compile features - done
[0.260s] -- Check for working CXX compiler: /usr/bin/c++
[0.340s] -- Check for working CXX compiler: /usr/bin/c++ -- works
[0.340s] -- Detecting CXX compiler ABI info
[0.435s] -- Detecting CXX compiler ABI info - done
[0.440s] -- Detecting CXX compile features
[0.441s] -- Detecting CXX compile features - done
[0.442s] -- Found ament_cmake: 0.9.12 (/opt/ros/foxy/share/ament_cmake/cmake)
[0.460s] -- Found PythonInterp: /usr/bin/python3 (found suitable version "3.8.10", minimum required is "3") 
[0.460s] -- Using PYTHON_EXECUTABLE: /usr/bin/python3
[0.536s] -- Found rosidl_default_generators: 1.0.1 (/opt/ros/foxy/share/rosidl_default_generators/cmake)
[0.539s] -- Using all available rosidl_typesupport_c: rosidl_typesupport_fastrtps_c;rosidl_typesupport_introspection_c
[0.542s] -- Found rosidl_adapter: 1.3.1 (/opt/ros/foxy/share/rosidl_adapter/cmake)
[0.646s] -- Found OpenSSL: /usr/lib/x86_64-linux-gnu/libcrypto.so (found version "1.1.1f")  
[0.666s] -- Found FastRTPS: /opt/ros/foxy/include  
[0.720s] -- Using all available rosidl_typesupport_cpp: rosidl_typesupport_fastrtps_cpp;rosidl_typesupport_introspection_cpp
[0.734s] -- Found std_msgs: 2.0.5 (/opt/ros/foxy/share/std_msgs/cmake)
[0.765s] -- Found PythonInterp: /usr/bin/python3 (found version "3.8.10") 
[0.903s] -- Found ament_cmake_ros: 0.9.2 (/opt/ros/foxy/share/ament_cmake_ros/cmake)
[1.025s] -- Using all available rosidl_typesupport_c: rosidl_typesupport_fastrtps_c;rosidl_typesupport_introspection_c
[1.050s] -- Using all available rosidl_typesupport_cpp: rosidl_typesupport_fastrtps_cpp;rosidl_typesupport_introspection_cpp
[1.064s] -- Found PythonInterp: /usr/bin/python3 (found suitable version "3.8.10", minimum required is "3.5") 
[1.065s] -- Found python_cmake_module: 0.8.1 (/opt/ros/foxy/share/python_cmake_module/cmake)
[1.081s] -- Found PythonLibs: /usr/lib/x86_64-linux-gnu/libpython3.8.so (found suitable version "3.8.10", minimum required is "3.5") 
[1.081s] -- Using PYTHON_EXECUTABLE: /usr/bin/python3
[1.081s] -- Using PYTHON_INCLUDE_DIRS: /usr/include/python3.8
[1.081s] -- Using PYTHON_LIBRARIES: /usr/lib/x86_64-linux-gnu/libpython3.8.so
[1.095s] -- Found PythonExtra: .so  
[1.127s] -- Configuring done
[1.148s] -- Generating done
[1.149s] -- Build files have been written to: /root/tello_ros_ws/src/build/tello_msgs
[1.155s] Invoked command in '/root/tello_ros_ws/src/build/tello_msgs' returned '0': CMAKE_PREFIX_PATH=${CMAKE_PREFIX_PATH}:/root/tello_ros_ws/install/tello_cv:/opt/ros/foxy /usr/bin/cmake /root/tello_ros_ws/src/tello_msgs -DCMAKE_INSTALL_PREFIX=/root/tello_ros_ws/src/install/tello_msgs
[1.156s] Invoking command in '/root/tello_ros_ws/src/build/tello_msgs': CMAKE_PREFIX_PATH=${CMAKE_PREFIX_PATH}:/root/tello_ros_ws/install/tello_cv:/opt/ros/foxy /usr/bin/cmake --build /root/tello_ros_ws/src/build/tello_msgs -- -j32 -l32
[1.189s] [35m[1mScanning dependencies of target tello_msgs__cpp[0m
[1.189s] [  2%] [34m[1mGenerating C code for ROS interfaces[0m
[1.201s] [  4%] [34m[1mGenerating C++ code for ROS interfaces[0m
[1.462s] [35m[1mScanning dependencies of target tello_msgs__rosidl_generator_c[0m
[1.463s] [  4%] Built target tello_msgs__cpp
[1.469s] [ 10%] [34m[1mGenerating C++ introspection for ROS interfaces[0m
[1.469s] [ 10%] [34m[1mGenerating C++ type support dispatch for ROS interfaces[0m
[1.469s] [ 10%] [34m[1mGenerating C++ type support for eProsima Fast-RTPS[0m
[1.469s] [ 12%] [32mBuilding C object CMakeFiles/tello_msgs__rosidl_generator_c.dir/rosidl_generator_c/tello_msgs/msg/detail/tello_response__functions.c.o[0m
[1.469s] [ 14%] [32mBuilding C object CMakeFiles/tello_msgs__rosidl_generator_c.dir/rosidl_generator_c/tello_msgs/srv/detail/tello_action__functions.c.o[0m
[1.469s] [ 17%] [32mBuilding C object CMakeFiles/tello_msgs__rosidl_generator_c.dir/rosidl_generator_c/tello_msgs/msg/detail/flight_data__functions.c.o[0m
[1.501s] [ 19%] [32m[1mLinking C shared library libtello_msgs__rosidl_generator_c.so[0m
[1.528s] [ 19%] Built target tello_msgs__rosidl_generator_c
[1.534s] [ 21%] [34m[1mGenerating C type support dispatch for ROS interfaces[0m
[1.536s] [ 23%] [34m[1mGenerating C introspection for ROS interfaces[0m
[1.706s] [35m[1mScanning dependencies of target tello_msgs__rosidl_typesupport_introspection_cpp[0m
[1.706s] [35m[1mScanning dependencies of target tello_msgs__rosidl_typesupport_cpp[0m
[1.715s] [ 25%] [32mBuilding CXX object CMakeFiles/tello_msgs__rosidl_typesupport_cpp.dir/rosidl_typesupport_cpp/tello_msgs/srv/tello_action__type_support.cpp.o[0m
[1.716s] [ 27%] [32mBuilding CXX object CMakeFiles/tello_msgs__rosidl_typesupport_introspection_cpp.dir/rosidl_typesupport_introspection_cpp/tello_msgs/msg/detail/tello_response__type_support.cpp.o[0m
[1.716s] [ 29%] [32mBuilding CXX object CMakeFiles/tello_msgs__rosidl_typesupport_introspection_cpp.dir/rosidl_typesupport_introspection_cpp/tello_msgs/msg/detail/flight_data__type_support.cpp.o[0m
[1.716s] [ 31%] [32mBuilding CXX object CMakeFiles/tello_msgs__rosidl_typesupport_introspection_cpp.dir/rosidl_typesupport_introspection_cpp/tello_msgs/srv/detail/tello_action__type_support.cpp.o[0m
[1.716s] [ 34%] [32mBuilding CXX object CMakeFiles/tello_msgs__rosidl_typesupport_cpp.dir/rosidl_typesupport_cpp/tello_msgs/msg/tello_response__type_support.cpp.o[0m
[1.716s] [ 36%] [32mBuilding CXX object CMakeFiles/tello_msgs__rosidl_typesupport_cpp.dir/rosidl_typesupport_cpp/tello_msgs/msg/flight_data__type_support.cpp.o[0m
[1.717s] [35m[1mScanning dependencies of target tello_msgs__rosidl_typesupport_fastrtps_cpp[0m
[1.730s] [ 38%] [32mBuilding CXX object CMakeFiles/tello_msgs__rosidl_typesupport_fastrtps_cpp.dir/rosidl_typesupport_fastrtps_cpp/tello_msgs/msg/detail/dds_fastrtps/flight_data__type_support.cpp.o[0m
[1.730s] [ 40%] [32mBuilding CXX object CMakeFiles/tello_msgs__rosidl_typesupport_fastrtps_cpp.dir/rosidl_typesupport_fastrtps_cpp/tello_msgs/msg/detail/dds_fastrtps/tello_response__type_support.cpp.o[0m
[1.731s] [ 42%] [32mBuilding CXX object CMakeFiles/tello_msgs__rosidl_typesupport_fastrtps_cpp.dir/rosidl_typesupport_fastrtps_cpp/tello_msgs/srv/detail/dds_fastrtps/tello_action__type_support.cpp.o[0m
[1.767s] [35m[1mScanning dependencies of target tello_msgs__rosidl_typesupport_c[0m
[1.774s] [35m[1mScanning dependencies of target tello_msgs__rosidl_typesupport_introspection_c[0m
[1.778s] [ 48%] [32mBuilding CXX object CMakeFiles/tello_msgs__rosidl_typesupport_c.dir/rosidl_typesupport_c/tello_msgs/msg/tello_response__type_support.cpp.o[0m
[1.778s] [ 48%] [32mBuilding CXX object CMakeFiles/tello_msgs__rosidl_typesupport_c.dir/rosidl_typesupport_c/tello_msgs/srv/tello_action__type_support.cpp.o[0m
[1.778s] [ 48%] [32mBuilding CXX object CMakeFiles/tello_msgs__rosidl_typesupport_c.dir/rosidl_typesupport_c/tello_msgs/msg/flight_data__type_support.cpp.o[0m
[1.785s] [ 51%] [32mBuilding C object CMakeFiles/tello_msgs__rosidl_typesupport_introspection_c.dir/rosidl_typesupport_introspection_c/tello_msgs/msg/detail/flight_data__type_support.c.o[0m
[1.787s] [ 55%] [32mBuilding C object CMakeFiles/tello_msgs__rosidl_typesupport_introspection_c.dir/rosidl_typesupport_introspection_c/tello_msgs/srv/detail/tello_action__type_support.c.o[0m
[1.787s] [ 55%] [32mBuilding C object CMakeFiles/tello_msgs__rosidl_typesupport_introspection_c.dir/rosidl_typesupport_introspection_c/tello_msgs/msg/detail/tello_response__type_support.c.o[0m
[1.805s] [ 57%] [32m[1mLinking CXX shared library libtello_msgs__rosidl_typesupport_c.so[0m
[1.816s] [ 59%] [32m[1mLinking C shared library libtello_msgs__rosidl_typesupport_introspection_c.so[0m
[1.832s] [ 59%] Built target tello_msgs__rosidl_typesupport_c
[1.841s] [ 59%] Built target tello_msgs__rosidl_typesupport_introspection_c
[1.899s] [ 61%] [32m[1mLinking CXX shared library libtello_msgs__rosidl_typesupport_cpp.so[0m
[1.900s] [ 63%] [32m[1mLinking CXX shared library libtello_msgs__rosidl_typesupport_introspection_cpp.so[0m
[1.929s] [ 63%] Built target tello_msgs__rosidl_typesupport_cpp
[1.942s] [ 63%] Built target tello_msgs__rosidl_typesupport_introspection_cpp
[1.953s] [ 65%] [32m[1mLinking CXX shared library libtello_msgs__rosidl_typesupport_fastrtps_cpp.so[0m
[2.006s] [ 65%] Built target tello_msgs__rosidl_typesupport_fastrtps_cpp
[2.020s] [ 68%] [34m[1mGenerating C type support for eProsima Fast-RTPS[0m
[2.278s] [35m[1mScanning dependencies of target tello_msgs__rosidl_typesupport_fastrtps_c[0m
[2.292s] [ 70%] [32mBuilding CXX object CMakeFiles/tello_msgs__rosidl_typesupport_fastrtps_c.dir/rosidl_typesupport_fastrtps_c/tello_msgs/msg/detail/tello_response__type_support_c.cpp.o[0m
[2.292s] [ 72%] [32mBuilding CXX object CMakeFiles/tello_msgs__rosidl_typesupport_fastrtps_c.dir/rosidl_typesupport_fastrtps_c/tello_msgs/srv/detail/tello_action__type_support_c.cpp.o[0m
[2.292s] [ 74%] [32mBuilding CXX object CMakeFiles/tello_msgs__rosidl_typesupport_fastrtps_c.dir/rosidl_typesupport_fastrtps_c/tello_msgs/msg/detail/flight_data__type_support_c.cpp.o[0m
[2.443s] [ 76%] [32m[1mLinking CXX shared library libtello_msgs__rosidl_typesupport_fastrtps_c.so[0m
[2.495s] [ 76%] Built target tello_msgs__rosidl_typesupport_fastrtps_c
[2.501s] [35m[1mScanning dependencies of target tello_msgs[0m
[2.510s] [ 76%] Built target tello_msgs
[2.523s] [35m[1mScanning dependencies of target tello_msgs__py[0m
[2.539s] [ 78%] [34m[1mGenerating Python code for ROS interfaces[0m
[3.012s] [ 78%] Built target tello_msgs__py
[3.020s] [35m[1mScanning dependencies of target tello_msgs__python[0m
[3.041s] [ 80%] [32mBuilding C object CMakeFiles/tello_msgs__python.dir/rosidl_generator_py/tello_msgs/srv/_tello_action_s.c.o[0m
[3.042s] [ 82%] [32mBuilding C object CMakeFiles/tello_msgs__python.dir/rosidl_generator_py/tello_msgs/msg/_flight_data_s.c.o[0m
[3.042s] [ 85%] [32mBuilding C object CMakeFiles/tello_msgs__python.dir/rosidl_generator_py/tello_msgs/msg/_tello_response_s.c.o[0m
[3.099s] [ 87%] [32m[1mLinking C shared library rosidl_generator_py/tello_msgs/libtello_msgs__python.so[0m
[3.132s] [ 87%] Built target tello_msgs__python
[3.147s] [35m[1mScanning dependencies of target tello_msgs__rosidl_typesupport_c__pyext[0m
[3.148s] [35m[1mScanning dependencies of target tello_msgs__rosidl_typesupport_fastrtps_c__pyext[0m
[3.149s] [35m[1mScanning dependencies of target tello_msgs__rosidl_typesupport_introspection_c__pyext[0m
[3.159s] [ 89%] [32mBuilding C object CMakeFiles/tello_msgs__rosidl_typesupport_c__pyext.dir/rosidl_generator_py/tello_msgs/_tello_msgs_s.ep.rosidl_typesupport_c.c.o[0m
[3.160s] [ 91%] [32mBuilding C object CMakeFiles/tello_msgs__rosidl_typesupport_fastrtps_c__pyext.dir/rosidl_generator_py/tello_msgs/_tello_msgs_s.ep.rosidl_typesupport_fastrtps_c.c.o[0m
[3.161s] [ 93%] [32mBuilding C object CMakeFiles/tello_msgs__rosidl_typesupport_introspection_c__pyext.dir/rosidl_generator_py/tello_msgs/_tello_msgs_s.ep.rosidl_typesupport_introspection_c.c.o[0m
[3.202s] [ 95%] [32m[1mLinking CXX shared library rosidl_generator_py/tello_msgs/tello_msgs_s__rosidl_typesupport_fastrtps_c.cpython-38-x86_64-linux-gnu.so[0m
[3.203s] [100%] [32m[1mLinking C shared library rosidl_generator_py/tello_msgs/tello_msgs_s__rosidl_typesupport_introspection_c.cpython-38-x86_64-linux-gnu.so[0m
[3.203s] [100%] [32m[1mLinking C shared library rosidl_generator_py/tello_msgs/tello_msgs_s__rosidl_typesupport_c.cpython-38-x86_64-linux-gnu.so[0m
[3.226s] [100%] Built target tello_msgs__rosidl_typesupport_introspection_c__pyext
[3.227s] [100%] Built target tello_msgs__rosidl_typesupport_c__pyext
[3.244s] [100%] Built target tello_msgs__rosidl_typesupport_fastrtps_c__pyext
[3.251s] Invoked command in '/root/tello_ros_ws/src/build/tello_msgs' returned '0': CMAKE_PREFIX_PATH=${CMAKE_PREFIX_PATH}:/root/tello_ros_ws/install/tello_cv:/opt/ros/foxy /usr/bin/cmake --build /root/tello_ros_ws/src/build/tello_msgs -- -j32 -l32
[3.530s] Invoking command in '/root/tello_ros_ws/src/build/tello_msgs': CMAKE_PREFIX_PATH=${CMAKE_PREFIX_PATH}:/root/tello_ros_ws/install/tello_cv:/opt/ros/foxy /usr/bin/cmake --install /root/tello_ros_ws/src/build/tello_msgs
[3.540s] -- Install configuration: ""
[3.540s] -- Installing: /root/tello_ros_ws/src/install/tello_msgs/share/ament_index/resource_index/rosidl_interfaces/tello_msgs
[3.540s] -- Installing: /root/tello_ros_ws/src/install/tello_msgs/include/tello_msgs
[3.541s] -- Installing: /root/tello_ros_ws/src/install/tello_msgs/include/tello_msgs/srv
[3.541s] -- Installing: /root/tello_ros_ws/src/install/tello_msgs/include/tello_msgs/srv/tello_action.h
[3.541s] -- Installing: /root/tello_ros_ws/src/install/tello_msgs/include/tello_msgs/srv/detail
[3.541s] -- Installing: /root/tello_ros_ws/src/install/tello_msgs/include/tello_msgs/srv/detail/tello_action__functions.c
[3.541s] -- Installing: /root/tello_ros_ws/src/install/tello_msgs/include/tello_msgs/srv/detail/tello_action__type_support.h
[3.541s] -- Installing: /root/tello_ros_ws/src/install/tello_msgs/include/tello_msgs/srv/detail/tello_action__struct.h
[3.541s] -- Installing: /root/tello_ros_ws/src/install/tello_msgs/include/tello_msgs/srv/detail/tello_action__functions.h
[3.541s] -- Installing: /root/tello_ros_ws/src/install/tello_msgs/include/tello_msgs/msg
[3.541s] -- Installing: /root/tello_ros_ws/src/install/tello_msgs/include/tello_msgs/msg/rosidl_generator_c__visibility_control.h
[3.541s] -- Installing: /root/tello_ros_ws/src/install/tello_msgs/include/tello_msgs/msg/flight_data.h
[3.541s] -- Installing: /root/tello_ros_ws/src/install/tello_msgs/include/tello_msgs/msg/tello_response.h
[3.541s] -- Installing: /root/tello_ros_ws/src/install/tello_msgs/include/tello_msgs/msg/detail
[3.541s] -- Installing: /root/tello_ros_ws/src/install/tello_msgs/include/tello_msgs/msg/detail/flight_data__functions.c
[3.541s] -- Installing: /root/tello_ros_ws/src/install/tello_msgs/include/tello_msgs/msg/detail/flight_data__struct.h
[3.541s] -- Installing: /root/tello_ros_ws/src/install/tello_msgs/include/tello_msgs/msg/detail/flight_data__type_support.h
[3.541s] -- Installing: /root/tello_ros_ws/src/install/tello_msgs/include/tello_msgs/msg/detail/tello_response__struct.h
[3.541s] -- Installing: /root/tello_ros_ws/src/install/tello_msgs/include/tello_msgs/msg/detail/tello_response__type_support.h
[3.541s] -- Installing: /root/tello_ros_ws/src/install/tello_msgs/include/tello_msgs/msg/detail/tello_response__functions.c
[3.541s] -- Installing: /root/tello_ros_ws/src/install/tello_msgs/include/tello_msgs/msg/detail/flight_data__functions.h
[3.541s] -- Installing: /root/tello_ros_ws/src/install/tello_msgs/include/tello_msgs/msg/detail/tello_response__functions.h
[3.541s] -- Installing: /root/tello_ros_ws/src/install/tello_msgs/share/tello_msgs/environment/library_path.sh
[3.541s] -- Installing: /root/tello_ros_ws/src/install/tello_msgs/share/tello_msgs/environment/library_path.dsv
[3.541s] -- Installing: /root/tello_ros_ws/src/install/tello_msgs/lib/libtello_msgs__rosidl_generator_c.so
[3.542s] -- Set runtime path of "/root/tello_ros_ws/src/install/tello_msgs/lib/libtello_msgs__rosidl_generator_c.so" to ""
[3.542s] -- Up-to-date: /root/tello_ros_ws/src/install/tello_msgs/include/tello_msgs
[3.542s] -- Up-to-date: /root/tello_ros_ws/src/install/tello_msgs/include/tello_msgs/srv
[3.542s] -- Up-to-date: /root/tello_ros_ws/src/install/tello_msgs/include/tello_msgs/srv/detail
[3.542s] -- Installing: /root/tello_ros_ws/src/install/tello_msgs/include/tello_msgs/srv/detail/tello_action__rosidl_typesupport_fastrtps_c.h
[3.542s] -- Up-to-date: /root/tello_ros_ws/src/install/tello_msgs/include/tello_msgs/msg
[3.542s] -- Installing: /root/tello_ros_ws/src/install/tello_msgs/include/tello_msgs/msg/rosidl_typesupport_fastrtps_c__visibility_control.h
[3.542s] -- Up-to-date: /root/tello_ros_ws/src/install/tello_msgs/include/tello_msgs/msg/detail
[3.542s] -- Installing: /root/tello_ros_ws/src/install/tello_msgs/include/tello_msgs/msg/detail/tello_response__rosidl_typesupport_fastrtps_c.h
[3.542s] -- Installing: /root/tello_ros_ws/src/install/tello_msgs/include/tello_msgs/msg/detail/flight_data__rosidl_typesupport_fastrtps_c.h
[3.542s] -- Installing: /root/tello_ros_ws/src/install/tello_msgs/lib/libtello_msgs__rosidl_typesupport_fastrtps_c.so
[3.542s] -- Set runtime path of "/root/tello_ros_ws/src/install/tello_msgs/lib/libtello_msgs__rosidl_typesupport_fastrtps_c.so" to ""
[3.542s] -- Up-to-date: /root/tello_ros_ws/src/install/tello_msgs/include/tello_msgs
[3.542s] -- Up-to-date: /root/tello_ros_ws/src/install/tello_msgs/include/tello_msgs/srv
[3.542s] -- Up-to-date: /root/tello_ros_ws/src/install/tello_msgs/include/tello_msgs/srv/detail
[3.542s] -- Installing: /root/tello_ros_ws/src/install/tello_msgs/include/tello_msgs/srv/detail/dds_fastrtps
[3.542s] -- Installing: /root/tello_ros_ws/src/install/tello_msgs/include/tello_msgs/srv/detail/tello_action__rosidl_typesupport_fastrtps_cpp.hpp
[3.542s] -- Up-to-date: /root/tello_ros_ws/src/install/tello_msgs/include/tello_msgs/msg
[3.542s] -- Installing: /root/tello_ros_ws/src/install/tello_msgs/include/tello_msgs/msg/rosidl_typesupport_fastrtps_cpp__visibility_control.h
[3.542s] -- Up-to-date: /root/tello_ros_ws/src/install/tello_msgs/include/tello_msgs/msg/detail
[3.542s] -- Installing: /root/tello_ros_ws/src/install/tello_msgs/include/tello_msgs/msg/detail/dds_fastrtps
[3.542s] -- Installing: /root/tello_ros_ws/src/install/tello_msgs/include/tello_msgs/msg/detail/tello_response__rosidl_typesupport_fastrtps_cpp.hpp
[3.542s] -- Installing: /root/tello_ros_ws/src/install/tello_msgs/include/tello_msgs/msg/detail/flight_data__rosidl_typesupport_fastrtps_cpp.hpp
[3.542s] -- Installing: /root/tello_ros_ws/src/install/tello_msgs/lib/libtello_msgs__rosidl_typesupport_fastrtps_cpp.so
[3.542s] -- Set runtime path of "/root/tello_ros_ws/src/install/tello_msgs/lib/libtello_msgs__rosidl_typesupport_fastrtps_cpp.so" to ""
[3.542s] -- Up-to-date: /root/tello_ros_ws/src/install/tello_msgs/include/tello_msgs
[3.543s] -- Up-to-date: /root/tello_ros_ws/src/install/tello_msgs/include/tello_msgs/srv
[3.543s] -- Up-to-date: /root/tello_ros_ws/src/install/tello_msgs/include/tello_msgs/srv/detail
[3.543s] -- Installing: /root/tello_ros_ws/src/install/tello_msgs/include/tello_msgs/srv/detail/tello_action__type_support.c
[3.543s] -- Installing: /root/tello_ros_ws/src/install/tello_msgs/include/tello_msgs/srv/detail/tello_action__rosidl_typesupport_introspection_c.h
[3.543s] -- Up-to-date: /root/tello_ros_ws/src/install/tello_msgs/include/tello_msgs/msg
[3.543s] -- Installing: /root/tello_ros_ws/src/install/tello_msgs/include/tello_msgs/msg/rosidl_typesupport_introspection_c__visibility_control.h
[3.543s] -- Up-to-date: /root/tello_ros_ws/src/install/tello_msgs/include/tello_msgs/msg/detail
[3.543s] -- Installing: /root/tello_ros_ws/src/install/tello_msgs/include/tello_msgs/msg/detail/flight_data__rosidl_typesupport_introspection_c.h
[3.543s] -- Installing: /root/tello_ros_ws/src/install/tello_msgs/include/tello_msgs/msg/detail/tello_response__rosidl_typesupport_introspection_c.h
[3.543s] -- Installing: /root/tello_ros_ws/src/install/tello_msgs/include/tello_msgs/msg/detail/tello_response__type_support.c
[3.543s] -- Installing: /root/tello_ros_ws/src/install/tello_msgs/include/tello_msgs/msg/detail/flight_data__type_support.c
[3.543s] -- Installing: /root/tello_ros_ws/src/install/tello_msgs/lib/libtello_msgs__rosidl_typesupport_introspection_c.so
[3.543s] -- Set runtime path of "/root/tello_ros_ws/src/install/tello_msgs/lib/libtello_msgs__rosidl_typesupport_introspection_c.so" to ""
[3.543s] -- Installing: /root/tello_ros_ws/src/install/tello_msgs/lib/libtello_msgs__rosidl_typesupport_c.so
[3.543s] -- Set runtime path of "/root/tello_ros_ws/src/install/tello_msgs/lib/libtello_msgs__rosidl_typesupport_c.so" to ""
[3.543s] -- Up-to-date: /root/tello_ros_ws/src/install/tello_msgs/include/tello_msgs
[3.543s] -- Up-to-date: /root/tello_ros_ws/src/install/tello_msgs/include/tello_msgs/srv
[3.543s] -- Installing: /root/tello_ros_ws/src/install/tello_msgs/include/tello_msgs/srv/tello_action.hpp
[3.543s] -- Up-to-date: /root/tello_ros_ws/src/install/tello_msgs/include/tello_msgs/srv/detail
[3.543s] -- Installing: /root/tello_ros_ws/src/install/tello_msgs/include/tello_msgs/srv/detail/tello_action__struct.hpp
[3.543s] -- Installing: /root/tello_ros_ws/src/install/tello_msgs/include/tello_msgs/srv/detail/tello_action__type_support.hpp
[3.543s] -- Installing: /root/tello_ros_ws/src/install/tello_msgs/include/tello_msgs/srv/detail/tello_action__builder.hpp
[3.543s] -- Installing: /root/tello_ros_ws/src/install/tello_msgs/include/tello_msgs/srv/detail/tello_action__traits.hpp
[3.543s] -- Up-to-date: /root/tello_ros_ws/src/install/tello_msgs/include/tello_msgs/msg
[3.543s] -- Installing: /root/tello_ros_ws/src/install/tello_msgs/include/tello_msgs/msg/rosidl_generator_cpp__visibility_control.hpp
[3.543s] -- Installing: /root/tello_ros_ws/src/install/tello_msgs/include/tello_msgs/msg/tello_response.hpp
[3.544s] -- Installing: /root/tello_ros_ws/src/install/tello_msgs/include/tello_msgs/msg/flight_data.hpp
[3.544s] -- Up-to-date: /root/tello_ros_ws/src/install/tello_msgs/include/tello_msgs/msg/detail
[3.544s] -- Installing: /root/tello_ros_ws/src/install/tello_msgs/include/tello_msgs/msg/detail/tello_response__type_support.hpp
[3.544s] -- Installing: /root/tello_ros_ws/src/install/tello_msgs/include/tello_msgs/msg/detail/flight_data__traits.hpp
[3.544s] -- Installing: /root/tello_ros_ws/src/install/tello_msgs/include/tello_msgs/msg/detail/flight_data__struct.hpp
[3.544s] -- Installing: /root/tello_ros_ws/src/install/tello_msgs/include/tello_msgs/msg/detail/tello_response__builder.hpp
[3.544s] -- Installing: /root/tello_ros_ws/src/install/tello_msgs/include/tello_msgs/msg/detail/tello_response__struct.hpp
[3.544s] -- Installing: /root/tello_ros_ws/src/install/tello_msgs/include/tello_msgs/msg/detail/tello_response__traits.hpp
[3.544s] -- Installing: /root/tello_ros_ws/src/install/tello_msgs/include/tello_msgs/msg/detail/flight_data__type_support.hpp
[3.544s] -- Installing: /root/tello_ros_ws/src/install/tello_msgs/include/tello_msgs/msg/detail/flight_data__builder.hpp
[3.544s] -- Up-to-date: /root/tello_ros_ws/src/install/tello_msgs/include/tello_msgs
[3.544s] -- Up-to-date: /root/tello_ros_ws/src/install/tello_msgs/include/tello_msgs/srv
[3.544s] -- Up-to-date: /root/tello_ros_ws/src/install/tello_msgs/include/tello_msgs/srv/detail
[3.544s] -- Installing: /root/tello_ros_ws/src/install/tello_msgs/include/tello_msgs/srv/detail/tello_action__rosidl_typesupport_introspection_cpp.hpp
[3.544s] -- Installing: /root/tello_ros_ws/src/install/tello_msgs/include/tello_msgs/srv/detail/tello_action__type_support.cpp
[3.544s] -- Up-to-date: /root/tello_ros_ws/src/install/tello_msgs/include/tello_msgs/msg
[3.544s] -- Up-to-date: /root/tello_ros_ws/src/install/tello_msgs/include/tello_msgs/msg/detail
[3.544s] -- Installing: /root/tello_ros_ws/src/install/tello_msgs/include/tello_msgs/msg/detail/tello_response__type_support.cpp
[3.544s] -- Installing: /root/tello_ros_ws/src/install/tello_msgs/include/tello_msgs/msg/detail/tello_response__rosidl_typesupport_introspection_cpp.hpp
[3.544s] -- Installing: /root/tello_ros_ws/src/install/tello_msgs/include/tello_msgs/msg/detail/flight_data__rosidl_typesupport_introspection_cpp.hpp
[3.544s] -- Installing: /root/tello_ros_ws/src/install/tello_msgs/include/tello_msgs/msg/detail/flight_data__type_support.cpp
[3.544s] -- Installing: /root/tello_ros_ws/src/install/tello_msgs/lib/libtello_msgs__rosidl_typesupport_introspection_cpp.so
[3.544s] -- Set runtime path of "/root/tello_ros_ws/src/install/tello_msgs/lib/libtello_msgs__rosidl_typesupport_introspection_cpp.so" to ""
[3.544s] -- Installing: /root/tello_ros_ws/src/install/tello_msgs/lib/libtello_msgs__rosidl_typesupport_cpp.so
[3.545s] -- Set runtime path of "/root/tello_ros_ws/src/install/tello_msgs/lib/libtello_msgs__rosidl_typesupport_cpp.so" to ""
[3.545s] -- Installing: /root/tello_ros_ws/src/install/tello_msgs/share/tello_msgs/environment/pythonpath.sh
[3.545s] -- Installing: /root/tello_ros_ws/src/install/tello_msgs/share/tello_msgs/environment/pythonpath.dsv
[3.545s] -- Installing: /root/tello_ros_ws/src/install/tello_msgs/lib/python3.8/site-packages/tello_msgs/__init__.py
[3.567s] Compiling '/root/tello_ros_ws/src/install/tello_msgs/lib/python3.8/site-packages/tello_msgs/__init__.py'...
[3.569s] -- Installing: /root/tello_ros_ws/src/install/tello_msgs/lib/python3.8/site-packages/tello_msgs/msg
[3.569s] -- Installing: /root/tello_ros_ws/src/install/tello_msgs/lib/python3.8/site-packages/tello_msgs/msg/_tello_response_s.c
[3.569s] -- Installing: /root/tello_ros_ws/src/install/tello_msgs/lib/python3.8/site-packages/tello_msgs/msg/_flight_data_s.c
[3.569s] -- Installing: /root/tello_ros_ws/src/install/tello_msgs/lib/python3.8/site-packages/tello_msgs/msg/_flight_data.py
[3.569s] -- Installing: /root/tello_ros_ws/src/install/tello_msgs/lib/python3.8/site-packages/tello_msgs/msg/_tello_response.py
[3.569s] -- Installing: /root/tello_ros_ws/src/install/tello_msgs/lib/python3.8/site-packages/tello_msgs/msg/__init__.py
[3.569s] -- Installing: /root/tello_ros_ws/src/install/tello_msgs/lib/python3.8/site-packages/tello_msgs/srv
[3.569s] -- Installing: /root/tello_ros_ws/src/install/tello_msgs/lib/python3.8/site-packages/tello_msgs/srv/_tello_action.py
[3.569s] -- Installing: /root/tello_ros_ws/src/install/tello_msgs/lib/python3.8/site-packages/tello_msgs/srv/_tello_action_s.c
[3.569s] -- Installing: /root/tello_ros_ws/src/install/tello_msgs/lib/python3.8/site-packages/tello_msgs/srv/__init__.py
[3.569s] -- Installing: /root/tello_ros_ws/src/install/tello_msgs/lib/python3.8/site-packages/tello_msgs/tello_msgs_s__rosidl_typesupport_fastrtps_c.cpython-38-x86_64-linux-gnu.so
[3.569s] -- Set runtime path of "/root/tello_ros_ws/src/install/tello_msgs/lib/python3.8/site-packages/tello_msgs/tello_msgs_s__rosidl_typesupport_fastrtps_c.cpython-38-x86_64-linux-gnu.so" to ""
[3.570s] -- Installing: /root/tello_ros_ws/src/install/tello_msgs/lib/python3.8/site-packages/tello_msgs/tello_msgs_s__rosidl_typesupport_introspection_c.cpython-38-x86_64-linux-gnu.so
[3.570s] -- Set runtime path of "/root/tello_ros_ws/src/install/tello_msgs/lib/python3.8/site-packages/tello_msgs/tello_msgs_s__rosidl_typesupport_introspection_c.cpython-38-x86_64-linux-gnu.so" to ""
[3.570s] -- Installing: /root/tello_ros_ws/src/install/tello_msgs/lib/python3.8/site-packages/tello_msgs/tello_msgs_s__rosidl_typesupport_c.cpython-38-x86_64-linux-gnu.so
[3.570s] -- Set runtime path of "/root/tello_ros_ws/src/install/tello_msgs/lib/python3.8/site-packages/tello_msgs/tello_msgs_s__rosidl_typesupport_c.cpython-38-x86_64-linux-gnu.so" to ""
[3.570s] -- Installing: /root/tello_ros_ws/src/install/tello_msgs/lib/libtello_msgs__python.so
[3.570s] -- Set runtime path of "/root/tello_ros_ws/src/install/tello_msgs/lib/libtello_msgs__python.so" to ""
[3.570s] -- Installing: /root/tello_ros_ws/src/install/tello_msgs/share/tello_msgs/msg/FlightData.idl
[3.570s] -- Installing: /root/tello_ros_ws/src/install/tello_msgs/share/tello_msgs/msg/TelloResponse.idl
[3.570s] -- Installing: /root/tello_ros_ws/src/install/tello_msgs/share/tello_msgs/srv/TelloAction.idl
[3.570s] -- Installing: /root/tello_ros_ws/src/install/tello_msgs/share/tello_msgs/msg/FlightData.msg
[3.570s] -- Installing: /root/tello_ros_ws/src/install/tello_msgs/share/tello_msgs/msg/TelloResponse.msg
[3.570s] -- Installing: /root/tello_ros_ws/src/install/tello_msgs/share/tello_msgs/srv/TelloAction.srv
[3.571s] -- Installing: /root/tello_ros_ws/src/install/tello_msgs/share/tello_msgs/srv/TelloAction_Request.msg
[3.571s] -- Installing: /root/tello_ros_ws/src/install/tello_msgs/share/tello_msgs/srv/TelloAction_Response.msg
[3.571s] -- Installing: /root/tello_ros_ws/src/install/tello_msgs/share/ament_index/resource_index/package_run_dependencies/tello_msgs
[3.571s] -- Installing: /root/tello_ros_ws/src/install/tello_msgs/share/ament_index/resource_index/parent_prefix_path/tello_msgs
[3.571s] -- Installing: /root/tello_ros_ws/src/install/tello_msgs/share/tello_msgs/environment/ament_prefix_path.sh
[3.571s] -- Installing: /root/tello_ros_ws/src/install/tello_msgs/share/tello_msgs/environment/ament_prefix_path.dsv
[3.571s] -- Installing: /root/tello_ros_ws/src/install/tello_msgs/share/tello_msgs/environment/path.sh
[3.571s] -- Installing: /root/tello_ros_ws/src/install/tello_msgs/share/tello_msgs/environment/path.dsv
[3.571s] -- Installing: /root/tello_ros_ws/src/install/tello_msgs/share/tello_msgs/local_setup.bash
[3.571s] -- Installing: /root/tello_ros_ws/src/install/tello_msgs/share/tello_msgs/local_setup.sh
[3.571s] -- Installing: /root/tello_ros_ws/src/install/tello_msgs/share/tello_msgs/local_setup.zsh
[3.571s] -- Installing: /root/tello_ros_ws/src/install/tello_msgs/share/tello_msgs/local_setup.dsv
[3.571s] -- Installing: /root/tello_ros_ws/src/install/tello_msgs/share/tello_msgs/package.dsv
[3.571s] -- Installing: /root/tello_ros_ws/src/install/tello_msgs/share/ament_index/resource_index/packages/tello_msgs
[3.571s] -- Installing: /root/tello_ros_ws/src/install/tello_msgs/share/tello_msgs/cmake/tello_msgs__rosidl_generator_cExport.cmake
[3.571s] -- Installing: /root/tello_ros_ws/src/install/tello_msgs/share/tello_msgs/cmake/tello_msgs__rosidl_generator_cExport-noconfig.cmake
[3.571s] -- Installing: /root/tello_ros_ws/src/install/tello_msgs/share/tello_msgs/cmake/tello_msgs__rosidl_typesupport_introspection_cExport.cmake
[3.571s] -- Installing: /root/tello_ros_ws/src/install/tello_msgs/share/tello_msgs/cmake/tello_msgs__rosidl_typesupport_introspection_cExport-noconfig.cmake
[3.572s] -- Installing: /root/tello_ros_ws/src/install/tello_msgs/share/tello_msgs/cmake/tello_msgs__rosidl_typesupport_cExport.cmake
[3.572s] -- Installing: /root/tello_ros_ws/src/install/tello_msgs/share/tello_msgs/cmake/tello_msgs__rosidl_typesupport_cExport-noconfig.cmake
[3.572s] -- Installing: /root/tello_ros_ws/src/install/tello_msgs/share/tello_msgs/cmake/tello_msgs__rosidl_generator_cppExport.cmake
[3.572s] -- Installing: /root/tello_ros_ws/src/install/tello_msgs/share/tello_msgs/cmake/tello_msgs__rosidl_typesupport_introspection_cppExport.cmake
[3.572s] -- Installing: /root/tello_ros_ws/src/install/tello_msgs/share/tello_msgs/cmake/tello_msgs__rosidl_typesupport_introspection_cppExport-noconfig.cmake
[3.572s] -- Installing: /root/tello_ros_ws/src/install/tello_msgs/share/tello_msgs/cmake/tello_msgs__rosidl_typesupport_cppExport.cmake
[3.572s] -- Installing: /root/tello_ros_ws/src/install/tello_msgs/share/tello_msgs/cmake/tello_msgs__rosidl_typesupport_cppExport-noconfig.cmake
[3.572s] -- Installing: /root/tello_ros_ws/src/install/tello_msgs/share/tello_msgs/cmake/rosidl_cmake-extras.cmake
[3.572s] -- Installing: /root/tello_ros_ws/src/install/tello_msgs/share/tello_msgs/cmake/ament_cmake_export_dependencies-extras.cmake
[3.572s] -- Installing: /root/tello_ros_ws/src/install/tello_msgs/share/tello_msgs/cmake/ament_cmake_export_libraries-extras.cmake
[3.572s] -- Installing: /root/tello_ros_ws/src/install/tello_msgs/share/tello_msgs/cmake/ament_cmake_export_targets-extras.cmake
[3.572s] -- Installing: /root/tello_ros_ws/src/install/tello_msgs/share/tello_msgs/cmake/ament_cmake_export_include_directories-extras.cmake
[3.572s] -- Installing: /root/tello_ros_ws/src/install/tello_msgs/share/tello_msgs/cmake/rosidl_cmake_export_typesupport_libraries-extras.cmake
[3.572s] -- Installing: /root/tello_ros_ws/src/install/tello_msgs/share/tello_msgs/cmake/rosidl_cmake_export_typesupport_targets-extras.cmake
[3.572s] -- Installing: /root/tello_ros_ws/src/install/tello_msgs/share/tello_msgs/cmake/tello_msgsConfig.cmake
[3.572s] -- Installing: /root/tello_ros_ws/src/install/tello_msgs/share/tello_msgs/cmake/tello_msgsConfig-version.cmake
[3.572s] -- Installing: /root/tello_ros_ws/src/install/tello_msgs/share/tello_msgs/package.xml
[3.574s] Invoked command in '/root/tello_ros_ws/src/build/tello_msgs' returned '0': CMAKE_PREFIX_PATH=${CMAKE_PREFIX_PATH}:/root/tello_ros_ws/install/tello_cv:/opt/ros/foxy /usr/bin/cmake --install /root/tello_ros_ws/src/build/tello_msgs
