[0.006s] Invoking command in '/root/tello_ros_ws/build/tello_gazebo': AMENT_PREFIX_PATH=/root/tello_ros_ws/install/tello_msgs:${AMENT_PREFIX_PATH} CMAKE_PREFIX_PATH=/root/tello_ros_ws/install/tello_msgs:/opt/ros/foxy LD_LIBRARY_PATH=/root/tello_ros_ws/install/tello_msgs/lib:${LD_LIBRARY_PATH} PYTHONPATH=/root/tello_ros_ws/install/tello_msgs/lib/python3.8/site-packages:${PYTHONPATH} /usr/bin/cmake /root/tello_ros_ws/src/tello_gazebo -DCMAKE_INSTALL_PREFIX=/root/tello_ros_ws/install/tello_gazebo
[0.057s] -- The C compiler identification is GNU 9.4.0
[0.110s] -- The CXX compiler identification is GNU 9.4.0
[0.114s] -- Check for working C compiler: /usr/bin/cc
[0.200s] -- Check for working C compiler: /usr/bin/cc -- works
[0.201s] -- Detecting C compiler ABI info
[0.296s] -- Detecting C compiler ABI info - done
[0.304s] -- Detecting C compile features
[0.304s] -- Detecting C compile features - done
[0.305s] -- Check for working CXX compiler: /usr/bin/c++
[0.401s] -- Check for working CXX compiler: /usr/bin/c++ -- works
[0.401s] -- Detecting CXX compiler ABI info
[0.471s] -- Detecting CXX compiler ABI info - done
[0.480s] -- Detecting CXX compile features
[0.481s] -- Detecting CXX compile features - done
[0.482s] -- Found ament_cmake: 0.9.12 (/opt/ros/foxy/share/ament_cmake/cmake)
[0.495s] -- Found PythonInterp: /usr/bin/python3 (found suitable version "3.8.10", minimum required is "3") 
[0.495s] -- Using PYTHON_EXECUTABLE: /usr/bin/python3
[0.577s] CMake Error at CMakeLists.txt:27 (find_package):
[0.577s]   By not providing "Findgazebo.cmake" in CMAKE_MODULE_PATH this project has
[0.577s]   asked CMake to find a package configuration file provided by "gazebo", but
[0.577s]   CMake did not find one.
[0.577s] 
[0.578s]   Could not find a package configuration file provided by "gazebo" with any
[0.578s]   of the following names:
[0.578s] 
[0.578s]     gazeboConfig.cmake
[0.578s]     gazebo-config.cmake
[0.578s] 
[0.579s]   Add the installation prefix of "gazebo" to CMAKE_PREFIX_PATH or set
[0.579s]   "gazebo_DIR" to a directory containing one of the above files.  If "gazebo"
[0.579s]   provides a separate development package or SDK, be sure it has been
[0.579s]   installed.
[0.579s] 
[0.579s] 
[0.579s] -- Configuring incomplete, errors occurred!
[0.579s] See also "/root/tello_ros_ws/build/tello_gazebo/CMakeFiles/CMakeOutput.log".
[0.582s] Invoked command in '/root/tello_ros_ws/build/tello_gazebo' returned '1': AMENT_PREFIX_PATH=/root/tello_ros_ws/install/tello_msgs:${AMENT_PREFIX_PATH} CMAKE_PREFIX_PATH=/root/tello_ros_ws/install/tello_msgs:/opt/ros/foxy LD_LIBRARY_PATH=/root/tello_ros_ws/install/tello_msgs/lib:${LD_LIBRARY_PATH} PYTHONPATH=/root/tello_ros_ws/install/tello_msgs/lib/python3.8/site-packages:${PYTHONPATH} /usr/bin/cmake /root/tello_ros_ws/src/tello_gazebo -DCMAKE_INSTALL_PREFIX=/root/tello_ros_ws/install/tello_gazebo
