[0.010s] Invoking command in '/root/tello_ros_ws/build/tello_description': CMAKE_PREFIX_PATH=${CMAKE_PREFIX_PATH}:/opt/ros/foxy /usr/bin/cmake --build /root/tello_ros_ws/build/tello_description -- -j32 -l32
[0.042s] [ 33%] Built target generate_urdf_2
[0.042s] [ 33%] Built target generate_urdf_7
[0.042s] [ 33%] Built target generate_urdf_5
[0.046s] [ 44%] Built target generate_urdf
[0.046s] [ 55%] Built target generate_urdf_1
[0.048s] [ 66%] Built target generate_urdf_6
[0.048s] [ 77%] Built target generate_urdf_4
[0.049s] [ 88%] Built target generate_urdf_3
[0.050s] [100%] Built target generate_urdf_8
[0.059s] Invoked command in '/root/tello_ros_ws/build/tello_description' returned '0': CMAKE_PREFIX_PATH=${CMAKE_PREFIX_PATH}:/opt/ros/foxy /usr/bin/cmake --build /root/tello_ros_ws/build/tello_description -- -j32 -l32
[0.079s] Invoking command in '/root/tello_ros_ws/build/tello_description': CMAKE_PREFIX_PATH=${CMAKE_PREFIX_PATH}:/opt/ros/foxy /usr/bin/cmake --install /root/tello_ros_ws/build/tello_description
[0.082s] -- Install configuration: ""
[0.083s] -- Up-to-date: /root/tello_ros_ws/install/tello_description/share/tello_description/urdf
[0.083s] -- Up-to-date: /root/tello_ros_ws/install/tello_description/share/tello_description/urdf/tello.urdf
[0.083s] -- Up-to-date: /root/tello_ros_ws/install/tello_description/share/tello_description/urdf/tello_3.urdf
[0.083s] -- Up-to-date: /root/tello_ros_ws/install/tello_description/share/tello_description/urdf/tello_2.urdf
[0.083s] -- Up-to-date: /root/tello_ros_ws/install/tello_description/share/tello_description/urdf/tello_4.urdf
[0.083s] -- Up-to-date: /root/tello_ros_ws/install/tello_description/share/tello_description/urdf/tello_8.urdf
[0.083s] -- Up-to-date: /root/tello_ros_ws/install/tello_description/share/tello_description/urdf/tello_6.urdf
[0.083s] -- Up-to-date: /root/tello_ros_ws/install/tello_description/share/tello_description/urdf/tello_7.urdf
[0.083s] -- Up-to-date: /root/tello_ros_ws/install/tello_description/share/tello_description/urdf/tello_1.urdf
[0.083s] -- Up-to-date: /root/tello_ros_ws/install/tello_description/share/tello_description/urdf/tello_5.urdf
[0.083s] -- Up-to-date: /root/tello_ros_ws/install/tello_description/share/ament_index/resource_index/package_run_dependencies/tello_description
[0.083s] -- Up-to-date: /root/tello_ros_ws/install/tello_description/share/ament_index/resource_index/parent_prefix_path/tello_description
[0.083s] -- Up-to-date: /root/tello_ros_ws/install/tello_description/share/tello_description/environment/ament_prefix_path.sh
[0.083s] -- Up-to-date: /root/tello_ros_ws/install/tello_description/share/tello_description/environment/ament_prefix_path.dsv
[0.083s] -- Up-to-date: /root/tello_ros_ws/install/tello_description/share/tello_description/environment/path.sh
[0.084s] -- Up-to-date: /root/tello_ros_ws/install/tello_description/share/tello_description/environment/path.dsv
[0.084s] -- Up-to-date: /root/tello_ros_ws/install/tello_description/share/tello_description/local_setup.bash
[0.084s] -- Up-to-date: /root/tello_ros_ws/install/tello_description/share/tello_description/local_setup.sh
[0.084s] -- Up-to-date: /root/tello_ros_ws/install/tello_description/share/tello_description/local_setup.zsh
[0.084s] -- Up-to-date: /root/tello_ros_ws/install/tello_description/share/tello_description/local_setup.dsv
[0.084s] -- Installing: /root/tello_ros_ws/install/tello_description/share/tello_description/package.dsv
[0.084s] -- Up-to-date: /root/tello_ros_ws/install/tello_description/share/ament_index/resource_index/packages/tello_description
[0.084s] -- Up-to-date: /root/tello_ros_ws/install/tello_description/share/tello_description/cmake/tello_descriptionConfig.cmake
[0.084s] -- Up-to-date: /root/tello_ros_ws/install/tello_description/share/tello_description/cmake/tello_descriptionConfig-version.cmake
[0.084s] -- Up-to-date: /root/tello_ros_ws/install/tello_description/share/tello_description/package.xml
[0.086s] Invoked command in '/root/tello_ros_ws/build/tello_description' returned '0': CMAKE_PREFIX_PATH=${CMAKE_PREFIX_PATH}:/opt/ros/foxy /usr/bin/cmake --install /root/tello_ros_ws/build/tello_description
