[0.293s] Invoking command in '/root/tello_ros_ws/src/tello_control': AMENT_PREFIX_PATH=/root/tello_ros_ws/src/install/tello_msgs:${AMENT_PREFIX_PATH} CMAKE_PREFIX_PATH=/root/tello_ros_ws/src/install/tello_msgs:${CMAKE_PREFIX_PATH} LD_LIBRARY_PATH=/root/tello_ros_ws/src/install/tello_msgs/lib:${LD_LIBRARY_PATH} PYTHONPATH=/root/tello_ros_ws/src/build/tello_control/prefix_override:/root/tello_ros_ws/src/install/tello_control/lib/python3.8/site-packages:/root/tello_ros_ws/src/install/tello_msgs/lib/python3.8/site-packages:${PYTHONPATH} /usr/bin/python3 setup.py egg_info --egg-base ../build/tello_control build --build-base /root/tello_ros_ws/src/build/tello_control/build install --record /root/tello_ros_ws/src/build/tello_control/install.log --install-scripts $base/lib/tello_control --single-version-externally-managed
[0.385s] running egg_info
[0.386s] writing ../build/tello_control/tello_control.egg-info/PKG-INFO
[0.386s] writing dependency_links to ../build/tello_control/tello_control.egg-info/dependency_links.txt
[0.386s] writing entry points to ../build/tello_control/tello_control.egg-info/entry_points.txt
[0.386s] writing requirements to ../build/tello_control/tello_control.egg-info/requires.txt
[0.386s] writing top-level names to ../build/tello_control/tello_control.egg-info/top_level.txt
[0.405s] reading manifest file '../build/tello_control/tello_control.egg-info/SOURCES.txt'
[0.405s] writing manifest file '../build/tello_control/tello_control.egg-info/SOURCES.txt'
[0.405s] running build
[0.405s] running build_py
[0.405s] running install
[0.406s] running install_lib
[0.407s] running install_data
[0.407s] running install_egg_info
[0.408s] removing '/root/tello_ros_ws/src/install/tello_control/lib/python3.8/site-packages/tello_control-0.0.0-py3.8.egg-info' (and everything under it)
[0.408s] Copying ../build/tello_control/tello_control.egg-info to /root/tello_ros_ws/src/install/tello_control/lib/python3.8/site-packages/tello_control-0.0.0-py3.8.egg-info
[0.408s] running install_scripts
[0.416s] Installing teleop_keyboard_node script to /root/tello_ros_ws/src/install/tello_control/lib/tello_control
[0.416s] writing list of installed files to '/root/tello_ros_ws/src/build/tello_control/install.log'
[0.426s] Invoked command in '/root/tello_ros_ws/src/tello_control' returned '0': AMENT_PREFIX_PATH=/root/tello_ros_ws/src/install/tello_msgs:${AMENT_PREFIX_PATH} CMAKE_PREFIX_PATH=/root/tello_ros_ws/src/install/tello_msgs:${CMAKE_PREFIX_PATH} LD_LIBRARY_PATH=/root/tello_ros_ws/src/install/tello_msgs/lib:${LD_LIBRARY_PATH} PYTHONPATH=/root/tello_ros_ws/src/build/tello_control/prefix_override:/root/tello_ros_ws/src/install/tello_control/lib/python3.8/site-packages:/root/tello_ros_ws/src/install/tello_msgs/lib/python3.8/site-packages:${PYTHONPATH} /usr/bin/python3 setup.py egg_info --egg-base ../build/tello_control build --build-base /root/tello_ros_ws/src/build/tello_control/build install --record /root/tello_ros_ws/src/build/tello_control/install.log --install-scripts $base/lib/tello_control --single-version-externally-managed
