[0.249s] Invoking command in '/root/tello_ros_ws/src/tello_control': AMENT_PREFIX_PATH=/root/tello_ros_ws/src/install/tello_msgs:${AMENT_PREFIX_PATH} CMAKE_PREFIX_PATH=/root/tello_ros_ws/src/install/tello_msgs:${CMAKE_PREFIX_PATH} LD_LIBRARY_PATH=/root/tello_ros_ws/src/install/tello_msgs/lib:${LD_LIBRARY_PATH} PYTHONPATH=/root/tello_ros_ws/src/build/tello_control/prefix_override:/root/tello_ros_ws/src/install/tello_control/lib/python3.8/site-packages:/root/tello_ros_ws/src/install/tello_msgs/lib/python3.8/site-packages:${PYTHONPATH} /usr/bin/python3 setup.py egg_info --egg-base ../build/tello_control build --build-base /root/tello_ros_ws/src/build/tello_control/build install --record /root/tello_ros_ws/src/build/tello_control/install.log --install-scripts $base/lib/tello_control --single-version-externally-managed
[0.330s] running egg_info
[0.330s] creating ../build/tello_control/tello_control.egg-info
[0.330s] writing ../build/tello_control/tello_control.egg-info/PKG-INFO
[0.330s] writing dependency_links to ../build/tello_control/tello_control.egg-info/dependency_links.txt
[0.330s] writing entry points to ../build/tello_control/tello_control.egg-info/entry_points.txt
[0.330s] writing requirements to ../build/tello_control/tello_control.egg-info/requires.txt
[0.330s] writing top-level names to ../build/tello_control/tello_control.egg-info/top_level.txt
[0.331s] writing manifest file '../build/tello_control/tello_control.egg-info/SOURCES.txt'
[0.346s] reading manifest file '../build/tello_control/tello_control.egg-info/SOURCES.txt'
[0.346s] writing manifest file '../build/tello_control/tello_control.egg-info/SOURCES.txt'
[0.346s] running build
[0.346s] running build_py
[0.346s] creating /root/tello_ros_ws/src/build/tello_control/build
[0.346s] creating /root/tello_ros_ws/src/build/tello_control/build/lib
[0.346s] creating /root/tello_ros_ws/src/build/tello_control/build/lib/tello_control
[0.346s] copying tello_control/teleop_keyboard.py -> /root/tello_ros_ws/src/build/tello_control/build/lib/tello_control
[0.346s] copying tello_control/__init__.py -> /root/tello_ros_ws/src/build/tello_control/build/lib/tello_control
[0.346s] running install
[0.347s] running install_lib
[0.347s] creating /root/tello_ros_ws/src/install/tello_control/lib/python3.8/site-packages/tello_control
[0.347s] copying /root/tello_ros_ws/src/build/tello_control/build/lib/tello_control/teleop_keyboard.py -> /root/tello_ros_ws/src/install/tello_control/lib/python3.8/site-packages/tello_control
[0.347s] copying /root/tello_ros_ws/src/build/tello_control/build/lib/tello_control/__init__.py -> /root/tello_ros_ws/src/install/tello_control/lib/python3.8/site-packages/tello_control
[0.347s] byte-compiling /root/tello_ros_ws/src/install/tello_control/lib/python3.8/site-packages/tello_control/teleop_keyboard.py to teleop_keyboard.cpython-38.pyc
[0.348s] byte-compiling /root/tello_ros_ws/src/install/tello_control/lib/python3.8/site-packages/tello_control/__init__.py to __init__.cpython-38.pyc
[0.348s] running install_data
[0.348s] creating /root/tello_ros_ws/src/install/tello_control/share/ament_index
[0.348s] creating /root/tello_ros_ws/src/install/tello_control/share/ament_index/resource_index
[0.348s] creating /root/tello_ros_ws/src/install/tello_control/share/ament_index/resource_index/packages
[0.348s] copying resource/tello_control -> /root/tello_ros_ws/src/install/tello_control/share/ament_index/resource_index/packages
[0.348s] copying package.xml -> /root/tello_ros_ws/src/install/tello_control/share/tello_control
[0.348s] running install_egg_info
[0.349s] Copying ../build/tello_control/tello_control.egg-info to /root/tello_ros_ws/src/install/tello_control/lib/python3.8/site-packages/tello_control-0.0.0-py3.8.egg-info
[0.349s] running install_scripts
[0.357s] Installing teleop_keyboard_node script to /root/tello_ros_ws/src/install/tello_control/lib/tello_control
[0.357s] writing list of installed files to '/root/tello_ros_ws/src/build/tello_control/install.log'
[0.368s] Invoked command in '/root/tello_ros_ws/src/tello_control' returned '0': AMENT_PREFIX_PATH=/root/tello_ros_ws/src/install/tello_msgs:${AMENT_PREFIX_PATH} CMAKE_PREFIX_PATH=/root/tello_ros_ws/src/install/tello_msgs:${CMAKE_PREFIX_PATH} LD_LIBRARY_PATH=/root/tello_ros_ws/src/install/tello_msgs/lib:${LD_LIBRARY_PATH} PYTHONPATH=/root/tello_ros_ws/src/build/tello_control/prefix_override:/root/tello_ros_ws/src/install/tello_control/lib/python3.8/site-packages:/root/tello_ros_ws/src/install/tello_msgs/lib/python3.8/site-packages:${PYTHONPATH} /usr/bin/python3 setup.py egg_info --egg-base ../build/tello_control build --build-base /root/tello_ros_ws/src/build/tello_control/build install --record /root/tello_ros_ws/src/build/tello_control/install.log --install-scripts $base/lib/tello_control --single-version-externally-managed
