[0.117s] DEBUG:colcon:Command line arguments: ['/usr/bin/colcon', 'build', '--packages-select', 'tello_control']
[0.117s] DEBUG:colcon:Parsed command line arguments: Namespace(ament_cmake_args=None, base_paths=['.'], build_base='build', catkin_cmake_args=None, catkin_skip_building_tests=False, cmake_args=None, cmake_clean_cache=False, cmake_clean_first=False, cmake_force_configure=False, cmake_target=None, cmake_target_skip_unavailable=False, continue_on_error=False, event_handlers=None, executor='parallel', ignore_user_meta=False, install_base='install', log_base=None, log_level=None, main=<bound method BuildVerb.main of <colcon_core.verb.build.BuildVerb object at 0x7e18e3a9dc10>>, merge_install=False, metas=['./colcon.meta'], mixin=None, mixin_files=None, mixin_verb=('build',), packages_above=None, packages_above_and_dependencies=None, packages_above_depth=None, packages_end=None, packages_ignore=None, packages_ignore_regex=None, packages_select=['tello_control'], packages_select_build_failed=False, packages_select_by_dep=None, packages_select_regex=None, packages_select_test_failures=False, packages_skip=None, packages_skip_build_finished=False, packages_skip_by_dep=None, packages_skip_regex=None, packages_skip_test_passed=False, packages_skip_up_to=None, packages_start=None, packages_up_to=None, packages_up_to_regex=None, parallel_workers=32, paths=None, symlink_install=False, test_result_base=None, verb_extension=<colcon_core.verb.build.BuildVerb object at 0x7e18e3a9dc10>, verb_name='build', verb_parser=<colcon_mixin.mixin.mixin_argument.MixinArgumentDecorator object at 0x7e18e3aa7220>)
[0.128s] Level 1:colcon.colcon_core.package_discovery:discover_packages(colcon_meta) check parameters
[0.129s] INFO:colcon.colcon_metadata.package_discovery.colcon_meta:Using configuration from '/root/.colcon/metadata/default/Gazebo.meta'
[0.129s] INFO:colcon.colcon_metadata.package_discovery.colcon_meta:Using configuration from '/root/.colcon/metadata/default/fastdds.meta'
[0.129s] INFO:colcon.colcon_metadata.package_discovery.colcon_meta:Using configuration from '/root/.colcon/metadata/default/fastrtps.meta'
[0.129s] Level 1:colcon.colcon_core.package_discovery:discover_packages(recursive) check parameters
[0.129s] Level 1:colcon.colcon_core.package_discovery:discover_packages(ignore) check parameters
[0.129s] Level 1:colcon.colcon_core.package_discovery:discover_packages(path) check parameters
[0.129s] Level 1:colcon.colcon_core.package_discovery:discover_packages(colcon_meta) discover
[0.129s] Level 1:colcon.colcon_core.package_discovery:discover_packages(recursive) discover
[0.129s] INFO:colcon.colcon_core.package_discovery:Crawling recursively for packages in '/root/tello_ros_ws/src'
[0.129s] Level 1:colcon.colcon_core.package_identification:_identify(.) by extensions ['ignore', 'ignore_ament_install']
[0.129s] Level 1:colcon.colcon_core.package_identification:_identify(.) by extension 'ignore'
[0.129s] Level 1:colcon.colcon_core.package_identification:_identify(.) by extension 'ignore_ament_install'
[0.129s] Level 1:colcon.colcon_core.package_identification:_identify(.) by extensions ['colcon_pkg']
[0.129s] Level 1:colcon.colcon_core.package_identification:_identify(.) by extension 'colcon_pkg'
[0.129s] Level 1:colcon.colcon_core.package_identification:_identify(.) by extensions ['colcon_meta']
[0.129s] Level 1:colcon.colcon_core.package_identification:_identify(.) by extension 'colcon_meta'
[0.129s] Level 1:colcon.colcon_core.package_identification:_identify(.) by extensions ['ros']
[0.129s] Level 1:colcon.colcon_core.package_identification:_identify(.) by extension 'ros'
[0.138s] Level 1:colcon.colcon_core.package_identification:_identify(.) by extensions ['cmake', 'python']
[0.138s] Level 1:colcon.colcon_core.package_identification:_identify(.) by extension 'cmake'
[0.138s] Level 1:colcon.colcon_core.package_identification:_identify(.) by extension 'python'
[0.138s] Level 1:colcon.colcon_core.package_identification:_identify(.) by extensions ['python_setup_py']
[0.138s] Level 1:colcon.colcon_core.package_identification:_identify(.) by extension 'python_setup_py'
[0.138s] Level 1:colcon.colcon_core.package_identification:_identify(build) by extensions ['ignore', 'ignore_ament_install']
[0.138s] Level 1:colcon.colcon_core.package_identification:_identify(build) by extension 'ignore'
[0.138s] Level 1:colcon.colcon_core.package_identification:_identify(build) ignored
[0.138s] Level 1:colcon.colcon_core.package_identification:_identify(install) by extensions ['ignore', 'ignore_ament_install']
[0.138s] Level 1:colcon.colcon_core.package_identification:_identify(install) by extension 'ignore'
[0.138s] Level 1:colcon.colcon_core.package_identification:_identify(install) ignored
[0.138s] Level 1:colcon.colcon_core.package_identification:_identify(log) by extensions ['ignore', 'ignore_ament_install']
[0.138s] Level 1:colcon.colcon_core.package_identification:_identify(log) by extension 'ignore'
[0.138s] Level 1:colcon.colcon_core.package_identification:_identify(log) ignored
[0.138s] Level 1:colcon.colcon_core.package_identification:_identify(ros2_shared) by extensions ['ignore', 'ignore_ament_install']
[0.138s] Level 1:colcon.colcon_core.package_identification:_identify(ros2_shared) by extension 'ignore'
[0.138s] Level 1:colcon.colcon_core.package_identification:_identify(ros2_shared) by extension 'ignore_ament_install'
[0.138s] Level 1:colcon.colcon_core.package_identification:_identify(ros2_shared) by extensions ['colcon_pkg']
[0.138s] Level 1:colcon.colcon_core.package_identification:_identify(ros2_shared) by extension 'colcon_pkg'
[0.138s] Level 1:colcon.colcon_core.package_identification:_identify(ros2_shared) by extensions ['colcon_meta']
[0.138s] Level 1:colcon.colcon_core.package_identification:_identify(ros2_shared) by extension 'colcon_meta'
[0.138s] Level 1:colcon.colcon_core.package_identification:_identify(ros2_shared) by extensions ['ros']
[0.138s] Level 1:colcon.colcon_core.package_identification:_identify(ros2_shared) by extension 'ros'
[0.139s] DEBUG:colcon.colcon_core.package_identification:Package 'ros2_shared' with type 'ros.ament_cmake' and name 'ros2_shared'
[0.139s] Level 1:colcon.colcon_core.package_identification:_identify(tello_control) by extensions ['ignore', 'ignore_ament_install']
[0.139s] Level 1:colcon.colcon_core.package_identification:_identify(tello_control) by extension 'ignore'
[0.139s] Level 1:colcon.colcon_core.package_identification:_identify(tello_control) by extension 'ignore_ament_install'
[0.139s] Level 1:colcon.colcon_core.package_identification:_identify(tello_control) by extensions ['colcon_pkg']
[0.139s] Level 1:colcon.colcon_core.package_identification:_identify(tello_control) by extension 'colcon_pkg'
[0.139s] Level 1:colcon.colcon_core.package_identification:_identify(tello_control) by extensions ['colcon_meta']
[0.139s] Level 1:colcon.colcon_core.package_identification:_identify(tello_control) by extension 'colcon_meta'
[0.139s] Level 1:colcon.colcon_core.package_identification:_identify(tello_control) by extensions ['ros']
[0.139s] Level 1:colcon.colcon_core.package_identification:_identify(tello_control) by extension 'ros'
[0.140s] DEBUG:colcon.colcon_core.package_identification:Found ROS schema reference in package manifest in 'tello_control'
[0.140s] WARNING:colcon.colcon_core.package_identification:Failed to parse ROS package manifest in 'tello_control': Error(s) in package 'tello_control/package.xml':
Error(s):
- The generic dependency on 'rclpy' is redundant with: exec_depend
[0.140s] Level 1:colcon.colcon_core.package_identification:_identify(tello_control) by extensions ['cmake', 'python']
[0.140s] Level 1:colcon.colcon_core.package_identification:_identify(tello_control) by extension 'cmake'
[0.140s] Level 1:colcon.colcon_core.package_identification:_identify(tello_control) by extension 'python'
[0.140s] DEBUG:colcon.colcon_core.package_identification:Python package in 'tello_control' passes arguments to the setup() function which requires a different identification extension than 'python'
[0.140s] Level 1:colcon.colcon_core.package_identification:_identify(tello_control) by extensions ['python_setup_py']
[0.140s] Level 1:colcon.colcon_core.package_identification:_identify(tello_control) by extension 'python_setup_py'
[0.221s] ERROR:colcon.colcon_core.package_identification:Exception in package identification extension 'python_setup_py' in 'tello_control': Command '['/usr/bin/python3', '-c', 'import sys;from contextlib import suppress;exec("with suppress(ImportError):    from setuptools.extern.packaging.specifiers    import SpecifierSet");exec("with suppress(ImportError):    from packaging.specifiers import SpecifierSet");from distutils.core import run_setup;dist = run_setup(    \'setup.py\', script_args=(\'--dry-run\',), stop_after=\'config\');skip_keys = (\'cmdclass\', \'distclass\', \'ext_modules\', \'metadata\');data = {    key: value for key, value in dist.__dict__.items()     if (        not key.startswith(\'_\') and         not callable(value) and         key not in skip_keys and         key not in dist.display_option_names    )};data[\'metadata\'] = {    k: v for k, v in dist.metadata.__dict__.items()     if k not in (\'license_files\', \'provides_extras\')};sys.stdout.buffer.write(repr(data).encode(\'utf-8\'))']' returned non-zero exit status 1.
Traceback (most recent call last):
  File "/usr/lib/python3/dist-packages/colcon_core/package_identification/__init__.py", line 142, in _identify
    retval = extension.identify(_reused_descriptor_instance)
  File "/usr/lib/python3/dist-packages/colcon_python_setup_py/package_identification/python_setup_py.py", line 48, in identify
    config = get_setup_information(setup_py)
  File "/usr/lib/python3/dist-packages/colcon_python_setup_py/package_identification/python_setup_py.py", line 241, in get_setup_information
    _setup_information_cache[hashable_env] = _get_setup_information(
  File "/usr/lib/python3/dist-packages/colcon_python_setup_py/package_identification/python_setup_py.py", line 288, in _get_setup_information
    result = subprocess.run(
  File "/usr/lib/python3.8/subprocess.py", line 516, in run
    raise CalledProcessError(retcode, process.args,
subprocess.CalledProcessError: Command '['/usr/bin/python3', '-c', 'import sys;from contextlib import suppress;exec("with suppress(ImportError):    from setuptools.extern.packaging.specifiers    import SpecifierSet");exec("with suppress(ImportError):    from packaging.specifiers import SpecifierSet");from distutils.core import run_setup;dist = run_setup(    \'setup.py\', script_args=(\'--dry-run\',), stop_after=\'config\');skip_keys = (\'cmdclass\', \'distclass\', \'ext_modules\', \'metadata\');data = {    key: value for key, value in dist.__dict__.items()     if (        not key.startswith(\'_\') and         not callable(value) and         key not in skip_keys and         key not in dist.display_option_names    )};data[\'metadata\'] = {    k: v for k, v in dist.metadata.__dict__.items()     if k not in (\'license_files\', \'provides_extras\')};sys.stdout.buffer.write(repr(data).encode(\'utf-8\'))']' returned non-zero exit status 1.

[0.221s] Level 1:colcon.colcon_core.package_identification:_identify(tello_control/resource) by extensions ['ignore', 'ignore_ament_install']
[0.221s] Level 1:colcon.colcon_core.package_identification:_identify(tello_control/resource) by extension 'ignore'
[0.221s] Level 1:colcon.colcon_core.package_identification:_identify(tello_control/resource) by extension 'ignore_ament_install'
[0.221s] Level 1:colcon.colcon_core.package_identification:_identify(tello_control/resource) by extensions ['colcon_pkg']
[0.221s] Level 1:colcon.colcon_core.package_identification:_identify(tello_control/resource) by extension 'colcon_pkg'
[0.221s] Level 1:colcon.colcon_core.package_identification:_identify(tello_control/resource) by extensions ['colcon_meta']
[0.221s] Level 1:colcon.colcon_core.package_identification:_identify(tello_control/resource) by extension 'colcon_meta'
[0.221s] Level 1:colcon.colcon_core.package_identification:_identify(tello_control/resource) by extensions ['ros']
[0.221s] Level 1:colcon.colcon_core.package_identification:_identify(tello_control/resource) by extension 'ros'
[0.221s] Level 1:colcon.colcon_core.package_identification:_identify(tello_control/resource) by extensions ['cmake', 'python']
[0.221s] Level 1:colcon.colcon_core.package_identification:_identify(tello_control/resource) by extension 'cmake'
[0.221s] Level 1:colcon.colcon_core.package_identification:_identify(tello_control/resource) by extension 'python'
[0.221s] Level 1:colcon.colcon_core.package_identification:_identify(tello_control/resource) by extensions ['python_setup_py']
[0.221s] Level 1:colcon.colcon_core.package_identification:_identify(tello_control/resource) by extension 'python_setup_py'
[0.221s] Level 1:colcon.colcon_core.package_identification:_identify(tello_control/tello_control) by extensions ['ignore', 'ignore_ament_install']
[0.221s] Level 1:colcon.colcon_core.package_identification:_identify(tello_control/tello_control) by extension 'ignore'
[0.221s] Level 1:colcon.colcon_core.package_identification:_identify(tello_control/tello_control) by extension 'ignore_ament_install'
[0.221s] Level 1:colcon.colcon_core.package_identification:_identify(tello_control/tello_control) by extensions ['colcon_pkg']
[0.221s] Level 1:colcon.colcon_core.package_identification:_identify(tello_control/tello_control) by extension 'colcon_pkg'
[0.221s] Level 1:colcon.colcon_core.package_identification:_identify(tello_control/tello_control) by extensions ['colcon_meta']
[0.221s] Level 1:colcon.colcon_core.package_identification:_identify(tello_control/tello_control) by extension 'colcon_meta'
[0.221s] Level 1:colcon.colcon_core.package_identification:_identify(tello_control/tello_control) by extensions ['ros']
[0.221s] Level 1:colcon.colcon_core.package_identification:_identify(tello_control/tello_control) by extension 'ros'
[0.221s] Level 1:colcon.colcon_core.package_identification:_identify(tello_control/tello_control) by extensions ['cmake', 'python']
[0.221s] Level 1:colcon.colcon_core.package_identification:_identify(tello_control/tello_control) by extension 'cmake'
[0.221s] Level 1:colcon.colcon_core.package_identification:_identify(tello_control/tello_control) by extension 'python'
[0.222s] Level 1:colcon.colcon_core.package_identification:_identify(tello_control/tello_control) by extensions ['python_setup_py']
[0.222s] Level 1:colcon.colcon_core.package_identification:_identify(tello_control/tello_control) by extension 'python_setup_py'
[0.222s] Level 1:colcon.colcon_core.package_identification:_identify(tello_control/test) by extensions ['ignore', 'ignore_ament_install']
[0.222s] Level 1:colcon.colcon_core.package_identification:_identify(tello_control/test) by extension 'ignore'
[0.222s] Level 1:colcon.colcon_core.package_identification:_identify(tello_control/test) by extension 'ignore_ament_install'
[0.222s] Level 1:colcon.colcon_core.package_identification:_identify(tello_control/test) by extensions ['colcon_pkg']
[0.222s] Level 1:colcon.colcon_core.package_identification:_identify(tello_control/test) by extension 'colcon_pkg'
[0.222s] Level 1:colcon.colcon_core.package_identification:_identify(tello_control/test) by extensions ['colcon_meta']
[0.222s] Level 1:colcon.colcon_core.package_identification:_identify(tello_control/test) by extension 'colcon_meta'
[0.222s] Level 1:colcon.colcon_core.package_identification:_identify(tello_control/test) by extensions ['ros']
[0.222s] Level 1:colcon.colcon_core.package_identification:_identify(tello_control/test) by extension 'ros'
[0.222s] Level 1:colcon.colcon_core.package_identification:_identify(tello_control/test) by extensions ['cmake', 'python']
[0.222s] Level 1:colcon.colcon_core.package_identification:_identify(tello_control/test) by extension 'cmake'
[0.222s] Level 1:colcon.colcon_core.package_identification:_identify(tello_control/test) by extension 'python'
[0.222s] Level 1:colcon.colcon_core.package_identification:_identify(tello_control/test) by extensions ['python_setup_py']
[0.222s] Level 1:colcon.colcon_core.package_identification:_identify(tello_control/test) by extension 'python_setup_py'
[0.222s] Level 1:colcon.colcon_core.package_identification:_identify(tello_cv) by extensions ['ignore', 'ignore_ament_install']
[0.222s] Level 1:colcon.colcon_core.package_identification:_identify(tello_cv) by extension 'ignore'
[0.222s] Level 1:colcon.colcon_core.package_identification:_identify(tello_cv) by extension 'ignore_ament_install'
[0.222s] Level 1:colcon.colcon_core.package_identification:_identify(tello_cv) by extensions ['colcon_pkg']
[0.222s] Level 1:colcon.colcon_core.package_identification:_identify(tello_cv) by extension 'colcon_pkg'
[0.222s] Level 1:colcon.colcon_core.package_identification:_identify(tello_cv) by extensions ['colcon_meta']
[0.222s] Level 1:colcon.colcon_core.package_identification:_identify(tello_cv) by extension 'colcon_meta'
[0.222s] Level 1:colcon.colcon_core.package_identification:_identify(tello_cv) by extensions ['ros']
[0.222s] Level 1:colcon.colcon_core.package_identification:_identify(tello_cv) by extension 'ros'
[0.223s] DEBUG:colcon.colcon_core.package_identification:Package 'tello_cv' with type 'ros.ament_python' and name 'tello_cv'
[0.223s] Level 1:colcon.colcon_core.package_identification:_identify(tello_description) by extensions ['ignore', 'ignore_ament_install']
[0.223s] Level 1:colcon.colcon_core.package_identification:_identify(tello_description) by extension 'ignore'
[0.223s] Level 1:colcon.colcon_core.package_identification:_identify(tello_description) by extension 'ignore_ament_install'
[0.223s] Level 1:colcon.colcon_core.package_identification:_identify(tello_description) by extensions ['colcon_pkg']
[0.223s] Level 1:colcon.colcon_core.package_identification:_identify(tello_description) by extension 'colcon_pkg'
[0.223s] Level 1:colcon.colcon_core.package_identification:_identify(tello_description) by extensions ['colcon_meta']
[0.223s] Level 1:colcon.colcon_core.package_identification:_identify(tello_description) by extension 'colcon_meta'
[0.223s] Level 1:colcon.colcon_core.package_identification:_identify(tello_description) by extensions ['ros']
[0.223s] Level 1:colcon.colcon_core.package_identification:_identify(tello_description) by extension 'ros'
[0.223s] DEBUG:colcon.colcon_core.package_identification:Package 'tello_description' with type 'ros.ament_cmake' and name 'tello_description'
[0.223s] Level 1:colcon.colcon_core.package_identification:_identify(tello_driver) by extensions ['ignore', 'ignore_ament_install']
[0.223s] Level 1:colcon.colcon_core.package_identification:_identify(tello_driver) by extension 'ignore'
[0.223s] Level 1:colcon.colcon_core.package_identification:_identify(tello_driver) by extension 'ignore_ament_install'
[0.223s] Level 1:colcon.colcon_core.package_identification:_identify(tello_driver) by extensions ['colcon_pkg']
[0.223s] Level 1:colcon.colcon_core.package_identification:_identify(tello_driver) by extension 'colcon_pkg'
[0.223s] Level 1:colcon.colcon_core.package_identification:_identify(tello_driver) by extensions ['colcon_meta']
[0.223s] Level 1:colcon.colcon_core.package_identification:_identify(tello_driver) by extension 'colcon_meta'
[0.223s] Level 1:colcon.colcon_core.package_identification:_identify(tello_driver) by extensions ['ros']
[0.223s] Level 1:colcon.colcon_core.package_identification:_identify(tello_driver) by extension 'ros'
[0.224s] DEBUG:colcon.colcon_core.package_identification:Package 'tello_driver' with type 'ros.ament_cmake' and name 'tello_driver'
[0.224s] Level 1:colcon.colcon_core.package_identification:_identify(tello_gazebo) by extensions ['ignore', 'ignore_ament_install']
[0.224s] Level 1:colcon.colcon_core.package_identification:_identify(tello_gazebo) by extension 'ignore'
[0.224s] Level 1:colcon.colcon_core.package_identification:_identify(tello_gazebo) by extension 'ignore_ament_install'
[0.224s] Level 1:colcon.colcon_core.package_identification:_identify(tello_gazebo) by extensions ['colcon_pkg']
[0.224s] Level 1:colcon.colcon_core.package_identification:_identify(tello_gazebo) by extension 'colcon_pkg'
[0.224s] Level 1:colcon.colcon_core.package_identification:_identify(tello_gazebo) by extensions ['colcon_meta']
[0.224s] Level 1:colcon.colcon_core.package_identification:_identify(tello_gazebo) by extension 'colcon_meta'
[0.224s] Level 1:colcon.colcon_core.package_identification:_identify(tello_gazebo) by extensions ['ros']
[0.224s] Level 1:colcon.colcon_core.package_identification:_identify(tello_gazebo) by extension 'ros'
[0.224s] DEBUG:colcon.colcon_core.package_identification:Package 'tello_gazebo' with type 'ros.ament_cmake' and name 'tello_gazebo'
[0.224s] Level 1:colcon.colcon_core.package_identification:_identify(tello_msgs) by extensions ['ignore', 'ignore_ament_install']
[0.224s] Level 1:colcon.colcon_core.package_identification:_identify(tello_msgs) by extension 'ignore'
[0.224s] Level 1:colcon.colcon_core.package_identification:_identify(tello_msgs) by extension 'ignore_ament_install'
[0.224s] Level 1:colcon.colcon_core.package_identification:_identify(tello_msgs) by extensions ['colcon_pkg']
[0.224s] Level 1:colcon.colcon_core.package_identification:_identify(tello_msgs) by extension 'colcon_pkg'
[0.224s] Level 1:colcon.colcon_core.package_identification:_identify(tello_msgs) by extensions ['colcon_meta']
[0.224s] Level 1:colcon.colcon_core.package_identification:_identify(tello_msgs) by extension 'colcon_meta'
[0.224s] Level 1:colcon.colcon_core.package_identification:_identify(tello_msgs) by extensions ['ros']
[0.224s] Level 1:colcon.colcon_core.package_identification:_identify(tello_msgs) by extension 'ros'
[0.225s] DEBUG:colcon.colcon_core.package_identification:Package 'tello_msgs' with type 'ros.ament_cmake' and name 'tello_msgs'
[0.225s] Level 1:colcon.colcon_core.package_discovery:discover_packages(recursive) using defaults
[0.225s] Level 1:colcon.colcon_core.package_discovery:discover_packages(ignore) discover
[0.225s] Level 1:colcon.colcon_core.package_discovery:discover_packages(ignore) using defaults
[0.225s] Level 1:colcon.colcon_core.package_discovery:discover_packages(path) discover
[0.225s] Level 1:colcon.colcon_core.package_discovery:discover_packages(path) using defaults
[0.225s] WARNING:colcon.colcon_core.package_selection:ignoring unknown package 'tello_control' in --packages-select
[0.235s] INFO:colcon.colcon_core.package_selection:Skipping not selected package 'ros2_shared' in 'ros2_shared'
[0.235s] INFO:colcon.colcon_core.package_selection:Skipping not selected package 'tello_cv' in 'tello_cv'
[0.235s] INFO:colcon.colcon_core.package_selection:Skipping not selected package 'tello_description' in 'tello_description'
[0.235s] INFO:colcon.colcon_core.package_selection:Skipping not selected package 'tello_msgs' in 'tello_msgs'
[0.235s] INFO:colcon.colcon_core.package_selection:Skipping not selected package 'tello_driver' in 'tello_driver'
[0.235s] INFO:colcon.colcon_core.package_selection:Skipping not selected package 'tello_gazebo' in 'tello_gazebo'
[0.235s] INFO:colcon.colcon_core.executor:Executing jobs using 'parallel' executor
[0.236s] DEBUG:colcon.colcon_parallel_executor.executor.parallel:run_until_complete
[0.236s] DEBUG:colcon.colcon_parallel_executor.executor.parallel:closing loop
[0.237s] DEBUG:colcon.colcon_parallel_executor.executor.parallel:loop closed
[0.237s] DEBUG:colcon.colcon_parallel_executor.executor.parallel:run_until_complete finished with '0'
[0.237s] DEBUG:colcon.colcon_core.event_reactor:joining thread
[0.239s] INFO:colcon.colcon_core.plugin_system:Skipping extension 'colcon_notification.desktop_notification.notify_send': Could not find 'notify-send'
[0.239s] INFO:colcon.colcon_core.plugin_system:Skipping extension 'colcon_notification.desktop_notification.terminal_notifier': Not used on non-Darwin systems
[0.239s] INFO:colcon.colcon_core.plugin_system:Skipping extension 'colcon_notification.desktop_notification.win32': Not used on non-Windows systems
[0.239s] INFO:colcon.colcon_notification.desktop_notification:Sending desktop notification using 'notify2'
[0.240s] DEBUG:colcon.colcon_notification.desktop_notification.notify2:Failed to initialize notify2: org.freedesktop.DBus.Error.Spawn.ExecFailed: /usr/bin/dbus-launch terminated abnormally without any error message
[0.240s] DEBUG:colcon.colcon_core.event_reactor:joined thread
[0.243s] INFO:colcon.colcon_core.plugin_system:Skipping extension 'colcon_core.shell.bat': Not used on non-Windows systems
[0.243s] INFO:colcon.colcon_core.shell:Creating prefix script '/root/tello_ros_ws/src/install/local_setup.ps1'
[0.243s] INFO:colcon.colcon_core.shell:Creating prefix util module '/root/tello_ros_ws/src/install/_local_setup_util_ps1.py'
[0.244s] INFO:colcon.colcon_core.shell:Creating prefix chain script '/root/tello_ros_ws/src/install/setup.ps1'
[0.244s] INFO:colcon.colcon_core.shell:Creating prefix script '/root/tello_ros_ws/src/install/local_setup.sh'
[0.245s] INFO:colcon.colcon_core.shell:Creating prefix util module '/root/tello_ros_ws/src/install/_local_setup_util_sh.py'
[0.245s] INFO:colcon.colcon_core.shell:Creating prefix chain script '/root/tello_ros_ws/src/install/setup.sh'
[0.245s] INFO:colcon.colcon_core.shell:Creating prefix script '/root/tello_ros_ws/src/install/local_setup.bash'
[0.246s] INFO:colcon.colcon_core.shell:Creating prefix chain script '/root/tello_ros_ws/src/install/setup.bash'
[0.246s] INFO:colcon.colcon_core.shell:Creating prefix script '/root/tello_ros_ws/src/install/local_setup.zsh'
[0.246s] INFO:colcon.colcon_core.shell:Creating prefix chain script '/root/tello_ros_ws/src/install/setup.zsh'
