-- Found ament_cmake: 0.9.12 (/opt/ros/foxy/share/ament_cmake/cmake)
-- Using PYTHON_EXECUTABLE: /usr/bin/python3
-- Found camera_calibration_parsers: 2.4.0 (/opt/ros/foxy/share/camera_calibration_parsers/cmake)
-- Using all available rosidl_typesupport_c: rosidl_typesupport_fastrtps_c;rosidl_typesupport_introspection_c
-- Found rosidl_adapter: 1.3.1 (/opt/ros/foxy/share/rosidl_adapter/cmake)
-- Found OpenSSL: /usr/lib/x86_64-linux-gnu/libcrypto.so (found version "1.1.1f")  
-- Found FastRTPS: /opt/ros/foxy/include  
-- Using all available rosidl_typesupport_cpp: rosidl_typesupport_fastrtps_cpp;rosidl_typesupport_introspection_cpp
-- Found rmw_implementation_cmake: 1.0.4 (/opt/ros/foxy/share/rmw_implementation_cmake/cmake)
-- Using RMW implementation 'rmw_fastrtps_cpp' as default
-- Looking for pthread.h
-- Looking for pthread.h - found
-- Performing Test CMAKE_HAVE_LIBC_PTHREAD
-- Performing Test CMAKE_HAVE_LIBC_PTHREAD - Failed
-- Looking for pthread_create in pthreads
-- Looking for pthread_create in pthreads - not found
-- Looking for pthread_create in pthread
-- Looking for pthread_create in pthread - found
-- Found Threads: TRUE  
-- Setting yaml-cpp_DIR to: '/opt/ros/foxy/share/yaml_cpp_vendor/cmake/../../../opt/yaml_cpp_vendor/lib/cmake/yaml-cpp'
-- Found class_loader: 2.0.3 (/opt/ros/foxy/share/class_loader/cmake)
-- Found cv_bridge: 3.0.7 (/opt/ros/foxy/share/cv_bridge/cmake)
-- Found OpenCV: /usr (found version "4.2.0") 
-- Found rclcpp_components: 2.4.3 (/opt/ros/foxy/share/rclcpp_components/cmake)
-- Found ros2_shared: 0.1.0 (/root/tello_ros_ws/install/ros2_shared/share/ros2_shared/cmake)
-- Found tello_msgs: 0.1.0 (/root/tello_ros_ws/install/tello_msgs/share/tello_msgs/cmake)
-- Configuring done
-- Generating done
-- Build files have been written to: /root/tello_ros_ws/build/tello_driver
[35m[1mScanning dependencies of target tello_joy_main[0m
[35m[1mScanning dependencies of target tello_driver_main[0m
[35m[1mScanning dependencies of target tello_driver_node[0m
[35m[1mScanning dependencies of target tello_joy_node[0m
[35m[1mScanning dependencies of target tello_emulator[0m
[  4%] [32mBuilding CXX object CMakeFiles/tello_emulator.dir/src/tello_emulator.cpp.o[0m
[  9%] [32mBuilding CXX object CMakeFiles/tello_joy_node.dir/src/tello_joy_node.cpp.o[0m
[ 13%] [32mBuilding CXX object CMakeFiles/tello_joy_main.dir/src/tello_joy_main.cpp.o[0m
[ 18%] [32mBuilding CXX object CMakeFiles/tello_joy_main.dir/src/tello_joy_node.cpp.o[0m
[ 22%] [32mBuilding CXX object CMakeFiles/tello_driver_node.dir/src/command_socket.cpp.o[0m
[ 27%] [32mBuilding CXX object CMakeFiles/tello_driver_node.dir/src/video_socket.cpp.o[0m
[ 31%] [32mBuilding CXX object CMakeFiles/tello_driver_main.dir/src/state_socket.cpp.o[0m
[ 36%] [32mBuilding CXX object CMakeFiles/tello_driver_main.dir/src/command_socket.cpp.o[0m
[ 40%] [32mBuilding CXX object CMakeFiles/tello_driver_main.dir/src/video_socket.cpp.o[0m
[ 45%] [32mBuilding CXX object CMakeFiles/tello_driver_main.dir/src/tello_driver_main.cpp.o[0m
[ 54%] [32mBuilding CXX object CMakeFiles/tello_driver_main.dir/src/tello_driver_node.cpp.o[0m
[ 54%] [32mBuilding CXX object CMakeFiles/tello_driver_node.dir/src/tello_driver_node.cpp.o[0m
[ 59%] [32mBuilding CXX object CMakeFiles/tello_driver_main.dir/src/tello_socket.cpp.o[0m
[ 63%] [32mBuilding CXX object CMakeFiles/tello_driver_node.dir/src/tello_socket.cpp.o[0m
[ 68%] [32mBuilding CXX object CMakeFiles/tello_driver_main.dir/h264decoder/h264decoder.cpp.o[0m
[ 72%] [32mBuilding CXX object CMakeFiles/tello_driver_node.dir/src/state_socket.cpp.o[0m
[ 77%] [32mBuilding CXX object CMakeFiles/tello_driver_node.dir/h264decoder/h264decoder.cpp.o[0m
[ 81%] [32m[1mLinking CXX executable tello_emulator[0m
[ 81%] Built target tello_emulator
[ 86%] [32m[1mLinking CXX executable tello_joy_main[0m
[ 86%] Built target tello_joy_main
[ 90%] [32m[1mLinking CXX shared library libtello_joy_node.so[0m
[ 90%] Built target tello_joy_node
[ 95%] [32m[1mLinking CXX executable tello_driver_main[0m
[100%] [32m[1mLinking CXX shared library libtello_driver_node.so[0m
[100%] Built target tello_driver_main
[100%] Built target tello_driver_node
-- Install configuration: ""
-- Installing: /root/tello_ros_ws/install/tello_driver/share/tello_driver/environment/library_path.sh
-- Installing: /root/tello_ros_ws/install/tello_driver/share/tello_driver/environment/library_path.dsv
-- Installing: /root/tello_ros_ws/install/tello_driver/lib/libtello_driver_node.so
-- Set runtime path of "/root/tello_ros_ws/install/tello_driver/lib/libtello_driver_node.so" to ""
-- Installing: /root/tello_ros_ws/install/tello_driver/lib/libtello_joy_node.so
-- Set runtime path of "/root/tello_ros_ws/install/tello_driver/lib/libtello_joy_node.so" to ""
-- Installing: /root/tello_ros_ws/install/tello_driver/lib/tello_driver/tello_driver_main
-- Set runtime path of "/root/tello_ros_ws/install/tello_driver/lib/tello_driver/tello_driver_main" to ""
-- Installing: /root/tello_ros_ws/install/tello_driver/lib/tello_driver/tello_joy_main
-- Set runtime path of "/root/tello_ros_ws/install/tello_driver/lib/tello_driver/tello_joy_main" to ""
-- Installing: /root/tello_ros_ws/install/tello_driver/lib/tello_driver/tello_emulator
-- Installing: /root/tello_ros_ws/install/tello_driver/share/tello_driver/cfg
-- Installing: /root/tello_ros_ws/install/tello_driver/share/tello_driver/cfg/camera_info.yaml
-- Installing: /root/tello_ros_ws/install/tello_driver/share/tello_driver/launch
-- Installing: /root/tello_ros_ws/install/tello_driver/share/tello_driver/launch/teleop_launch.py
-- Installing: /root/tello_ros_ws/install/tello_driver/share/tello_driver/launch/emulators_launch.py
-- Installing: /root/tello_ros_ws/install/tello_driver/share/tello_driver/launch/emulator_launch.py
-- Installing: /root/tello_ros_ws/install/tello_driver/share/ament_index/resource_index/package_run_dependencies/tello_driver
-- Installing: /root/tello_ros_ws/install/tello_driver/share/ament_index/resource_index/parent_prefix_path/tello_driver
-- Installing: /root/tello_ros_ws/install/tello_driver/share/tello_driver/environment/ament_prefix_path.sh
-- Installing: /root/tello_ros_ws/install/tello_driver/share/tello_driver/environment/ament_prefix_path.dsv
-- Installing: /root/tello_ros_ws/install/tello_driver/share/tello_driver/environment/path.sh
-- Installing: /root/tello_ros_ws/install/tello_driver/share/tello_driver/environment/path.dsv
-- Installing: /root/tello_ros_ws/install/tello_driver/share/tello_driver/local_setup.bash
-- Installing: /root/tello_ros_ws/install/tello_driver/share/tello_driver/local_setup.sh
-- Installing: /root/tello_ros_ws/install/tello_driver/share/tello_driver/local_setup.zsh
-- Installing: /root/tello_ros_ws/install/tello_driver/share/tello_driver/local_setup.dsv
-- Installing: /root/tello_ros_ws/install/tello_driver/share/tello_driver/package.dsv
-- Installing: /root/tello_ros_ws/install/tello_driver/share/ament_index/resource_index/packages/tello_driver
-- Installing: /root/tello_ros_ws/install/tello_driver/share/ament_index/resource_index/rclcpp_components/tello_driver
-- Installing: /root/tello_ros_ws/install/tello_driver/share/tello_driver/cmake/tello_driverConfig.cmake
-- Installing: /root/tello_ros_ws/install/tello_driver/share/tello_driver/cmake/tello_driverConfig-version.cmake
-- Installing: /root/tello_ros_ws/install/tello_driver/share/tello_driver/package.xml
