[0.139s] Invoking command in '/root/tello_ros_ws/build/tello_driver': CMAKE_PREFIX_PATH=/root/tello_ros_ws/install/tello_msgs:/root/tello_ros_ws/install/ros2_shared:/root/tello_ros_ws/install/tello_gazebo:/root/tello_ros_ws/install/tello_driver:/root/tello_ros_ws/install/tello_description:/root/tello_ros_ws/install/tello_control:/root/tello_ros_ws/install/tello_cv:/opt/ros/foxy LD_LIBRARY_PATH=/root/tello_ros_ws/install/tello_msgs/lib:/root/tello_ros_ws/install/tello_gazebo/lib:/root/tello_ros_ws/install/tello_driver/lib:/usr/lib/x86_64-linux-gnu/gazebo-11/plugins:/opt/ros/foxy/opt/yaml_cpp_vendor/lib:/opt/ros/foxy/opt/rviz_ogre_vendor/lib:/opt/ros/foxy/lib/x86_64-linux-gnu:/opt/ros/foxy/lib PYTHONPATH=/root/tello_ros_ws/install/tello_msgs/lib/python3.8/site-packages:/root/tello_ros_ws/install/tello_control/lib/python3.8/site-packages:/root/tello_ros_ws/install/tello_cv/lib/python3.8/site-packages:/opt/ros/foxy/lib/python3.8/site-packages /usr/bin/cmake --build /root/tello_ros_ws/build/tello_driver -- -j32 -l32
[0.177s] [  9%] Built target tello_emulator
[0.189s] [ 18%] Built target tello_joy_node
[0.194s] [ 31%] Built target tello_joy_main
[0.201s] [ 68%] Built target tello_driver_main
[0.202s] [100%] Built target tello_driver_node
[0.209s] Invoked command in '/root/tello_ros_ws/build/tello_driver' returned '0': CMAKE_PREFIX_PATH=/root/tello_ros_ws/install/tello_msgs:/root/tello_ros_ws/install/ros2_shared:/root/tello_ros_ws/install/tello_gazebo:/root/tello_ros_ws/install/tello_driver:/root/tello_ros_ws/install/tello_description:/root/tello_ros_ws/install/tello_control:/root/tello_ros_ws/install/tello_cv:/opt/ros/foxy LD_LIBRARY_PATH=/root/tello_ros_ws/install/tello_msgs/lib:/root/tello_ros_ws/install/tello_gazebo/lib:/root/tello_ros_ws/install/tello_driver/lib:/usr/lib/x86_64-linux-gnu/gazebo-11/plugins:/opt/ros/foxy/opt/yaml_cpp_vendor/lib:/opt/ros/foxy/opt/rviz_ogre_vendor/lib:/opt/ros/foxy/lib/x86_64-linux-gnu:/opt/ros/foxy/lib PYTHONPATH=/root/tello_ros_ws/install/tello_msgs/lib/python3.8/site-packages:/root/tello_ros_ws/install/tello_control/lib/python3.8/site-packages:/root/tello_ros_ws/install/tello_cv/lib/python3.8/site-packages:/opt/ros/foxy/lib/python3.8/site-packages /usr/bin/cmake --build /root/tello_ros_ws/build/tello_driver -- -j32 -l32
[0.261s] Invoking command in '/root/tello_ros_ws/build/tello_driver': CMAKE_PREFIX_PATH=/root/tello_ros_ws/install/tello_msgs:/root/tello_ros_ws/install/ros2_shared:/root/tello_ros_ws/install/tello_gazebo:/root/tello_ros_ws/install/tello_driver:/root/tello_ros_ws/install/tello_description:/root/tello_ros_ws/install/tello_control:/root/tello_ros_ws/install/tello_cv:/opt/ros/foxy LD_LIBRARY_PATH=/root/tello_ros_ws/install/tello_msgs/lib:/root/tello_ros_ws/install/tello_gazebo/lib:/root/tello_ros_ws/install/tello_driver/lib:/usr/lib/x86_64-linux-gnu/gazebo-11/plugins:/opt/ros/foxy/opt/yaml_cpp_vendor/lib:/opt/ros/foxy/opt/rviz_ogre_vendor/lib:/opt/ros/foxy/lib/x86_64-linux-gnu:/opt/ros/foxy/lib PYTHONPATH=/root/tello_ros_ws/install/tello_msgs/lib/python3.8/site-packages:/root/tello_ros_ws/install/tello_control/lib/python3.8/site-packages:/root/tello_ros_ws/install/tello_cv/lib/python3.8/site-packages:/opt/ros/foxy/lib/python3.8/site-packages /usr/bin/cmake --install /root/tello_ros_ws/build/tello_driver
[0.268s] -- Install configuration: ""
[0.268s] -- Up-to-date: /root/tello_ros_ws/install/tello_driver/share/tello_driver/environment/library_path.sh
[0.268s] -- Up-to-date: /root/tello_ros_ws/install/tello_driver/share/tello_driver/environment/library_path.dsv
[0.268s] -- Up-to-date: /root/tello_ros_ws/install/tello_driver/lib/libtello_driver_node.so
[0.269s] -- Up-to-date: /root/tello_ros_ws/install/tello_driver/lib/libtello_joy_node.so
[0.269s] -- Up-to-date: /root/tello_ros_ws/install/tello_driver/lib/tello_driver/tello_driver_main
[0.269s] -- Up-to-date: /root/tello_ros_ws/install/tello_driver/lib/tello_driver/tello_joy_main
[0.269s] -- Up-to-date: /root/tello_ros_ws/install/tello_driver/lib/tello_driver/tello_emulator
[0.270s] -- Up-to-date: /root/tello_ros_ws/install/tello_driver/share/tello_driver/cfg
[0.270s] -- Up-to-date: /root/tello_ros_ws/install/tello_driver/share/tello_driver/cfg/camera_info.yaml
[0.270s] -- Up-to-date: /root/tello_ros_ws/install/tello_driver/share/tello_driver/launch
[0.270s] -- Up-to-date: /root/tello_ros_ws/install/tello_driver/share/tello_driver/launch/teleop_launch.py
[0.270s] -- Up-to-date: /root/tello_ros_ws/install/tello_driver/share/tello_driver/launch/emulators_launch.py
[0.270s] -- Up-to-date: /root/tello_ros_ws/install/tello_driver/share/tello_driver/launch/emulator_launch.py
[0.270s] -- Up-to-date: /root/tello_ros_ws/install/tello_driver/share/ament_index/resource_index/package_run_dependencies/tello_driver
[0.270s] -- Up-to-date: /root/tello_ros_ws/install/tello_driver/share/ament_index/resource_index/parent_prefix_path/tello_driver
[0.270s] -- Up-to-date: /root/tello_ros_ws/install/tello_driver/share/tello_driver/environment/ament_prefix_path.sh
[0.270s] -- Up-to-date: /root/tello_ros_ws/install/tello_driver/share/tello_driver/environment/ament_prefix_path.dsv
[0.271s] -- Up-to-date: /root/tello_ros_ws/install/tello_driver/share/tello_driver/environment/path.sh
[0.271s] -- Up-to-date: /root/tello_ros_ws/install/tello_driver/share/tello_driver/environment/path.dsv
[0.271s] -- Up-to-date: /root/tello_ros_ws/install/tello_driver/share/tello_driver/local_setup.bash
[0.271s] -- Up-to-date: /root/tello_ros_ws/install/tello_driver/share/tello_driver/local_setup.sh
[0.271s] -- Up-to-date: /root/tello_ros_ws/install/tello_driver/share/tello_driver/local_setup.zsh
[0.271s] -- Up-to-date: /root/tello_ros_ws/install/tello_driver/share/tello_driver/local_setup.dsv
[0.271s] -- Installing: /root/tello_ros_ws/install/tello_driver/share/tello_driver/package.dsv
[0.271s] -- Up-to-date: /root/tello_ros_ws/install/tello_driver/share/ament_index/resource_index/packages/tello_driver
[0.271s] -- Up-to-date: /root/tello_ros_ws/install/tello_driver/share/ament_index/resource_index/rclcpp_components/tello_driver
[0.271s] -- Up-to-date: /root/tello_ros_ws/install/tello_driver/share/tello_driver/cmake/tello_driverConfig.cmake
[0.271s] -- Up-to-date: /root/tello_ros_ws/install/tello_driver/share/tello_driver/cmake/tello_driverConfig-version.cmake
[0.271s] -- Up-to-date: /root/tello_ros_ws/install/tello_driver/share/tello_driver/package.xml
[0.274s] Invoked command in '/root/tello_ros_ws/build/tello_driver' returned '0': CMAKE_PREFIX_PATH=/root/tello_ros_ws/install/tello_msgs:/root/tello_ros_ws/install/ros2_shared:/root/tello_ros_ws/install/tello_gazebo:/root/tello_ros_ws/install/tello_driver:/root/tello_ros_ws/install/tello_description:/root/tello_ros_ws/install/tello_control:/root/tello_ros_ws/install/tello_cv:/opt/ros/foxy LD_LIBRARY_PATH=/root/tello_ros_ws/install/tello_msgs/lib:/root/tello_ros_ws/install/tello_gazebo/lib:/root/tello_ros_ws/install/tello_driver/lib:/usr/lib/x86_64-linux-gnu/gazebo-11/plugins:/opt/ros/foxy/opt/yaml_cpp_vendor/lib:/opt/ros/foxy/opt/rviz_ogre_vendor/lib:/opt/ros/foxy/lib/x86_64-linux-gnu:/opt/ros/foxy/lib PYTHONPATH=/root/tello_ros_ws/install/tello_msgs/lib/python3.8/site-packages:/root/tello_ros_ws/install/tello_control/lib/python3.8/site-packages:/root/tello_ros_ws/install/tello_cv/lib/python3.8/site-packages:/opt/ros/foxy/lib/python3.8/site-packages /usr/bin/cmake --install /root/tello_ros_ws/build/tello_driver
