[0.010s] Invoking command in '/root/tello_ros_ws/build/ros2_shared': CMAKE_PREFIX_PATH=/opt/ros/foxy /usr/bin/cmake /root/tello_ros_ws/src/ros2_shared -DCMAKE_INSTALL_PREFIX=/root/tello_ros_ws/install/ros2_shared
[0.048s] -- The C compiler identification is GNU 9.4.0
[0.077s] -- The CXX compiler identification is GNU 9.4.0
[0.080s] -- Check for working C compiler: /usr/bin/cc
[0.134s] -- Check for working C compiler: /usr/bin/cc -- works
[0.135s] -- Detecting C compiler ABI info
[0.176s] -- Detecting C compiler ABI info - done
[0.184s] -- Detecting C compile features
[0.184s] -- Detecting C compile features - done
[0.186s] -- Check for working CXX compiler: /usr/bin/c++
[0.235s] -- Check for working CXX compiler: /usr/bin/c++ -- works
[0.236s] -- Detecting CXX compiler ABI info
[0.290s] -- Detecting CXX compiler ABI info - done
[0.295s] -- Detecting CXX compile features
[0.296s] -- Detecting CXX compile features - done
[0.297s] -- Found ament_cmake: 0.9.12 (/opt/ros/foxy/share/ament_cmake/cmake)
[0.312s] -- Found PythonInterp: /usr/bin/python3 (found suitable version "3.8.10", minimum required is "3") 
[0.312s] -- Using PYTHON_EXECUTABLE: /usr/bin/python3
[0.386s] -- Found rclcpp: 2.4.3 (/opt/ros/foxy/share/rclcpp/cmake)
[0.406s] -- Using all available rosidl_typesupport_c: rosidl_typesupport_fastrtps_c;rosidl_typesupport_introspection_c
[0.409s] -- Found rosidl_adapter: 1.3.1 (/opt/ros/foxy/share/rosidl_adapter/cmake)
[0.479s] -- Found OpenSSL: /usr/lib/x86_64-linux-gnu/libcrypto.so (found version "1.1.1f")  
[0.495s] -- Found FastRTPS: /opt/ros/foxy/include  
[0.537s] -- Using all available rosidl_typesupport_cpp: rosidl_typesupport_fastrtps_cpp;rosidl_typesupport_introspection_cpp
[0.564s] -- Found rmw_implementation_cmake: 1.0.4 (/opt/ros/foxy/share/rmw_implementation_cmake/cmake)
[0.564s] -- Using RMW implementation 'rmw_fastrtps_cpp' as default
[0.565s] -- Looking for pthread.h
[0.621s] -- Looking for pthread.h - found
[0.621s] -- Performing Test CMAKE_HAVE_LIBC_PTHREAD
[0.681s] -- Performing Test CMAKE_HAVE_LIBC_PTHREAD - Failed
[0.681s] -- Looking for pthread_create in pthreads
[0.725s] -- Looking for pthread_create in pthreads - not found
[0.725s] -- Looking for pthread_create in pthread
[0.772s] -- Looking for pthread_create in pthread - found
[0.773s] -- Found Threads: TRUE  
[0.873s] -- Configuring done
[0.874s] -- Generating done
[0.874s] -- Build files have been written to: /root/tello_ros_ws/build/ros2_shared
[0.879s] Invoked command in '/root/tello_ros_ws/build/ros2_shared' returned '0': CMAKE_PREFIX_PATH=/opt/ros/foxy /usr/bin/cmake /root/tello_ros_ws/src/ros2_shared -DCMAKE_INSTALL_PREFIX=/root/tello_ros_ws/install/ros2_shared
[0.879s] Invoking command in '/root/tello_ros_ws/build/ros2_shared': CMAKE_PREFIX_PATH=/opt/ros/foxy /usr/bin/cmake --build /root/tello_ros_ws/build/ros2_shared -- -j32 -l32
[0.908s] Invoked command in '/root/tello_ros_ws/build/ros2_shared' returned '0': CMAKE_PREFIX_PATH=/opt/ros/foxy /usr/bin/cmake --build /root/tello_ros_ws/build/ros2_shared -- -j32 -l32
[0.927s] Invoking command in '/root/tello_ros_ws/build/ros2_shared': CMAKE_PREFIX_PATH=/opt/ros/foxy /usr/bin/cmake --install /root/tello_ros_ws/build/ros2_shared
[0.934s] -- Install configuration: ""
[0.934s] -- Installing: /root/tello_ros_ws/install/ros2_shared/include
[0.934s] -- Installing: /root/tello_ros_ws/install/ros2_shared/include/ros2_shared
[0.934s] -- Installing: /root/tello_ros_ws/install/ros2_shared/include/ros2_shared/string_printf.hpp
[0.934s] -- Installing: /root/tello_ros_ws/install/ros2_shared/include/ros2_shared/param_macros.hpp
[0.934s] -- Installing: /root/tello_ros_ws/install/ros2_shared/include/ros2_shared/context_macros.hpp
[0.934s] -- Installing: /root/tello_ros_ws/install/ros2_shared/share/ament_index/resource_index/package_run_dependencies/ros2_shared
[0.934s] -- Installing: /root/tello_ros_ws/install/ros2_shared/share/ament_index/resource_index/parent_prefix_path/ros2_shared
[0.934s] -- Installing: /root/tello_ros_ws/install/ros2_shared/share/ros2_shared/environment/ament_prefix_path.sh
[0.934s] -- Installing: /root/tello_ros_ws/install/ros2_shared/share/ros2_shared/environment/ament_prefix_path.dsv
[0.934s] -- Installing: /root/tello_ros_ws/install/ros2_shared/share/ros2_shared/environment/path.sh
[0.934s] -- Installing: /root/tello_ros_ws/install/ros2_shared/share/ros2_shared/environment/path.dsv
[0.934s] -- Installing: /root/tello_ros_ws/install/ros2_shared/share/ros2_shared/local_setup.bash
[0.935s] -- Installing: /root/tello_ros_ws/install/ros2_shared/share/ros2_shared/local_setup.sh
[0.935s] -- Installing: /root/tello_ros_ws/install/ros2_shared/share/ros2_shared/local_setup.zsh
[0.935s] -- Installing: /root/tello_ros_ws/install/ros2_shared/share/ros2_shared/local_setup.dsv
[0.935s] -- Installing: /root/tello_ros_ws/install/ros2_shared/share/ros2_shared/package.dsv
[0.935s] -- Installing: /root/tello_ros_ws/install/ros2_shared/share/ament_index/resource_index/packages/ros2_shared
[0.935s] -- Installing: /root/tello_ros_ws/install/ros2_shared/share/ros2_shared/cmake/ros2_shared_targetsExport.cmake
[0.935s] -- Installing: /root/tello_ros_ws/install/ros2_shared/share/ros2_shared/cmake/ament_cmake_export_targets-extras.cmake
[0.935s] -- Installing: /root/tello_ros_ws/install/ros2_shared/share/ros2_shared/cmake/ament_cmake_export_dependencies-extras.cmake
[0.935s] -- Installing: /root/tello_ros_ws/install/ros2_shared/share/ros2_shared/cmake/ros2_sharedConfig.cmake
[0.935s] -- Installing: /root/tello_ros_ws/install/ros2_shared/share/ros2_shared/cmake/ros2_sharedConfig-version.cmake
[0.935s] -- Installing: /root/tello_ros_ws/install/ros2_shared/share/ros2_shared/package.xml
[0.937s] Invoked command in '/root/tello_ros_ws/build/ros2_shared' returned '0': CMAKE_PREFIX_PATH=/opt/ros/foxy /usr/bin/cmake --install /root/tello_ros_ws/build/ros2_shared
