[0.013s] Invoking command in '/root/tello_ros_ws/build/tello_msgs': CMAKE_PREFIX_PATH=/opt/ros/foxy /usr/bin/cmake /root/tello_ros_ws/src/tello_msgs -DCMAKE_INSTALL_PREFIX=/root/tello_ros_ws/install/tello_msgs
[0.052s] -- The C compiler identification is GNU 9.4.0
[0.084s] -- The CXX compiler identification is GNU 9.4.0
[0.086s] -- Check for working C compiler: /usr/bin/cc
[0.137s] -- Check for working C compiler: /usr/bin/cc -- works
[0.137s] -- Detecting C compiler ABI info
[0.181s] -- Detecting C compiler ABI info - done
[0.186s] -- Detecting C compile features
[0.186s] -- Detecting C compile features - done
[0.187s] -- Check for working CXX compiler: /usr/bin/c++
[0.233s] -- Check for working CXX compiler: /usr/bin/c++ -- works
[0.233s] -- Detecting CXX compiler ABI info
[0.288s] -- Detecting CXX compiler ABI info - done
[0.294s] -- Detecting CXX compile features
[0.294s] -- Detecting CXX compile features - done
[0.295s] -- Found ament_cmake: 0.9.12 (/opt/ros/foxy/share/ament_cmake/cmake)
[0.307s] -- Found PythonInterp: /usr/bin/python3 (found suitable version "3.8.10", minimum required is "3") 
[0.307s] -- Using PYTHON_EXECUTABLE: /usr/bin/python3
[0.388s] -- Found rosidl_default_generators: 1.0.1 (/opt/ros/foxy/share/rosidl_default_generators/cmake)
[0.389s] -- Using all available rosidl_typesupport_c: rosidl_typesupport_fastrtps_c;rosidl_typesupport_introspection_c
[0.393s] -- Found rosidl_adapter: 1.3.1 (/opt/ros/foxy/share/rosidl_adapter/cmake)
[0.464s] -- Found OpenSSL: /usr/lib/x86_64-linux-gnu/libcrypto.so (found version "1.1.1f")  
[0.497s] -- Found FastRTPS: /opt/ros/foxy/include  
[0.542s] -- Using all available rosidl_typesupport_cpp: rosidl_typesupport_fastrtps_cpp;rosidl_typesupport_introspection_cpp
[0.555s] -- Found std_msgs: 2.0.5 (/opt/ros/foxy/share/std_msgs/cmake)
[0.581s] -- Found PythonInterp: /usr/bin/python3 (found version "3.8.10") 
[0.740s] -- Found ament_cmake_ros: 0.9.2 (/opt/ros/foxy/share/ament_cmake_ros/cmake)
[0.837s] -- Using all available rosidl_typesupport_c: rosidl_typesupport_fastrtps_c;rosidl_typesupport_introspection_c
[0.863s] -- Using all available rosidl_typesupport_cpp: rosidl_typesupport_fastrtps_cpp;rosidl_typesupport_introspection_cpp
[0.874s] -- Found PythonInterp: /usr/bin/python3 (found suitable version "3.8.10", minimum required is "3.5") 
[0.875s] -- Found python_cmake_module: 0.8.1 (/opt/ros/foxy/share/python_cmake_module/cmake)
[0.889s] -- Found PythonLibs: /usr/lib/x86_64-linux-gnu/libpython3.8.so (found suitable version "3.8.10", minimum required is "3.5") 
[0.889s] -- Using PYTHON_EXECUTABLE: /usr/bin/python3
[0.889s] -- Using PYTHON_INCLUDE_DIRS: /usr/include/python3.8
[0.889s] -- Using PYTHON_LIBRARIES: /usr/lib/x86_64-linux-gnu/libpython3.8.so
[0.903s] -- Found PythonExtra: .so  
[0.956s] -- Configuring done
[0.976s] -- Generating done
[0.977s] -- Build files have been written to: /root/tello_ros_ws/build/tello_msgs
[0.982s] Invoked command in '/root/tello_ros_ws/build/tello_msgs' returned '0': CMAKE_PREFIX_PATH=/opt/ros/foxy /usr/bin/cmake /root/tello_ros_ws/src/tello_msgs -DCMAKE_INSTALL_PREFIX=/root/tello_ros_ws/install/tello_msgs
[0.983s] Invoking command in '/root/tello_ros_ws/build/tello_msgs': CMAKE_PREFIX_PATH=/opt/ros/foxy /usr/bin/cmake --build /root/tello_ros_ws/build/tello_msgs -- -j32 -l32
[1.013s] [35m[1mScanning dependencies of target tello_msgs__cpp[0m
[1.013s] [  2%] [34m[1mGenerating C code for ROS interfaces[0m
[1.036s] [  4%] [34m[1mGenerating C++ code for ROS interfaces[0m
[1.304s] [  4%] Built target tello_msgs__cpp
[1.306s] [35m[1mScanning dependencies of target tello_msgs__rosidl_generator_c[0m
[1.312s] [  6%] [34m[1mGenerating C++ type support dispatch for ROS interfaces[0m
[1.312s] [  8%] [34m[1mGenerating C++ introspection for ROS interfaces[0m
[1.312s] [ 10%] [34m[1mGenerating C++ type support for eProsima Fast-RTPS[0m
[1.315s] [ 12%] [32mBuilding C object CMakeFiles/tello_msgs__rosidl_generator_c.dir/rosidl_generator_c/tello_msgs/srv/detail/tello_action__functions.c.o[0m
[1.315s] [ 14%] [32mBuilding C object CMakeFiles/tello_msgs__rosidl_generator_c.dir/rosidl_generator_c/tello_msgs/msg/detail/tello_response__functions.c.o[0m
[1.316s] [ 17%] [32mBuilding C object CMakeFiles/tello_msgs__rosidl_generator_c.dir/rosidl_generator_c/tello_msgs/msg/detail/flight_data__functions.c.o[0m
[1.348s] [ 19%] [32m[1mLinking C shared library libtello_msgs__rosidl_generator_c.so[0m
[1.370s] [ 19%] Built target tello_msgs__rosidl_generator_c
[1.377s] [ 21%] [34m[1mGenerating C introspection for ROS interfaces[0m
[1.377s] [ 23%] [34m[1mGenerating C type support dispatch for ROS interfaces[0m
[1.525s] [35m[1mScanning dependencies of target tello_msgs__rosidl_typesupport_cpp[0m
[1.533s] [ 25%] [32mBuilding CXX object CMakeFiles/tello_msgs__rosidl_typesupport_cpp.dir/rosidl_typesupport_cpp/tello_msgs/msg/tello_response__type_support.cpp.o[0m
[1.533s] [ 27%] [32mBuilding CXX object CMakeFiles/tello_msgs__rosidl_typesupport_cpp.dir/rosidl_typesupport_cpp/tello_msgs/srv/tello_action__type_support.cpp.o[0m
[1.535s] [ 29%] [32mBuilding CXX object CMakeFiles/tello_msgs__rosidl_typesupport_cpp.dir/rosidl_typesupport_cpp/tello_msgs/msg/flight_data__type_support.cpp.o[0m
[1.553s] [35m[1mScanning dependencies of target tello_msgs__rosidl_typesupport_introspection_cpp[0m
[1.559s] [35m[1mScanning dependencies of target tello_msgs__rosidl_typesupport_fastrtps_cpp[0m
[1.562s] [ 31%] [32mBuilding CXX object CMakeFiles/tello_msgs__rosidl_typesupport_introspection_cpp.dir/rosidl_typesupport_introspection_cpp/tello_msgs/srv/detail/tello_action__type_support.cpp.o[0m
[1.563s] [ 34%] [32mBuilding CXX object CMakeFiles/tello_msgs__rosidl_typesupport_introspection_cpp.dir/rosidl_typesupport_introspection_cpp/tello_msgs/msg/detail/flight_data__type_support.cpp.o[0m
[1.563s] [ 36%] [32mBuilding CXX object CMakeFiles/tello_msgs__rosidl_typesupport_introspection_cpp.dir/rosidl_typesupport_introspection_cpp/tello_msgs/msg/detail/tello_response__type_support.cpp.o[0m
[1.572s] [ 38%] [32mBuilding CXX object CMakeFiles/tello_msgs__rosidl_typesupport_fastrtps_cpp.dir/rosidl_typesupport_fastrtps_cpp/tello_msgs/msg/detail/dds_fastrtps/tello_response__type_support.cpp.o[0m
[1.573s] [ 40%] [32mBuilding CXX object CMakeFiles/tello_msgs__rosidl_typesupport_fastrtps_cpp.dir/rosidl_typesupport_fastrtps_cpp/tello_msgs/msg/detail/dds_fastrtps/flight_data__type_support.cpp.o[0m
[1.573s] [ 42%] [32mBuilding CXX object CMakeFiles/tello_msgs__rosidl_typesupport_fastrtps_cpp.dir/rosidl_typesupport_fastrtps_cpp/tello_msgs/srv/detail/dds_fastrtps/tello_action__type_support.cpp.o[0m
[1.600s] [35m[1mScanning dependencies of target tello_msgs__rosidl_typesupport_c[0m
[1.611s] [ 46%] [32mBuilding CXX object CMakeFiles/tello_msgs__rosidl_typesupport_c.dir/rosidl_typesupport_c/tello_msgs/srv/tello_action__type_support.cpp.o[0m
[1.611s] [ 46%] [32mBuilding CXX object CMakeFiles/tello_msgs__rosidl_typesupport_c.dir/rosidl_typesupport_c/tello_msgs/msg/tello_response__type_support.cpp.o[0m
[1.611s] [ 48%] [32mBuilding CXX object CMakeFiles/tello_msgs__rosidl_typesupport_c.dir/rosidl_typesupport_c/tello_msgs/msg/flight_data__type_support.cpp.o[0m
[1.618s] [35m[1mScanning dependencies of target tello_msgs__rosidl_typesupport_introspection_c[0m
[1.626s] [ 53%] [32mBuilding C object CMakeFiles/tello_msgs__rosidl_typesupport_introspection_c.dir/rosidl_typesupport_introspection_c/tello_msgs/msg/detail/tello_response__type_support.c.o[0m
[1.626s] [ 53%] [32mBuilding C object CMakeFiles/tello_msgs__rosidl_typesupport_introspection_c.dir/rosidl_typesupport_introspection_c/tello_msgs/srv/detail/tello_action__type_support.c.o[0m
[1.628s] [ 55%] [32mBuilding C object CMakeFiles/tello_msgs__rosidl_typesupport_introspection_c.dir/rosidl_typesupport_introspection_c/tello_msgs/msg/detail/flight_data__type_support.c.o[0m
[1.636s] [ 57%] [32m[1mLinking CXX shared library libtello_msgs__rosidl_typesupport_c.so[0m
[1.653s] [ 59%] [32m[1mLinking C shared library libtello_msgs__rosidl_typesupport_introspection_c.so[0m
[1.661s] [ 59%] Built target tello_msgs__rosidl_typesupport_c
[1.673s] [ 59%] Built target tello_msgs__rosidl_typesupport_introspection_c
[1.725s] [ 61%] [32m[1mLinking CXX shared library libtello_msgs__rosidl_typesupport_cpp.so[0m
[1.730s] [ 63%] [32m[1mLinking CXX shared library libtello_msgs__rosidl_typesupport_introspection_cpp.so[0m
[1.753s] [ 63%] Built target tello_msgs__rosidl_typesupport_cpp
[1.768s] [ 65%] [32m[1mLinking CXX shared library libtello_msgs__rosidl_typesupport_fastrtps_cpp.so[0m
[1.768s] [ 65%] Built target tello_msgs__rosidl_typesupport_introspection_cpp
[1.812s] [ 65%] Built target tello_msgs__rosidl_typesupport_fastrtps_cpp
[1.820s] [ 68%] [34m[1mGenerating C type support for eProsima Fast-RTPS[0m
[2.050s] [35m[1mScanning dependencies of target tello_msgs__rosidl_typesupport_fastrtps_c[0m
[2.066s] [ 70%] [32mBuilding CXX object CMakeFiles/tello_msgs__rosidl_typesupport_fastrtps_c.dir/rosidl_typesupport_fastrtps_c/tello_msgs/msg/detail/flight_data__type_support_c.cpp.o[0m
[2.066s] [ 72%] [32mBuilding CXX object CMakeFiles/tello_msgs__rosidl_typesupport_fastrtps_c.dir/rosidl_typesupport_fastrtps_c/tello_msgs/msg/detail/tello_response__type_support_c.cpp.o[0m
[2.066s] [ 74%] [32mBuilding CXX object CMakeFiles/tello_msgs__rosidl_typesupport_fastrtps_c.dir/rosidl_typesupport_fastrtps_c/tello_msgs/srv/detail/tello_action__type_support_c.cpp.o[0m
[2.214s] [ 76%] [32m[1mLinking CXX shared library libtello_msgs__rosidl_typesupport_fastrtps_c.so[0m
[2.267s] [ 76%] Built target tello_msgs__rosidl_typesupport_fastrtps_c
[2.275s] [35m[1mScanning dependencies of target tello_msgs[0m
[2.286s] [ 76%] Built target tello_msgs
[2.296s] [35m[1mScanning dependencies of target tello_msgs__py[0m
[2.311s] [ 78%] [34m[1mGenerating Python code for ROS interfaces[0m
[2.774s] [ 78%] Built target tello_msgs__py
[2.781s] [35m[1mScanning dependencies of target tello_msgs__python[0m
[2.798s] [ 80%] [32mBuilding C object CMakeFiles/tello_msgs__python.dir/rosidl_generator_py/tello_msgs/srv/_tello_action_s.c.o[0m
[2.799s] [ 82%] [32mBuilding C object CMakeFiles/tello_msgs__python.dir/rosidl_generator_py/tello_msgs/msg/_flight_data_s.c.o[0m
[2.800s] [ 85%] [32mBuilding C object CMakeFiles/tello_msgs__python.dir/rosidl_generator_py/tello_msgs/msg/_tello_response_s.c.o[0m
[2.857s] [ 87%] [32m[1mLinking C shared library rosidl_generator_py/tello_msgs/libtello_msgs__python.so[0m
[2.899s] [ 87%] Built target tello_msgs__python
[2.914s] [35m[1mScanning dependencies of target tello_msgs__rosidl_typesupport_fastrtps_c__pyext[0m
[2.915s] [35m[1mScanning dependencies of target tello_msgs__rosidl_typesupport_introspection_c__pyext[0m
[2.916s] [35m[1mScanning dependencies of target tello_msgs__rosidl_typesupport_c__pyext[0m
[2.924s] [ 89%] [32mBuilding C object CMakeFiles/tello_msgs__rosidl_typesupport_introspection_c__pyext.dir/rosidl_generator_py/tello_msgs/_tello_msgs_s.ep.rosidl_typesupport_introspection_c.c.o[0m
[2.925s] [ 91%] [32mBuilding C object CMakeFiles/tello_msgs__rosidl_typesupport_fastrtps_c__pyext.dir/rosidl_generator_py/tello_msgs/_tello_msgs_s.ep.rosidl_typesupport_fastrtps_c.c.o[0m
[2.928s] [ 93%] [32mBuilding C object CMakeFiles/tello_msgs__rosidl_typesupport_c__pyext.dir/rosidl_generator_py/tello_msgs/_tello_msgs_s.ep.rosidl_typesupport_c.c.o[0m
[2.970s] [ 95%] [32m[1mLinking CXX shared library rosidl_generator_py/tello_msgs/tello_msgs_s__rosidl_typesupport_fastrtps_c.cpython-38-x86_64-linux-gnu.so[0m
[2.978s] [ 97%] [32m[1mLinking C shared library rosidl_generator_py/tello_msgs/tello_msgs_s__rosidl_typesupport_c.cpython-38-x86_64-linux-gnu.so[0m
[2.978s] [100%] [32m[1mLinking C shared library rosidl_generator_py/tello_msgs/tello_msgs_s__rosidl_typesupport_introspection_c.cpython-38-x86_64-linux-gnu.so[0m
[3.000s] [100%] Built target tello_msgs__rosidl_typesupport_introspection_c__pyext
[3.003s] [100%] Built target tello_msgs__rosidl_typesupport_c__pyext
[3.009s] [100%] Built target tello_msgs__rosidl_typesupport_fastrtps_c__pyext
[3.018s] Invoked command in '/root/tello_ros_ws/build/tello_msgs' returned '0': CMAKE_PREFIX_PATH=/opt/ros/foxy /usr/bin/cmake --build /root/tello_ros_ws/build/tello_msgs -- -j32 -l32
[3.212s] Invoking command in '/root/tello_ros_ws/build/tello_msgs': CMAKE_PREFIX_PATH=/opt/ros/foxy /usr/bin/cmake --install /root/tello_ros_ws/build/tello_msgs
[3.235s] -- Install configuration: ""
[3.235s] -- Installing: /root/tello_ros_ws/install/tello_msgs/share/ament_index/resource_index/rosidl_interfaces/tello_msgs
[3.236s] -- Installing: /root/tello_ros_ws/install/tello_msgs/include/tello_msgs
[3.236s] -- Installing: /root/tello_ros_ws/install/tello_msgs/include/tello_msgs/srv
[3.236s] -- Installing: /root/tello_ros_ws/install/tello_msgs/include/tello_msgs/srv/tello_action.h
[3.236s] -- Installing: /root/tello_ros_ws/install/tello_msgs/include/tello_msgs/srv/detail
[3.236s] -- Installing: /root/tello_ros_ws/install/tello_msgs/include/tello_msgs/srv/detail/tello_action__functions.c
[3.236s] -- Installing: /root/tello_ros_ws/install/tello_msgs/include/tello_msgs/srv/detail/tello_action__type_support.h
[3.236s] -- Installing: /root/tello_ros_ws/install/tello_msgs/include/tello_msgs/srv/detail/tello_action__struct.h
[3.236s] -- Installing: /root/tello_ros_ws/install/tello_msgs/include/tello_msgs/srv/detail/tello_action__functions.h
[3.236s] -- Installing: /root/tello_ros_ws/install/tello_msgs/include/tello_msgs/msg
[3.236s] -- Installing: /root/tello_ros_ws/install/tello_msgs/include/tello_msgs/msg/rosidl_generator_c__visibility_control.h
[3.236s] -- Installing: /root/tello_ros_ws/install/tello_msgs/include/tello_msgs/msg/flight_data.h
[3.236s] -- Installing: /root/tello_ros_ws/install/tello_msgs/include/tello_msgs/msg/tello_response.h
[3.236s] -- Installing: /root/tello_ros_ws/install/tello_msgs/include/tello_msgs/msg/detail
[3.236s] -- Installing: /root/tello_ros_ws/install/tello_msgs/include/tello_msgs/msg/detail/flight_data__functions.c
[3.236s] -- Installing: /root/tello_ros_ws/install/tello_msgs/include/tello_msgs/msg/detail/flight_data__struct.h
[3.237s] -- Installing: /root/tello_ros_ws/install/tello_msgs/include/tello_msgs/msg/detail/flight_data__type_support.h
[3.237s] -- Installing: /root/tello_ros_ws/install/tello_msgs/include/tello_msgs/msg/detail/tello_response__struct.h
[3.237s] -- Installing: /root/tello_ros_ws/install/tello_msgs/include/tello_msgs/msg/detail/tello_response__type_support.h
[3.237s] -- Installing: /root/tello_ros_ws/install/tello_msgs/include/tello_msgs/msg/detail/tello_response__functions.c
[3.237s] -- Installing: /root/tello_ros_ws/install/tello_msgs/include/tello_msgs/msg/detail/flight_data__functions.h
[3.237s] -- Installing: /root/tello_ros_ws/install/tello_msgs/include/tello_msgs/msg/detail/tello_response__functions.h
[3.237s] -- Installing: /root/tello_ros_ws/install/tello_msgs/share/tello_msgs/environment/library_path.sh
[3.237s] -- Installing: /root/tello_ros_ws/install/tello_msgs/share/tello_msgs/environment/library_path.dsv
[3.237s] -- Installing: /root/tello_ros_ws/install/tello_msgs/lib/libtello_msgs__rosidl_generator_c.so
[3.238s] -- Set runtime path of "/root/tello_ros_ws/install/tello_msgs/lib/libtello_msgs__rosidl_generator_c.so" to ""
[3.238s] -- Up-to-date: /root/tello_ros_ws/install/tello_msgs/include/tello_msgs
[3.238s] -- Up-to-date: /root/tello_ros_ws/install/tello_msgs/include/tello_msgs/srv
[3.238s] -- Up-to-date: /root/tello_ros_ws/install/tello_msgs/include/tello_msgs/srv/detail
[3.238s] -- Installing: /root/tello_ros_ws/install/tello_msgs/include/tello_msgs/srv/detail/tello_action__rosidl_typesupport_fastrtps_c.h
[3.238s] -- Up-to-date: /root/tello_ros_ws/install/tello_msgs/include/tello_msgs/msg
[3.238s] -- Installing: /root/tello_ros_ws/install/tello_msgs/include/tello_msgs/msg/rosidl_typesupport_fastrtps_c__visibility_control.h
[3.238s] -- Up-to-date: /root/tello_ros_ws/install/tello_msgs/include/tello_msgs/msg/detail
[3.238s] -- Installing: /root/tello_ros_ws/install/tello_msgs/include/tello_msgs/msg/detail/tello_response__rosidl_typesupport_fastrtps_c.h
[3.238s] -- Installing: /root/tello_ros_ws/install/tello_msgs/include/tello_msgs/msg/detail/flight_data__rosidl_typesupport_fastrtps_c.h
[3.238s] -- Installing: /root/tello_ros_ws/install/tello_msgs/lib/libtello_msgs__rosidl_typesupport_fastrtps_c.so
[3.238s] -- Set runtime path of "/root/tello_ros_ws/install/tello_msgs/lib/libtello_msgs__rosidl_typesupport_fastrtps_c.so" to ""
[3.238s] -- Up-to-date: /root/tello_ros_ws/install/tello_msgs/include/tello_msgs
[3.239s] -- Up-to-date: /root/tello_ros_ws/install/tello_msgs/include/tello_msgs/srv
[3.239s] -- Up-to-date: /root/tello_ros_ws/install/tello_msgs/include/tello_msgs/srv/detail
[3.239s] -- Installing: /root/tello_ros_ws/install/tello_msgs/include/tello_msgs/srv/detail/dds_fastrtps
[3.239s] -- Installing: /root/tello_ros_ws/install/tello_msgs/include/tello_msgs/srv/detail/tello_action__rosidl_typesupport_fastrtps_cpp.hpp
[3.239s] -- Up-to-date: /root/tello_ros_ws/install/tello_msgs/include/tello_msgs/msg
[3.239s] -- Installing: /root/tello_ros_ws/install/tello_msgs/include/tello_msgs/msg/rosidl_typesupport_fastrtps_cpp__visibility_control.h
[3.239s] -- Up-to-date: /root/tello_ros_ws/install/tello_msgs/include/tello_msgs/msg/detail
[3.239s] -- Installing: /root/tello_ros_ws/install/tello_msgs/include/tello_msgs/msg/detail/dds_fastrtps
[3.239s] -- Installing: /root/tello_ros_ws/install/tello_msgs/include/tello_msgs/msg/detail/tello_response__rosidl_typesupport_fastrtps_cpp.hpp
[3.239s] -- Installing: /root/tello_ros_ws/install/tello_msgs/include/tello_msgs/msg/detail/flight_data__rosidl_typesupport_fastrtps_cpp.hpp
[3.239s] -- Installing: /root/tello_ros_ws/install/tello_msgs/lib/libtello_msgs__rosidl_typesupport_fastrtps_cpp.so
[3.239s] -- Set runtime path of "/root/tello_ros_ws/install/tello_msgs/lib/libtello_msgs__rosidl_typesupport_fastrtps_cpp.so" to ""
[3.239s] -- Up-to-date: /root/tello_ros_ws/install/tello_msgs/include/tello_msgs
[3.239s] -- Up-to-date: /root/tello_ros_ws/install/tello_msgs/include/tello_msgs/srv
[3.239s] -- Up-to-date: /root/tello_ros_ws/install/tello_msgs/include/tello_msgs/srv/detail
[3.239s] -- Installing: /root/tello_ros_ws/install/tello_msgs/include/tello_msgs/srv/detail/tello_action__type_support.c
[3.239s] -- Installing: /root/tello_ros_ws/install/tello_msgs/include/tello_msgs/srv/detail/tello_action__rosidl_typesupport_introspection_c.h
[3.240s] -- Up-to-date: /root/tello_ros_ws/install/tello_msgs/include/tello_msgs/msg
[3.240s] -- Installing: /root/tello_ros_ws/install/tello_msgs/include/tello_msgs/msg/rosidl_typesupport_introspection_c__visibility_control.h
[3.240s] -- Up-to-date: /root/tello_ros_ws/install/tello_msgs/include/tello_msgs/msg/detail
[3.240s] -- Installing: /root/tello_ros_ws/install/tello_msgs/include/tello_msgs/msg/detail/flight_data__rosidl_typesupport_introspection_c.h
[3.240s] -- Installing: /root/tello_ros_ws/install/tello_msgs/include/tello_msgs/msg/detail/tello_response__rosidl_typesupport_introspection_c.h
[3.240s] -- Installing: /root/tello_ros_ws/install/tello_msgs/include/tello_msgs/msg/detail/tello_response__type_support.c
[3.240s] -- Installing: /root/tello_ros_ws/install/tello_msgs/include/tello_msgs/msg/detail/flight_data__type_support.c
[3.240s] -- Installing: /root/tello_ros_ws/install/tello_msgs/lib/libtello_msgs__rosidl_typesupport_introspection_c.so
[3.240s] -- Set runtime path of "/root/tello_ros_ws/install/tello_msgs/lib/libtello_msgs__rosidl_typesupport_introspection_c.so" to ""
[3.240s] -- Installing: /root/tello_ros_ws/install/tello_msgs/lib/libtello_msgs__rosidl_typesupport_c.so
[3.240s] -- Set runtime path of "/root/tello_ros_ws/install/tello_msgs/lib/libtello_msgs__rosidl_typesupport_c.so" to ""
[3.240s] -- Up-to-date: /root/tello_ros_ws/install/tello_msgs/include/tello_msgs
[3.240s] -- Up-to-date: /root/tello_ros_ws/install/tello_msgs/include/tello_msgs/srv
[3.240s] -- Installing: /root/tello_ros_ws/install/tello_msgs/include/tello_msgs/srv/tello_action.hpp
[3.241s] -- Up-to-date: /root/tello_ros_ws/install/tello_msgs/include/tello_msgs/srv/detail
[3.241s] -- Installing: /root/tello_ros_ws/install/tello_msgs/include/tello_msgs/srv/detail/tello_action__struct.hpp
[3.241s] -- Installing: /root/tello_ros_ws/install/tello_msgs/include/tello_msgs/srv/detail/tello_action__type_support.hpp
[3.241s] -- Installing: /root/tello_ros_ws/install/tello_msgs/include/tello_msgs/srv/detail/tello_action__builder.hpp
[3.241s] -- Installing: /root/tello_ros_ws/install/tello_msgs/include/tello_msgs/srv/detail/tello_action__traits.hpp
[3.241s] -- Up-to-date: /root/tello_ros_ws/install/tello_msgs/include/tello_msgs/msg
[3.241s] -- Installing: /root/tello_ros_ws/install/tello_msgs/include/tello_msgs/msg/rosidl_generator_cpp__visibility_control.hpp
[3.241s] -- Installing: /root/tello_ros_ws/install/tello_msgs/include/tello_msgs/msg/tello_response.hpp
[3.241s] -- Installing: /root/tello_ros_ws/install/tello_msgs/include/tello_msgs/msg/flight_data.hpp
[3.241s] -- Up-to-date: /root/tello_ros_ws/install/tello_msgs/include/tello_msgs/msg/detail
[3.241s] -- Installing: /root/tello_ros_ws/install/tello_msgs/include/tello_msgs/msg/detail/tello_response__type_support.hpp
[3.241s] -- Installing: /root/tello_ros_ws/install/tello_msgs/include/tello_msgs/msg/detail/flight_data__traits.hpp
[3.241s] -- Installing: /root/tello_ros_ws/install/tello_msgs/include/tello_msgs/msg/detail/flight_data__struct.hpp
[3.241s] -- Installing: /root/tello_ros_ws/install/tello_msgs/include/tello_msgs/msg/detail/tello_response__builder.hpp
[3.241s] -- Installing: /root/tello_ros_ws/install/tello_msgs/include/tello_msgs/msg/detail/tello_response__struct.hpp
[3.241s] -- Installing: /root/tello_ros_ws/install/tello_msgs/include/tello_msgs/msg/detail/tello_response__traits.hpp
[3.241s] -- Installing: /root/tello_ros_ws/install/tello_msgs/include/tello_msgs/msg/detail/flight_data__type_support.hpp
[3.241s] -- Installing: /root/tello_ros_ws/install/tello_msgs/include/tello_msgs/msg/detail/flight_data__builder.hpp
[3.241s] -- Up-to-date: /root/tello_ros_ws/install/tello_msgs/include/tello_msgs
[3.241s] -- Up-to-date: /root/tello_ros_ws/install/tello_msgs/include/tello_msgs/srv
[3.241s] -- Up-to-date: /root/tello_ros_ws/install/tello_msgs/include/tello_msgs/srv/detail
[3.241s] -- Installing: /root/tello_ros_ws/install/tello_msgs/include/tello_msgs/srv/detail/tello_action__rosidl_typesupport_introspection_cpp.hpp
[3.242s] -- Installing: /root/tello_ros_ws/install/tello_msgs/include/tello_msgs/srv/detail/tello_action__type_support.cpp
[3.242s] -- Up-to-date: /root/tello_ros_ws/install/tello_msgs/include/tello_msgs/msg
[3.242s] -- Up-to-date: /root/tello_ros_ws/install/tello_msgs/include/tello_msgs/msg/detail
[3.242s] -- Installing: /root/tello_ros_ws/install/tello_msgs/include/tello_msgs/msg/detail/tello_response__type_support.cpp
[3.242s] -- Installing: /root/tello_ros_ws/install/tello_msgs/include/tello_msgs/msg/detail/tello_response__rosidl_typesupport_introspection_cpp.hpp
[3.242s] -- Installing: /root/tello_ros_ws/install/tello_msgs/include/tello_msgs/msg/detail/flight_data__rosidl_typesupport_introspection_cpp.hpp
[3.242s] -- Installing: /root/tello_ros_ws/install/tello_msgs/include/tello_msgs/msg/detail/flight_data__type_support.cpp
[3.242s] -- Installing: /root/tello_ros_ws/install/tello_msgs/lib/libtello_msgs__rosidl_typesupport_introspection_cpp.so
[3.242s] -- Set runtime path of "/root/tello_ros_ws/install/tello_msgs/lib/libtello_msgs__rosidl_typesupport_introspection_cpp.so" to ""
[3.242s] -- Installing: /root/tello_ros_ws/install/tello_msgs/lib/libtello_msgs__rosidl_typesupport_cpp.so
[3.242s] -- Set runtime path of "/root/tello_ros_ws/install/tello_msgs/lib/libtello_msgs__rosidl_typesupport_cpp.so" to ""
[3.242s] -- Installing: /root/tello_ros_ws/install/tello_msgs/share/tello_msgs/environment/pythonpath.sh
[3.242s] -- Installing: /root/tello_ros_ws/install/tello_msgs/share/tello_msgs/environment/pythonpath.dsv
[3.242s] -- Installing: /root/tello_ros_ws/install/tello_msgs/lib/python3.8/site-packages/tello_msgs/__init__.py
[3.267s] Compiling '/root/tello_ros_ws/install/tello_msgs/lib/python3.8/site-packages/tello_msgs/__init__.py'...
[3.269s] -- Installing: /root/tello_ros_ws/install/tello_msgs/lib/python3.8/site-packages/tello_msgs/msg
[3.269s] -- Installing: /root/tello_ros_ws/install/tello_msgs/lib/python3.8/site-packages/tello_msgs/msg/_tello_response_s.c
[3.269s] -- Installing: /root/tello_ros_ws/install/tello_msgs/lib/python3.8/site-packages/tello_msgs/msg/_flight_data_s.c
[3.269s] -- Installing: /root/tello_ros_ws/install/tello_msgs/lib/python3.8/site-packages/tello_msgs/msg/_flight_data.py
[3.269s] -- Installing: /root/tello_ros_ws/install/tello_msgs/lib/python3.8/site-packages/tello_msgs/msg/_tello_response.py
[3.269s] -- Installing: /root/tello_ros_ws/install/tello_msgs/lib/python3.8/site-packages/tello_msgs/msg/__init__.py
[3.269s] -- Installing: /root/tello_ros_ws/install/tello_msgs/lib/python3.8/site-packages/tello_msgs/srv
[3.269s] -- Installing: /root/tello_ros_ws/install/tello_msgs/lib/python3.8/site-packages/tello_msgs/srv/_tello_action.py
[3.269s] -- Installing: /root/tello_ros_ws/install/tello_msgs/lib/python3.8/site-packages/tello_msgs/srv/_tello_action_s.c
[3.269s] -- Installing: /root/tello_ros_ws/install/tello_msgs/lib/python3.8/site-packages/tello_msgs/srv/__init__.py
[3.269s] -- Installing: /root/tello_ros_ws/install/tello_msgs/lib/python3.8/site-packages/tello_msgs/tello_msgs_s__rosidl_typesupport_fastrtps_c.cpython-38-x86_64-linux-gnu.so
[3.269s] -- Set runtime path of "/root/tello_ros_ws/install/tello_msgs/lib/python3.8/site-packages/tello_msgs/tello_msgs_s__rosidl_typesupport_fastrtps_c.cpython-38-x86_64-linux-gnu.so" to ""
[3.269s] -- Installing: /root/tello_ros_ws/install/tello_msgs/lib/python3.8/site-packages/tello_msgs/tello_msgs_s__rosidl_typesupport_introspection_c.cpython-38-x86_64-linux-gnu.so
[3.270s] -- Set runtime path of "/root/tello_ros_ws/install/tello_msgs/lib/python3.8/site-packages/tello_msgs/tello_msgs_s__rosidl_typesupport_introspection_c.cpython-38-x86_64-linux-gnu.so" to ""
[3.270s] -- Installing: /root/tello_ros_ws/install/tello_msgs/lib/python3.8/site-packages/tello_msgs/tello_msgs_s__rosidl_typesupport_c.cpython-38-x86_64-linux-gnu.so
[3.270s] -- Set runtime path of "/root/tello_ros_ws/install/tello_msgs/lib/python3.8/site-packages/tello_msgs/tello_msgs_s__rosidl_typesupport_c.cpython-38-x86_64-linux-gnu.so" to ""
[3.270s] -- Installing: /root/tello_ros_ws/install/tello_msgs/lib/libtello_msgs__python.so
[3.270s] -- Set runtime path of "/root/tello_ros_ws/install/tello_msgs/lib/libtello_msgs__python.so" to ""
[3.270s] -- Installing: /root/tello_ros_ws/install/tello_msgs/share/tello_msgs/msg/FlightData.idl
[3.270s] -- Installing: /root/tello_ros_ws/install/tello_msgs/share/tello_msgs/msg/TelloResponse.idl
[3.270s] -- Installing: /root/tello_ros_ws/install/tello_msgs/share/tello_msgs/srv/TelloAction.idl
[3.270s] -- Installing: /root/tello_ros_ws/install/tello_msgs/share/tello_msgs/msg/FlightData.msg
[3.270s] -- Installing: /root/tello_ros_ws/install/tello_msgs/share/tello_msgs/msg/TelloResponse.msg
[3.270s] -- Installing: /root/tello_ros_ws/install/tello_msgs/share/tello_msgs/srv/TelloAction.srv
[3.270s] -- Installing: /root/tello_ros_ws/install/tello_msgs/share/tello_msgs/srv/TelloAction_Request.msg
[3.270s] -- Installing: /root/tello_ros_ws/install/tello_msgs/share/tello_msgs/srv/TelloAction_Response.msg
[3.270s] -- Installing: /root/tello_ros_ws/install/tello_msgs/share/ament_index/resource_index/package_run_dependencies/tello_msgs
[3.270s] -- Installing: /root/tello_ros_ws/install/tello_msgs/share/ament_index/resource_index/parent_prefix_path/tello_msgs
[3.271s] -- Installing: /root/tello_ros_ws/install/tello_msgs/share/tello_msgs/environment/ament_prefix_path.sh
[3.271s] -- Installing: /root/tello_ros_ws/install/tello_msgs/share/tello_msgs/environment/ament_prefix_path.dsv
[3.271s] -- Installing: /root/tello_ros_ws/install/tello_msgs/share/tello_msgs/environment/path.sh
[3.271s] -- Installing: /root/tello_ros_ws/install/tello_msgs/share/tello_msgs/environment/path.dsv
[3.271s] -- Installing: /root/tello_ros_ws/install/tello_msgs/share/tello_msgs/local_setup.bash
[3.271s] -- Installing: /root/tello_ros_ws/install/tello_msgs/share/tello_msgs/local_setup.sh
[3.271s] -- Installing: /root/tello_ros_ws/install/tello_msgs/share/tello_msgs/local_setup.zsh
[3.271s] -- Installing: /root/tello_ros_ws/install/tello_msgs/share/tello_msgs/local_setup.dsv
[3.271s] -- Installing: /root/tello_ros_ws/install/tello_msgs/share/tello_msgs/package.dsv
[3.271s] -- Installing: /root/tello_ros_ws/install/tello_msgs/share/ament_index/resource_index/packages/tello_msgs
[3.271s] -- Installing: /root/tello_ros_ws/install/tello_msgs/share/tello_msgs/cmake/tello_msgs__rosidl_generator_cExport.cmake
[3.271s] -- Installing: /root/tello_ros_ws/install/tello_msgs/share/tello_msgs/cmake/tello_msgs__rosidl_generator_cExport-noconfig.cmake
[3.271s] -- Installing: /root/tello_ros_ws/install/tello_msgs/share/tello_msgs/cmake/tello_msgs__rosidl_typesupport_introspection_cExport.cmake
[3.271s] -- Installing: /root/tello_ros_ws/install/tello_msgs/share/tello_msgs/cmake/tello_msgs__rosidl_typesupport_introspection_cExport-noconfig.cmake
[3.271s] -- Installing: /root/tello_ros_ws/install/tello_msgs/share/tello_msgs/cmake/tello_msgs__rosidl_typesupport_cExport.cmake
[3.271s] -- Installing: /root/tello_ros_ws/install/tello_msgs/share/tello_msgs/cmake/tello_msgs__rosidl_typesupport_cExport-noconfig.cmake
[3.271s] -- Installing: /root/tello_ros_ws/install/tello_msgs/share/tello_msgs/cmake/tello_msgs__rosidl_generator_cppExport.cmake
[3.271s] -- Installing: /root/tello_ros_ws/install/tello_msgs/share/tello_msgs/cmake/tello_msgs__rosidl_typesupport_introspection_cppExport.cmake
[3.272s] -- Installing: /root/tello_ros_ws/install/tello_msgs/share/tello_msgs/cmake/tello_msgs__rosidl_typesupport_introspection_cppExport-noconfig.cmake
[3.272s] -- Installing: /root/tello_ros_ws/install/tello_msgs/share/tello_msgs/cmake/tello_msgs__rosidl_typesupport_cppExport.cmake
[3.272s] -- Installing: /root/tello_ros_ws/install/tello_msgs/share/tello_msgs/cmake/tello_msgs__rosidl_typesupport_cppExport-noconfig.cmake
[3.272s] -- Installing: /root/tello_ros_ws/install/tello_msgs/share/tello_msgs/cmake/rosidl_cmake-extras.cmake
[3.272s] -- Installing: /root/tello_ros_ws/install/tello_msgs/share/tello_msgs/cmake/ament_cmake_export_dependencies-extras.cmake
[3.272s] -- Installing: /root/tello_ros_ws/install/tello_msgs/share/tello_msgs/cmake/ament_cmake_export_libraries-extras.cmake
[3.272s] -- Installing: /root/tello_ros_ws/install/tello_msgs/share/tello_msgs/cmake/ament_cmake_export_targets-extras.cmake
[3.272s] -- Installing: /root/tello_ros_ws/install/tello_msgs/share/tello_msgs/cmake/ament_cmake_export_include_directories-extras.cmake
[3.272s] -- Installing: /root/tello_ros_ws/install/tello_msgs/share/tello_msgs/cmake/rosidl_cmake_export_typesupport_libraries-extras.cmake
[3.272s] -- Installing: /root/tello_ros_ws/install/tello_msgs/share/tello_msgs/cmake/rosidl_cmake_export_typesupport_targets-extras.cmake
[3.272s] -- Installing: /root/tello_ros_ws/install/tello_msgs/share/tello_msgs/cmake/tello_msgsConfig.cmake
[3.272s] -- Installing: /root/tello_ros_ws/install/tello_msgs/share/tello_msgs/cmake/tello_msgsConfig-version.cmake
[3.272s] -- Installing: /root/tello_ros_ws/install/tello_msgs/share/tello_msgs/package.xml
[3.274s] Invoked command in '/root/tello_ros_ws/build/tello_msgs' returned '0': CMAKE_PREFIX_PATH=/opt/ros/foxy /usr/bin/cmake --install /root/tello_ros_ws/build/tello_msgs
