[0.007s] Invoking command in '/root/tello_ros_ws/build/tello_gazebo': AMENT_PREFIX_PATH=/root/tello_ros_ws/install/tello_msgs:${AMENT_PREFIX_PATH} CMAKE_PREFIX_PATH=/root/tello_ros_ws/install/tello_msgs:/opt/ros/foxy LD_LIBRARY_PATH=/root/tello_ros_ws/install/tello_msgs/lib:${LD_LIBRARY_PATH} PYTHONPATH=/root/tello_ros_ws/install/tello_msgs/lib/python3.8/site-packages:${PYTHONPATH} /usr/bin/cmake /root/tello_ros_ws/src/tello_gazebo -DCMAKE_INSTALL_PREFIX=/root/tello_ros_ws/install/tello_gazebo
[0.015s] -- Found ament_cmake: 0.9.12 (/opt/ros/foxy/share/ament_cmake/cmake)
[0.026s] -- Using PYTHON_EXECUTABLE: /usr/bin/python3
[0.096s] -- Found PkgConfig: /usr/bin/pkg-config (found version "0.29.1") 
[0.100s] -- Checking for module 'bullet>=2.82'
[0.112s] --   Found bullet, version 2.88
[0.203s] -- Found ccd: /usr/include (found suitable version "2.0", minimum required is "2.0") 
[0.246s] -- Found fcl: /usr/include (found suitable version "0.5.0", minimum required is "0.3.2") 
[0.293s] -- Found assimp: /usr/include (found version "5.0.0") 
[0.314s] -- Found DART: /usr/include (Required is at least version "6.6") found components: dart 
[0.582s] -- Found Boost: /usr/lib/x86_64-linux-gnu/cmake/Boost-1.71.0/BoostConfig.cmake (found suitable version "1.71.0", minimum required is "1.40.0") found components: thread system filesystem program_options regex iostreams date_time 
[0.592s] -- Found Protobuf: /usr/lib/x86_64-linux-gnu/libprotobuf.so;-lpthread (found version "3.6.1") 
[0.594s] -- Looking for ignition-math6 -- found version 6.13.0
[0.598s] -- Searching for dependencies of ignition-math6
[0.598s] -- Looking for OGRE...
[0.599s] -- OGRE_PREFIX_WATCH changed.
[0.601s] -- Checking for module 'OGRE'
[0.612s] --   Found OGRE, version 1.9.0
[0.640s] -- Found Ogre Ghadamon (1.9.0)
[0.643s] -- Found OGRE: optimized;/usr/lib/x86_64-linux-gnu/libOgreMain.so;debug;/usr/lib/x86_64-linux-gnu/libOgreMain.so
[0.648s] -- Looking for OGRE_Paging...
[0.650s] -- Found OGRE_Paging: optimized;/usr/lib/x86_64-linux-gnu/libOgrePaging.so;debug;/usr/lib/x86_64-linux-gnu/libOgrePaging.so
[0.650s] -- Looking for OGRE_Terrain...
[0.652s] -- Found OGRE_Terrain: optimized;/usr/lib/x86_64-linux-gnu/libOgreTerrain.so;debug;/usr/lib/x86_64-linux-gnu/libOgreTerrain.so
[0.652s] -- Looking for OGRE_Property...
[0.654s] -- Found OGRE_Property: optimized;/usr/lib/x86_64-linux-gnu/libOgreProperty.so;debug;/usr/lib/x86_64-linux-gnu/libOgreProperty.so
[0.654s] -- Looking for OGRE_RTShaderSystem...
[0.656s] -- Found OGRE_RTShaderSystem: optimized;/usr/lib/x86_64-linux-gnu/libOgreRTShaderSystem.so;debug;/usr/lib/x86_64-linux-gnu/libOgreRTShaderSystem.so
[0.656s] -- Looking for OGRE_Volume...
[0.658s] -- Found OGRE_Volume: optimized;/usr/lib/x86_64-linux-gnu/libOgreVolume.so;debug;/usr/lib/x86_64-linux-gnu/libOgreVolume.so
[0.658s] -- Looking for OGRE_Overlay...
[0.660s] -- Found OGRE_Overlay: optimized;/usr/lib/x86_64-linux-gnu/libOgreOverlay.so;debug;/usr/lib/x86_64-linux-gnu/libOgreOverlay.so
[0.699s] -- Looking for ignition-math6 -- found version 6.13.0
[0.700s] -- Looking for ignition-transport8 -- found version 8.3.0
[0.700s] -- Searching for dependencies of ignition-transport8
[0.712s] -- Found Protobuf: /usr/lib/x86_64-linux-gnu/libprotobuf.so;-lpthread (found suitable version "3.6.1", minimum required is "3") 
[0.720s] -- Config-file not installed for ZeroMQ -- checking for pkg-config
[0.723s] -- Checking for module 'libzmq >= 4'
[0.736s] --   Found libzmq , version 4.3.2
[0.767s] -- Found ZeroMQ: TRUE (Required is at least version "4") 
[0.771s] -- Checking for module 'uuid'
[0.782s] --   Found uuid, version 2.34.0
[0.810s] -- Found UUID: TRUE  
[0.811s] -- Looking for ignition-msgs5 -- found version 5.10.0
[0.811s] -- Searching for dependencies of ignition-msgs5
[0.823s] -- Looking for ignition-math6 -- found version 6.13.0
[0.826s] -- Checking for module 'tinyxml2'
[0.838s] --   Found tinyxml2, version 6.2.0
[0.875s] -- Looking for ignition-msgs5 -- found version 5.10.0
[0.876s] -- Looking for ignition-common3 -- found version 3.14.2
[0.876s] -- Searching for dependencies of ignition-common3
[0.876s] -- Looking for dlfcn.h - found
[0.876s] -- Looking for libdl - found
[0.877s] -- Found DL: TRUE  
[0.883s] -- Searching for <ignition-common3> component [graphics]
[0.885s] -- Looking for ignition-common3-graphics -- found version 3.14.2
[0.885s] -- Searching for dependencies of ignition-common3-graphics
[0.886s] -- Looking for ignition-math6 -- found version 6.13.0
[0.888s] -- Looking for ignition-fuel_tools4 -- found version 4.6.0
[0.889s] -- Searching for dependencies of ignition-fuel_tools4
[0.965s] -- Found CURL: /usr/lib/x86_64-linux-gnu/libcurl.so (found version "7.68.0")  
[0.972s] -- Checking for module 'jsoncpp'
[0.984s] --   Found jsoncpp, version 1.7.4
[1.021s] -- Found JSONCPP: TRUE  
[1.026s] -- Checking for module 'libzip'
[1.042s] --   Found libzip, version 1.5.1
[1.087s] -- Found ZIP: TRUE  
[1.088s] -- Looking for ignition-common3 -- found version 3.14.2
[1.088s] -- Looking for ignition-math6 -- found version 6.13.0
[1.088s] -- Looking for ignition-msgs5 -- found version 5.10.0
[1.091s] -- Found gazebo_dev: 3.5.3 (/opt/ros/foxy/share/gazebo_dev/cmake)
[1.091s] -- Gazebo version: 11.11
[1.093s] -- Found gazebo_ros: 3.5.3 (/opt/ros/foxy/share/gazebo_ros/cmake)
[1.132s] -- Using all available rosidl_typesupport_c: rosidl_typesupport_fastrtps_c;rosidl_typesupport_introspection_c
[1.138s] -- Found rosidl_adapter: 1.3.1 (/opt/ros/foxy/share/rosidl_adapter/cmake)
[1.227s] -- Found OpenSSL: /usr/lib/x86_64-linux-gnu/libcrypto.so (found version "1.1.1f")  
[1.252s] -- Found FastRTPS: /opt/ros/foxy/include  
[1.327s] -- Using all available rosidl_typesupport_cpp: rosidl_typesupport_fastrtps_cpp;rosidl_typesupport_introspection_cpp
[1.375s] -- Found rmw_implementation_cmake: 1.0.4 (/opt/ros/foxy/share/rmw_implementation_cmake/cmake)
[1.376s] -- Using RMW implementation 'rmw_fastrtps_cpp' as default
[1.377s] -- Found Threads: TRUE  
[1.512s] -- Found geometry_msgs: 2.0.5 (/opt/ros/foxy/share/geometry_msgs/cmake)
[1.542s] -- Found sensor_msgs: 2.0.5 (/opt/ros/foxy/share/sensor_msgs/cmake)
[1.600s] -- Found tello_msgs: 0.1.0 (/root/tello_ros_ws/install/tello_msgs/share/tello_msgs/cmake)
[1.688s] -- Configuring done
[1.709s] -- Generating done
[1.711s] -- Build files have been written to: /root/tello_ros_ws/build/tello_gazebo
[1.719s] Invoked command in '/root/tello_ros_ws/build/tello_gazebo' returned '0': AMENT_PREFIX_PATH=/root/tello_ros_ws/install/tello_msgs:${AMENT_PREFIX_PATH} CMAKE_PREFIX_PATH=/root/tello_ros_ws/install/tello_msgs:/opt/ros/foxy LD_LIBRARY_PATH=/root/tello_ros_ws/install/tello_msgs/lib:${LD_LIBRARY_PATH} PYTHONPATH=/root/tello_ros_ws/install/tello_msgs/lib/python3.8/site-packages:${PYTHONPATH} /usr/bin/cmake /root/tello_ros_ws/src/tello_gazebo -DCMAKE_INSTALL_PREFIX=/root/tello_ros_ws/install/tello_gazebo
[1.722s] Invoking command in '/root/tello_ros_ws/build/tello_gazebo': AMENT_PREFIX_PATH=/root/tello_ros_ws/install/tello_msgs:${AMENT_PREFIX_PATH} CMAKE_PREFIX_PATH=/root/tello_ros_ws/install/tello_msgs:/opt/ros/foxy LD_LIBRARY_PATH=/root/tello_ros_ws/install/tello_msgs/lib:${LD_LIBRARY_PATH} PYTHONPATH=/root/tello_ros_ws/install/tello_msgs/lib/python3.8/site-packages:${PYTHONPATH} /usr/bin/cmake --build /root/tello_ros_ws/build/tello_gazebo -- -j32 -l32
[1.760s] [35m[1mScanning dependencies of target TelloPlugin[0m
[1.862s] [ 50%] [32mBuilding CXX object CMakeFiles/TelloPlugin.dir/src/tello_plugin.cpp.o[0m
[8.261s] [100%] [32m[1mLinking CXX shared library libTelloPlugin.so[0m
[8.551s] [100%] Built target TelloPlugin
[8.563s] Invoked command in '/root/tello_ros_ws/build/tello_gazebo' returned '0': AMENT_PREFIX_PATH=/root/tello_ros_ws/install/tello_msgs:${AMENT_PREFIX_PATH} CMAKE_PREFIX_PATH=/root/tello_ros_ws/install/tello_msgs:/opt/ros/foxy LD_LIBRARY_PATH=/root/tello_ros_ws/install/tello_msgs/lib:${LD_LIBRARY_PATH} PYTHONPATH=/root/tello_ros_ws/install/tello_msgs/lib/python3.8/site-packages:${PYTHONPATH} /usr/bin/cmake --build /root/tello_ros_ws/build/tello_gazebo -- -j32 -l32
[8.610s] Invoking command in '/root/tello_ros_ws/build/tello_gazebo': AMENT_PREFIX_PATH=/root/tello_ros_ws/install/tello_msgs:${AMENT_PREFIX_PATH} CMAKE_PREFIX_PATH=/root/tello_ros_ws/install/tello_msgs:/opt/ros/foxy LD_LIBRARY_PATH=/root/tello_ros_ws/install/tello_msgs/lib:${LD_LIBRARY_PATH} PYTHONPATH=/root/tello_ros_ws/install/tello_msgs/lib/python3.8/site-packages:${PYTHONPATH} /usr/bin/cmake --install /root/tello_ros_ws/build/tello_gazebo
[8.627s] -- Install configuration: ""
[8.627s] -- Installing: /root/tello_ros_ws/install/tello_gazebo/lib/libTelloPlugin.so
[8.629s] -- Set runtime path of "/root/tello_ros_ws/install/tello_gazebo/lib/libTelloPlugin.so" to ""
[8.629s] -- Installing: /root/tello_ros_ws/install/tello_gazebo/share/tello_gazebo/models
[8.629s] -- Installing: /root/tello_ros_ws/install/tello_gazebo/share/tello_gazebo/models/marker_0
[8.629s] -- Installing: /root/tello_ros_ws/install/tello_gazebo/share/tello_gazebo/models/marker_0/model.config
[8.629s] -- Installing: /root/tello_ros_ws/install/tello_gazebo/share/tello_gazebo/models/marker_0/model.sdf
[8.629s] -- Installing: /root/tello_ros_ws/install/tello_gazebo/share/tello_gazebo/models/marker_0/materials
[8.629s] -- Installing: /root/tello_ros_ws/install/tello_gazebo/share/tello_gazebo/models/marker_0/materials/textures
[8.629s] -- Installing: /root/tello_ros_ws/install/tello_gazebo/share/tello_gazebo/models/marker_0/materials/textures/aruco_mark_0.png
[8.629s] -- Installing: /root/tello_ros_ws/install/tello_gazebo/share/tello_gazebo/models/marker_0/materials/textures/aruco_mark_0.svg
[8.629s] -- Installing: /root/tello_ros_ws/install/tello_gazebo/share/tello_gazebo/models/marker_0/materials/scripts
[8.629s] -- Installing: /root/tello_ros_ws/install/tello_gazebo/share/tello_gazebo/models/marker_0/materials/scripts/marker_0.material
[8.629s] -- Installing: /root/tello_ros_ws/install/tello_gazebo/share/tello_gazebo/models/marker_3
[8.629s] -- Installing: /root/tello_ros_ws/install/tello_gazebo/share/tello_gazebo/models/marker_3/model.config
[8.629s] -- Installing: /root/tello_ros_ws/install/tello_gazebo/share/tello_gazebo/models/marker_3/model.sdf
[8.629s] -- Installing: /root/tello_ros_ws/install/tello_gazebo/share/tello_gazebo/models/marker_3/materials
[8.629s] -- Installing: /root/tello_ros_ws/install/tello_gazebo/share/tello_gazebo/models/marker_3/materials/textures
[8.629s] -- Installing: /root/tello_ros_ws/install/tello_gazebo/share/tello_gazebo/models/marker_3/materials/textures/aruco_mark_3.png
[8.629s] -- Installing: /root/tello_ros_ws/install/tello_gazebo/share/tello_gazebo/models/marker_3/materials/textures/aruco_mark_3.svg
[8.629s] -- Installing: /root/tello_ros_ws/install/tello_gazebo/share/tello_gazebo/models/marker_3/materials/scripts
[8.629s] -- Installing: /root/tello_ros_ws/install/tello_gazebo/share/tello_gazebo/models/marker_3/materials/scripts/marker_3.material
[8.630s] -- Installing: /root/tello_ros_ws/install/tello_gazebo/share/tello_gazebo/models/marker_5
[8.630s] -- Installing: /root/tello_ros_ws/install/tello_gazebo/share/tello_gazebo/models/marker_5/model.config
[8.630s] -- Installing: /root/tello_ros_ws/install/tello_gazebo/share/tello_gazebo/models/marker_5/model.sdf
[8.630s] -- Installing: /root/tello_ros_ws/install/tello_gazebo/share/tello_gazebo/models/marker_5/materials
[8.630s] -- Installing: /root/tello_ros_ws/install/tello_gazebo/share/tello_gazebo/models/marker_5/materials/textures
[8.630s] -- Installing: /root/tello_ros_ws/install/tello_gazebo/share/tello_gazebo/models/marker_5/materials/textures/aruco_mark_5.png
[8.630s] -- Installing: /root/tello_ros_ws/install/tello_gazebo/share/tello_gazebo/models/marker_5/materials/textures/aruco_mark_5.svg
[8.630s] -- Installing: /root/tello_ros_ws/install/tello_gazebo/share/tello_gazebo/models/marker_5/materials/scripts
[8.630s] -- Installing: /root/tello_ros_ws/install/tello_gazebo/share/tello_gazebo/models/marker_5/materials/scripts/marker_5.material
[8.630s] -- Installing: /root/tello_ros_ws/install/tello_gazebo/share/tello_gazebo/models/marker_6
[8.630s] -- Installing: /root/tello_ros_ws/install/tello_gazebo/share/tello_gazebo/models/marker_6/model.config
[8.630s] -- Installing: /root/tello_ros_ws/install/tello_gazebo/share/tello_gazebo/models/marker_6/model.sdf
[8.630s] -- Installing: /root/tello_ros_ws/install/tello_gazebo/share/tello_gazebo/models/marker_6/materials
[8.630s] -- Installing: /root/tello_ros_ws/install/tello_gazebo/share/tello_gazebo/models/marker_6/materials/textures
[8.630s] -- Installing: /root/tello_ros_ws/install/tello_gazebo/share/tello_gazebo/models/marker_6/materials/textures/aruco_mark_6.png
[8.630s] -- Installing: /root/tello_ros_ws/install/tello_gazebo/share/tello_gazebo/models/marker_6/materials/textures/aruco_mark_6.svg
[8.630s] -- Installing: /root/tello_ros_ws/install/tello_gazebo/share/tello_gazebo/models/marker_6/materials/scripts
[8.630s] -- Installing: /root/tello_ros_ws/install/tello_gazebo/share/tello_gazebo/models/marker_6/materials/scripts/marker_6.material
[8.630s] -- Installing: /root/tello_ros_ws/install/tello_gazebo/share/tello_gazebo/models/marker_1
[8.630s] -- Installing: /root/tello_ros_ws/install/tello_gazebo/share/tello_gazebo/models/marker_1/model.config
[8.630s] -- Installing: /root/tello_ros_ws/install/tello_gazebo/share/tello_gazebo/models/marker_1/model.sdf
[8.630s] -- Installing: /root/tello_ros_ws/install/tello_gazebo/share/tello_gazebo/models/marker_1/materials
[8.630s] -- Installing: /root/tello_ros_ws/install/tello_gazebo/share/tello_gazebo/models/marker_1/materials/textures
[8.630s] -- Installing: /root/tello_ros_ws/install/tello_gazebo/share/tello_gazebo/models/marker_1/materials/textures/aruco_mark_1.png
[8.630s] -- Installing: /root/tello_ros_ws/install/tello_gazebo/share/tello_gazebo/models/marker_1/materials/textures/aruco_mark_1.svg
[8.630s] -- Installing: /root/tello_ros_ws/install/tello_gazebo/share/tello_gazebo/models/marker_1/materials/scripts
[8.630s] -- Installing: /root/tello_ros_ws/install/tello_gazebo/share/tello_gazebo/models/marker_1/materials/scripts/marker_1.material
[8.630s] -- Installing: /root/tello_ros_ws/install/tello_gazebo/share/tello_gazebo/models/marker_2
[8.630s] -- Installing: /root/tello_ros_ws/install/tello_gazebo/share/tello_gazebo/models/marker_2/model.config
[8.630s] -- Installing: /root/tello_ros_ws/install/tello_gazebo/share/tello_gazebo/models/marker_2/model.sdf
[8.630s] -- Installing: /root/tello_ros_ws/install/tello_gazebo/share/tello_gazebo/models/marker_2/materials
[8.630s] -- Installing: /root/tello_ros_ws/install/tello_gazebo/share/tello_gazebo/models/marker_2/materials/textures
[8.630s] -- Installing: /root/tello_ros_ws/install/tello_gazebo/share/tello_gazebo/models/marker_2/materials/textures/aruco_mark_2.png
[8.630s] -- Installing: /root/tello_ros_ws/install/tello_gazebo/share/tello_gazebo/models/marker_2/materials/textures/aruco_mark_2.svg
[8.630s] -- Installing: /root/tello_ros_ws/install/tello_gazebo/share/tello_gazebo/models/marker_2/materials/scripts
[8.630s] -- Installing: /root/tello_ros_ws/install/tello_gazebo/share/tello_gazebo/models/marker_2/materials/scripts/marker_2.material
[8.630s] -- Installing: /root/tello_ros_ws/install/tello_gazebo/share/tello_gazebo/models/marker_7
[8.630s] -- Installing: /root/tello_ros_ws/install/tello_gazebo/share/tello_gazebo/models/marker_7/model.config
[8.631s] -- Installing: /root/tello_ros_ws/install/tello_gazebo/share/tello_gazebo/models/marker_7/model.sdf
[8.631s] -- Installing: /root/tello_ros_ws/install/tello_gazebo/share/tello_gazebo/models/marker_7/materials
[8.631s] -- Installing: /root/tello_ros_ws/install/tello_gazebo/share/tello_gazebo/models/marker_7/materials/textures
[8.631s] -- Installing: /root/tello_ros_ws/install/tello_gazebo/share/tello_gazebo/models/marker_7/materials/textures/aruco_mark_7.svg
[8.631s] -- Installing: /root/tello_ros_ws/install/tello_gazebo/share/tello_gazebo/models/marker_7/materials/textures/aruco_mark_7.png
[8.631s] -- Installing: /root/tello_ros_ws/install/tello_gazebo/share/tello_gazebo/models/marker_7/materials/scripts
[8.631s] -- Installing: /root/tello_ros_ws/install/tello_gazebo/share/tello_gazebo/models/marker_7/materials/scripts/marker_7.material
[8.631s] -- Installing: /root/tello_ros_ws/install/tello_gazebo/share/tello_gazebo/models/marker_4
[8.631s] -- Installing: /root/tello_ros_ws/install/tello_gazebo/share/tello_gazebo/models/marker_4/model.config
[8.631s] -- Installing: /root/tello_ros_ws/install/tello_gazebo/share/tello_gazebo/models/marker_4/model.sdf
[8.631s] -- Installing: /root/tello_ros_ws/install/tello_gazebo/share/tello_gazebo/models/marker_4/materials
[8.631s] -- Installing: /root/tello_ros_ws/install/tello_gazebo/share/tello_gazebo/models/marker_4/materials/textures
[8.631s] -- Installing: /root/tello_ros_ws/install/tello_gazebo/share/tello_gazebo/models/marker_4/materials/textures/aruco_mark_4.svg
[8.631s] -- Installing: /root/tello_ros_ws/install/tello_gazebo/share/tello_gazebo/models/marker_4/materials/textures/aruco_mark_4.png
[8.631s] -- Installing: /root/tello_ros_ws/install/tello_gazebo/share/tello_gazebo/models/marker_4/materials/scripts
[8.631s] -- Installing: /root/tello_ros_ws/install/tello_gazebo/share/tello_gazebo/models/marker_4/materials/scripts/marker_4.material
[8.631s] -- Installing: /root/tello_ros_ws/install/tello_gazebo/share/tello_gazebo/worlds
[8.631s] -- Installing: /root/tello_ros_ws/install/tello_gazebo/share/tello_gazebo/worlds/fiducial_map.yaml
[8.631s] -- Installing: /root/tello_ros_ws/install/tello_gazebo/share/tello_gazebo/worlds/f2.world
[8.631s] -- Installing: /root/tello_ros_ws/install/tello_gazebo/share/tello_gazebo/worlds/simple.world
[8.631s] -- Installing: /root/tello_ros_ws/install/tello_gazebo/share/tello_gazebo/worlds/build_world.py
[8.631s] -- Installing: /root/tello_ros_ws/install/tello_gazebo/share/tello_gazebo/worlds/fiducial.world
[8.631s] -- Installing: /root/tello_ros_ws/install/tello_gazebo/share/tello_gazebo/worlds/f2_map.yaml
[8.631s] -- Installing: /root/tello_ros_ws/install/tello_gazebo/share/tello_gazebo/launch
[8.631s] -- Installing: /root/tello_ros_ws/install/tello_gazebo/share/tello_gazebo/launch/vlam_launch.py
[8.631s] -- Installing: /root/tello_ros_ws/install/tello_gazebo/share/tello_gazebo/launch/simple_launch.py
[8.631s] -- Installing: /root/tello_ros_ws/install/tello_gazebo/lib/tello_gazebo/inject_entity.py
[8.631s] -- Installing: /root/tello_ros_ws/install/tello_gazebo/share/ament_index/resource_index/package_run_dependencies/tello_gazebo
[8.631s] -- Installing: /root/tello_ros_ws/install/tello_gazebo/share/ament_index/resource_index/parent_prefix_path/tello_gazebo
[8.631s] -- Installing: /root/tello_ros_ws/install/tello_gazebo/share/tello_gazebo/environment/ament_prefix_path.sh
[8.631s] -- Installing: /root/tello_ros_ws/install/tello_gazebo/share/tello_gazebo/environment/ament_prefix_path.dsv
[8.631s] -- Installing: /root/tello_ros_ws/install/tello_gazebo/share/tello_gazebo/environment/path.sh
[8.631s] -- Installing: /root/tello_ros_ws/install/tello_gazebo/share/tello_gazebo/environment/path.dsv
[8.631s] -- Installing: /root/tello_ros_ws/install/tello_gazebo/share/tello_gazebo/local_setup.bash
[8.631s] -- Installing: /root/tello_ros_ws/install/tello_gazebo/share/tello_gazebo/local_setup.sh
[8.631s] -- Installing: /root/tello_ros_ws/install/tello_gazebo/share/tello_gazebo/local_setup.zsh
[8.632s] -- Installing: /root/tello_ros_ws/install/tello_gazebo/share/tello_gazebo/local_setup.dsv
[8.632s] -- Installing: /root/tello_ros_ws/install/tello_gazebo/share/tello_gazebo/package.dsv
[8.632s] -- Installing: /root/tello_ros_ws/install/tello_gazebo/share/ament_index/resource_index/packages/tello_gazebo
[8.632s] -- Installing: /root/tello_ros_ws/install/tello_gazebo/share/tello_gazebo/cmake/tello_gazeboConfig.cmake
[8.632s] -- Installing: /root/tello_ros_ws/install/tello_gazebo/share/tello_gazebo/cmake/tello_gazeboConfig-version.cmake
[8.632s] -- Installing: /root/tello_ros_ws/install/tello_gazebo/share/tello_gazebo/package.xml
[8.633s] Invoked command in '/root/tello_ros_ws/build/tello_gazebo' returned '0': AMENT_PREFIX_PATH=/root/tello_ros_ws/install/tello_msgs:${AMENT_PREFIX_PATH} CMAKE_PREFIX_PATH=/root/tello_ros_ws/install/tello_msgs:/opt/ros/foxy LD_LIBRARY_PATH=/root/tello_ros_ws/install/tello_msgs/lib:${LD_LIBRARY_PATH} PYTHONPATH=/root/tello_ros_ws/install/tello_msgs/lib/python3.8/site-packages:${PYTHONPATH} /usr/bin/cmake --install /root/tello_ros_ws/build/tello_gazebo
